<b>re m</b>       <b>Do</b>             <b>re m</b>    <b>Do</b>
Tú sales siempre, sales siempre
<b>re m</b>        <b>Do</b>             <b>re m</b>     <b>Do</b>
Tú, a mi encuentro, sales siempre. (**)

<b>re m</b>        <b>Do</b>           <b>re m</b>
Tu sales siempre cada mañana
     <b>Sib</b>        <b>Do</b>        <b>re m</b>
A buscar a este mundo perdido
    <b>Sib</b>         <b>Do</b>          <b>re m</b>
A curar los corazones malheridos.
     <b>Fa</b>               <b>Do</b>
A sanar lo que está enfermo,
      <b>re m</b>              <b>la m</b>
a dar vida a lo que ha muerto,
     <b>Sib</b>      <b>Do</b>         <b>re m</b>
a cambiar nuestra mentalidad,
    <b>Fa</b>                 <b>Do</b>
a sanar lo que está enfermo,
      <b>re m</b>              <b>la m</b>
a dar vida a lo que ha muerto,
     <b>Sib</b>       <b>Do</b>        <b>re m</b>
a cambiar nuestra mentalidad. (**)
