 <b>Do</b>
A ti que estás 
           <b>Sol /</b><b>Si</b> <b>la m</b>     <b>La 7</b>
sentado en tu sillón
<b>re m</b>                      <b>Sol</b>
atento o distraído, te reclamo.
<b>Fa</b>                 <b>Sol</b>
Quiero que hagamos vida 
          <b>Do</b>  <b>La 7</b>
esta canción,
<b>Fa</b>
que a Dios vayamos 
<b>re m</b>             <b>Sol</b>
juntos de la mano.

<b>Do</b>                    <b>Sol /</b><b>Si</b>  <b>la m</b> <b>La 7</b>
Hasta ahora solo hablamos en teoría
<b>re m</b>                           <b>Sol</b>
de un mundo que sería más cristiano,
<b>Fa</b>               <b>Sol</b>
de un mundo que será 
        <b>Do</b>  <b>mi m</b>     <b>la m</b>
solo teoría si tú y yo
<b>Fa</b>               <b>re m</b>         <b>Sol</b>
ahora no hacemos nada por cambiarlo.

<b>Fa</b>            <b>Sol</b>
De poco servirán 
            <b>Do</b>   <b>La 7</b>
nuestros esfuerzos
<b>re m</b>
si en la calle 
      <b>Sol</b>         <b>Do</b>  <b>Do 7</b>
no hacemos que se noten
<b>Fa</b>                <b>Sol</b>
las palabras que lanzamos 
      <b>Do</b>   <b>La 7</b>
a los vientos:
<b>Fa</b>               <b>re m</b>          <b>Sol</b>
que Cristo sigue vivo en cada hombre.

<b>Do</b>
Ya no valdrán 
        <b>Sol /</b><b>Si</b>   <b>la m</b>   <b>La 7</b>
ni peros ni disculpas,
<b>re m</b>
que Cristo no es alguien 
             <b>Sol</b>
con quien se juega.
<b>Fa</b>                   <b>Sol</b>
Si nuestro mundo no cambia, 
       <b>Do</b>  <b>mi m</b>   <b>la m</b>  <b>La 7</b>
solamente será culpa
<b>Fa</b>               <b>re m</b>         <b>Sol</b>
del que diciendo sí, luego reniega.

<b>Do</b>
A ti que estás 
          <b>Sol /</b><b>Si</b>  <b>la m</b>  <b>La 7</b>
sentado en tu sillón
<b>re m</b>                          <b>Sol</b>
quisiera que no olvides este rato.
<b>Fa</b>             <b>Sol</b>         <b>Do</b>  <b>La 7</b>
Dios ha pasado por este rincón
<b>Fa</b>                 <b>Sol</b>          <b>Do</b>
y quiere que a Él vayamos de la mano.
