<b>Re</b>
Morando entre las palabras,
          <b>Do 9</b>
que se incrustan en mi piel,
   <b>Sol</b>
postrado ante tu lecho,
   <b>Re</b>
me abandono sin querer.


Inundado en el alimento
    <b>Do 9</b>
que ha saciado a la humanidad,
    <b>Sol</b>           <b>Re</b>
con el sacrificio inmenso del altar.

<b>Re</b>
Sólo mi alma espera en Ti, 
        <b>Do 9</b>
sólo la sed me guía a Ti, 
        <b>Sol</b>
sólo en Ti y por Ti la vida 
                 <b>La</b>
se hace dueña de mí. 
<strong>
<b>Re</b>    <b>Sol</b>
Adorando, 
         <b>si m</b>              <b>La</b>
lo que parece un trozo de pan
 <b>Re</b>     <b>Sol</b>
y olvidando 
      <b>si m</b>                <b>La</b>
los pesares que vienen y van 
                   <b>Sol</b>
y en la noche que tiembla 
                <b>Re</b>
ya no quiero tu luz, 
        <b>mi m</b>
sólo la sed 
                  <b>Sol</b>   <b>mi m</b>  <b>Sol</b>
de tu sangre y tu cuerpo 
         <b>La</b>       <b>Re</b>
me puede guiar a Ti.
</strong>

<b>Re</b>
Mira ya se está amasando 
       <b>Do 9</b>
lo recogido en el trigal, 
         <b>Sol</b>
como se amasan tus palabras 
      <b>Re</b>
en mi faz. 

<b>Re</b>
La semilla triturada 
       <b>Do 9</b>
por la mano y el sudor, 
       <b>Sol</b>
pesa ahora en mis rodillas
                <b>La</b>
lo que es más que un don.

<b>Sol</b>        <b>La</b>
Y mientras te contemplo, 
<b>Re</b>            <b>si m</b>
todo muere en torno a mí.
     <b>Sol</b>             <b>mi m</b>
Y me pierdo en un horizonte 
             <b>La</b>
que no tiene fin. 

<b>Sol</b>                 <b>La</b>
Y ya no encuentro otra verdad,
<b>fa# m</b>               <b>si m</b>
y ya no hay nada tan real,
         <b>Sol</b>           <b>mi m</b>
que te escondes y me guías,
        <b>Sol</b>        <b>mi m</b>
que te ocultas e iluminas
              <b>La</b>
dentro de ese pan.

