<b>Re</b>                 <b>La</b>
En una tarde el Señor
    <b>Sol</b>           <b>Re</b>
reunió a sus seguidores
<b>si m</b>
para decirles a todos
       <b>Sol</b>        <b>La</b>
que se iba de los hombres.
<b>si m</b>
Que su paso por la Tierra
  <b>La</b>
tocando estaba a su fin
    <b>Sol</b>
y aquellos que le seguían
     <b>La</b>
le oyeron hablar así:
<strong>
<b>Re</b>           <b>La</b>
Al encuentro voy
<b>Sol</b>               <b>Re</b>
con el Dios de la vida.
            <b>La</b>
Tengo que morir
<b>Sol</b>             <b>La</b>
para que otros vivan.
<b>Re</b>                  <b>La</b>
Pero morir no es morir
<b>Sol</b>              <b>Re</b>
como la gente entiende.
<b>si m</b>             <b>Re</b>
Si morimos a la tierra
    <b>Sol</b>       <b>La</b>   <b>Re</b>
el Dios de la vida vuelve. (**)
</strong>
<b>Re</b>              <b>La</b>
Al cenáculo yo voy,
<b>Sol</b>                <b>Re</b>
voy en busca de alimentos,
<b>si m</b>
que me harten y me hablen
       <b>Sol</b>            <b>La</b>
de que Dios aún no ha muerto.
<b>si m</b>
Tengo que matar mi yo
  <b>La</b>
y saber que esto es ¡fiesta!,
   <b>Sol</b>
es la fiesta del Señor
    <b>La</b>
donde aquel que muere entra.
<strong>
<b>Re</b>           <b>La</b>
Al encuentro voy
<b>Sol</b>               <b>Re</b>
con el Dios de la vida.
            <b>La</b>
Tengo que morir
<b>Sol</b>             <b>La</b>
para que otros vivan.
<b>Re</b>                  <b>La</b>
Pero morir no es morir
<b>Sol</b>              <b>Re</b>
como la gente entiende.
<b>si m</b>             <b>Re</b>
Si morimos a la tierra
    <b>Sol</b>       <b>La</b>   <b>Re</b>
el Dios de la vida vuelve. (**)
</strong>
