<strong>
<b>Mi</b>
Yo tengo un gozo en el alma grande,

gozo en el alma, grande,
                    <b>Fa#</b>
gozo en el alma y en mi ser.
                   <b>Si 7</b>
¡Aleluya, gloria a Dios!
           <b>Mi</b>
Es como un río de agua viva,

río de agua viva,
                       <b>Si 7</b>
río de agua viva en mi ser. 
</strong>
            <b>Mi</b>                   <b>Si 7</b>
Ama a tu hermano y alaba a tu Señor,
                                 <b>Mi</b>
ama a tu hermano y alaba a tu Señor,

da gloria a Dios,
         <b>Mi 7</b>            <b>La</b>
gloria a Dios, gloria a Él,
        <b>Mi</b>          <b>Si 7</b>           <b>Mi</b>
ama a tu hermano y alaba a tu Señor, (**)

        <b>Mi</b>               <b>Si 7</b>
Con alegría alaba a tu Señor,
                          <b>Mi</b>
con alegría alaba a tu Señor,

da gloria a Dios,
         <b>Mi 7</b>            <b>La</b>
gloria a Dios, gloria a Él,
        <b>Mi</b>   <b>Si 7</b>          <b>Mi</b>
con alegría alaba a tu Señor, (**)

           <b>Mi</b>                     <b>Si 7</b>
No te avergüences y alaba a tu Señor,
                                 <b>Mi</b>
no te avergüences y alaba a tu Señor,

da gloria a Dios,
         <b>Mi 7</b>            <b>La</b>
gloria a Dios, gloria a Él,
            <b>Mi</b>       <b>Si 7</b>         <b>Mi</b>
no te avergüences y alaba a tu Señor, (**)

         <b>Mi</b>                 <b>Si 7</b>
Ama a María y alaba a tu Señor,
                            <b>Mi</b>
ama a María y alaba a tu Señor,

da gloria a Dios,
         <b>Mi 7</b>            <b>La</b>
gloria a Dios, gloria a Él,
        <b>Mi</b>     <b>Si 7</b>          <b>Mi</b>
ama a María y alaba a tu Señor, (**)

