<strong>
<b>Sol</b>
No has nacido, amigo,
        <b>Do</b>
para estar triste
<b>Re 7</b>                      <b>Sol</b>
aunque llueva en tu corazón (**)
</strong>
<b>Sol</b>        <b>Do</b>
Dime dónde tienes ojos,
<b>Re 7</b>              <b>Sol</b>
tiene ojos tu tristeza (**)

<b>Sol</b>              <b>Do</b>
Si tu alma suena es que lleva,
<b>Re 7</b>                <b>Sol</b>
es que lleva mucho Dios. (**)

<b>Sol</b>           <b>Do</b>
Todos tenemos una estrella,
<b>Re 7</b>                 <b>Sol</b>
una estrella de luz blanca. (**)
