<b>Sol</b>                 <b>Do</b>
¿Quién quiere resucitar 
       <b>Re</b>           <b>Sol</b>
a este mundo que se muere?
<b>Do</b>                   <b>la m</b>
¿Quién cantará el aleluya
       <b>Re</b>            <b>Sol</b>
de esa nueva luz que viene?

<b>Sol</b>                   <b>Do</b>
¿Quién cuando mire la tierra 
         <b>Re</b>       <b>Si 7</b>
y las tragedias observe
<b>Do</b>                <b>la m</b>
sentirá en su corazón 
                     <b>Re</b>
el dolor de quien se muere?

<b>Sol</b>                   <b>la m</b>
¿Quién es capaz de salvar 
                 <b>Si 7</b>
a este mundo decadente
<b>Do</b>                <b>la m</b>
y mantiene la esperanza 
      <b>Re</b>             <b>Sol</b>
de los muchos que la pierden?
<strong>
<b>Sol</b>     <b>Do</b>    <b>Re</b>      <b>Sol</b>
El que sufre, mata y muere, 
    <b>Do</b>     <b>Si 7</b>   <b>mi m</b>
desespera y enloquece
        <b>Do</b>     <b>Re</b>  <b>si m</b>
y otros son espectadores, 
<b>mi m</b>   <b>Do</b> <b>Re</b> <b>Sol</b>
no lo sienten.
</strong>
<b>Sol</b>                 <b>Do</b>
¿Quién bajará de la cruz 
        <b>Re</b>         <b>Sol</b>
a tanto Cristo sufriente
<b>Do</b>                      <b>la m</b>
mientras los hombres miramos 
     <b>Re</b>          <b>Sol</b>
impasibles e indolentes?

<b>Sol</b>                  <b>Do</b>
Quién grita desde el silencio 
               <b>Re</b>        <b>Si 7</b>
de un ser que a su Dios retiene
<b>Do</b>               <b>la m</b>
porque se hace palabra 
                        <b>Re</b>
que sin hablar se la entiende?

<b>Sol</b>                   <b>la m</b>
¿Quién se torna en aleluya
                  <b>Si 7</b>
porque traduce la muerte
<b>Do</b>                   <b>la m</b>
como el trigo que se pudre 
     <b>Re</b>           <b>Sol</b>
y de uno, cientos vienen?
<strong>
<b>Sol</b>  <b>Do</b> <b>Re</b>   <b>Sol</b>
Aleluya cantará 
          <b>Do</b>  <b>Si 7</b>   <b>mi m</b>
quién perdió la esperanza
     <b>Do</b>     <b>Re</b>    <b>si m</b> <b>mi m</b>  <b>Do</b> <b>Re</b> <b>Sol</b>
y la tierra sonreirá: ¡Aleluya!
</strong>
