<b>la m</b>       <b>Do</b>                    <b>la m</b>
Déjame Señor mirarte bien por dentro,
                  <b>Do</b>                <b>Fa</b>
entrar en tu corazón y dejarme seducir,
                     <b>re m</b>                      <b>Sol</b>
y que aumenten mis deseos de querer ser como Tú,
                  <b>Do</b>         <b>mi m</b>           <b>la m</b>
conocerte internamente, amarte y seguirte más.
             <b>Fa</b>        <b>Fa m</b>
Apostar mi vida junto a ti,
               <b>la m</b>
Déjame verte Señor
<strong>
        (<b>Sol</b>)      <b>Fa</b>                   <b>Do</b>
Amando hasta el extremo, dejándote la piel
                  <b>Sol</b>           <b>Mi</b>         <b>la m</b>
Entregando las entrañas, tus entrañas de mujer
             (<b>Sol</b>)    <b>Fa</b>                          <b>Do</b>
En una toalla y un lebrillo, en un acariciar los pies
                        <b>Sol</b>         <b>Mi</b>         <b>la m</b>
En un mirarnos hasta el fondo sin nada que reprochar.
      <b>Sol</b>         <b>Fa</b>       <b>Sol</b>         <b>la m</b>
Y sin nada que pedir, y con tanto para dar.
</strong>

<b>la m</b>                   <b>Do</b>                     <b>la m</b>
Yo, el Maestro y el Señor, ya no puedo amaros más
                         <b>Do</b>                    <b>Fa</b>
Pues como el Padreme ha amado así os he amado yo
                 <b>re m</b>                       <b>Sol</b>
Os dejo mi vida entera en este vino y este pan
                     <b>Do</b>          <b>mi m</b>           <b>la m</b>
Este pan que soy yo mismo que me parto y que me doy
                    <b>Fa</b>          <b>fa m</b>
Mi deseo es que os améis de corazón
                     <b>la m</b>
Yo también os quiero ver

<strong>
        (<b>Sol</b>)      <b>Fa</b>                   <b>Do</b>
Amando hasta el extremo, dejándoos la piel
                 <b>Sol</b>           <b>Mi</b>         <b>la m</b>
Entregando las entrañas como lo hace una mujer
             (<b>Sol</b>)    <b>Fa</b>                          <b>Do</b>
En una toalla y un lebrillo, en un acariciar los pies
                        <b>Sol</b>         <b>Mi</b>         <b>la m</b>
En un miraros hasta el fondo sin nada que reprochar
      <b>Sol</b>         <b>Fa</b>       <b>Sol</b>         <b>la m</b>
Y sin nada que pedir, y con tanto para dar
</strong>
<b>la m</b>                     <b>Do</b>                <b>la m</b>
Sí, te doy todo lo que soy para que sigas amando
                   <b>Do</b>                         <b>Fa</b>
La lucha por la justicia entra en esta intimidad
                  <b>re m</b>                        <b>Sol</b>
Que se llena de personas y rostros que acariciar
                      <b>Do</b>          <b>mi m</b>       <b>la m</b>
Que me impulsa desde dentro a comprometerme más
            <b>Fa</b>         <b>fa m</b>
Todos caben en tu corazón
                   <b>do m</b>
Quiero seguirte Señor
<strong>
        (<b>Sib</b>)      <b>Sol#</b>                   <b>Re#</b>
Amando hasta el extremo, dejándome la piel
                 <b>Sib</b>           <b>Sol</b>         <b>do m</b>
Entregando las entrañas, mis entrañas de mujer
             (<b>Sib</b>)   <b>Sol#</b>                         <b>Re#</b>
En una toalla y un lebrillo, en un acariciar los pies
                        <b>Sib</b>         <b>Mi</b>         <b>la m</b>
En un miraros hasta el fondo sin nada que reprochar
      <b>Sib</b>         <b>Sol#</b>       <b>Sib</b>        <b>do m</b>
Y sin nada que pedir, y con tanto para dar
      <b>Sib</b>         <b>Sol#</b>       <b>Sib</b>        <b>do m</b>
Y sin nada que pedir, y con tanto para dar
      <b>Sib</b>         <b>Sol#</b>       <b>Sib</b>        <b>Do</b>
Y sin nada que pedir, y con tanto para dar...
</strong>
