<strong>
<b>Do</b>      <b>Sol</b>      <b>la m</b>
Como el Padre me amó
<b>Fa</b> <b>re m</b>       <b>Sol</b>
yo    os he amado.
<b>Do</b>     <b>Sol</b>        <b>la m</b>
Permaneced en mi amor,
<b>Fa</b>     <b>Sol</b>        <b>Do</b>
permaneced en mi amor.
</strong>
<b>la m</b>               <b>Do</b>
Si guardáis mis palabras
<b>Fa</b>        <b>Sol</b>        <b>Do</b>
y como hermanos os amáis+
<b>mi m</b>                 <b>la m</b>
compartiréis con alegría
   <b>Fa</b>     <b>re m</b>        <b>Sol</b>
el don de la fraternidad.

<b>la m</b>               <b>Do</b>
Si os ponéis en camino,
<b>Fa</b>        <b>Sol</b>           <b>Do</b>
sirviendo siempre la verdad
<b>mi m</b>                 <b>la m</b>
fruto daréis en abundancia,
     <b>Fa</b>   <b>re m</b>       <b>Sol</b>
mi amor se manifestará.

<b>la m</b>                <b>Do</b>
No veréis amor tan grande
<b>Fa</b>     <b>Sol</b>           <b>Do</b>
como aquel que os mostré.
<b>mi m</b>                     <b>la m</b>
Yo doy la vida por vosotros,
  <b>Fa</b> <b>re m</b>        <b>Sol</b>
amad como yo os amé.

<b>la m</b>                 <b>Do</b>
Si hacéis lo que os mando
<b>Fa</b>      <b>Sol</b>         <b>Do</b>
y os queréis de corazón,
<b>mi m</b>                   <b>la m</b>
compartiréis mi pleno gozo,
    <b>Fa</b>   <b>re m</b>         <b>Sol</b>
de amar, como Él me amó.
