<b>F# m</b>
Entra mejor por detrás
                  <b>D</b>
Que no te vea nadie
                      <b>F# m</b>
Vente tal cual como vas
                      <b>D</b>
Que no te falte el aire
                      <b>E</b>
Tan separada del suelo
                    <b>F# m</b>
Como el cometa Halley

                       <b>F# m</b>
Hola que tal, como estás
                         <b>D</b>
Y otras preguntas sin hambre
                        <b>F# m</b>
Se te ha notado al llegar
                          <b>D</b>
Te has convertido en alguien
                     <b>E</b>
Tan separada del suelo
                    <b>F# m</b>
Como si fuera un ángel
<strong>
                <b>D</b>  <b>B m</b>
Aterriza de nuevo
                  <b>F# m</b>
No puedo alcanzarte
                       <b>D</b>  <b>B m</b>
Como tus dardos al vuelo
                   <b>F# m</b>
Nunca te equivocaste
</strong>
                       <b>F# m</b>
Pero has vuelto a llamar
                        <b>D</b>
Y te tiemblan las palabras
                   <b>F# m</b>
Será por pena quizás
                     <b>D</b>
Pero sonabas tan guapa
                       <b>E</b>
Que me separas del suelo
                     <b>F# m</b>
Como si fuera a elevarme

                      <b>F# m</b>
Por eso entra por detrás
                          <b>D</b>
Y no te olvides de llevarme
                      <b>F# m</b>
Porque si luego te vas
                    <b>D</b>
Y solo dejas el desastre
                         <b>E</b>
Me quedo abajo en el suelo
                      <b>B m</b>
Y nunca llego a alcanzarte
<strong>
                <b>D</b>  <b>B m</b>
Aterriza de nuevo
                  <b>F# m</b>
No puedo alcanzarte
                       <b>D</b>  <b>B m</b>
Como tus dardos al vuelo
                   <b>F# m</b>
Nunca te equivocaste
                    <b>D</b>  <b>B m</b>
Con este tiro certero
                   <b>F# m</b>
Acertaré a derribarte
         <b>D</b>  <b>B m</b>
Y no puedo
                  <b>F# m</b>
No puedo alcanzarte

<b>D</b>                       <b>B m</b>
No puedo, no puedo, no puedo, 
                  <b>F# m</b>
no puedo alcanzarte
<b>D</b>                       <b>B m</b>
No puedo, no puedo, no puedo,  
                  <b>F# m</b>
no puedo alcanzarte
               <b>D</b>
Aterriza de nuevo, 
<b>B m</b>
no puedo alcanzarte
<b>D</b>          <b>B m</b>         <b>F# m</b>
Iee, iee, iee, iee, iee
</strong>
