       <b>Do</b>    <b>Fa</b>          <b>Do</b>     <b>Fa</b>
Aquí estamos para vivir unidos,
         <b>Do</b>   <b>Fa</b>               <b>Sol</b>
buscando todos los criterios aunar,
          <b>Do</b>   <b>Fa</b>            <b>Do</b>
y lo importante es lo que daré,
<b>Fa</b>     <b>Do</b>   <b>Sol</b>                 <b>Do</b>  <b>Do 7</b>
amor y vida y la unidad encontraré
<strong>
           <b>Fa</b>
Fuera de aquí se piensa 
           <b>Do</b>
que es imposible llegar
        <b>Sol</b>
a que formemos unidos 

una gran comunidad,
    <b>Fa</b>
pero nosotros soñamos 
         <b>Do</b>
poder llegar a formar
    <b>Re</b>
la unidad de los hombres 
                 <b>Sol</b>
y queriendo llegará.
</strong>

<b>Do</b> <b>Do 7</b> <b>Fa</b> <b>fa m</b> <b>Do</b> <b>Fa</b> <b>Sol</b>

            <b>Do</b>  <b>Fa</b>
Tu afán y el mío 
                      <b>Do</b>     <b>Fa</b>
siempre han de estar unidos,
            <b>Do</b>   <b>Fa</b>               <b>Sol</b>
y nuestro esfuerzo ha de ser realidad,
         <b>Do</b>    <b>Fa</b>                   <b>Do</b>
no demos gritos de un cansancio irreal,
<b>Fa</b>       <b>Do</b>    <b>Sol</b>              <b>Sol</b>
luchemos fuerte por vivir la unidad

