<div class="hidden">
<b>C</b>
</div>
<span id="reserved">Intro:</span> <b>C /</b><b>Sol</b>  <b>G m</b>  <b>F</b>  <b>F m</b>
<strong>
<b>C /</b><b>G</b>
    Y no tengo pensado
<b>G m</b>
   Hundirme acá tirado
<b>F</b>
  Y no tengo planeado
<b>F m</b>
   Morirme desangrado

   <b>C /</b><b>G</b>
Y no
       <b>G m</b>
No me pidas que no
               <b>F</b>
Vuelva a intentar
         <b>F m</b>
Que las cosas vuelvan
           <b>C /</b><b>G</b>
A su lugar

Y no tengo pensado
<b>G m</b>
   Hundirme acá tirado
<b>F</b>
  Y no tengo planeado
<b>F m</b>
   Morirme desangrado

   <b>C /</b><b>G</b>
Y no
       <b>G m</b>
No me pidas que no
               <b>F</b>
Vuelva a intentar
         <b>F m</b>
Que las cosas vuelvan
           <b>C /</b><b>G</b>
A su lugar
</strong>

Estamos siendo cuidadosos
          <b>G m</b>
Como caminando por un piso resbaloso
                         <b>F</b>
Sabiendo que un paso en falso

Nos lleva al fondo del pozo
               <b>F m</b>
Será lo tembloroso de la espuma
                           <b>C /</b><b>G</b>
Bailando en mi corazón rabioso

                            <b>G m</b>
Entender todo es un poco soberbio

Querer explicar todo

Es un poco por nervios
    <b>F</b>
Por eso hablo hasta por
                      <b>F m</b>
Los codos si me pongo ebrio

Y ya no sé si jodo

O me lo tomo en serio

         <b>C /</b><b>G</b>
Y desconfío

El miedo a dar un salto
               <b>G m</b>
Y encontrar vacío

Ansío que esto que siento no sea mío
       <b>F</b>
¿Por qué de pronto se siente tan frío?
         <b>F m</b>
Parece que saber

Hacerse bien es todo un desafío

<b>C /</b><b>G</b>
    Qué rabia me da el amor
            <b>G m</b>
Voy a arrancármelo

Qué rabia me da el amor
          <b>F</b>
Voy a quedármelo
                             <b>F m</b>
Prefiero lo tortuoso del ritual

Que lo decoroso de estar siempre igual

<b>C /</b><b>G</b>
    ¿Habrá motivo para estar mal?
            <b>G m</b>
O debo ser yo presintiendo el final
                      <b>F</b>
No es eterno el carnaval

Si es etéreo lo carnal
         <b>F m</b>
Encontraremos algún otro canal

Para juntar el plexo

<b>C /</b><b>G</b>
    De fondo un saxo y queremos sexo
          <b>G m</b>
Ahora recuerdo

La primera vez que te reíste
       <b>F</b>
Y las ganas que me dieron

De que se me ocurra un chiste
       <b>F m</b>
¿Cómo van a convencerme

De que la magia no existe?
<strong>
<b>C /</b><b>G</b>
    Y no tengo pensado
<b>G m</b>
   Hundirme acá tirado
<b>F</b>
  Y no tengo planeado
<b>F m</b>
   Morirme desangrado

   <b>C /</b><b>G</b>
Y no
       <b>G m</b>
No me pidas que no
               <b>F</b>
Vuelva a intentar
         <b>F m</b>
Que las cosas vuelvan

A su lugar

<b>C /</b><b>G</b>
    Y no tengo pensado
<b>G m</b>
   Hundirme acá tirado
<b>F</b>
  Y no tengo planeado
<b>F m</b>
   Morirme desangrado

   <b>C /</b><b>G</b>
Y no
       <b>G m</b>
No me pidas que no
               <b>F</b>
Vuelva a intentar
         <b>F m</b>
Que las cosas vuelvan

A su lugar
</strong>
