<b>G# m</b>
Veo colores y figuras en el techo,
                               <b>E</b>
de este salón cuadrado que me cuentas,

que simboliza la sala de espera
                      <b>C# m</b>
donde conoceremos el futuro 
          <b>Eb m</b>
entre el cielo y el infierno.

  <b>G# m</b>
Y llevo dos horas contemplando este 

incendio,
                           <b>E</b>
que dices que contiene la esfera,

un punto rojo en medio de una tela;
                       <b>C# m</b>
y noto lentamente como crezco 
   <b>Eb m</b>
y pierdo la paciencia

 <b>G# m</b>
Llega la parte delicada, las ánimas,
                           <b>E</b>
trozos de metal dispuestos al azar

y ahora se supone que debo dejar,

la mente al servicio
       <b>C# m</b>
de tu forma de decirme
            <b>Eb m</b>
que no hay nadie que te entienda.

   <b>G# m</b>
Sigo esforzándome.

Por no caer en este...
<strong>
<b>B</b>          <b>C# m</b>
Ataque de nervios,
   <b>G# m</b>
fantástico misterio, 
   <b>B</b>         <b>C# m</b>
fenómeno antinatural
   <b>G# m</b>
Eres arte moderno...
<b>B</b>          <b>C# m</b>
 Ataque de nervios,
   <b>G# m</b>
fantástico misterio, 
     <b>B</b>      <b>C# m</b>
fenómeno antinatural...
   <b>G# m</b>
Eres arte moderno.
</strong>
Y cuéntame qué significa para ti

Esta forma de tirarte por el suelo

De mover los pies

De soportar un espectáculo al revés

De no dejarme nada claro

De perder la cuenta de las veces

Que mordí el anzuelo

De pensar que nada iba a ocurrir

Que todo acabaría en un final feliz

Con flores y palmadas hartos de reír

Muchas felicidades, gracias por venir

Tengo mucho sueño y

Veo colores y figuras en el techo
<strong>
<b>B</b>          <b>C# m</b>
Ataque de nervios,
   <b>G# m</b>
fantástico misterio, 
   <b>B</b>         <b>C# m</b>
fenómeno antinatural
   <b>G# m</b>
Eres arte moderno...
<b>B</b>          <b>C# m</b>
 Ataque de nervios,
   <b>G# m</b>                   <b>B</b>
fantástico misterio, fenómeno 
  <b>C# m</b>
antinatural...
   <b>G# m</b>
Eres arte moderno.
</strong>
