<strong>
<b>Sol</b>
Baja a Dios de las nubes,
             <b>si m</b>
llévalo a la fábrica donde trabajas.
<b>Do</b>
Quita a Dios del retablo
          <b>Re</b>
y grábalo dentro de tu corazón.
<b>Sol</b>
Roba a Dios de los templos
              <b>si m</b>
donde lo encerramos hace tantos años,
<b>Do</b>
déjalo libre en las plazas
              <b>Re</b>
y llévalo también al mercado del pueblo.

       <b>Do</b>
Porque Dios no es un Dios muerto,
     <b>Sol</b>      <b>Re</b>      <b>mi m</b>
y si pensáis que está muerto,
 <b>Do</b>           (<b>la m</b>)
equivocados, equivocados,
  <b>Do</b>         <b>Re</b>  <b>Sol</b>
equivocados estáis. (**)
</strong>

<b>Sol</b>            <b>si m</b>
Ayer hablé con Él,
<b>Do</b>                 <b>Re</b>
y le noté un tanto triste.
<b>Sol</b>           <b>si m</b>
Hoy hablé con Él,
<b>Do</b>               <b>Re</b>
y me ha dicho que está solo,
<b>Sol</b>               <b>si m</b>
porque hay muchos hombres
<b>Do</b>            <b>Re</b>
que se reúnen en su nombre,
<b>Do</b>           <b>la m</b>          <b>Re</b>
pero no le dejan entrar a Él.
<b>Sol</b>               <b>si m</b>
Porque hay muchos hombres
<b>Do</b>               <b>Re</b>
que hablan en su nombre,
<b>Do</b>          <b>la m</b>           <b>Re</b>
pero no le dejan hablar a Él.
