<b>A m</b>                 <b>C</b>
I know sleep is friends with death
   <b>F</b>                <b>C</b>        <b>G</b>
But maybe I should get some rest
       <b>A m</b>                   <b>C</b>
'Cause I've been out here workin' 
  <b>F</b>           <b>C</b> <b>G</b>
all damn day
<b>A m</b>                <b>C</b>
Blueberries and butterflies
      <b>F</b>                  <b>C</b>       <b>G</b>
The pretty things that greet my eyes
     <b>A m</b>              <b>C</b>           <b>F</b>
When you call and I say: I'm on my way

(One, two)
<strong>
<b>A m</b>      <b>F</b>     <b>C</b>      <b>G</b>
You and me belong together
      <b>A m</b>        <b>F</b>        <b>C</b>      <b>G</b>
Like cold iced tea and warmer weather
          <b>A m</b>               <b>C</b>
Where we lay out late underneath 

the pines
         <b>F</b>
And we still have fun 
         <b>C</b>          <b>G</b>
when the Sun won't shine
<b>A m</b>      <b>F</b>     <b>C</b>      <b>G</b>
You and me belong together all the time

<b>A m</b>     <b>C</b>       <b>F</b>
(Mmm, mmm, mmm)
     <b>C</b>  <b>G</b>
(Oh, woah)
 <b>A m</b>  <b>C</b>  <b>F</b>
</strong>
<b>A m</b>                    <b>C</b>
Spillin' wine and homemade drinks
    <b>F</b>                     <b>C</b>     <b>G</b>
We throw a cheers, the worries sink
<b>A m</b>                <b>C</b>          <b>F</b>    <b>C</b> <b>G</b>
Damnit, it's so good to be alive (wow)
<b>A m</b>                <b>C</b>
We know that we don't got much
    <b>F</b>                   <b>C</b>    <b>G</b>
But, then again, it's just enough
     <b>A m</b>           <b>C</b>          <b>F</b>
To always find a way for a good time
<strong>
<b>A m</b>      <b>F</b>     <b>C</b>      <b>G</b>
You and me belong together
       <b>A m</b>       <b>F</b>       <b>C</b>      <b>G</b>
Like cold iced tea and warmer weather
          <b>A m</b>               <b>C</b>
Where we lay out late underneath 

the pines
         <b>F</b>
And we still have fun 
          <b>C</b>         <b>G</b>
when the Sun won't shine
 <b>A m</b>     <b>F</b>     <b>C</b>      <b>G</b>
You and me belong together
</strong>
      <b>F</b>               <b>A m</b>
This love is all we need
<b>G</b>          <b>F</b>
Oh, we've got so much
 <b>G</b>
You and me, oh

<b>A m</b>      <b>F</b>     <b>C</b>      <b>G</b>
You and me belong together
      <b>A m</b>        <b>F</b>       <b>C</b>      <b>G</b>
Like cold iced tea and warmer weather
          <b>A m</b>               <b>C</b>
Where we lay out late underneath 

the pines
         <b>F</b>
And we still have fun 
         <b>C</b>         <b>G</b>
when the Sun won't shine
<b>A m</b>      <b>F</b>     <b>C</b>      <b>G</b>
You and me belong together all the time

<b>A m</b>      <b>C</b>             <b>F</b>
It goes on and on and on (hey)
        <b>C</b>       <b>G</b>     <b>A m</b>
It goes on and on and on (hahaha)
         <b>C</b>            <b>F</b>
It goes on and on and on

<span id="reserved">Final:</span> <b>C</b>  <b>G</b>  <b>C</b>
</strong>
<span id=cejilla-original>2</span>
