<b>Do</b>                  <b>Fa</b>
Queremos que estas ofrendas 
         <b>Sol</b>              <b>Do</b>       <b>Mi 7/</b><b>la m</b>
sean una vida de lucha y amor para Ti,
                     <b>Fa</b>
y así recordar día a día 
                <b>Sol</b>                 <b>Do</b>
el amor con que diste tu vida y con ella a Dios.

<b>Do</b>       <b>Do 7</b>          <b>Fa</b>
Danos la luz para que esta ofrenda 
<b>Sol</b>             <b>Do</b>         <b>Mi 7/</b><b>la m</b>
sea el fruto de nuestra labor,
                     <b>Fa</b>
y así recordar día a día 
                <b>Sol</b>                 <b>Do</b>
el amor con que diste tu vida y con ella a Dios.
<strong>
<b>Do 7</b>      <b>Fa</b>
Bendito seas... Señor...
<b>Sol</b>     <b>Do</b>         <b>Mi 7/</b><b>la m</b>
Bendito seas... Señor...
         <b>Fa</b>
Seas por siempre... Señor...
<b>Sol</b>     <b>Do</b>
Bendito Dios. (**)
</strong>

