<b>Re</b>        <b>Sol</b>          <b>si m</b>
Benedicat tibi Dominus
             <b>La</b>
et custodiat te.
   <b>Re</b>           <b>Sol</b>
Ostendat faciem suam tibi
<b>Re</b>            <b>La</b>
et misereatur tui.
   <b>Sol</b>           <b>La</b>      <b>Re</b>
Convertat vultum suum ad te,
   <b>Sol</b>        <b>La</b>
et det tibi pacem,
<b>si m</b>           <b>Sol</b> <b>Re</b>     <b>La</b>  <b>Re</b>
Dominus benedicat frater Leo te
<strong>
    <b>si m</b> <b>La</b> <b>Re</b>    <b>Sol</b> <b>Re</b> <b>La</b>
Benedicat,   benedicat,
    <b>Re</b>         <b>si m</b>  <b>Sol</b>
benedicat tibi Dominus,
<b>Re</b>    <b>La</b>     <b>Re</b>
et custodiat te. (**)
</strong>
<b>Re</b>     <b>La</b>         <b>si m</b>
Benedicat, (benedicat)
      <b>Sol</b>          <b>Re</b>
benedicat, (benedicat)
        <b>La</b>           <b>si m</b>
Tibi Dominus, (benedicat)
        <b>La</b>                  <b>Mi</b>
Tibi Dominus, (et custodiat te)

<b>Mi</b>        <b>La</b>          <b>do# m</b>
Benedicat tibi Dominus
             <b>Si</b>
et custodiat te.
  <b>Mi</b>            <b>La</b>
Ostendat faciem suam tibi
<b>Mi</b>            <b>Si</b>
et misereatur tui.
   <b>La</b>            <b>Si</b>      <b>Mi</b>
Convertat vultum suum ad te,
   <b>La</b>        <b>Si</b>
et det tibi pacem,
<b>do# m</b>          <b>La</b>  <b>Mi</b>     <b>Si</b>  <b>Mi</b>
Dominus benedicat frater Leo te

<strong>
   <b>do# m</b> <b>Si</b> <b>Mi</b>    <b>La</b> <b>Mi</b> <b>Si</b>
Benedicat,   benedicat,
    <b>Mi</b>         <b>do# m</b>  <b>La</b>
benedicat tibi Dominus,
<b>fa# m</b>   <b>Si</b>     <b>Mi</b>
et custodiat te. (**)

<b>Mi</b>             <b>do# m</b> <b>Sol</b>
Benedicat tibi Dominus
<b>fa# m</b>   <b>Si</b>  <b>Mi</b>
Frater Leo te
</strong>
