<b>Sol</b>        <b>Re</b>
Felices serán
    <b>Do</b>            <b>Re</b>
los pobres del mundo.
   <b>Sol</b>       <b>Re</b>
Su rey es un Dios
    <b>Do</b>       <b>Re</b>
que les vestirá
     <b>mi m</b>        <b>Si</b>
de anillos de besos,
     <b>Do</b>        <b>Re</b>
de una tierra nueva.
<b>Do</b>          <b>Sol</b>
Felices los pobres:
     <b>Re</b>      <b>Sol</b>
Dios será su pan.

<b>Sol</b>         <b>Re</b>
Felices serán
   <b>Do</b>              <b>Re</b>
todos los que sufren.
   <b>Sol</b>          <b>Re</b>
Millones de abrazos
    <b>Do</b>    <b>Re</b>
les acunarán.
<b>mi m</b>           <b>Si</b>
Sanan sus heridas,
    <b>Do</b>        <b>Re</b>
sus lágrimas risas.
<b>Do</b>          <b>Sol</b>
Felices los tristes
    <b>Re</b>         <b>Sol</b>
pues ahora reirán.

<b>Sol</b>        <b>Re</b>
Felices serán
    <b>Do</b>           <b>Re</b>
los que no golpean,
<b>Sol</b>                <b>Re</b>
los que con su fuerza
    <b>Do</b>        <b>Re</b>
luchan por la paz.
   <b>mi m</b>       <b>Si</b>
El futuro es suyo.
   <b>Do</b>            <b>Re</b>
La tierra es su premio.
<b>Do</b>              <b>Sol</b>
Feliz quien paz busca,
   <b>Re</b>       <b>Sol</b>
paz encontrará.

<b>Sol</b>        <b>Re</b>
Felices serán
    <b>Do</b>            <b>Re</b>
los que la justicia
    <b>Sol</b>          <b>Re</b>
con hambre reclaman,
   <b>Do</b>       <b>Re</b>
un mundo mejor.
<b>mi m</b>         <b>Si</b>
Todos los derechos
  <b>Do</b>            <b>Re</b>
para todo el mundo.
<b>Do</b>            <b>Sol</b>
Feliz quien exige
    <b>Re</b>         <b>Sol</b>  <b>Sol 7</b>
justicia y perdón.
<strong>
 <b>Do</b>                 <b>Re</b>
¡Felices, seréis felices!
            <b>mi m</b>        <b>si m</b>
¡Por fin la vida se iluminará!
    <b>Do</b>               <b>Re</b>
¡Se romperá la tristeza!
           <b>mi m</b>               <b>si m</b>
Sois mil antorchas que van a alumbrar.
   <b>Do</b>      <b>do m</b>
El mundo renace.
     <b>la m</b>      <b>Re</b>
¡Podréis cantar
         <b>Do</b>         <b>Re</b>          <b>Sol</b>
que el amor como la luz os salvará!
</strong>
  <b>Sol</b>      <b>Re</b>
Felices serán
   <b>Do</b>          <b>Re</b>
todos los que ayudan,
  <b>Sol</b>       <b>Re</b>
socorren incendios,
  <b>Do</b>        <b>Re</b>
reparten el pan,
<b>mi m</b>                <b>Si</b>
lavan los pies sin asco,
   <b>Do</b>        <b>Re</b>
salvan a los náufragos…
  <b>Do</b>         <b>Sol</b>
Feliz quien ayuda
     <b>Re</b>       <b>Sol</b>
pues le ayudarán…

<b>Sol</b>        <b>Re</b>
Felices serán
    <b>Do</b>       <b>Re</b>
Los de fondo limpio,
    <b>Sol</b>      <b>Re</b>
Tendrán su milagro:
    <b>Do</b>        <b>Re</b>
Blanco el corazón.
<b>mi m</b>            <b>Sib</b>
Sencillos cual niños
   <b>Do</b>       <b>Re</b>
Miran con cariño.
<b>Do</b>          <b>Sol</b>
Felices los limpios
     <b>Re</b>      <b>Sol</b>
Pues verán a Dios

  <b>Sol</b>      <b>Re</b>
Felices serán
    <b>Do</b>        <b>Re</b>
los que se conmueven,
      <b>Sol</b>        <b>Re</b>
quien siente lo ajeno
    <b>Do</b>       <b>Re</b>
dentro de su piel.
   <b>mi m</b>         <b>Si</b>
Aunque a veces tiemblen
   <b>Do</b>         <b>Re</b>
reparten ternura.
  <b>Do</b>        <b>Sol</b>
Feliz el que ama,
    <b>Re</b>         <b>Sol</b>
le amarán también

   <b>Sol</b>    <b>Re</b>
Felices seréis
    <b>Do</b>        <b>Re</b>
si sois perseguidos,
     <b>Sol</b>        <b>Re</b>
si a pesar de todo
   <b>Do</b>        <b>Re</b>
fieles seguiréis.
      <b>mi m</b>     <b>Si</b>
Quien está conmigo
    <b>Do</b>         <b>Re</b>
tendrá pan y vino, 
  <b>Do</b>          <b>Sol</b>
entrará en un reino
    <b>Re</b>         <b>Sol</b>
de abrazos eternos.
  <b>Do</b>        <b>Sol</b>
Felices por siempre
     <b>Re</b>        <b>Sol</b>  <b>Sol 7</b>
por siempre seréis.
<strong>
 <b>Do</b>                 <b>Re</b>
¡Felices, seréis felices!
            <b>mi m</b>        <b>si m</b>
¡Por fin la vida se iluminará!
    <b>Do</b>               <b>Re</b>
¡Se romperá la tristeza!
           <b>mi m</b>               <b>si m</b>
Sois mil antorchas que van a alumbrar.
   <b>Do</b>      <b>do m</b>
El mundo renace.
     <b>la m</b>      <b>Re</b>
¡Podréis cantar
         <b>Do</b>         <b>Re</b>          <b>Sol</b>
que el amor como la luz os salvará!
</strong>
       <b>Do</b>
Que es posible
     <b>Re</b>
para todos 
     <b>Do</b>     <b>Re</b>   <b>Sol</b>
encontrar felicidad.
<b>Sol</b>
Te quiero, me quieres,
   <b>Re</b>
yo te necesito,
<b>Do</b>
tiemblo por ti,
    <b>Re</b>
mi amor.
