<b>Sol</b>             <b>Do</b>       <b>Sol</b>    <b>Do</b>
Los pobres de Espíritu ven al Señor
    <b>Sol</b>       <b>Do</b>
que nace en pesebre, 
     <b>Sol</b>      <b>Do</b>    <b>Re</b>
no quiere mansión.

    <b>mi m</b> <b>si m</b>       <b>Do</b>          <b>Sol</b>
Los mansos esperan a Dios en la Tierra,
  <b>mi m</b>      <b>si m</b>
esperan que nazca en 
<b>Do</b>       <b>Re</b>
un mundo sin guerra.

<b>Sol</b>             <b>Do</b>
Los hombres que lloran 
<b>Sol</b>         <b>Do</b>
tienen un anhelo,
    <b>Sol</b>     <b>Do</b>         <b>Sol</b>      <b>Do</b>  <b>Re</b>
que nazca Jesús y les traiga consuelo.

   <b>mi m</b>         <b>si m</b>
A aquellos que luchan 
    <b>Do</b>        <b>Sol</b>
con sed de justicia
    <b>mi m</b>     <b>si m</b>       <b>Do</b>        <b>Re</b>
los sacia Jesús y les da su caricia.

<b>Sol</b>      <b>Do</b>         <b>Sol</b>           <b>Do</b>
Su misericordia les da a los que aman
    <b>Sol</b>       <b>Do</b>
y a todos los hombres
    <b>Sol</b>     <b>Do</b>       <b>Re</b>
su amor les derrama.

   <b>mi m</b>         <b>si m</b>    <b>Do</b>            <b>Sol</b>
A aquellos que tienen limpio el corazón
  <b>mi m</b>        <b>si m</b>
Jesús se les muestra, 
<b>Do</b>        <b>Re</b>
ven que nace Dios.

<b>Sol</b>          <b>Do</b>
Construye la paz en 
   <b>Sol</b>  <b>Do</b>      <b>Sol</b> <b>Do</b>
tu entorno y tu vida;
    <b>Sol</b>      <b>Do</b>
los hijos de Dios 
      <b>Sol</b>  <b>Do</b>   <b>Sol</b> <b>Do</b> <b>Sol</b> <b>Re</b>
todos somos familia.

  <b>mi m</b>      <b>si m</b>      <b>Do</b>           <b>Sol</b>
Y si te persiguen recuerda que a Él
   <b>mi m</b>       <b>si m</b>
también lo mataron
  <b>Do</b>             <b>Re</b>
y hoy vuelve a nacer
<strong>
     <b>Sol</b>   <b>Do</b>    <b>Sol</b> <b>Sol 7</b>
Tu familia puede ser
    <b>Do</b>       <b>la m</b>     <b>Re</b>
Navidad que acoge en casa
       <b>mi m</b>        <b>si m</b> <b>Do</b>
si a Jesús dejáis nacer
<b>la m</b>               <b>Re</b> (<span id="reserved">2ª:</span> <b>la m</b> <b>Re</b> <b>Sol</b>)
con sus bienaventuranzas.
</strong>
