<b>re m</b>                   <b>la m</b>
Felices somos en la pobreza
<b>Sib</b>            <b>Do</b>          <b>Fa</b>
si en nuestras manos hay amor de Dios.
<b>re m</b>                     <b>la m</b>
Si nos abrimos a la esperanza,
   <b>Sib</b>                     <b>Do</b>
si trabajamos por hacer el bien.
<b>Fa</b>                  <b>Do</b>
Felices somos en la humildad,
<b>re m</b>              <b>la m</b>
si como niños sabemos vivir.
  <b>Sib</b> <b>Do</b>         <b>Fa</b>
Será nuestra heredad
   <b>La 7</b> <b>re m</b>   <b>Sib</b>  <b>Do</b>
la tierra, la tierra.
<strong>
      <b>Fa</b>       <b>Do</b>
Si el grano de trigo 
   <b>La 7</b>         <b>re m</b>
no muere en la tierra
    <b>Sib</b>          <b>Do</b>    <b>Fa</b> <b>Do</b>
es imposible que nazca fruto.
  <b>Fa</b>      <b>Do</b>    <b>La 7</b>       <b>re m</b>
Aquel que da su vida para los demás,
    <b>Sib</b>    <b>Do</b>        <b>Fa</b>
tendrá siempre al Señor.
</strong>
<b>re m</b>                    <b>la m</b>
Felices somos si compartimos,
<b>Sib</b>        <b>Do</b>             <b>Fa</b>
si nuestro tiempo es para los demás
<b>re m</b>                       <b>la m</b>
para quien vive en la tristeza
   <b>Sib</b>                     <b>Do</b>
y para quien camina en soledad.
<b>Fa</b>                  <b>Do</b>
Felices somos si damos amor,
<b>re m</b>                         <b>la m</b>
si en nuestras manos hay sinceridad.
   <b>Sib</b>   <b>Do</b>         <b>Fa</b>
Podremos siempre mirar
  <b>La 7</b>    <b>re m</b>    <b>Sib</b>   <b>Do</b>
y ver a Dios, y ver a Dios.
<strong>
      <b>Fa</b>       <b>Do</b>
Si el grano de trigo 
   <b>La 7</b>         <b>re m</b>
no muere en la tierra
    <b>Sib</b>          <b>Do</b>    <b>Fa</b> <b>Do</b>
es imposible que nazca fruto.
  Fa      Da    La7       rem
Aquel que da su vida para los demás,
    <b>Sib</b>    <b>Do</b>        <b>Fa</b>
tendrá siempre al Señor.
</strong>
<b>re m</b>                   <b>la m</b>
Felices somos si ofrecemos paz,
<b>Sib</b>       <b>Do</b>           <b>Fa</b>
y nuestra voz denuncia la opresión,
<b>re m</b>                    <b>la m</b>
si desterramos odio y rencores,
  <b>Sib</b>                       <b>Do</b>
será mas limpio nuestro corazón.
<b>Fa</b>                  <b>Do</b>
Felices somos en la adversidad,
<b>re m</b>                      <b>la m</b>
si nos persiguen cuando no hay razón,
   <b>Sib</b>    <b>Do</b>          <b>Fa</b>
la vida entonces tendrá
   <b>La 7</b>       <b>re m</b>    <b>Sib</b>      <b>Do</b>
sentido en Dios, sentido en Dios.
