<b>re m</b>            <b>Do</b>
Bien sé, Señor Dios mío, 
<b>Sol</b>          <b>Sib</b> <b>Do</b>    <b>re m</b>
que estás cercano a mi vida.
                   <b>Do</b>
Bien sé que me has llamado 
<b>Sol</b>      <b>Sib</b> <b>Do</b>  <b>re m</b>
cuando vivía perdido.

              <b>Do</b>
A veces no te escucho, 
<b>Fa</b>            <b>Sib</b>
a veces no te hablo.
<b>re m</b>            <b>Do</b>
tengo fe, pero dudo; 
<b>Sol</b>     <b>Sib</b> <b>Do</b>     <b>re m</b>    <b>Do</b>
dale firmeza a mi canto.
<strong>
<b>Fa</b>                  <b>Do</b>
Bien sé, Señor, que habitas 
<b>sol m</b>        <b>re m</b>     <b>Do</b>
en la misericordia.
<b>Fa</b>                  <b>Do</b>
Bien sé, Señor, que estás
<b>sol m</b>      <b>re m</b>   <b>Do</b>
en el más pobre.
<b>Fa</b>                  <b>Do</b>
Bien sé, Señor, que arrancas
<b>sol m</b>         <b>re m</b>    <b>Do</b>
del vacío mi vida.
<b>Fa</b>               <b>Do</b>
Dame fe para que crea
<b>sol m</b>      <b>Sib</b>  <b>Do</b>   <b>re m</b>
lo que ya sé de palabra.
</strong>
                 <b>Do</b>
Bien sé que soy indigno 
<b>Sol</b>     <b>Sib</b> <b>Do</b>     <b>re m</b>
de recibirte en mi casa
            <b>Do</b>
pero vivo inquieto
<b>Sol</b>       <b>Sib</b> <b>Do</b>   <b>re m</b>
por encontrar tu morada.

              <b>Do</b>
Como el pobre Zaqueo, 
<b>Fa</b>             <b>Sib</b>
me has querido honrar
<b>re m</b>            <b>Do</b>
con tu humilde presencia 
<b>Sol</b>    <b>Sib</b> <b>Do</b>  <b>re m</b>   <b>Do</b>
has colmado mi vida.

