<b>La</b>        <b>Re</b>           <b>La</b>
Desde que Dios hizo al hombre
     <b>Re</b>     <b>Mi</b>  <b>La</b>
y le dio la creación,
<b>Mi</b>              <b>La</b>
lo miraba con cariño,
      <b>Re</b>         <b>Mi</b>  <b>Re</b> <b>Mi</b>
lo quería de corazón.
<b>La</b>          <b>Re</b>        <b>La</b>  <b>La 7</b>
El Señor quiso ser hombre
     <b>Re</b>      <b>Mi</b>    <b>do# m</b> <b>fa# m</b>
para entendernos mejor
<b>Re</b>                <b>La</b>
y decidió hacerse niño;
<b>Si</b>                  <b>Mi</b>  <b>Re</b> <b>do# m</b> <b>Mi</b>
¡Va a nacer el Salvador!

<b>La</b>      <b>Re</b>          <b>La</b>
Este mundo en que vivimos
      <b>Re</b>     <b>Mi</b>   <b>La</b>
entre guerras y terror,
<b>Mi</b>                   <b>La</b>
un mundo en que competimos
     <b>Re</b>               <b>Mi</b> <b>Re</b> <b>Mi</b>
para ser siempre el mejor,
<b>La</b>         <b>Re</b>        <b>La</b>     <b>La 7</b>
no ha perdido la esperanza
     <b>Re</b>       <b>Mi</b>     <b>do# m</b> <b>fa# m</b>
de que hoy brote una flor.
<b>Re</b>                 <b>La</b>
Hay testigos que declaran:
<b>Si</b>                 <b>Mi</b>  <b>Re</b> <b>do# m</b> <b>Mi</b>
¡Ha nacido el Salvador!

<b>La</b>        <b>Re</b>         <b>La</b>
La esperanza de los ciegos
    <b>Re</b>    <b>Mi</b>   <b>La</b>
es poder mirar tu luz.
<b>Mi</b>              <b>La</b>
El deseo de los sordos
     <b>Re</b>          <b>Mi</b> <b>Re</b> <b>Mi</b>
es escucharte, Jesús.
<b>La</b>        <b>Re</b>         <b>La</b>     <b>La 7</b>
Los sencillos, los pequeños,
   <b>Re</b>        <b>Mi</b>      <b>do# m</b> <b>fa# m</b>
descubren tu resplandor.
<b>Re</b>                <b>La</b>
¡Aleluya! cantan todos,
<b>Si</b>                    <b>Mi</b> <b>Re</b> <b>do# m</b> <b>Mi</b>
que ha nacido el Salvador

<b>La</b>       <b>Re</b>          <b>La</b>
Al nacer viene a anunciar
      <b>Re</b>    <b>Mi</b>     <b>La</b>
que todos somos hermanos,
<b>Mi</b>                 <b>La</b>
que no quiere renunciar
     <b>Re</b>            <b>Mi</b>   <b>Re</b> <b>Mi</b>
a ninguno siendo humano;
<b>La</b>        <b>Re</b>        <b>La</b>     <b>La 7</b>
que todos somos criaturas,
    <b>Re</b>    <b>Mi</b>      <b>do# m</b>  <b>fa# m</b>
que somos obra de Dios
<b>Re</b>                  <b>La</b>
que nos mira con ternura:
<b>Si</b>                 <b>Mi</b>  <b>Re</b> <b>do# m</b> <b>Mi</b>
¡Ha nacido el Salvador!
<strong>
     <b>Re</b>     <b>Mi</b>
Brotará el Amor
     <b>do# m</b>        <b>fa# m</b>
del tronco de Jesé.
    <b>Re</b>      <b>Mi</b>
Nacerá el Señor
  <b>do# m</b>        <b>fa# m</b>
y lo podremos ver.
<b>Re</b>      <b>Mi</b>        <b>La</b>       <b>La 7</b>
La familia de los hombres
<b>Re</b>        <b>Mi</b>        <b>La</b>   <b>La 7</b>
ha emparentado con Dios
<b>Re</b>        <b>Mi</b>          <b>do# m</b>   <b>fa# m</b>
que se ha venido a la tierra.
<b>Si</b>                 <b>Mi</b>
¡Ha nacido el Redentor!

<span id="reserved">Final:</span> <b>Re</b> <b>do# m</b> <b>Re</b> <b>La</b> <b>Mi</b> <b>La</b>
</strong>
