<b>Do</b>              <b>Sol</b>
Campana sobre campana
                <b>Do</b>
y sobre campana una.
               <b>Sol</b>
Asómate a la ventana,
                    <b>Do</b>
verás al Niño en la cuna.
<strong>
<b>Do</b>      <b>Fa</b>           <b>Do</b>
Belén, campanas de Belén
        <b>Fa</b>      <b>Do</b>
que los ángeles tocan,
     <b>Fa</b>    <b>Sol</b>    <b>Do</b>
¿qué nueva nos traéis?
</strong>
<b>Do</b>
Recogido tu rebaño
      <b>Re</b>     <b>Sol</b>     <b>Do</b>
¿a dónde vas pastorcillo?

Voy a llevar al portal
     <b>Re</b>       <b>Sol</b>   <b>Do</b>
requesón, manteca y vino

<b>Do</b>               <b>Sol</b>
Campana sobre campana
                <b>Do</b>
y sobre campana dos.
                <b>Sol</b>
Asómate a la ventana,
                  <b>Do</b>
porque está naciendo Dios.

<b>Do</b>
Caminando a media noche
    <b>Re</b>      <b>Sol</b>    <b>Do</b>
¿dónde caminas pastor?

Le llevo al niño que nace
       <b>Re</b>      <b>Sol</b>  <b>Do</b>
como a Dios mi corazón.
