<span id="reserved">Intro:</span> <b>Do 9</b> <b>mi m7</b> <b>Re</b>

<b>Do 9</b>
Aún no te conozco

Aún no sé tu nombre
<b>mi m7</b>
Y ya echo de menos, 
<b>Re</b>
tus domingos por la tarde.

<b>Do 9</b>
Aún no me he atrevido, 

a jugar mis cartas
<b>mi m7</b>
Y ya tengo miedo 
<b>Re</b>
de no conseguir jugarlas

<b>Do 9</b>
No detuvo el tiempo

Un beso furtivo
<b>mi m7</b>
Pero en mi cabeza
<b>Re</b>             <b>Do 9</b>    <b>Sol</b> <b>Sol /</b><b>Fa#</b>
Ya esta todo decidido
<strong>
<b>Do 9</b>
Me faltan detalles 
          <b>Sol</b>   <b>Re</b>
que he de concretar
<b>Do 9</b>
El color de ojos 
     <b>Sol</b>            <b>Re</b>
por ejemplo me da igual
<b>Do 9</b>
Risas que no falten 
       <b>Sol</b>  <b>Re</b>
me voy a callar
<b>Do</b>                      <b>Sol</b>
Todas esas cosas que puedan 
         <b>Re</b>
sonarnos mal

<b>Do 9</b>          <b>Sol</b> <b>Re</b>
No sentí tus labios
<b>Do 9</b>              <b>Sol</b>        <b>Re</b>
No he sentido el peso de tu cuerpo
<b>Do 9</b>          <b>Sol</b>         <b>Re</b>
Y ya estoy muriéndome de celos
       <b>Do 9</b>           <b>Sol</b>        <b>Re</b>
Por el hombre que ahora besa tu pecho
        <b>Do 9</b>         <b>Sol</b>        <b>Re</b> <b>Do 9</b>
He de reconocer que no tengo derecho
<b>Sol</b>        <b>Re</b> <b>Do 9</b>
No tengo derecho...
</strong>
<b>Do 9</b>
Aún no hemos reído 

como dos idiotas
<b>mi m7</b>
Te tengo guardadas 
<b>Re</b>
mis mejores bromas

<b>Do 9</b>
Aún no he conocido 

tus raras manías
<b>mi m7</b>
Y ya tengo ganas 
<b>Re</b>
de que aguantes tu las mías

<b>Do 9</b>
Aún no hemos sufrido 

la cruel rutina
<b>mi m7</b>
Y ya estoy pensando 
<b>Re</b>          <b>Do</b>        <b>Sol</b> <b>Sol /</b><b>Fa#</b>
cómo llenaré los días
<strong>
<b>Do 9</b>
Me faltan detalles 
          <b>Sol</b>   <b>Re</b>
que he de concretar
<b>Do 9</b>
El color de ojos 
     <b>Sol</b>            <b>Re</b>
por ejemplo me da igual
<b>Do 9</b>
Risas que no falten 
       <b>Sol</b>  <b>Re</b>
me voy a callar
<b>Do</b>                      <b>Sol</b>
Todas esas cosas que puedan 
     <b>Re</b>
sonarnos mal

<b>Do 9</b>          <b>Sol</b> <b>Re</b>
No sentí tus labios
<b>Do 9</b>              <b>Sol</b>        <b>Re</b>
No he sentido el peso de tu cuerpo
<b>Do 9</b>          <b>Sol</b>         <b>Re</b>
Y ya estoy muriéndome de celos
       <b>Do 9</b>           <b>Sol</b>        <b>Re</b>
Por el hombre que ahora besa tu pecho
        <b>Do 9</b>         <b>Sol</b>        <b>Re</b>
He de reconocer que no tengo derecho

<b>Do 9</b>          <b>Sol</b> <b>Re</b>
No sentí tus labios
<b>Do 9</b>              <b>Sol</b>        <b>Re</b>
No he sentido el peso de tu cuerpo
<b>Do 9</b>          <b>Sol</b>         <b>Re</b>
Y ya estoy muriéndome de celos
       <b>Do 9</b>           <b>Sol</b>        <b>Re</b>
Por el hombre que ahora besa tu pecho
        <b>Do 9</b>         <b>Sol</b>        <b>Re</b> <b>Do 9</b>
He de reconocer que no tengo derecho
<b>Sol</b>        <b>Re</b> <b>Do 9</b>
No tengo derecho...
</strong>
<b>Do 9</b>
Aún no te conozco

Y ya te he encontrado
<b>mi m7</b>
No valió cualquiera
               <b>Re</b>
Algo habrá cambiado
<span id=cejilla-original>1</span>
