<b>si m</b>
Hazme, Señor, revivir 
                    <b>La</b>
la vida que te entregue
<b>mi m</b>              <b>La</b>
Que no tuvo otro ansia 
       <b>mi m</b>          <b>La</b>
que el fiarme de tu fe.
<b>si m</b>                  <b>Fa#</b>
Haz, Señor, que se renueve 
       <b>La</b>                <b>Mi</b>
mi actitud de inútil siervo
       <b>mi m</b>          <b>La</b>
Que de Ti lo espera todo 
  <b>mi m</b>            <b>La</b>      <b>Fa#</b>
y todo le sabe a nuevo.

      <b>si m</b>             <b>Mi</b>
Haz Señor que siempre viva 
                   <b>si m</b>
tu humildad y tu pobreza
<b>si m</b>               <b>Re</b>
Y así serás de mi vida 
           <b>La</b>       <b>si m</b>
mi única razón y fuerza
<b>si m</b>                <b>Mi</b>
Multiplica mi constancia,
                 <b>si m</b>
mi perdón y mi paciencia
<b>si m</b>             <b>Re</b>
Y así seré para todos 
            <b>La</b>   <b>si m</b>
causa de tu providencia.
