<b>Do</b>
No sé si soñaba,
            <b>la m</b>
No sé si dormía,
               <b>re m</b>
y la voz de un ángel
            <b>Sol</b>
Dijo que te diga:
           <b>la m</b>   <b>Fa</b>  <b>la m</b>
Celebra la vida.
       <b>Do</b>
Piensa libremente,
           <b>la m</b>
Ayuda a la gente,
         <b>re m</b>
y por lo que quieras
             <b>Sol</b>
Lucha y sé paciente.
        <b>Do</b>
Lleva poca carga
        <b>la m</b>
A nada te aferres
               <b>re m</b>
Porque en éste mundo,
             <b>Sol</b>
Nada es para siempre.
            <b>la m</b>
Búscate una estrella
            <b>Do</b>
Que sea tu guía,
            <b>Fa</b>
No hieras a nadie
            <b>Sol</b>
Reparte alegría.
<strong>
  <b>Fa</b>        <b>Do</b>
Celebra la vida, 
  <b>Fa</b>       <b>Do</b>
celebra la vida,
    <b>la m</b>
Que nada se guarda
    <b>Fa</b>       <b>la m</b>
Que todo te brinda.

  <b>Fa</b>       <b>Do</b>
Celebra la vida, 
  <b>Fa</b>       <b>Do</b>
celebra la vida,
  <b>la m</b>            <b>Fa</b>
segundo a segundo 
        <b>Do</b>       <b>la m</b>
y todos los días.
</strong>
<b>Do</b>
Y si alguien te engaña
             <b>la m</b>
Al decir "Te Quiero",
                <b>re m</b>
Pon más leña al fuego
             <b>Sol</b>
y empieza de nuevo.
              <b>Do</b>
No dejes que caigan
              <b>la m</b>
tus sueños al suelo
                 <b>re m</b>
que mientras más amas
                   <b>Sol</b>
más cerca está el cielo.
                <b>la m</b>
Grita contra el odio
             <b>Do</b>
Contra la mentira,
                 <b>re m</b>
Que la guerra es muerte,
            <b>Sol</b>
y la paz es vida.
<strong>
  <b>Fa</b>        <b>Do</b>
Celebra la vida, 
  <b>Fa</b>       <b>Do</b>
celebra la vida,
    <b>la m</b>
Que nada se guarda
    <b>Fa</b>       <b>la m</b>
Que todo te brinda.

  <b>Fa</b>       <b>Do</b>
Celebra la vida, 
  <b>Mi</b>       <b>la m</b>
celebra la vida,
  <b>Fa</b>             <b>la m</b> <b>Fa</b> <b>la m</b>
segundo a segundo 
</strong>
<b>Do</b>
No sé si soñaba,
            <b>la m</b>
No sé si dormía,
               <b>re m</b>
y la voz de un ángel
            <b>Sol</b>
Dijo que te diga:
<strong>
  <b>Fa</b>       <b>Do</b>
Celebra la vida, 
  <b>Fa</b>       <b>Do</b>
celebra la vida
  <b>la m</b>
y deja en la tierra
<b>Fa</b>          <b>la m</b>
tu mejor semilla
  <b>Fa</b>       <b>Do</b>
Celebra la vida, 
  <b>Mi</b>       <b>la m</b>
celebra la vida
       <b>Fa</b>
que es mucho más bella 
<b>Sol</b>      <b>Do</b>      <b>la m</b>
cuando tú me miras.
  <b>Fa</b>       <b>Do</b>
Celebra la vida,
  <b>Fa</b>       <b>Do</b>
celebra la vida.
</strong>
