<strong>
<b>Re</b>
¡Ay del chiquirritín,

chiquirritín
                    <b>Sol</b> <b>La</b>
que ha nacido entre pajas!

¡Ay del chiquirritín, 

chiquirritín
                         <b>Re</b>
queridín, queridito del alma!
</strong>
<b>Re</b>
Por debajo del arco 
         <b>Sol</b> <b>La</b>
del portalico

se descubre a María, 
          <b>Sol</b> <b>Re</b>
José y el Niño.

<b>Re</b>
Entre un buey y una mula
          <b>Sol</b> <b>La</b>
Dios ha nacido

y en un pobre pesebre 
          <b>Sol</b> <b>Re</b>
le han recogido.
