<strong>
<b>mi m</b>           <b>Sol</b>
Coge tu cruz y sígueme, 
   <b>La</b>         <b>mi m</b>
entiendo tu mensaje, 
              <b>Sol</b>
coge tu cruz y sígueme 
  <b>La</b>             <b>Do</b>
a donde muera el yo. 
<b>mi m</b>           <b>Sol</b>
Coge tu cruz y sígueme 
    <b>La</b>        <b>mi m</b>
no lleves equipaje. 
<b>Do</b>             <b>si m</b>  <b>mi m</b>
Coge tu cruz y sígueme, 
<b>Do</b>             <b>si m</b>  <b>mi m</b>
coge tu cruz y sígueme. 
</strong>
<b>mi m</b>  <b>Do</b>               <b>Re</b>
Y mirar a lo que te rodea, 
<b>si m</b>      <b>mi m</b>
esa realidad 
     <b>Re</b>  <b>Do</b>
con sus cosas buenas, 
     <b>La</b>
con sus cosas malas 
      <b>Do</b>       <b>Si 7</b>
no te pueden ganar, 
      <b>Do</b>      <b>Si 7</b>
desde ahí caminar 
               <b>Do</b>       <b>Si 7</b>
intentando que la felicidad 
                 <b>Do</b>            <b>Si 7</b>
esté siempre brillando por tu afán 
<b>Do</b>                 <b>Si 7</b>
de ser siempre, en la debilidad, 
<b>Do</b>         <b>Si 7</b>         <b>Do</b>      <b>Si 7</b>
un hijo de Dios, un hijo de Dios. 
<strong>
<b>mi m</b>           <b>Sol</b>
Coge tu cruz y sígueme, 
   <b>La</b>         <b>mi m</b>
entiendo tu mensaje, 
              <b>Sol</b>
coge tu cruz y sígueme 
  <b>La</b>             <b>Do</b>
a donde muera el yo. 
<b>mi m</b>           <b>Sol</b>
Coge tu cruz y sígueme 
    <b>La</b>        <b>mi m</b>
no lleves equipaje. 
<b>Do</b>             <b>si m</b>  <b>mi m</b>
Coge tu cruz y sígueme, 
<b>Do</b>             <b>si m</b>  <b>mi m</b>
coge tu cruz y sígueme. 
</strong>
<b>mi m</b>   <b>Do</b>
Y aceptar que en este mundo 
 <b>Re</b> <b>si m</b>       <b>mi m</b>
todos tenemos un final, 
    <b>Re</b> <b>Do</b>
que vencer la muerte 
      <b>La</b>
es ganar la vida  
 <b>Do</b>         <b>Si 7</b>        <b>Do</b>     <b>Si 7</b>
y así resucitar desde ahí caminar
               <b>Do</b>        <b>Si 7</b>
intentando que la felicidad 
                 <b>Do</b>           <b>Si 7</b>
esté siempre brillando por tu afán
<b>Do</b>                 <b>Si 7</b>
de ser siempre, en la debilidad, 
<b>Do</b>         <b>Si 7</b>         <b>Do</b>      <b>Si 7</b>
un hijo de Dios, un hijo de Dios. 
