<b>Do</b>        <b>Fa</b>  <b>Do</b>     <b>Fa</b>
Con tanta luz de Navidad
<b>Do</b>        <b>Fa</b>        <b>Do</b>  <b>Fa</b> <b>Do</b> <b>Fa</b> <b>Do</b> <b>Fa</b>
no veo tu Luz que intenta brillar.
<b>Do</b>        <b>Fa</b>     <b>Do</b>     <b>Fa</b>
Con tanto lujo y publicidad
<b>Do</b>       <b>Fa</b>     <b>Do</b>    <b>Fa</b>    <b>Do</b> <b>Fa</b> <b>Do</b>
no tengo tiempo de ir al portal.
<strong>
 <b>La</b>           <b>Re</b>        <b>La</b>        <b>Re</b>
¿Quién, en mi mundo, se va a imaginar
    <b>La</b>        <b>Re</b>
que Dios nace hombre
      <b>La</b> <b>Re</b>    <b>La</b>   <b>Re</b> <b>La</b>
en un pobre portal?
</strong>
<b>Do</b> <b>Fa</b> <b>Do</b>
Uh uh uh

<b>Do</b>          <b>Fa</b>      <b>Do</b>          <b>Fa</b>
Con tanto poder, violencia y maldad
   <b>Do</b>        <b>Fa</b>     <b>Do</b> <b>Fa</b>  <b>Do</b> <b>Fa</b> <b>Do</b> <b>Fa</b>
buscamos tu Amor, buscamos tu Paz;
<b>Do</b>          <b>Fa</b>      <b>Do</b>    <b>Fa</b>
con tanta riqueza y comodidad,
<b>Do</b>         <b>Fa</b>        <b>Do</b>    <b>Fa</b> <b>Do</b> <b>Fa</b> <b>Do</b>
Tú vas a nacer en un pobre pajar.
<strong>
 <b>La</b>           <b>Re</b>       <b>La</b>      <b>Re</b>
¿Quién, en mi mundo, podría pensar
    <b>La</b>        <b>Re</b>
que Dios ha nacido,
    <b>La</b> <b>Re</b>  <b>La</b> <b>Re</b> <b>La</b>
que es Navidad?
</strong>
<b>Do</b> <b>Fa</b> <b>Do</b>
Uh uh uh

   <b>Do</b>        <b>Fa</b>       <b>Do</b>     <b>Fa</b>
De todos los seres de tu creación
 <b>Do</b>       <b>Fa</b>       <b>Do</b>   <b>Fa</b> <b>Do</b> <b>Fa</b> <b>Do</b>
eliges al hombre y su corazón.
    <b>Do</b>          <b>Fa</b>
Nos muestras tu rostro, 
   <b>Sol</b>     <b>Do</b>
te vemos Señor,
            <b>Fa</b>
sin más posesiones 
    <b>Do</b>   <b>Fa</b> <b>Do</b> <b>Fa</b> <b>Do</b>
que todo tu amor.
<strong>
 <b>La</b>           <b>Re</b>        <b>La</b>        <b>Re</b>
¿Quién, en mi mundo, se va a imaginar
    <b>La</b>        <b>Re</b>
que Dios nace hombre
      <b>La</b> <b>Re</b>    <b>La</b>   <b>Re</b> <b>La</b>
en un pobre portal?
</strong>
<b>Do</b> <b>Fa</b> <b>Do</b>
Uh uh uh 
   <b>Do</b>       <b>Fa</b>      <b>Do</b>       <b>Fa</b>
La tele nos dice ¡venid a comprar
   <b>Do</b>      <b>Fa</b>         <b>Do</b> <b>Fa</b>   <b>Do</b> <b>Fa</b> <b>Do</b>
en los almacenes, que es Navidad!
  <b>Do</b>        <b>Fa</b>         <b>Sol</b>      <b>Do</b>
y Tú nos propones: ¡Comparte tu pan!
              <b>Fa</b>
Hay muchos sintecho, 
    <b>Do</b> <b>Fa</b> <b>Do</b> <b>Fa</b> <b>Do</b>
sin casa ni hogar.
<strong>
 <b>La</b>           <b>Re</b>       <b>La</b>      <b>Re</b>
¿Quién, en mi mundo, podría pensar
    <b>La</b>        <b>Re</b>
que Dios ha nacido,
    <b>La</b> <b>Re</b>  <b>La</b> <b>Re</b> <b>La</b>
que es Navidad?
</strong>
<b>La</b>            <b>Re</b>   <b>La</b>           <b>Re</b>
Frente al poderoso nace tu humildad;
<b>La</b>            <b>Re</b>     <b>La</b>         <b>Re</b>
frente al estudioso, tu simplicidad;
<b>La</b>            <b>Re</b>     <b>La</b>      <b>Re</b>
frente al ambicioso, generosidad
<b>La</b>          <b>Re</b>   <b>La</b>    <b>Re</b>     <b>La</b>
para el belicoso que nazca tu Paz.
<strong>
 <b>La</b>           <b>Re</b>        <b>La</b>        <b>Re</b>
¿Quién, en mi mundo, se va a imaginar
    <b>La</b>        <b>Re</b>
que Dios nace hombre
      <b>La</b> <b>Re</b>    <b>La</b>   <b>Re</b> <b>La</b>
en un pobre portal?
 <b>La</b>           <b>Re</b>       <b>La</b>      <b>Re</b>
¿Quién, en mi mundo, podría pensar
    <b>La</b>        <b>Re</b>
que Dios ha nacido,
    <b>La</b> <b>Re</b>  <b>La</b> <b>Re</b> <b>La</b>
que es Navidad?
 <b>La</b>           <b>Re</b>        <b>La</b>        <b>Re</b>
¿Quién, en mi mundo, se va a imaginar
    <b>La</b>        <b>Re</b>
que Dios nace hombre
      <b>La</b> <b>Re</b>    <b>La</b>   <b>Re</b> <b>La</b>
en un pobre portal?...
</strong>
