<strong>
<b>la m</b>            <b>Re</b>
Con vosotros está
   <b>Sol</b>       <b>Do</b>
y no le conocéis,
      <b>la m</b>      <b>Si 7</b>
con vosotros está, 
   <b>mi m</b>            <b>Mi</b>
su nombre es el Señor.
</strong>
<b>mi m</b>               <b>Si 7</b>           <b>mi m</b>
Su nombre es el Señor y pasa hambre,
                 <b>Si 7</b>           <b>mi m</b> <b>Mi</b>
y clama por la boca del hambriento,
<b>la m</b>                            <b>mi m</b>
y muchos que lo ven pasan de largo,
<b>Fa#</b>          <b>Si 7</b>
acaso por llegar temprano al templo.

<b>mi m</b>               <b>Si 7</b>           <b>mi m</b>
Su nombre es el Señor y sed soporta

y está en quién 
<b>Si 7</b>               <b>mi m</b> <b>Mi</b>
de justicia va sediento,
<b>la m</b>                           <b>mi m</b>
y muchos que lo ven pasan de largo
<b>Fa#</b>          <b>Si 7</b>
a veces ocupados en sus rezos.

