<b>Sol</b>       <b>La</b>  <b>do m</b>    <b>Sol</b>
Amarás al Señor, tu Dios,
            <b>La</b>  <b>do m</b>   <b>Sol</b> <b>Re</b>
con toda tu mente y fuerza,
<b>mi m</b>      <b>Do</b>      <b>Re</b> <b>Re 7</b> <b>Sol</b> <b>Do</b> <b>Sol</b>
con todo tu corazón.

               <b>Do</b>           <b>Re</b>
Fue el barro y polvo de los tiempos
  <b>Do</b>           <b>Re</b>           <b>Sol</b>  <b>Do</b>
quién turbó la mente de los hombres
<b>Sol</b>                     <b>Re</b> <b>si m</b> <b>Mi 7</b> <b>la m</b>
y el amor que Dios les exigiera
          <b>Si 7</b>           <b>mi m</b>
olvidaron dárselo a los pobres,
          <b>Re</b>            <b>Sol</b> <b>Re</b>
olvidaron dárselo a los pobres.
<strong>
         <b>Sol</b>     <b>Do</b>    <b>Re</b>  <b>Sol</b> <b>Do</b> <b>Sol</b>
Y el corazón no sintió el Amor.
   <b>Sol</b>          <b>Re# dim</b>  <b>mi m</b>
La mente se olvidó de amar,
          <b>Do</b>     <b>Re# dim</b>   <b>mi m</b>
y nuestra fuerza mató al Amor
  <b>si m</b>     <b>Do</b>    <b>la m</b>     <b>Re</b> <b>Sol</b> <b>Do</b> <b>Sol</b>
mató al Amor, mató al Amor.
</strong>
<b>Sol</b>            <b>La</b>   <b>do m</b>   <b>Sol</b>
Cuando ames al Dios que ves
                 <b>La</b>    <b>do m</b> <b>Sol</b>
presente en cada hermano,
<b>Re</b>  <b>mi m</b>    <b>Do</b>        <b>Re</b> <b>Re 7</b> <b>Sol</b> <b>Do</b> <b>Sol</b>
amarás al Dios que no ves.

            <b>Do</b>                  <b>Re</b>
Ese Dios a quien no echamos cuenta
<b>Do</b>           <b>Re</b>           <b>Sol</b> <b>Do</b>
quiso dar razón a su ser Dios
<b>Sol</b>                     <b>Re</b> <b>si m</b> <b>Mi 7</b> <b>la m</b>
la palabra sintió como nunca
           <b>Re</b>            <b>Sol</b> <b>Re</b>
la paternidad de aquel Amor.
<strong>
            <b>Sol</b>     <b>Do</b>  <b>Re</b>   <b>Sol</b> <b>Do</b> <b>Re</b>
Y a quienes sufren, felices llamó,
         <b>Sol</b>      <b>Re# dim</b>         <b>mi m</b>
y porque Dios renunció a su dignidad
        <b>Do</b>  <b>Re# dim</b>    <b>mi m</b>
al olvidado Bienaventuró
<b>si m</b>       <b>Do</b>   <b>la m</b>      <b>Re</b>
bienaventuró, bienaventuró.

Y el corazón no sintió el amor...

Y a quienes sufren, Felices llamó...
</strong>
