<b>Mi</b>                  <b>si m</b>
Confiaré, aunque me pierda 

en tus caminos,
            <b>Re 9</b>             <b>La</b>
aunque no encuentre mi destino, 
      <b>Mi</b>
confiaré.
                     <b>si m</b>
Confiaré, aunque no entienda 

tus palabras,
            <b>Re 9</b>        <b>La</b>
aunque me queme tu mirada, 
      <b>Mi</b>
confiaré.

<strong>
         <b>si m</b>  <b>Re 9</b>
Y te seguiré dudando 
  <b>La</b>           <b>Mi</b>
y andando a la vez
      <b>si m</b>     <b>Re 9</b>
y te amaré sin miedo 
      <b>La</b>        <b>Mi</b>
y temblando a la vez.
</strong>
                   <b>si m</b>
Confiaré aunque la muerte me persiga
       <b>Re 9</b>         <b>La</b>           <b>Mi</b>
y una locura sea mi vida, confiaré.

<strong>
         <b>si m</b>  <b>Re 9</b>
Y te seguiré dudando 
  <b>La</b>           <b>Mi</b>
y andando a la vez
      <b>si m</b>     <b>Re 9</b>
y te amaré sin miedo 
      <b>La</b>        <b>Mi</b>
y temblando a la vez.(**)
</strong>
