<b>Do</b>                   <b>Fa</b>
Suma tu carga a mi espalda
               <b>Do</b>
Que yo también cargo
<b>la m</b>                   <b>Fa</b>
Cuenta de más con mis manos
               <b>Do</b>
Que yo también tiro
  <b>la m</b>                 <b>Fa</b>
Y pon que a partir de ahora será
<b>Do</b>              <b>Sol</b>
de los dos un camino
  <b>la m</b>                <b>Fa</b>
Y yo tu muleta, tu abrigo,
                      <b>Do</b>
tu almohada y tus trastos
               <b>Sol</b>
los nuevos y antiguos

<b>Do</b>                <b>Fa</b>
Mira que ahora tu calma
                  <b>Do</b>
es también mi descanso.
<b>la m</b>                  <b>Fa</b>
Que si algo falta lo lleno yo
             <b>Do</b>
a golpe de abrazos
<b>la m</b>                 <b>Fa</b>
Porque a partir de ahora habrá
<b>Do</b>                <b>Sol</b>
barra libre de besos
   <b>la m</b>               <b>Fa</b>
Y apúntate todos los gestos
                 <b>Do</b>
Que hablen por nosotros
             <b>Sol</b>
Cuando nos callemos

<b>la m</b>                   <b>Fa</b>
Fue sin querer que te quiero
     <b>Do</b>                 <b>Sol</b>
Y ya ves, bendita casualidad
<b>la m</b>                         <b>Fa</b>
Que en tu farmacia encontré mi remedio
        <b>Do</b>
Y tu en mí lo que no enseña 
      <b>La</b>
nunca ningún colegio
<strong>
<b>Re</b>
Si pones tu la sal 
<b>si m</b>
y yo enciendo la luz
<b>Sol</b>                 <b>La</b>
tendrá sabor y vida nuestra casa.
<b>Re</b>
La sal dará el sabor, 
<b>si m</b>
la luz que alumbrará
<b>Sol</b>                 <b>La</b>
cada rincón de esta nueva casa.
<b>Re</b>
Si pones tu la sal 
<b>si m</b>
y yo enciendo la luz
<b>Sol</b>                    <b>La</b>
Que solo si es contigo me la juego
<b>Re</b>
La sal que da el sabor, 
<b>si m</b>
la luz para alumbrar
<b>Sol</b>               <b>La</b>             <b>Sol</b>
Que si es contigo me la juego yo,
<b>La</b>
Me la juego yo.
</strong>
<b>Re</b>
Sabes que cuando te apagas 
<b>Sol</b>            <b>Re</b>
solo yo te enciendo
<b>si m</b>               <b>Sol</b>
Que si me falta moral 
             <b>Re</b>
me subo a tu beso
  <b>si m</b>                  <b>Sol</b>
Y pon que a partir de ahora 
     <b>Re</b>            <b>La</b>
hará mucho menos frío
  <b>si m</b>                 <b>Sol</b>
Y pon que dejó de ser mío
             <b>Re</b>
Dejo de ser tuyo
           <b>La</b>
Y ahora es Nuestro.

<b>si m</b>                       <b>Sol</b>
Fue que sin querer que te quiero
       <b>Re</b>                 <b>La</b>
Y ya ves que cada días más
<b>si m</b>                        <b>Sol</b>
Que en mi farmacia tendrás tu remedio
        <b>Re</b>
Y yo en ti aprendí 
                   <b>Si</b>
a lo que no enseña ningún colegio.
<strong>
<b>Re</b>
Si pones tu la sal 
<b>si m</b>
y yo enciendo la luz
<b>Sol</b>                 <b>La</b>
tendrá sabor y vida nuestra casa.
<b>Re</b>
La sal dará el sabor, 
<b>si m</b>
la luz que alumbrará
<b>Sol</b>                 <b>La</b>
cada rincón de esta nueva casa.
<b>Re</b>
Si pones tu la sal 
<b>si m</b>
y yo enciendo la luz
<b>Sol</b>                    <b>La</b>
Que solo si es contigo me la juego
<b>Re</b>
La sal que da el sabor, 
<b>si m</b>
la luz para alumbrar
<b>Sol</b>               <b>La</b>             <b>Sol</b>
Que si es contigo me la juego yo,
<b>La</b>
Me la juego yo.
</strong>
