<b>A m</b>            <b>A m</b>
Antes de nada dejaremos claras
<b>E m</b>                      <b>A m</b>
Las página que nos importan
     <b>A m</b>
Las de libros abiertos 
   <b>A m</b>
de vidas cercanas
  <b>A m</b>                        <b>A m</b>
Paredes que por siempre callan
     <b>A m</b>               <b>G</b>
Y al resto del mundo deseo sincero
    <b>G</b>
De éxitos en la batalla
       <b>A m</b>
Que pensemos despacio
    <b>C</b>
Queramos deprisa
       <b>G</b>                   <b>A m</b>
Y caminemos con la frente alta

(comienza ritmo universal)

<b>A m</b>
Incluso en este justo momento 

en que nada ocurre
                                 <b>C</b>
Calma blanca, ropa de cama de hotel

Olores de vida plena
        <b>D m</b>          <b>F</b>
Sexo ligero, agua fresca
          <b>A m</b>
Zumo de fruta y café

<b>A m</b>
Incluso ahora que ya no hay miedo, 

que nada tiembla
                                   <b>C</b>
Sal de baño, brillo dorado en la piel

Y un beso sincero en la boca
<b>D m</b>                 <b>F</b>
Pies descalzos, arena virgen, 
      <b>A m</b>
copacabana y claqué

<b>A m</b>
Cine desierto, sol en la cara, 

latina ardiente, ron de caña
                    <b>C</b>
Domingo desde las tres

Terraza de vino y rosas
<b>D m</b>                   <b>F</b>
Soñar despierto, dormir contigo
          <b>A m</b>
Viajar despacio y volver
<strong>
            <b>F</b>                 <b>G</b>
Es un parpadeo, un rápido destello
            <b>A m</b>
Un rayo de sol que deja ciego
                 <b>F</b>
Cambia en un instante
                     <b>G</b>             <b>A m</b>
La forma en que los cuerpos toman aire

Y para el tiempo
</strong>
(<span id="reserved"></span> <b>G</b>  <b>A m</b>  <b>G</b>  <b>A m</b>  <b>D m</b>  <b>G</b>  <b>A m</b>  <b>G</b>  <b>A m</b> <span id="reserved"></span>)

<b>A m</b>
Así que atentos todos al cielo, 

calma, quietos, cojan aire, 
                     <b>C</b>
quizá nos toque correr

Que al menos quede el recuerdo
<b>D m</b>                          <b>F</b>
De aquel momento que fue perfecto
      <b>A m</b>
Copacabana y claqué

(<span id="reserved"></span> <b>A m</b>  <b>G</b>  <b>A m</b> <span id="reserved"></span>)
<strong>
            <b>F</b>                 <b>G</b>
Es un parpadeo, un rápido destello
            <b>A m</b>
Un rayo de sol que deja ciego
                 <b>F</b>
Cambia en un instante
                     <b>G</b>             <b>A m</b>
La forma en que los cuerpos toman aire.

Y para el tiempo.

           <b>D m</b>                <b>G</b>
Es un parpadeo, un rápido destello
            <b>A m</b>
Un rayo de sol que deja ciego
                 <b>F</b>
Cambia en un instante
                     <b>G</b>             <b>A m</b>
La forma en que los cuerpos toman aire.
</strong>
<span id=cejilla-original>6</span>
