    <b>la m</b>
Pisando el campo nevado
     <b>Mi</b>           <b>la m</b>
embargóme la alegría. (**)
   <b>Sol</b>            <b>Do</b>
Y es que lo nuevo te alegra 
          <b>Mi</b>         <b>la m</b>
porque lo viejo se olvida. (**)

<b>la m</b>               <b>Mi</b>
Nuevo beso a la esposa, 
                  <b>la m</b>
nueva tu mejor sonrisa,
<b>la m</b>                  <b>Mi</b>
nuevo el cariño a tu hijo 
                      <b>la m</b>
y el quehacer de cada día.
<strong>
<b>la m</b>           <b>Mi</b>
Cosas nuevas, vida nueva, 
            <b>la m</b>
nuevo amor, alma nueva.
<b>la m</b>           <b>Mi</b>
Cosas nuevas, vida nueva, 
            <b>la m</b>
nuevo amor, alma nueva.
</strong>
<b>la m</b>
Por ello, si cambias lo viejo 
       <b>Mi</b>           <b>la m</b>
por lo nuevo de los días. (**)
    <b>Sol</b>           <b>Do</b>
Son felices tus adentros, 
      <b>Mi</b>           <b>la m</b>
mucho más feliz tu vida.
    <b>Sol</b>           <b>Do</b>
Son felices tus adentros, 
      <b>Mi</b>           <b>la m</b>
mucho más feliz tu vida. (**)

<b>la m</b>               <b>Mi</b>
Nuevo beso a la esposa, 
                  <b>la m</b>
nueva tu mejor sonrisa,
<b>la m</b>                  <b>Mi</b>
nuevo el cariño a tu hijo 
                      <b>la m</b>
y el quehacer de cada día.

<b>la m</b>              <b>Mi</b>
Nuevo tú para llevar 
               <b>la m</b>
a otros la alegría,
<b>la m</b>                     <b>Mi</b>
porque con Dios todo es nuevo, 
              <b>la m</b>
nuevo nunca varía.
