<b>Sol</b>               <b>mi m</b>
Destellos en la oscuridad,
       <b>Do</b>               <b>Re</b>
cada pequeña semilla al amor
<b>mi m</b>        <b>Do</b>
como gotas en el mar,
             <b>la m</b>                <b>Re</b>
como a un hambriento un poco de pan.

<b>Sol</b>               <b>mi m</b>
Destellos en la oscuridad,
       <b>Do</b>                 <b>Re</b>
esa chispa que puede despertar
       <b>mi m</b>                 <b>Do</b>
a un pueblo sin fuerzas para luchar,
          <b>la m</b>                 <b>Re</b>
a esa esperanza que te hace soñar.

<b>Do</b>              <b>Re</b>
En las cosas pequeñas 
       <b>Sol</b>          <b>mi m</b>
puedes encontrar lo grande
<b>la m</b>            <b>Re</b>        <b>Sol</b>  <b>Sol 7</b>
no esperes a mañana para verlas.
      <b>Do</b>            <b>Re</b>
Solo el corazón te hará 
          <b>Sol</b>      <b>Sol 7</b>
ver lo importante:
<b>Do</b>               <b>Re</b>        <b>Sol</b>
la vida es un regalo de tu Dios,
         <b>Do</b>          <b>mi m</b>
que hay que vivir a fondo, 
    <b>Re</b>            <b>Sol</b> <b>Do</b> <b>mi m</b> <b>Re</b>
que hay que entregar.
<strong>
<b>Sol</b>              <b>Re</b>
Desde el corazón solo hay amor,
<b>Do</b>                    <b>Re</b>   <b>Sol</b>
desde el corazón solo hay amor.
</strong>
<b>Sol</b>                <b>mi m</b>
Destellos en la oscuridad,
       <b>Do</b>                 <b>Re</b>
unas manos que ofrecen perdón,
 <b>mi m</b>                    <b>Do</b>
cercanas a quien sufre más,
    <b>la m</b>                      <b>Re</b>
empujando a este mundo a cambiar.

<b>Sol</b>                <b>mi m</b>
Destellos en la oscuridad,
       <b>Do</b>             <b>Re</b>
cada gesto de fraternidad,
<b>mi m</b>                        <b>Re</b>
miradas que alejan la soledad,
    <b>la m</b>                      <b>Re</b>
empujando a este mundo a cambiar.

<b>Do</b>                    <b>Re</b>
Esto os servirá de señal, 
      <b>Sol</b>     <b>mi m</b>
un pequeño pañal,
<b>la m</b>            <b>Re</b>        <b>Sol</b> <b>Sol 7</b>
un niño en una cueva sin más.
<b>Do</b>                    <b>Re</b>
Esto os servirá de señal, 
      <b>Sol</b>              <b>mi m</b>
un hombre en el monte está
<b>Do</b>             <b>Re</b>                 <b>Sol</b>
colgado de un madero como un criminal,
    <b>Do</b>       <b>mi m</b>
por ti y por mí, 
    <b>Re</b>       <b>Sol</b> <b>Do</b> <b>mi m</b> <b>Re</b>
por ti y por mí.
