<b>Mi</b>                              <b>La</b>
Si pienso lo que quieres que yo haga,
        <b>Mi</b>
si tengo que hacer caso 
        <b>La</b>
a tus palabras,
           <b>fa# m</b>               <b>Si</b>
si quieres que te diga lo que pienso,
       <b>La</b>                  <b>Mi</b>
que es de locos, que es de locos.

<b>Mi</b>                            <b>La</b>
Si quieres que me quite las cadenas
          <b>Mi</b>                 <b>La</b>
que me hacen sentir seguro aquí abajo,
       <b>fa# m</b>                <b>Si</b>
es como si me vaciara las venas.
         <b>La</b>             <b>Mi</b>   <b>Mi 7</b>
Tú estás loco, tú estás loco.
<strong>
<b>La</b>           <b>Si</b>           <b>Mi</b>
Sólo te pido fuerzas para hacer
             <b>La</b>    <b>Si</b>          <b>Mi</b> <b>Mi 7</b>
de mi debilidad un férreo vendaval.
<b>La</b>               <b>Si</b>              <b>Mi</b>
Desde el convencimiento que tal vez
                <b>La</b>     <b>fa# m</b>      <b>La</b>
hoy todo puede ser de nuevo realidad,
    <b>Si</b>             <b>Mi</b>    <b>La</b> <b>la m</b>
que ya estás al llegar.
</strong>
<b>Mi</b>                            <b>La</b>
De todas formas sé que es necesario
      <b>Mi</b>                       <b>La</b>
andar contra corriente en esta tierra
          <b>fa# m</b>              <b>Si</b>
y que en el fondo merece la pena
      <b>La</b>          <b>Mi</b>
estar loco, estar loco.

<strong>
<b>La</b>           <b>Si</b>           <b>Mi</b>
Sólo te pido fuerzas para hacer
             <b>La</b>    <b>Si</b>          <b>Mi</b> <b>Mi 7</b>
de mi debilidad un férreo vendaval.
<b>La</b>               <b>Si</b>              <b>Mi</b>
Desde el convencimiento que tal vez
                <b>La</b>     <b>fa# m</b>      <b>La</b>
hoy todo puede ser de nuevo realidad,
    <b>Si</b>             <b>Mi</b>    <b>La</b> <b>la m</b>
que ya estás al llegar. (**)
</strong>

