<strong>
<span id="reserved">Intro:</span> <b>re m</b> <b>Do</b> <b>re m</b> <b>Do</b> <b>sol m</b> <b>Do</b> <b>La</b>

<b>re m</b>      <b>Fa</b>   <b>re m</b>  <b>Do</b>
Tú me sondeas y me conoces, 
<b>re m</b>      <b>Do</b>      <b>La</b>
soy creatura de tus manos, 
<b>re m</b>       <b>Do</b>  <b>re m</b>   <b>Do</b>
Tú me sondeas y me conoces 
<b>sol m</b>      <b>Do</b>      <b>re m</b>
porque habitas en mí. 
</strong>
<b>Sib</b>         <b>Do</b>          <b>re m</b>       <b>Sib</b>
Sabes si me siento o me pongo en pie, 
       <b>Do</b>                    <b>Fa</b>
desde lejos conoces mi pensamiento, 
   <b>La</b>                      <b>re m</b>
adviertes si camino o si descanso, 
<b>Sib</b>              <b>Fa</b>           <b>Do</b>
todas mis sendas las trazaste tú. 

<b>sol m</b>          <b>La</b>      <b>re m</b>
Antes de que hable mi boca, 
<b>Do</b>            <b>Fa</b>
tú acoges mi palabra, 
      <b>La</b>
me envuelves por detrás 
        <b>re m</b>
y por delante,
     <b>sol m</b>      <b>La</b>
tu abrazo me sostiene.
<strong>
Tú me sondeas y me conoces... 
</strong>
   <b>Sib</b>             <b>Do</b>
Si subo hasta los cielos,
<b>re m</b>        <b>Sib</b>
allí estás tú, 
         <b>Do</b>
si me acuesto en el abismo, 
            <b>Fa</b>
allí te encuentro, 
<b>La</b>                <b>re m</b>
aunque volara hasta el confín del mar
<b>Sib</b>           <b>Fa</b>          <b>Do</b>
al final te encontraría a ti. 

<b>sol m</b>   <b>La</b>        <b>re m</b>
Si me escondo en la tiniebla 
<b>Do</b>                         <b>Fa</b>
tus ojos me divisan en mi noche, 
    <b>La</b>                    <b>re m</b>
¿a dónde podré ir sin tu presencia? 
     <b>sol m</b>               <b>La</b>
¿por qué escapar de tu mirada? 
<strong>
Tú me sondeas y me conoces... 
</strong>
     <b>Sib</b>       <b>Do</b>    <b>re m</b>      <b>Sib</b>
Tus manos modelaron todo mi ser, 
       <b>Do</b>
me tejieron en el vientre
      <b>Fa</b>
de mi madre, 
   <b>La</b>                    <b>re m</b>
creaste cada parte de mi cuerpo, 
<b>Sib</b>          <b>Fa</b>           <b>Do</b>
mis entrañas las formaste Tú. 

<b>sol m</b>  <b>La</b>         <b>re m</b>
Tu saber es desbordante 
     <b>Do</b>            <b>Fa</b>
me sobrecoge tu Misterio, 
   <b>La</b>                   <b>re m</b>
mi ser entero canta agradecido 
<b>sol m</b>        <b>La</b>
ante su Creador. 
<strong>
Tú me sondeas y me conoces... 
</strong>
