<span id="reserved">Intro:</span> <b>Re</b> <b>La</b> (<span id="reserved">**</span>)

<b>La</b>                 <b>Re</b>
Habrá tierra que sembrar,
<b>La</b>                 <b>Re</b>
habrá mies que recoger.
<b>La</b>                  <b>Re</b>
Por muchos años que pasen
         <b>La</b>  <b>Mi</b>     <b>fa# m</b>
no cambiará nuestra fe.
<b>Re</b>                    <b>La</b>
La vida es de los que luchan
<b>Re</b>                  <b>La</b>
por su propio yo vencer.

                   <b>Re</b>
Habrá peces que pescar
<b>La</b>             <b>Re</b>
y manos para faenar;
<b>La</b>                 <b>Re</b>
no importará la tormenta,
     <b>La</b>        <b>Mi</b>   <b>fa# m</b>
pues Cristo la calmará.
<b>Re</b>               <b>La</b>
Seguiremos en la lucha
<b>Re</b>                 <b>La</b>     <b>Re</b> <b>La</b>
por un mundo de hermandad.
<strong>
<b>La</b>
Cristo nace cada día
      <b>Re</b>         <b>Mi</b>      <b>La</b>
en la cara del obrero cansado,
      <b>Re</b>            <b>Mi</b>
en el rostro de los niños
    <b>La</b>     <b>fa# m</b>
que ríen jugando,
          <b>Re</b>          <b>Mi</b>       <b>La</b>
en cada anciano que tenemos al lado.

Cristo nace cada día,
      <b>Re</b>           <b>Mi</b>      <b>La</b>
y por mucho que queramos matarlo,
    <b>Re</b>           <b>Mi</b>     <b>La</b>      <b>fa# m</b>
nacerá día tras día, minuto a minuto
        <b>Re</b>         <b>Mi</b>         <b>La</b>
en cada hombre que quiera aceptarlo.
</strong>
                     <b>Re</b>
Hay mucha tierra sembrada,
<b>La</b>                  <b>Re</b>
el tiempo traerá su fruto,
<b>La</b>                   <b>Re</b>
ya vendrá quien lo recoja;
     <b>La</b>     <b>Mi</b>   <b>fa# m</b>
de momento, trabajemos
<b>Re</b>                  <b>La</b>
y si el mundo se acobarda
<b>Re</b>              <b>La</b>
nosotros no callaremos.
<strong>
<b>La</b>
Cristo nace cada día
      <b>Re</b>         <b>Mi</b>      <b>La</b>
en la cara del obrero cansado,
      <b>Re</b>            <b>Mi</b>
en el rostro de los niños
    <b>La</b>     <b>fa# m</b>
que ríen jugando,
          <b>Re</b>          <b>Mi</b>       <b>La</b>
en cada anciano que tenemos al lado.

Cristo nace cada día,
      <b>Re</b>           <b>Mi</b>      <b>La</b>
y por mucho que queramos matarlo,
    <b>Re</b>           <b>Mi</b>     <b>La</b>      <b>fa# m</b>
nacerá día tras día, minuto a minuto
        <b>Re</b>         <b>Mi</b>         <b>La</b>
en cada hombre que quiera aceptarlo.
</strong>
