<b>Re</b>             <b>mi m</b>
Vale la pena dejarse llevar,
<b>fa# m</b>           <b>Sol</b>
vale la pena dejarse quemar,
<b>Re</b>               <b>La</b>
vale la pena volver a empezar 
    <b>Sol</b>     <b>La</b>
por Cristo.

<b>Re</b>                  <b>mi m</b>
Aún queda tiempo para regalar,
<b>fa# m</b>                <b>Sol</b>
aún quedan fuerzas para trabajar,
<b>Re</b>                 <b>La</b>         <b>Sol</b>   <b>La</b>
aún queda gente hambrienta de Cristo.
<strong>
<b>Re</b>              <b>mi m</b>
No vamos solos, aún somos más,
      <b>fa# m</b>
somos miles de antorchas 
     <b>Sol</b>
y un sol de verdad.
<b>Re</b>               <b>mi m</b>
Arde la tierra y grita el mar
    <b>fa# m</b>          <b>Sol</b>  <b>La</b>
que Cristo vivo está.

<b>Re</b>      <b>La</b>
Cristo, luz de los 
<b>si m</b>           <b>Sol</b>
pueblos de la tierra.
          <b>Re</b>
Cristo es sal 
       <b>Sol</b>         <b>La</b>
de una nueva humanidad. (**)
</strong>
<b>Re</b>                    <b>mi m</b>
Deja los rollos que te hacen dudar,
<b>fa# m</b>                  <b>Sol</b>
tantas historias que te hacen pasar.
<b>Re</b>                <b>La</b>
Deja los miedos y lánzate ya 
    <b>Sol</b>     <b>La</b>
por Cristo.
<strong>
<b>Re</b>              <b>mi m</b>
No vamos solos, aún somos más,
      <b>fa# m</b>
somos miles de antorchas 
     <b>Sol</b>
y un sol de verdad.
<b>Re</b>               <b>mi m</b>
Arde la tierra y grita el mar
    <b>fa# m</b>          <b>Sol</b>  <b>La</b>
que Cristo vivo está.

<b>Re</b>      <b>La</b>
Cristo, luz de los 
<b>si m</b>           <b>Sol</b>
pueblos de la tierra.
          <b>Re</b>
Cristo es sal 
       <b>Sol</b>         <b>La</b>
de una nueva humanidad. (**)
<b>Fa#</b>       <b>si m</b>
Cristo vive 
       <b>Sol</b>            <b>Re</b>
en las calles, las ciudades,
      <b>Sol</b>              <b>Re</b>
en los montes y en los valles,
   <b>Do</b>       <b>La</b>
en cada corazón (**)
<b>Re</b>      <b>La</b>
Cristo, luz de los 
<b>si m</b>           <b>Sol</b>
pueblos de la tierra.
          <b>Re</b>
Cristo es sal 
       <b>Sol</b>         <b>La</b>
de una nueva humanidad. (**)
         <b>Sol</b>      <b>La</b>  <b>Re</b>
… de una nueva humanidad.
</strong>
