<b>la m</b>
Cuando despertó yo ya no estaba
                           <b>mi m</b>
Marché sin haber salido el sol
<b>la m</b>
Cansado de ver su cara rara
                         <b>mi m</b>
Salimo' perdiéndono' los dos.

                   <b>re m</b>
Y mira que me lo dijeron
       <b>Sol</b>
"Esa carita hará que pienses más 
               <b>Fa</b>
en ella que en ti"
        <b>la m</b>
Y yo la puedo querer, 
                       <b>Fa</b>
pero no puedo darle mi vida
    <b>Sol</b>        <b>Fa</b>
Mis sueños, mi ser
         <b>Mi 7</b>
¿Y dónde quedo yo?
<strong>
        <b>la m</b>
Tú dime cuánto hace 
                            <b>Sol</b>
que no nos entendemos, dime cuánto
        <b>Fa</b>
Tú dime cuánto hace  
                        <b>Mi 7</b>
que no nos miramos nada bien
        <b>la m</b>
Tú dime cuánto hace  
                            <b>Sol</b>
que no nos entendemos, dime cuánto
        <b>Fa</b>
Tú dime cuánto hace  
                        <b>Mi 7</b>
que no nos miramos nada bien
</strong>
<b>la m</b>
Cuando desperté ella ya no estaba
                          <b>mi m</b>
La luna es testigo de sus pasos
   <b>la m</b>
La he podido ver por la ventana
                           <b>mi m</b>
Cómo estaba huyendo de mis brazos.

                   <b>re m</b>
Y mira que me lo dijeron
       <b>Sol</b>
"Esa carita hará que pienses más 
               <b>Fa</b>
en ella que en ti"
        <b>la m</b>
Y yo la puedo querer, 
                       <b>Fa</b>
pero no puedo darle mi vida
    <b>Sol</b>        <b>Fa</b>
Mis sueños, mi ser
         <b>Mi 7</b>
¿Y dónde quedo yo?
<strong>
        <b>la m</b>
Tú dime cuánto hace 
                            <b>Sol</b>
que no nos entendemos, dime cuánto
        <b>Fa</b>
Tú dime cuánto hace  
                        <b>Mi 7</b>
que no nos miramos nada bien
        <b>la m</b>
Tú dime cuánto hace  
                            <b>Sol</b>
que no nos entendemos, dime cuánto
        <b>Fa</b>
Tú dime cuánto hace  
                        <b>Mi 7</b>
que no nos miramos nada bien
</strong>
<b>la m</b>                          <b>Sol</b>
Siento que somos libre' de repente
                       <b>Fa</b>
Que ya ha pasado ese momento
                         <b>Mi 7</b>
Que a todo le llega a su muerte
                        <b>la m</b>
Igual que se muere el talento
                      <b>Sol</b>
Igual que se muere la gente
                      <b>Fa</b>
Igual que se murió lo nuestro
                 <b>Mi 7</b>
Morirá todo lo siguiente

<b>la m</b>                          <b>Sol</b>
Siento que somos libre' de repente
                       <b>Fa</b>
Que ya ha pasado ese momento
                         <b>Mi 7</b>
Que a todo le llega a su muerte
                        <b>la m</b>
Igual que se muere el talento
                      <b>Sol</b>
Igual que se muere la gente
                      <b>Fa</b>
Igual que se murió lo nuestro
                 <b>Mi 7</b>
Morirá todo lo siguiente

<b>la m</b>                          <b>Sol</b>
Siento que somos libre' de repente
                       <b>Fa</b>
Que ya ha pasado ese momento
                         <b>Mi 7</b>
Que a todo le llega a su muerte
                        <b>la m</b>
Igual que se muere el talento
                      <b>Sol</b>
Igual que se muere la gente
                      <b>Fa</b>
Igual que se murió lo nuestro
                 <b>Mi 7</b>
Morirá todo lo siguiente

<b>la m</b>                          <b>Sol</b>
Siento que somos libre' de repente
                       <b>Fa</b>
Que ya ha pasado ese momento
                         <b>Mi 7</b>
Que a todo le llega a su muerte
                        <b>la m</b>
Igual que se muere el talento
                      <b>Sol</b>
Igual que se muere la gente
                      <b>Fa</b>
Igual que se murió lo nuestro
                 <b>Mi 7</b>
Morirá todo lo siguiente.
<span id=cejilla-original>3</span>
