<b>Do</b>
El aire que me alienta
    <b>mi</b>
el agua que da vida
<b>Fa</b>                   <b>re m</b>
el mundo en el que habito
<b>Sol</b>
con todo su color.
<b>Do</b>
Criaturas, continentes,
 <b>mi m</b>
la tierra florecida
<b>Fa</b>                 <b>re m</b>
la luna y las estrellas
<b>Sol</b>
la luz que nos da el sol

<b>Fa</b>              <b>Do</b>
Son obra de tus manos,
<b>Fa</b>               <b>Do</b>
son frutos de tu amor
<b>Fa</b>                 <b>re m</b>
que impulsan los latidos
        <b>Sol</b>
de tu inmenso corazón
<b>Fa</b>             <b>Do</b>
Tú nos has confiado
<b>Fa</b>               <b>Do</b>
la armonía de la creación
<b>Fa</b>              <b>re m</b>
cantemos dando gracias 
    <b>Sol</b>
por tan hermoso don
       <b>la m</b>          <b>re m</b>
cuidémosla con mimo loado mi señor
<b>Fa</b>            <b>Do</b>
cuidemos tu regalo
<b>Sib</b>             <b>Sol</b>
cuidemos tu creación

<b>Re</b>
El aire que me alienta
   <b>Fa# m</b>
el agua que da vida
<b>Sol</b>                 <b>mi m</b>
el mundo en el que habito
<b>La</b>
con todo su color.
<b>Re</b>
Criaturas, continentes,
   <b>Fa# m</b>
la tierra florecida
<b>Sol</b>                 <b>mi m</b>
la luna y las estrellas
<b>La</b>
la luz que nos da el sol
<span id="cejilla-original">2</span>
