<b>la m</b>
Lo reconozco. 
               <b>Fa</b>
A veces de mis faltas 
                 <b>Sol</b>
te hago firme culpable 
              <b>la m</b>   <b>Sol</b>
para sentirme más ligero. 
  <b>la m</b>                    <b>Fa</b>
Y justo en el centro del pecho,
               <b>Sol</b>
clavo un puñal de olvido 
                  <b>la m</b>
y te odio por completo. 
         <b>Sol</b>       <b>la m</b>
Cuerpo, alma y corazón. 
                    <b>Fa</b>
Quito los ojos de tu imagen, 
                  <b>Sol</b>
me aparto de las luces 
                    <b>la m</b>
y me esfuerzo en borrarte. 
                       <b>Fa</b>
Y busco esconderme de todo,  
             <b>Sol</b>
que te tapen las nubes,  
               <b>la m</b>      <b>Sol</b>
que no me roce tu aire. 
<strong>
             <b>la m</b>   <b>Fa</b>
Y es que hay veces 
               <b>la m</b>
en que me vuelvo piedra, 
               <b>Fa</b>  <b>Sol</b>
y que me tiro al río 
                  <b>la m</b>
y que no soy consciente 

que me estoy ahogando 
   <b>Fa</b> <b>Sol</b>            <b>la m</b>
y luego me vuelve la cordura 
               <b>Fa</b>
y solo eres culpable 
      <b>Sol</b>       <b>la m</b>
de quererme tanto.
</strong>
        <b>la m</b>
En ocasiones, te cambio
              <b>Fa</b>
por cualquier cosa
                  <b>Sol</b>
prefiero mirar al suelo, 
                  <b>la m</b>          <b>Sol</b>
prefiero quedarme lejos de tu ser, 
         <b>la m</b>
de tu bondad. 
                         <b>Fa</b>
Muero, me arriesgo a ser tentado, 
                 <b>Sol</b>
a que me coma la vida, 
                 <b>la m</b>   <b>Sol</b>
me niego a resucitar.
