<b>Do</b>            <b>Sol</b>
Omnipotente, Altísimo, 
      <b>la m</b>   <b>mi m</b>
Bondadoso Señor,
<b>Fa</b>              <b>Do</b>
tuyas son la alabanza, 
   <b>Re</b>            <b>Sol</b>
la gloria y el honor.
    <b>Do</b>           <b>Sol</b>
Tan sólo Tú eres digno 
   <b>la m</b>        <b>mi m</b>
de toda bendición
  <b>Fa</b>                <b>Do</b>
y nunca es digno el hombre
     <b>Re</b>     <b>Sol</b>    <b>Do</b>
de hacer de Ti mención.
<strong>
      <b>Fa</b>        <b>Do</b>
Loado seas mi Señor
    <b>Fa</b>        <b>Do</b>
por toda criatura
    <b>Re</b>         <b>Sol</b>
por el hermano Sol,
  <b>Do</b>  <b>Fa</b>        <b>Do</b>
loado seas mi Señor,
    <b>Fa</b>                <b>Do</b>
que alumbra y abre el día
     <b>Re</b>       <b>Sol</b>      <b>Do</b>
y es bello en su esplendor
</strong>
                 <b>Sol</b>
Y por la hermana Luna
   <b>la m</b>        <b>mi m</b>
de blanca luz menor,
  <b>Fa</b>            <b>Do</b>
y las estrellas claras 
    <b>Re</b>         <b>Sol</b>
que tu poder creó
    <b>Do</b>              <b>Sol</b>
tan limpias, tan hermosas
    <b>la m</b>        <b>mi m</b>
tan vivas como son
  <b>Fa</b>            <b>Do</b>
y brillan en los cielos
  <b>Re</b>  <b>Sol</b>  <b>Do</b>
Loado mi Señor

                 <b>Sol</b>
Y por la hermana agua 
    <b>la m</b>           <b>mi m</b>
preciosa en su candor,
       <b>Fa</b>             <b>Do</b>
que es útil, casta, humilde: 
  <b>Re</b>       <b>Sol</b>
Loado mi Señor
      <b>Do</b>         <b>Sol</b>
Y por el hermano fuego
     <b>la m</b>               <b>mi m</b>
que alumbra al irse el sol
     <b>Fa</b>                <b>Do</b>
y es fuerte, hermoso, alegre:
  <b>Re</b>  <b>Sol</b>  <b>Do</b>
Loado mi Señor.

                 <b>Sol</b>
Y por la hermana Tierra
       <b>la m</b>       <b>mi m</b>
que es toda bendición,
     <b>Fa</b>          <b>Do</b>
la hermana madre tierra
    <b>Re</b>            <b>Sol</b>
que da en toda ocasión
    <b>Do</b>            <b>Sol</b>
las hierbas y los frutos 
  <b>la m</b>         <b>mi m</b>
y flores de color
  <b>Fa</b>             <b>Do</b>
Y nos sustenta y rige: 
  <b>Re</b>  <b>Sol</b>   <b>Do</b>
Loado mi Señor.

                 <b>Sol</b>
Y por los que perdonan
   <b>la m</b>             <b>mi m</b>
y aguantan por tu amor
    <b>Fa</b>         <b>Do</b>
los males corporales 
  <b>Re</b>         <b>Sol</b>
y la tribulación,
   <b>Do</b>           <b>Sol</b>
felices los que sufren 
   <b>la m</b>          <b>mi m</b>
en paz con el dolor
   <b>Fa</b>
porque les llega
   <b>Do</b>        <b>Re</b>   <b>Sol</b>  <b>Do</b>
el tiempo de la coronación.

                 <b>Sol</b>
Y por la hermana muerte:
<b>la m</b>        <b>mi m</b>
Loado mi Señor.
   <b>Fa</b>             <b>Do</b>
ningún viviente escapa 
   <b>Re</b>         <b>Sol</b>
de su persecución;
     <b>Do</b>           <b>Sol</b>
¡Ay! si en pecado grave
   <b>la m</b>           <b>mi m</b>
sorprende al pecador.
  <b>Fa</b>             <b>Do</b>
Dichosos los que cumplen 
   <b>Re</b>   <b>Sol</b>    <b>Do</b>
la voluntad de Dios.

               <b>Sol</b>
No probarán la muerte 
   <b>la m</b>        <b>mi m</b>
de la condenación.
   <b>Fa</b>           <b>Do</b>
Servidle con ternura 
    <b>Re</b>        <b>Sol</b>
y humilde corazón,
  <b>Do</b>          <b>Sol</b>
agradeced sus dones, 
   <b>la m</b>         <b>mi m</b>
cantad su creación,
    <b>Fa</b>        <b>Do</b>
las criaturas todas:
  <b>Re</b>   <b>Sol</b>  <b>Do</b>
Load a mi Señor.
