<b>la m</b>
Es posible
                      <b>Do</b>
que no sea feliz en Dios,

por no ser manso, 
            <b>Sol</b>
o estar hambriento,
      <b>La</b>          <b>re m</b> <b>Mi 7</b>
ni limpio de corazón.

      <b>la m</b>
Es posible
                    <b>Do</b>
que no pueda ver a Dios,
                     <b>Sol</b>
por no ser misericordioso
         <b>La</b>         <b>re m</b>
ni de la paz sembrador.

<b>Do</b>   <b>Fa</b>
Es posible
                         <b>mi m7</b>
que no alcance a ser de Dios,
          <b>La 7</b>            <b>re m</b>
por no haber vivido y llorar
                  <b>La#</b>
de los otros su dolor.

     <b>la m</b>
Es posible
                       <b>Sol</b>
que jamás yo llegue a Dios
                         <b>Fa</b>
por no llevarlo en mis entrañas
<b>re m</b>              <b>Sol</b> <b>Mi 7</b>
como María lo llevó.

     <b>la m</b>         <b>Fa 7</b>
Pero verlo sí podré
<b>re m</b>              <b>Sol</b>
si su Palabra de Vida
<b>Fa</b>      <b>Sol</b>  <b>Mi 7</b>      <b>la m</b> <b>Sol</b> <b>Fa</b>
con los hombres practiqué
	   rem             Sol solm
o recordando al buen ladrón.
         <b>Do</b>        <b>Fa</b> <b>Do</b>
Me fío a ciegas de Él.

<b>mi m</b>  <b>la m7</b>  <b>Sol</b>  <b>Fa</b>  <b>Sol</b>
