<b>la m</b>              <b>Mi</b>
Caminaré en tu presencia 
<b>Fa</b>    <b>Mi</b>            <b>la m</b>
en la tierra de los vivos.
                     <b>Mi</b>
Soy feliz aún cuando digo 
<b>Mi</b>             <b>la m</b>
qué desdichado soy.
                  <b>Mi</b>
En lo hondo de mi alma 
<b>re m</b>       <b>Mi</b>         <b>la m</b>  <b>Sol</b>
te siento fundido en mi.
          <b>Do</b> <b>Sol</b>     <b>Do</b>
Tú me has dado mil razones 
<b>re m</b>            <b>Mi</b>
para sentirme así.
<strong>
<b>re m</b>              <b>Sol</b>
¿Cómo te podré pagar?
 <b>Do</b>     <b>Sol /</b><b>Si</b>     <b>la m</b>
¿Cómo te podré pagar?
               <b>re m</b>
¿Cómo te podré pagar 
      <b>Mi</b>                  <b>la m</b>
tanto bien como me has hecho? (**)
</strong>
                         <b>re m</b>
Viviré cuanto me has dicho, 
      <b>Mi</b>          <b>la m</b>
sí, delante de tu pueblo.
                  <b>re m</b>
Tú soltaste mis cadenas.
      <b>Fa</b> <b>Mi</b>         <b>la m</b>
Ay Yahvé, yo soy tu siervo.
               <b>Mi</b>
Tu siervo para servir 
<b>re m</b>     <b>Mi</b>           <b>la m</b>     <b>Sol</b>
allá donde exista un hombre.
         <b>Do</b> <b>Sol</b>     <b>Do</b>
Me ofreceré en sacrificio 
   <b>re m</b>            <b>Mi</b>
y a todos diré tu nombre.
<strong>
<b>re m</b>                <b>Sol</b>
Un hambre tiene mi vida:
<b>Do</b>                 <b>la m</b>
pagarte cuánto te debo.
               <b>re m</b>
Viviré para cantar 
     <b>Mi</b>                   <b>la m</b> <b>La</b>
tanto bien como me has hecho.
<b>re m</b>               <b>Sol</b>
Nunca yo me sentí digno 
      <b>Do</b>         <b>Sol /</b><b>Si</b>     <b>la m</b>
de hacer cuanto siempre he hecho.
                        <b>Mi</b>
Lo hago porque estás en mí, 
   <b>Fa</b>         <b>Mi</b>        <b>la m</b>
Tú sabes que así lo siento.
<b>re m</b>            <b>Sol</b>
Tú me diste la vida 
   <b>Do</b>    <b>Sol /</b><b>Si</b>      <b>la m</b>
y ahora te la devuelvo.
               <b>re m</b>
Viviré para cantar
      <b>Mi</b>               <b>la m</b>   <b>La</b>
tanto bien como me has hecho.

<b>re m</b>              <b>Sol</b>
¿Cómo te podré pagar?
 <b>Do</b>     <b>Sol /</b><b>Si</b>     <b>la m</b>
¿Cómo te podré pagar?
               <b>re m</b>
¿Cómo te podré pagar 
      <b>Mi</b>                  <b>la m</b>
tanto bien como me has hecho? (**)
</strong>
