<strong>
<b>la m</b> <b>re m</b>   <b>la m</b>
Dame de beber 
<b>re m</b>       <b>la m</b> <b>Do</b>
del agua viva,  
<b>re m</b>      <b>Mi 7</b> <b>la m</b> <b>Mi</b>
del agua viva. (**)
</strong>
<b>la m</b>        <b>Do</b>      <b>re m</b>
De esa que dice la gente 
     <b>Fa</b>       <b>Mi 7</b>
que cuando la bebes 
              <b>la m</b>
no tienes más sed. 
<b>la m</b>         <b>Do</b>        <b>re m</b>
De esa que te abre la mente,  
      <b>Fa</b>         <b>Mi 7</b>
que te hace más fuerte  
           <b>la m</b>
y empuja tus pies.

<b>la m</b>        <b>Do</b>       <b>re m</b>
Agua que nace en la fuente  
   <b>Fa</b>        <b>Mi 7</b>
de vidas, de gente,  
           <b>la m</b>
de almas y paz. 
<b>la m</b>      <b>Do</b>      <b>re m</b>
Agua que nace de risas, 
    <b>Fa</b>      <b>Mi 7</b>
de manos sencillas,  
             <b>la m</b>
de vino y de pan. 
