<b>La</b>
Dame de tu pan,
        <b>Mi</b>  <b>fa# m</b>
dame de beber,
    <b>Re</b>                 <b>La /</b><b>Do#</b>
que ando sediento y hambriento de ti,
   <b>si m</b>                <b>Mi</b>
no hay nada que sacie mi sed.
<strong>
(<b>Do#</b>)      <b>fa# m</b>
Dame de tu pan,
<b>Mi</b>   <b>Si</b>
dame de beber,
    <b>Re</b>                  <b>La /</b><b>Do#</b>  <b>si m</b>
que solo tu cuerpo y tu sangre
       <b>Mi</b>
avivan mi fe.
</strong>
(<b>Do#</b>)      <b>fa# m</b>
Dame de tu pan,
<b>Mi</b>      <b>Si</b>
dame de beber,
    <b>Re</b>                  <b>La /</b><b>Do#</b>
que yo aliviaré a mis hermanos
    <b>si m</b>      <b>Mi</b>
con hambre y con sed.

<strong>
          <b>fa# m</b>
Dame de tu pan,
<b>Mi</b>   <b>La</b>
dame de beber,
    <b>Re</b>      <b>La /</b><b>Do#</b>      <b>si m</b>
que solo tu cuerpo y tu sangre
 <b>Mi</b>       <b>La</b>
avivan mi fe.
</strong>
