<b>Re</b>        <b>La</b>                   <b>Re</b>
Mi Señor, de mis enemigos líbrame
   <b>La</b>
en Ti me refugio
  <b>Sol</b>         <b>mi m</b>          <b>La</b>
enséñame a cumplir tu voluntad
<b>mi m</b>               <b>La</b>        <b>La 7</b>
porque Tú eres mi Dios, ¡mi Dios!
     <b>mi m</b>                   <b>Re</b>
tu Espíritu que es bueno me guíe
<b>mi m</b>  <b>La</b>         <b>Re</b>
por una tierra llana.
<strong>
<b>Re</b>        <b>La</b>
Dame vida, dame la Vida
<b>Sol</b>     <b>mi m</b>       <b>La</b>
Dame tu Vida, ¡mi Dios! (**)
</strong>
     <b>Re</b>
Mi Señor, 
<b>La</b>                      <b>Re</b>
siente cómo me falta el aliento
      <b>La</b>
no escondas tu rostro, 
      <b>Sol</b>       <b>mi m</b>        <b>La</b>
si lo alejas de mí me moriría
<b>mi m</b>                    <b>La</b>       <b>La 7</b>
haz que sienta en la mañana tu Amor
  <b>mi m</b>                   <b>Re</b>     <b>mi m</b>
enséñame el camino a seguir
  <b>La</b>            <b>Re</b>
a Ti levanto mi alma.
<strong>
                    <b>La</b>
Enséñame tu tierra, guíame a tu tierra
<b>Sol</b>           <b>mi m</b>        <b>La</b>
¡llévame a tu tierra, Señor!

<b>Re</b>        <b>La</b>
Dame vida, dame la Vida
<b>Sol</b>     <b>mi m</b>       <b>La</b>
Dame tu Vida, ¡mi Dios! (**)
</strong>
