<strong>
<b>si m</b>   <b>Fa#</b>    <b>si m</b> <b>Sol</b>    <b>La</b>     <b>Re</b>
Danos un corazón grande para amar
<b>si m</b>   <b>Fa#</b>    <b>si m</b> <b>La</b>             <b>si m</b>
Danos un corazón fuerte para luchar.
</strong>
<b>si m</b>     <b>Sol</b>
Hombres nuevos, 
     <b>La</b>           <b>Re</b>
creadores de la historia,
        <b>Sol</b>      <b>La</b>           <b>Re</b>
constructores de nueva humanidad.
<b>si m</b>     <b>Sol</b>
Hombres nuevos 
    <b>La</b>          <b>si m</b>
que viven la existencia,
     <b>Sol</b>          <b>mi m</b>        <b>Fa#</b>
como riesgo de un largo caminar.

<b>si m</b>     <b>Sol</b>         <b>La</b>            <b>Re</b>
Hombres nuevos luchando en esperanza,
       <b>Sol</b>       <b>La</b>           <b>Re</b>
caminantes sedientos de Verdad.
<b>si m</b>     <b>Sol</b>         <b>La</b>             <b>si m</b>
Hombres nuevos, sin frenos ni cadenas,
    <b>si m</b>           <b>mi m</b>        <b>Fa#</b>
hombres libres, que exigen libertad.

<b>si m</b>     <b>Sol</b>        <b>La</b>            <b>Re</b>
Hombres nuevos amando sin fronteras,
        <b>Sol</b>      <b>La</b>          <b>Re</b>
por encima de razas y lugar.
<b>si m</b>     <b>Sol</b>          <b>La</b>           <b>si m</b>
Hombres nuevos al lado de los pobres,
      <b>Sol</b>        <b>mi m</b>        <b>Fa#</b>
compartiendo con ellos techo y pan.

