<b>La</b>
Miro a la cruz y allí te encuentro  
       <b>fa# m7</b>     <b>La /</b><b>Sol#</b>
entre llagas, Señor.  
<b>La</b>
Miro en mi adentro  
    <b>La /</b><b>Sol#</b>
y allí te encuentro.  
        <b>fa# m7</b>   <b>La /</b><b>Sol#</b>
Soy tu morada, Señor.  
<b>Re</b>                  <b>Mi</b>
Asombrado en tu bondad,  
<b>Re</b>              <b>Sol maj7</b>
tu pobreza y humildad,  
            <b>si m7</b> <b>Re /</b><b>Mi</b>    <b>La</b>
me hago espaldas de tu amor.  
<strong>
<b>La</b>
Me entrego libremente.  
    <b>Re</b>       <b>La</b>
Me doy totalmente.  
      <b>si m7</b>   <b>Mi</b>     <b>La</b>  <b>fa# m7</b>
Me entrego a Ti, me doy a Ti,  
<b>Re</b>             <b>Mi</b>     <b>La</b>      <b>La 7</b>
Me entrego del todo a ti, mi Dios.  
      <b>si m7</b>   <b>Mi</b>      <b>La</b>  <b>fa# m7</b>
Me entrego a Ti, me doy a Ti,  
       <b>si m7</b>  <b>Mi</b>      <b>La</b>
Me entrego a Ti, Señor. 
</strong>
<b>La</b>
Miro entre pucheros 
 <b>La /</b><b>Sol#</b>
y allí te encuentro.  
          <b>fa# m7</b>          <b>La /</b><b>Sol#</b>
Tú me acompañas siempre, Señor.  
<b>La</b>
Miro en todas partes  
   <b>La /</b><b>Sol#</b>
y allí te encuentro.  
           <b>fa# m7</b>        <b>La /</b><b>Sol#</b>
Tú eres la fuente de mi amor;  
<b>Re</b>                <b>Mi</b>
y andar en tu verdad,  
<b>Re</b>             <b>Sol maj7</b>
caminar en humildad,  
             <b>si m7</b>     <b>Re /</b><b>Mi</b>   <b>La</b>
tratar de amistad contigo, Señor.
<strong>
Me entrego...
</strong>
