<b>Mi</b>
Desaprender la guerra, 
        <b>do# m</b>
realimentar la risa, 
       <b>fa# m</b>
deshilachar los miedos, 
            <b>Si</b>
curarse las heridas. 
          <b>Mi</b>
Difuminar fronteras,
           <b>do# m</b>
rehuir de la codicia, 
     <b>fa# m</b>          <b>La</b>
anteponer lo ajeno,
          <b>Si</b>
negarse a las consignas. 
<strong>
        <b>Mi</b>
Desconvocar el odio,
      <b>do# m</b>
desestimar la ira, 
        <b>fa# m</b>
rehusar usar la fuerza, 
         <b>Si</b>
rodearse de caricias. 
        <b>Mi</b>
Reabrir todas las puertas, 
       <b>do# m</b>
sitiar cada mentira, 
           <b>fa# m</b>        <b>La</b>
pactar sin condiciones, 
           <b>Si</b>          (<b>Mi</b>)
rendirse a la Justicia. 
</strong>
            <b>Mi</b>
Rehabilitar los sueños, 
          <b>do# m</b>
penalizar las prisas, 
       <b>fa# m</b>
indemnizar al alma, 
        <b>Si</b>
sumarse a la alegría. 
          <b>Mi</b>
Humanizar los credos, 
          <b>do# m</b>
purificar la brisa, 
         <b>fa# m</b>       <b>La</b>
adecentar la Tierra, 
        <b>Si</b>
reinaugurar la Vida. 
<strong>
        <b>Mi</b>
Desconvocar el odio,
      <b>do# m</b>
desestimar la ira, 
        <b>fa# m</b>
rehusar usar la fuerza, 
         <b>Si</b>
rodearse de caricias. 
        <b>Mi</b>
Reabrir todas las puertas, 
       <b>do# m</b>
sitiar cada mentira, 
           <b>fa# m</b>        <b>La</b>
pactar sin condiciones, 
           <b>Si</b>          (<b>Mi</b>)
rendirse a la Justicia. 
</strong>
        <b>La</b>           <b>Si</b>
Desaprender la guerra, 
        <b>Re</b>       <b>Mi</b>
curarse las heridas. 
        <b>La</b>           <b>Si</b>
Desaprender la guerra, 
          <b>Re</b>        <b>Mi</b>
negarse a las consignas. 
       <b>fa# m</b>          <b>Si</b>
Desaprender la guerra, 
         <b>Re</b>      <b>Mi</b>
rodearse de caricias. 
        <b>La</b>            <b>Si</b>
Desaprender la guerra,
           <b>Re</b>       <b>Mi</b>
rendirse a la Justicia. 
        <b>La</b>            <b>Si</b>
Desaprender la guerra, 
          <b>Re</b>      <b>Mi</b>
sumarse a la alegría. 
        <b>La</b>            <b>Si</b>
Desaprender la guerra, 
               <b>La</b>    <b>Mi</b>
reinaugurar la Vida.
