<b>Sol</b>         <b>Re</b>             <b>mi m</b>
Desde la eternidad nuestro buen Dios
 <b>Do</b>          <b>Re</b>            <b>Sol</b>
se goza en nosotros cada día;
                      <b>Re</b>          <b>mi m</b>
piensa en los dos, es su mejor regalo,
   <b>Do</b>
es compartir su vida 
              <b>Re</b>
en nuestras vidas.
<strong>
<b>Do</b>               <b>Re</b>        <b>Sol</b> <b>mi m</b>
Nuestra amistad se transformó
      <b>Do</b>         <b>Re</b>           <b>Sol</b> <b>Sol 7</b>
en un ave con las alas de cristal
<b>Do</b>       <b>Re</b>           <b>Sol</b> <b>mi m</b>
un rosal en medio del jardín 
 <b>Do</b>          <b>Re</b>         <b>Sol</b>
una ilusión, hecha realidad.
</strong>
<b>Sol</b>          <b>Re</b>            <b>mi m</b>
La brisa que unió nuestros caminos,
  <b>Do</b>          <b>Re</b>             <b>Sol</b>
algo especial nos hizo descubrir;
                    <b>Re</b>           <b>mi m</b>
y el amor que hemos ido construyendo,
   <b>Do</b>                             <b>Re</b>
me transformó en ti, y a ti en mí.

<b>Sol</b>          <b>Re</b>             <b>mi m</b>
No quiero prometer, sólo es amarte
   <b>Do</b>        <b>Re</b>            <b>Sol</b>
la meta que propongo en mi camino;
                     <b>Re</b>          <b>mi m</b>
si me dejas sólo, ¿crees que es fácil
     <b>Do</b>                             <b>Re</b>
construir la unidad que Dios nos hizo?

<b>Sol</b>          <b>Re</b>            <b>mi m</b>
Su amor no se quedará en nosotros
 <b>Do</b>          <b>Re</b>            <b>Sol</b>
se expandirá por todo lo creado,
                    <b>Re</b>          <b>mi m</b>
gritar al mundo su unidad con Él,
    <b>Do</b>                            <b>Re</b>
será también nuestro mejor regalo.
