<span id="reserved">Intro:</span> <b>G</b>   <b>D</b>  <b>E m</b>
       <b>G</b>   <b>D</b>  <b>E m</b>

<b>G</b>   <b>D</b>                 <b>E m</b>
    Tu cansada de los hilos
<b>C</b>          <b>G</b>          <b>A m</b>
  Yo estoy dispuesto a coserlos
<b>D</b>                     <b>G</b>
     En un momento tranquilo
                       <b>E m</b>
Déjame que busque un hueco
        <b>D</b>           <b>C</b>
Y deje de mirar mi ombligo
<b>A m</b>                   <b>C</b>
     A ver si no me disperso
<b>D</b>                    <b>G</b>
     Cuando me ves medio ido
                    <b>E m</b>
Cuando bajo por el Nilo
     <b>D</b>              <b>C</b>
Y tu me recoges del cesto
<b>D</b>
     Pero no me despierto

<b>E m</b>         <b>G</b>
Ese momento es perfecto
<b>E m</b>         <b>D</b>
Se activa el sexto sentido
<b>E m</b>         <b>D</b>
Si ves que no te contesto
<b>C</b>          <b>D</b>
Es que estoy solo conmigo
<b>E m</b>         <b>D</b>
Salir del camino recto
<b>E m</b>         <b>D</b>
Soñar sin estar dormido
<b>E m</b>         <b>G</b>
Echar la siesta en un sueño
<b>C</b>          <b>D</b>
Y despertarme contigo

<b>E m</b>         <b>D</b>           <b>C</b>
Y.... despertarme contigo
     <b>D</b>
Solo sales en mis sueños
<b>E m</b>         <b>D</b>           <b>C</b>
Y.... despertarme contigo
     <b>D</b>
Solo sales en mis sueños

<b>E m</b>  <b>D</b>  <b>G</b>   <b>C</b>



<b>G</b>         <b>D</b>             <b>E m</b>
   Yo hace tiempo vivo al filo
<b>C</b>           <b>G</b>           <b>A m</b>
   Sobre un iceberg de hielo
<b>D</b>                     <b>G</b>
     En el mar de los olvidos
    <b>D</b>                   <b>E m</b>
Déjame que encienda un fuego
   <b>D</b>              <b>C</b>
Y puedas verlo escondido
<b>A m</b>                      <b>C</b>
   Bajo el hielo vive el miedo
<b>D</b>                     <b>G</b>
   Y bajo el miedo el vacío
  <b>D</b>               <b>E m</b>
Bajo el vacío el silencio
    <b>D</b>                 <b>C</b>
Y bajo el silencio el ruido
<b>D</b>
     Pero no me despierto

<b>E m</b>         <b>G</b>
Ese es mi sitio perfecto
<b>E m</b>         <b>D</b>
Mi escondite preferido
<b>E m</b>         <b>D</b>
Si ves que no me concentro
<b>C</b>          <b>D</b>
Es que estoy allí metido
<b>E m</b>         <b>D</b>
Salir del camino recto
<b>E m</b>         <b>D</b>
Soñar sin estar dormido
<b>E m</b>         <b>G</b>
Echar la siesta en un sueño
<b>C</b>          <b>D</b>
Y despertarme contigo

<b>E m</b>         <b>D</b>           <b>C</b>
Y.... despertarme contigo
     <b>D</b>
Solo sales en mis sueños
<b>E m</b>         <b>D</b>           <b>C</b>
Y.... despertarme contigo
     <b>D</b>
Solo sales en mis sueños
<b>E m</b>         <b>D</b>           <b>C</b>
Y.... despertarme contigo
     <b>D</b>
Solo sales en mis sueños
<b>E</b>         <b>F# m</b>        <b>G</b>
Y.... despertarme contigo

<b>F#</b>  <b>E</b>  <b>D</b>  <b>G</b>   <b>C</b>
