<span id="reserved">Intro:</span> <b>la m</b> <b>mi m</b> <b>Fa</b> <b>Mi</b>

        <b>la m</b>
Me he sentao, 
                         <b>mi m</b>
en mi ventana pa verte pasar
       <b>Do</b>                     <b>Mi</b>
Como hacía yo cuando tú ya dormías
           <b>la m</b>
Y he despertao
                               <b>mi m</b>
a media noche y te he dejao de ver
         <b>Do</b>
Pero aún siguen las paredes 
             <b>Mi 7</b>
manchadas de ti

                  <b>Fa</b>
Y he encendio una vela 
               <b>Do</b>             <b>Mi 7</b>
solo para recordarme que el calor
                    <b>Fa</b>
está en las cosas pequeñas 
                  <b>Do</b>    <b>Mi 7</b>
y yo aquí no sé vivir

                       <b>Fa</b>
Y ahora que me he desvelao 
                     <b>Do</b>             <b>Mi 7</b>
he aprovechao pa dedicarte otra canción
                <b>Fa</b>           <b>re m</b>
que no vas a cantar, mi amor, 
                 <b>Mi 7</b>
y te encantaba hacerlo
<strong>
     <b>la m</b>
Y si vuelves, 
                       <b>Sol</b>
yo te dejo la puerta abierta

Aunque entre el frío, 
               <b>Fa</b>
sírvete algo caliente
                      <b>re m</b>
Qué bonito ver que el tiempo 
        <b>Mi 7</b>
no te apagó
                  <b>la m</b>
Ya tenía ganas de verte
                    <b>Sol</b>
Y no sé cómo has acabao 
                               <b>Fa</b>  <b>re m</b>
aquí en mi salón en plena madrugada
                    <b>Mi 7</b>
Ya había dejao de soñar

                    <b>Do</b>
Y es que me he desvelao
                   <b>Sol</b>
Y es que me he desvelao
                    <b>Fa</b>  <b>re m</b>
Y es que me he desvelao
                    <b>Mi 7</b>
Y es que me he desvelao
</strong>
       <b>la m</b>
Cariño mío, ya no soy el mismo 
             <b>mi m</b>
que viste partir
         <b>Do</b>
Aunque parezca que lo diga 
            <b>Mi</b>
pa verte volver
        <b>la m</b>
He aprendio a ver la luz 
              <b>mi m</b>
que te tapaba yo
         <b>Do</b>
Lo que miraba era tan fugaz
        <b>Mi 7</b>
Y es lo que me alejó de ti

        <b>re m</b>
Y si aprendes a ver la vida 
          <b>Sol 7</b>
de otro color
                                <b>Do</b>
Yo estaré esperando a que pueda yo 
                                <b>Mi 7</b>
pa estar a la altura y bajar la voz
       <b>re m</b>
Cuando me hables de ti, mi amor, 
            <b>Sol 7</b>
yo seré un amigo, un compañero
           <b>Mi 7</b>
Y allí estaré por todas las veces 
            <b>Fa</b>   <b>Mi 7</b>
que tú lo hacías

<strong>
     <b>la m</b>
Y si vuelves, 
                       <b>Sol</b>
yo te dejo la puerta abierta

Aunque entre el frío, 
               <b>Fa</b>
sírvete algo caliente
                      <b>re m</b>
Qué bonito ver que el tiempo 
        <b>Mi 7</b>
no te apagó
                  <b>la m</b>
Ya tenía ganas de verte
                    <b>Sol</b>
Y no sé cómo has acabao 
                               <b>Fa</b>  <b>re m</b>
aquí en mi salón en plena madrugada
                    <b>Mi 7</b>
Ya había dejao de soñar

                    <b>Do</b>
Y es que me he desvelao
                   <b>Sol</b>
Y es que me he desvelao
                    <b>Fa</b>  <b>re m</b>
Y es que me he desvelao
                    <b>Mi 7</b>
Y es que me he desvelao

       <b>la m</b>
Cariño mío, que me he desvelao
       <b>Sol</b>
Cariño mío, que me he desvelao
       <b>Fa</b>                  <b>re m</b>
Cariño mío, que me he desvelao
       <b>Mi 7</b>
Cariño mío, que me he desvelao
</strong>
                  <b>Fa</b>
Y he encendio una vela 
               <b>Do</b>             <b>Mi 7</b>
solo para recordarme que el calor
                    <b>Fa</b>
está en las cosas pequeñas 
                  <b>Do</b>    <b>Mi 7</b>
y yo aquí no sé vivir

                       <b>Fa</b>
Y ahora que me he desvelao 
                     <b>Do</b>             <b>Mi 7</b>
he aprovechao pa dedicarte otra canción
                <b>Fa</b>           <b>re m</b>
que no vas a cantar, mi amor, 
                 <b>Mi 7</b>        <b>la m</b>
y te encantaba hacerlo
<span id=cejilla-original>4</span>
