<strong>
<b>Sol</b>
Dime, niño, de quién eres
     <b>Re</b>             <b>Sol</b>
todo vestido de blanco.
<b>Do</b>        <b>Re</b>       <b>Sol</b>
Soy de la Virgen María
      <b>Do</b>    <b>Re</b>  <b>Sol</b>
y del Espíritu Santo (**)
</strong>
<b>Sol</b>
Resuenen con alegría
     <b>Re</b>            <b>Sol</b>
los cánticos de mi tierra,
                   <b>Do</b>
y viva el Hijo de Dios
    <b>Re</b>               <b>Sol</b>
que nace en la Noche Buena.

 <b>Sol</b>                <b>Re</b>
La Nochebuena se viene,
                 <b>Sol</b>
la Nochebuena se va,
                   <b>Re</b>
y nosotros nos iremos
                <b>Sol</b>
y no volveremos más.
