<strong>
<b>Do</b>     <b>Sol</b>  <b>la m</b>
Dios está aquí,
    <b>Fa</b>                  <b>Sol</b>    <b>Do</b>  <b>Do 7</b>
tan cierto como el aire que respiro,
    <b>Fa</b>               <b>Sol</b>    <b>Do</b> <b>mi m</b> <b>la m</b>
tan cierto como la mañana se levanta,
    <b>Fa</b>                   <b>Sol</b>
tan cierto como que este canto 
          <b>Do</b>
lo puedes oír.
</strong>
            <b>Sol</b>
Lo puedes sentir
  <b>Fa</b>             <b>Sol</b>     <b>Do</b>
moviéndose entre los que aman,
          <b>Sol</b>
lo puedes oír
   <b>Fa</b>          <b>Sol</b>      <b>Do</b>
cantando con nosotros aquí,
             <b>Sol</b>
lo puedes llevar
    <b>Fa</b>         <b>Sol</b>     <b>Do</b>
cuando por esa puerta salgas,
              <b>Sol</b>
lo puedes guardar
    <b>Fa</b>           <b>Sol</b>  <b>Do</b> (<b>Sol</b>)
muy dentro de tu corazón.
<strong>
<b>Do</b>     <b>Sol</b>  <b>la m</b>
Dios está aquí,
    <b>Fa</b>                  <b>Sol</b>    <b>Do</b>  <b>Do 7</b>
tan cierto como el aire que respiro,
    <b>Fa</b>               <b>Sol</b>    <b>Do</b> <b>mi m</b> <b>la m</b>
tan cierto como la mañana se levanta,
    <b>Fa</b>                   <b>Sol</b>
tan cierto como que este canto 
          <b>Do</b>
lo puedes oír.
</strong>
            <b>Sol</b>
Lo puedes notar
     <b>Fa</b>           <b>Sol</b>      <b>Do</b>
a tu lado en este mismo instante,
          <b>Sol</b>
no seas ya más
   <b>Fa</b>         <b>Sol</b>     <b>Do</b>
de los que no quieren ver.
             <b>Sol</b>
Le puedes contar
    <b>Fa</b>      <b>Sol</b>     <b>Do</b>
ese problema que tienes,
             <b>Sol</b>
Jesús está aquí
      <b>Fa</b>             <b>Sol</b>     <b>Do</b> (<b>Sol</b>)
si tu quieres, le puedes seguir.
<strong>
<b>Do</b>     <b>Sol</b>  <b>la m</b>
Dios está aquí,
    <b>Fa</b>                  <b>Sol</b>    <b>Do</b>  <b>Do 7</b>
tan cierto como el aire que respiro,
    <b>Fa</b>               <b>Sol</b>    <b>Do</b> <b>mi m</b> <b>la m</b>
tan cierto como la mañana se levanta,
    <b>Fa</b>                   <b>Sol</b>
tan cierto como que este canto 
          <b>Do</b>
lo puedes oír.
</strong>
