<b>Do</b>               <b>Fa</b>       <b>Do</b>
Donde Tú quieras quiero vivir.
          <b>mi m</b>     <b>Fa</b>       <b>Sol</b>
Cuando Tú quieras, como Tú quieras.
       <b>la m</b>  <b>Fa</b>
A tu manera, con alegría
<b>La 7</b>       <b>re m</b>    <b>Do</b>         <b>Sol</b>
como Tú hiciste, sembrar mi vida.
<b>Fa</b>      <b>Do</b>       <b>Fa</b>       <b>Do</b>
Como Tú quieras, donde Tú quieras.
<b>Do</b>               <b>Fa</b>       <b>Do</b>
Donde Tú quieras quiero vivir.
          <b>mi m</b>      <b>Fa</b>      <b>Sol</b>
Cuando Tú quieras, como Tú quieras.
         <b>la m</b>   <b>Fa</b>
Sin traducirte, fiel y sencillo.
<b>La 7</b>        <b>re m</b>   <b>Do</b>       <b>Sol</b>
Dispuesto siempre como tu hijo.
<b>Fa</b>      <b>Do</b>       <b>Fa</b>        <b>Do</b>
Como Tú quieras, donde Tú quieras.
