<b>Do</b>
No importa si dudo,  
     <b>Fa</b>
no importa si caigo,  
      <b>re m</b>
no importa si fallo, 
     <b>Sol</b>
si quiero cambiar. 

     <b>Do</b>
Voy bien cuando escucho, 
     <b>Fa</b>
voy bien cuando abrazo, 
    <b>re m</b>
voy bien cuando ayudo 
    <b>Sol</b>
si busco amar. 
<strong>
 <b>Do</b> <b>Fa</b>
El amor lo cura todo, 
     <b>Do</b>          <b>Fa</b>
el amor perdona todo, 
     <b>Do</b>            <b>Fa</b>
el amor lo arregla todo 
          <b>re m</b>
y pa' caminar, 
      <b>Sol</b>             <b>Do</b>
gasolina siempre es amar.
</strong>
