<span id="reserved">Intro:</span> <b>Do</b>  <b>la m</b>  <b>Fa</b>

<b>Do</b>                  <b>la m</b>
Quiero poder verte dormir
                <b>Fa</b>
Entrar en tus visiones
                    <b>Do</b>
Saber que es lo que fui

<b>Do</b>                  <b>la m</b>
Aguantar la respiración
                <b>Fa</b>
Llenarme los pulmones
              <b>Do</b>
de whisky peleón

<b>la m</b>            <b>Fa</b>          <b>Do</b>
No me levanto de la cama
<b>la m</b>                      <b>Fa</b>
Quiero servir de inspiración
                      <b>Do</b>   <b>Sol</b>
Quiero ser carne de cañón
<strong>
<b>la m</b>                    <b>Fa</b>
Por las noches la policía 
<b>Do</b>
sigue en mis sueños
<b>la m</b>                  <b>Fa</b>
Con fuego y con gasolina 
      <b>Do</b>
me mantengo despierto.

         <b>la m</b>             <b>Fa</b>
Y quiero volver a mis cabales
      <b>Do</b>
No te pediré de vuelta las llaves
<b>la m</b>                <b>Fa</b>     <b>Do</b>
Un elixir a mis heridas
</strong>
<b>Do</b>                       <b>la m</b>
Tentando el vicio y el azar 
            <b>Fa</b>                     <b>Do</b>
Las posibilidades de volver a empezar
<b>la m</b>           <b>Fa</b>          <b>Do</b>
Dejando de decir mañana

<b>la m</b>                      <b>Fa</b>
Quiero servir de inspiración
                      <b>Do</b>
Quiero ser carne de cañón
<strong>
<b>la m</b>               <b>Fa</b>
Por las noches la policía 
<b>Do</b>
sigue en mis sueños
<b>la m</b>                  <b>Fa</b>
Con fuego y con gasolina 
      <b>Do</b>
me mantengo despierto.

          <b>la m</b>           <b>Fa</b>
Y quiero volver a mis cabales
      <b>Do</b>
No te pediré de vuelta las llaves
<b>la m</b>                <b>Fa</b>     <b>Do</b>
Un elixir a mis heridas
<b>la m</b>                <b>Fa</b>     <b>Do</b>
Un elixir a mis heridas
<b>la m</b>                <b>Fa</b>     <b>Do</b>
Un elixir a mis heridas
</strong>
<span id=cejilla-original>4</span>
