<span id="reserved">Intro:</span> <b>Re</b> <b>Do</b> <b>Sol</b> <b>Re</b> <b>Do</b> <b>La</b> (<span id="reserved">**</span>)

             <b>Re</b> <b>Do</b> <b>Sol</b>
Cerca del hogar
                 <b>Re</b> <b>Do</b> <b>Sol</b>
que calienta mi alma
            <b>Re</b>                  <b>si m</b>
quiero yo saber lo que en comunidad
              <b>mi m</b> <b>La</b>
Tú quieres de mí.

               <b>Re</b> <b>Do</b> <b>Sol</b>
Sintiendo el calor
               <b>Re</b> <b>Do</b> <b>Sol</b>
que me da tu palabra
             <b>Re</b>              <b>si m</b>
quiero responder a lo que me pides
          <b>mi m</b>           <b>La</b>
sin que a nada yo pueda temer.
<strong>
           <b>si m</b> <b>La</b> <b>Sol</b>
A nada, a nada
              <b>Re</b>
nunca he de temer
              <b>si m</b>
yendo junto a Ti
                <b>mi m</b>
con tus ojos de fe
         <b>La</b>     <b>Re</b>
nunca he de temer.
</strong>
             <b>Re</b> <b>Do</b> <b>Sol</b>
Sólo he de beber
                 <b>Re</b> <b>Do</b> <b>Sol</b>
de tu fuente de agua
            <b>Re</b>               <b>si m</b>
sé que sólo ella será la que sacie
               <b>mi m</b> <b>La</b>
mi hambre y mi sed.

              <b>Re</b> <b>Do</b> <b>Sol</b>
Tú eres el Señor
                <b>Re</b> <b>Do</b> <b>Sol</b>
que alimenta mi alma
                 <b>Re</b>                <b>si m</b>
y si hago mi opción por seguirte a Ti
        <b>mi m</b>        <b>La</b>
nunca jamás yo temeré.

             <b>Re</b> <b>Do</b> <b>Sol</b>
Llegan hasta mí
                <b>Re</b> <b>Do</b> <b>Sol</b>
momentos sin calma
                <b>Re</b>             <b>si m</b>
que me hacen dudar de si mi camino
             <b>mi m</b>    <b>La</b>
se orienta hacia Ti.

              <b>Re</b> <b>Do</b> <b>Sol</b>
Comienza a faltar
              <b>Re</b> <b>Do</b> <b>Sol</b>
la paz en mi alma
          <b>Re</b>               <b>si m</b>
y, sin esperarlo, apareces Tú
        <b>mi m</b>
haciéndome ver
                    <b>La</b>
que a nada he de temer.

