<b>Re</b>        <b>mi m/</b><b>Re</b>  <b>Re</b>
El Dios Todobondadoso 
    <b>Sol</b>              <b>mi m</b> <b>La</b>
que hizo el sol y la luna,
                   <b>Re</b>
en los brazos de María
<b>Sol</b> <b>Re</b> <b>Sol</b> <b>Re</b>   <b>La</b>
vino a poner su cuna.
<b>Re</b>       <b>mi m/</b><b>Re</b> <b>Re</b>
Quería experimentar 
    <b>Sol</b>         <b>mi m</b> <b>La</b>
el amor y la ternura,
               <b>Re</b>
el cariño maternal 
    <b>Sol</b> <b>Re</b> <b>Sol</b> <b>Re</b>  <b>La</b>
que siente una criatura

<b>Re</b>        <b>mi m/</b><b>Re</b> <b>Re</b>
El Dios Todobondadoso,
  <b>Sol</b>           <b>mi m</b> <b>La</b>
autor de la Creación,
                    <b>Re</b>
quiso vivir con los pobres,
      <b>Sol</b> <b>Re</b> <b>Sol</b> <b>Re</b>  <b>La</b>
compartir    su condición
<b>Re</b>       <b>mi m/</b><b>Re</b>   <b>Re</b>
y en una sencilla cuadra 
    <b>Sol</b>            <b>mi m</b> <b>La</b>
sin lujo ni ostentación,
                 <b>Re</b>
se hizo uno de nosotros;
       <b>Sol</b> <b>Re</b> <b>Sol</b> <b>Re</b> <b>La</b>
nos mostró    su corazón.
<strong>
<b>Re</b>                <b>Sol</b> <b>La</b> <b>Re</b>
Navidad, Navidad, es Navidad. (**)
</strong>
<b>Re</b>        <b>mi m/</b><b>Re</b> <b>Re</b>
El Dios Todobondadoso, 
        <b>Sol</b>           <b>mi m</b> <b>La</b>
que anunciaron los profetas,
                    <b>Re</b>
quiso brillar en la noche; 
<b>Sol</b> <b>Re</b>  <b>Sol</b> <b>Re</b>      <b>La</b>
nos lo anuncia una estrella;
<b>Re</b>      <b>mi m/</b><b>Re</b>   <b>Re</b>
quiso nacer en Belén 
<b>Sol</b>                   <b>mi m</b> <b>La</b>
en la humildad de una cueva;
                    <b>Re</b>
nació la Luz de los hombres, 
  <b>Sol</b> <b>Re</b> <b>Sol</b> <b>Re</b>    <b>La</b>
nació la Luz de la tierra
<strong>
<b>Re</b>                <b>Sol</b> <b>La</b> <b>Re</b>
Navidad, Navidad, es Navidad. (**)
</strong>
<b>Re</b>        <b>mi m/</b><b>Re</b> <b>Re</b>
El Dios Todobondadoso, 
      <b>Sol</b>         <b>mi m</b> <b>La</b>
entre tanta oscuridad,
                      <b>Re</b>
brilló en medio de la noche,
    <b>Sol</b> <b>Re</b> <b>Sol</b> <b>Re</b>  <b>La</b>
dio luz a la humanidad.
<b>Re</b>       <b>mi m/</b><b>Re</b>    <b>Re</b>
Despiértate tú que duermes,
<b>Sol</b>           <b>mi m</b> <b>La</b>
sal de tu pasividad
                 <b>Re</b>
y Cristo será tu Luz, 
   <b>Sol</b> <b>Re</b> <b>Sol</b> <b>Re</b> <b>La</b>
Aleluya, es Navidad
<strong>
<b>Re</b>                <b>Sol</b> <b>La</b> <b>Re</b>
Navidad, Navidad, es Navidad. (****)
</strong>
