<span id="reserved">Intro:</span> <b>mi m</b> <b>Re</b> <b>Do</b> <b>Si 7</b> (<span id="reserved">**</span>)

<b>mi m</b>
El león de la tribu de Judá,
         <b>Re</b>
Jesús venció las cadenas y nos libero,
<b>Do</b>                              <b>Si 7</b>
Él es, nuestra antorcha de victoria.
        <b>mi m</b>
Nuestra fortaleza 

en tiempos de flaqueza 
     <b>Re</b>
una torre en tiempos de guerra
<b>Do</b>           <b>Si 7</b>        <b>mi m</b>
Oh, la esperanza de Israel.
<strong>
 <b>mi m</b>             <b>Re</b>
Resucito, resucito, 
         <b>Do</b>        <b>Si 7</b>
Resucito, Aleluya. (**)
</strong>
<b>mi m</b>
Venció a la muerte con poder.
<b>Re</b>
Venció a la muerte con poder.
<b>Do</b>
vencio a la muerte con poder.
          <b>Si 7</b>
Se levantó. (2)

<b>mi m</b>
Huyen los demonios cuando 

canta el pueblo,
<b>Re</b>
Huyen los demonios cuando 

cae el fuego,
<b>Do</b>
Huyen los demonios porque no soportan
         <b>Si 7</b>
La alabanza al Rey. (**)

<b>mi m</b>
Al  Rey Yavhe, Él es el santo,
<b>Re</b>
Al Rey Yavhe tres veces santo,
<b>Do</b>                           <b>Si 7</b>
Vida y canto son solo para el. (**)

<b>mi m</b>
El leon de la Tribu de Juda.
