<b>la m</b>                 <b>Sol</b>
He llegado a la montaña
                        <b>la m</b>
y en la cruz te he contemplado
      <b>Fa</b>              <b>Do</b>
te he visto ojos de niño,
      <b>re m</b>          <b>Mi</b>
tu faz era de soldado.

<b>la m</b>                   <b>Sol</b>
Tu cuerpo sangrante y roto,
                       <b>la m</b>
tus manos viejas de anciano
      <b>Fa</b>                    <b>Do</b>
no he visto un Cristo de historia,
      <b>re m</b>         <b>Mi</b>
vi un mundo destrozado.

<b>re m</b>               <b>Sol 7</b>
Una a una, las espinas
        <b>Do</b>           <b>la m</b>
de tu cabeza he quitado
     <b>Fa</b>               <b>Sol</b>
y de tus manos sangrantes
     <b>Fa</b>       <b>Mi</b>      <b>la m</b>
arranqué los fríos clavos
     <b>re m</b>               <b>Si 7</b>
y al llegar hasta los pies,
   <b>Do</b>             <b>la m</b>
miedo me dio tocarlos
 <b>Fa</b>                  <b>Sol</b>
eran la sangre del pueblo
 <b>Fa</b>       <b>mi</b>           <b>la m</b>
pobre, guerrero y esclavo.

   <b>Re 7</b>                <b>Sol</b>
Tu cuerpo sangrante y roto
      <b>Mi 7</b>            <b>Fa</b>
sobre mí se ha descolgado
    <b>re m</b>             <b>Do</b>
los pies quedaron allí,
        <b>Fa</b> <b>re m</b>    <b>Mi</b>
en la cruz aún clavados.
<strong>
<b>Fa</b>                   <b>Sol</b>
Y en tus ojitos de niño
        <b>Mi</b>      <b>la m</b>
y tu cara de soldado
         <b>re m</b>        <b>la m</b>
ví la humanidad muriendo
<b>Fa</b>                     <b>Mi</b>
¡muriendo entre mis brazos!
<b>Fa</b>                    <b>Sol</b>
El pueblo que sufre y muere,
      <b>Mi</b>             <b>la m</b>
no muere ¡lo hemos matado!
       <b>re m</b>         <b>la m</b>
tras pisar su dignidad
      <b>re m</b>      <b>Mi</b>
y su fe pisoteado.
</strong>
 <b>Re</b>                  <b>Sol</b>
Y yo, en tanto, seguiré
<b>Mi</b>                <b>Fa</b>
dándomelas de cristiano
   <b>re m</b>                     <b>Do</b>
pensando que el mal de los hombres
          <b>Fa</b>   <b>re m</b>    <b>Mi</b>
se lo hicieron mis contrarios.
<strong>
<b>Fa</b>                   <b>Sol</b>
Y en tus ojitos de niño
        <b>Mi</b>      <b>la m</b>
y tu cara de soldado
         <b>re m</b>        <b>la m</b>
ví la humanidad muriendo
<b>Fa</b>                     <b>Mi</b>
¡muriendo entre mis brazos!
<b>Fa</b>                    <b>Sol</b>
El pueblo que sufre y muere,
      <b>Mi</b>             <b>la m</b>
no muere ¡lo hemos matado!
       <b>re m</b>         <b>la m</b>
tras pisar su dignidad
      <b>re m</b>      <b>Mi</b>
y su fe pisoteado.
</strong>
