<b>Mi</b>
El Niño Dios ha nacido en Belén,
<b>Si 7</b>            <b>Mi</b>
¡Aleluya, aleluya!

Quiere nacer en nosotros también,

¡Aleluya, aleluya!
<strong>
<b>Mi</b>            <b>Si 7</b>
Aleluya, aleluya, aleluya
                      <b>Mi</b>
aleluya, aleluya, aleluya
</strong>
<b>Mi</b>
Sólo los pobres y humildes le ven
<b>Si 7</b>            <b>Mi</b>
¡Aleluya, aleluya!

Sólo el Amor nos conduce hasta Él

¡Aleluya, aleluya!

<b>Mi</b>
Hay en los cielos mensajes de Paz
<b>Si 7</b>            <b>Mi</b>
¡Aleluya, aleluya!

para los hombres de fe y voluntad.

¡Aleluya, aleluya!

