<b>Do</b>             <b>Fa</b>
Todo empezó en una cruz
         <b>La</b>
donde un hombre murió
     <b>Sol</b>
y un Dios se entregó.
    <b>Do</b>         <b>Fa</b>
Silenciosa la muerte llegó,
                <b>La</b>
extinguiendo la luz
                      <b>Sol</b>
que en un grito se ahogó.

<b>Do</b>          <b>Fa</b>
Viendo su faz de dolor
      <b>La</b>
una madre lloró
     <b>Sol</b>
y su amigo calló.
 <b>Do</b>               <b>Fa</b>
Pero siendo una entrega de amor
      <b>La</b>     <b>Sol</b>
su camino siguió
       <b>Fa</b>
y en algún otro lado
 <b>Sol</b>    <b>Do</b>      <b>Sol</b>
una luz se encendió.

   <b>Fa</b>     <b>Sol</b>
Siendo hombre, amigo,
 <b>La</b>
esclavo y maestro.
               <b>Sol</b>
Siendo carga pesada,
   <b>Fa</b>
profesor y aprendiz.
        <b>Sol</b>
Entregó hasta su cuerpo
   <b>Do</b>     <b>Sol</b>
en el pan y la vid.
<strong>
<b>La</b>      <b>Fa</b>        <b>Do</b>
Desde entonces lo he visto
 <b>Sol</b>      <b>La</b>
caminar a mi lado
   <b>Fa</b>       <b>Do</b>     <b>Sol</b>
a ese Dios que se humilla
   <b>La</b>
y muere por mí.

   <b>Fa</b>       <b>Do</b>     <b>Sol</b>
Es la barca en mi playa,
    <b>La</b>
el ruido del silencio
      <b>Fa</b>      <b>Do</b>
que se acerca a su hijo
<b>Sol</b>      <b>Re</b>
y me abraza feliz.
      <b>Fa</b>         <b>Sol</b>
Que se acerca a su hijo

y me abraza feliz.
</strong>
<b>Do</b>             <b>Fa</b>
Viendo un humilde calvario
       <b>La</b>
con rostro cansado
  <b>Sol</b>
soporta la cruz
      <b>Do</b>              <b>Fa</b>
y al verme rezando a sus pies
       <b>La</b>    <b>Sol</b>
se olvida de Él,
        <b>Fa</b>
me toma en sus brazos
 <b>Sol</b>     <b>Do</b>     <b>Sol</b>
y me acoge otra vez.

    <b>Fa</b>      <b>Sol</b>
Siendo fuego, paloma,
    <b>La</b>
el agua y el viento.
               <b>Sol</b>
Siendo niño inocente,
   <b>Fa</b>
un Padre y pastor.
         <b>Sol</b>
Hoy acepta mi ofrenda,
   <b>Do</b>     <b>Sol</b>
es mi vida Señor.
<strong>
<b>La</b>      <b>Fa</b>        <b>Do</b>
Desde entonces lo he visto
 <b>Sol</b>      <b>La</b>
caminar a mi lado
   <b>Fa</b>       <b>Do</b>     <b>Sol</b>
a ese Dios que se humilla
   <b>La</b>
y muere por mí.

   <b>Fa</b>       <b>Do</b>     <b>Sol</b>
Es la barca en mi playa,
    <b>La</b>
el ruido del silencio
      <b>Fa</b>      <b>Do</b>
que se acerca a su hijo
<b>Sol</b>      <b>Re</b>
y me abraza feliz.
      <b>Fa</b>         <b>Sol</b>
Que se acerca a su hijo

y me abraza feliz.
</strong>
 <b>Fa</b>        <b>Sol</b>
Y si ahora yo acepto esta cruz
<b>La</b>         <b>Do</b>          <b>Fa</b> <b>Sol</b>
es por esa persona ese Dios.
          <b>Do</b>   <b>Sol</b>
Es por Cristo Jesús.
<strong>
<b>La</b>      <b>Fa</b>        <b>Do</b>
Desde entonces lo he visto
 <b>Sol</b>      <b>La</b>
caminar a mi lado
   <b>Fa</b>       <b>Do</b>     <b>Sol</b>
a ese Dios que se humilla
   <b>La</b>
y muere por mí.

   <b>Fa</b>       <b>Do</b>     <b>Sol</b>
Es la barca en mi playa,
    <b>La</b>
el ruido del silencio
      <b>Fa</b>      <b>Do</b>
que se acerca a su hijo
<b>Sol</b>      <b>Re</b>
y me abraza feliz.
      <b>Fa</b>         <b>Sol</b>
Que se acerca a su hijo

y me abraza feliz.
</strong>
