<b>Mi</b>
Del Señor es la tierra

y cuanto la llena,
                           <b>La</b>
el orbe, y todos su habitantes.
<b>La</b>
Él la fundó sobre los mares,
                        <b>Mi</b>
Él la afianzó sobre los ríos.

 <b>La</b>
¿Quién puede subir
               <b>Mi</b>
al monte del Señor?
 <b>La</b>
¿Quién puede estar en el
         <b>Mi</b>
recinto sacro?

<b>Mi</b>
El hombre de manos inocentes,
           <b>La</b>
y puro corazón,
    <b>La</b>
que no confía en los ídolos
                           <b>Mi</b>
ni jura contra el prójimo en falso.
<b>La</b>                             <b>Mi</b>
Ese recibirá la bendición del Señor,
<b>La</b>                               <b>Mi</b>
le hará justicia el Dios de salvación.

<b>Si</b>                   <b>La</b>
Este es el grupo que busca,
               <b>Mi</b>
que busca al Señor,
     <b>Si</b>           <b>La</b>
que viene a tu presencia,
          <b>Mi</b>
Dios de Jacob.
<strong>
 <b>La</b>                      <b>Si</b>
¡Portones!, alzad los dinteles,
        <b>Mi</b>
que se alcen

las antiguas compuertas:
         <b>La</b> <b>Si</b>            <b>Mi</b>
va a entrar el Rey de la Gloria.

 <b>Si</b>           <b>La</b>
¿Quién es ese Rey,
             <b>Mi</b>
el Rey de la Gloria?
     <b>Si</b>          <b>La</b>
El Señor, héroe valeroso;
     <b>Si</b>    <b>La</b>         <b>Mi</b>
El Señor, héroe de la guerra.
</strong>
 <b>La</b>                      <b>Si</b>
¡Portones!, alzad los dinteles,
       <b>Mi</b>
que se alcen

las antiguas compuertas:
         <b>La</b> <b>Si</b>           <b>Mi</b>
va a entrar el Rey de la Gloria.

 <b>Si</b>           <b>La</b>
¿Quién es ese Rey,
             <b>Mi</b>
el Rey de la Gloria?
    <b>Si</b>                 <b>La</b>
El Señor, Dios de los ejércitos;
      <b>Si</b> <b>La</b>        <b>Mi</b>
Él es el Rey de la Gloria.
<strong>
    <b>La</b>                 <b>Si</b>
¡Portones!, alzad los dinteles,
       <b>Mi</b>
que se alcen

las antiguas compuertas:
         <b>La</b> <b>Si</b>           <b>Mi</b>
va a entrar el Rey de la Gloria.

 <b>Si</b>           <b>La</b>
¿Quién es ese Rey,
             <b>Mi</b>
el Rey de la Gloria?
     <b>Si</b>             <b>La</b>
El Señor, Dios de los ejércitos
      <b>Si</b>  <b>La</b>          <b>Mi</b>
Él es el Rey de la Gloria.
</strong>
