<strong>
     <b>La</b>        <b>Mi</b>             <b>fa# m</b>
El Señor es mi pastor nada me falta,
   <b>Re</b>      <b>si m</b>    <b>Mi</b>
el Señor es mi pastor.
     <b>La</b>        <b>Mi</b>             <b>fa# m</b>
El Señor es mi pastor nada me falta,
   <b>Re</b>       <b>Mi</b>    <b>La</b>
el Señor es mi pastor.
</strong>
     <b>La</b>
En praderas reposa mi alma,
     <b>fa# m</b>              <b>do# m</b>
en su agua descansa mi sed.
      <b>Re</b>                 <b>do# m</b>
Él me guía por senderos justos
     <b>si m</b>                 <b>Mi</b>
por amor, por amor de su nombre.
    <b>La</b>
Aunque pase por valles oscuros
    <b>fa# m</b>                 <b>do# m</b>
ningún mal, ningún mal temeré
     <b>Re</b>                  <b>do# m</b>
porque sé que el Señor va conmigo
     <b>Si</b>                <b>Mi</b>
su cayado sostiene mi fe.
<strong>
     <b>La</b>        <b>Mi</b>             <b>fa# m</b>
El Señor es mi pastor nada me falta,
   <b>Re</b>      <b>si m</b>    <b>Mi</b>
el Señor es mi pastor.
     <b>La</b>        <b>Mi</b>             <b>fa# m</b>
El Señor es mi pastor nada me falta,
   <b>Re</b>       <b>Mi</b>    <b>La</b>
el Señor es mi pastor.
</strong>
     <b>La</b>
Tú preparas por mí una mesa
     <b>fa# m</b>              <b>do# m</b>
frente a aquellos que buscan mi mal.
      <b>Re</b>                <b>do# m</b>
Con aceite me ungiste, Señor,
     <b>si m</b>            <b>Mi</b>
y mi copa rebosa de Ti.
         <b>La</b>
Gloria a Dios, Padre omnipotente
       <b>fa# m</b>              <b>do# m</b>
y a su hijo Jesús, el Señor,
      <b>Re</b>                   <b>do# m</b>
y al Espíritu que habita en el mundo
        <b>Si</b>              <b>Mi</b>
por los siglos eternos. Amén.
<strong>
     <b>La</b>        <b>Mi</b>             <b>fa# m</b>
El Señor es mi pastor nada me falta,
   <b>Re</b>      <b>si m</b>    <b>Mi</b>
el Señor es mi pastor.
     <b>La</b>        <b>Mi</b>             <b>fa# m</b>
El Señor es mi pastor nada me falta,
   <b>Re</b>       <b>Mi</b>    <b>La</b>
el Señor es mi pastor.
</strong>
