<b>Do</b>                  <b>Fa</b>          <b>Do</b>
En la tierra la sembró el sembrador
<b>Fa</b>   <b>Do</b>          <b>Fa</b>  <b>Sol</b> <b>Do</b>   <b>Do 7</b>
la semilla de tu pan, Señor,
     <b>Fa</b>
y después el viñador 
     <b>Do</b>          <b>la m</b>
trabajó en buena lid
      <b>Do</b>
y las tierras ven crecer 
      <b>Fa</b>   <b>Sol</b>   <b>Do</b>
las espigas y la vid.
                          <b>Fa</b> <b>Sol</b> <b>Do</b>
El trigo se molió en el moli______no
                         <b>Sol</b>
rompiendo su cuerpo como Tú.
   <b>Do</b>             <b>Fa</b>            <b>Do</b>
La uva la pisó el hombre en el lagar
                         <b>Sol</b>
igual que Tú te dejaste pisar.

<b>Do</b>                           <b>Fa</b> <b>Sol</b> <b>Do</b>
Y ahora convertido en pan y vi______no
                            <b>Sol</b>
tu pueblo lo ofrece en el altar.
   <b>Do</b>
Conviértelos, ¡oh Dios!,
    <b>Fa</b>            <b>Do</b>
son frutos de tu amor,
               <b>Fa</b>     <b>Sol</b> <b>Do</b>
en tu cuerpo y sangre, Señor.
