<b>Re</b>                <b>si m</b>
El Señor Dios nos amó
     <b>Sol</b>          <b>Re</b>
como nadie amó jamás.
                     <b>si m</b>
Él nos guía como estrella
          <b>Mi</b>         <b>La 7</b>
cuando no existe la luz.
       <b>Re</b>            <b>si m</b>
Él nos da todo su amor
         <b>Sol</b>             <b>Re</b>
mientras la fracción del pan.
                   <b>La</b>
Es el pan de la amistad,
            <b>Re</b>  <b>Sol</b>  <b>Re</b>
el pan de Dios.
<strong>
<b>Re</b>    <b>si m</b>     <b>Sol</b>         <b>Re</b>
Es mi cuerpo, tomad y comed.
            <b>si m</b>
Esta es mi sangre,
<b>Mi</b>         <b>La 7</b>
tomad y bebed.
        <b>Re</b>     <b>si m</b>  <b>Sol</b>         <b>Re</b>
Pues yo soy la vida, yo soy el amor.
                  <b>La</b>
¡Oh Señor, condúcenos
           <b>Re</b>  <b>Sol</b>  <b>Re</b>
hasta tu amor!
</strong>
<b>Re</b>                <b>si m</b>
El Señor Dios nos amó
     <b>Sol</b>           <b>Re</b>
como nadie nos amó jamás.
                   <b>si m</b>
Sus paisanos le creían
       <b>Mi</b>          <b>La 7</b>
hijo de un trabajador.
     <b>Re</b>            <b>si m</b>
Como todos. Él también
        <b>Sol</b>           <b>Re</b>
ganó el pan con su sabor
              <b>La</b>           <b>Re</b> <b>Sol</b> <b>Re</b>
y conoce la fatiga y el dolor.
<strong>
<b>Re</b>    <b>si m</b>     <b>Sol</b>         <b>Re</b>
Es mi cuerpo, tomad y comed.
            <b>si m</b>
Esta es mi sangre,
<b>Mi</b>         <b>La 7</b>
tomad y bebed.
        <b>Re</b>     <b>si m</b>  <b>Sol</b>         <b>Re</b>
Pues yo soy la vida, yo soy el amor.
                  <b>La</b>
¡Oh Señor, condúcenos
           <b>Re</b>  <b>Sol</b>  <b>Re</b>
hasta tu amor!
</strong>
<b>Re</b>                <b>si m</b>
El Señor Dios nos amó
     <b>Sol</b>           <b>Re</b>
como nadie nos amó jamás.
                   <b>si m</b>
Él reúne a los hombres
           <b>Mi</b>        <b>La 7</b>
y les da a vivir su amor.
        <b>Re</b>           <b>si m</b>
Los cristianos todos ya
       <b>Sol</b>             <b>Re</b>
miembros de su Cuerpo son,
                <b>La</b>           <b>Re</b> <b>Sol</b> <b>Re</b>
nadie puede separarlos de su amor.
<strong>
<b>Re</b>    <b>si m</b>     <b>Sol</b>         <b>Re</b>
Es mi cuerpo, tomad y comed.
            <b>si m</b>
Esta es mi sangre,
<b>Mi</b>         <b>La 7</b>
tomad y bebed.
        <b>Re</b>     <b>si m</b>  <b>Sol</b>         <b>Re</b>
Pues yo soy la vida, yo soy el amor.
                  <b>La</b>
¡Oh Señor, condúcenos
           <b>Re</b>  <b>Sol</b>  <b>Re</b>
hasta tu amor!
</strong>
