<b>Re</b>            <b>Sol</b>       <b>Re</b>
El camino que lleva a Belén

baja hasta el valle 
       <b>Sol</b>       <b>Re</b>
que la nieve cubrió.
          <b>La</b>
Los pastorcillos quieren ver a su Rey,
           <b>Re</b>             <b>Re 7</b>     <b>Sol</b>
le traen regalos en su humilde zurrón,
            <b>Re</b>               <b>La</b>
rom pom pom pom, rom pom pom pom.
<b>Re</b>                  <b>Sol</b>      <b>Re</b>
¡Ha nacido en un portal de Belén
<b>La</b>        <b>Re</b>
el Niño Dios!

<b>Re</b>             <b>Sol</b>      <b>Re</b>
Yo quisiera poner a tus pies
                        <b>Sol</b>       <b>Re</b>
algún presente que te agrade, Señor,
          <b>La</b>
mas Tú ya sabes que soy pobre también
           <b>Re</b>             <b>Re 7</b>     <b>Sol</b>
y no poseo más que un viejo tambor
            <b>Re</b>               <b>La</b>
rom pom pom pom, rom pom pom pom.
<b>Re</b>                 <b>Sol</b>         <b>Re</b>
¡En tu honor frente al portal tocaré
<b>La</b>        <b>Re</b>
con mi tambor!

<b>Re</b>            <b>Sol</b>        <b>Re</b>
El camino que lleva a Belén
                        <b>Sol</b>       <b>Re</b>
yo voy marcando con mi viejo tambor,
         <b>La</b>
nada hay mejor 

que yo te pueda ofrecer,
           <b>Re</b>            <b>Re 7</b>     <b>Sol</b>
su ronco acento es un canto de amor
            <b>Re</b>               <b>La</b>
rom pom pom pom, rom pom pom pom.
<b>Re</b>                  <b>Sol</b>      <b>Re</b>
¡Cuando Dios me vio cantando ante Él,
<b>La</b>       <b>Re</b>
me sonrió!
