<b>La sus2</b>          <b>La maj7</b>
Noche tranquila, Nazaret
<b>si m/</b><b>Fa#</b>          <b>Si 7dim</b>
Joven que  reza, mucha fe
<b>La sus2</b>            <b>La maj7</b>
Una pregunta ¿qué quieres Yahvé?
 <b>si m/</b><b>Fa#</b>        <b>Si 7dim</b>
eterno silencio viene a romper.
<b>Mi</b>                 <b>do# m</b>
Noche que vio fuerte resplandor
<b>Re</b>            <b>Si 7dim</b>
ángel enviado del mismo Dios
<b>Mi</b>                <b>do# m</b>
¡llena de gracia, bendita eres,
<b>Re</b>                     <b>Si 7dim</b> <b>Mi</b> <b>La sus2</b>
Dios te ha elegido entre las mujeres!

<b>La sus2</b>             <b>La maj7</b>
Mundo en que gente lo pasa mal
<b>si m/</b><b>Fa#</b>           <b>Si 7dim</b>
mueren de hambre, no tienen nada
<b>La sus2</b>           <b>La maj7</b>
sufren el paro o la soledad
     <b>si m/</b><b>Fa#</b>            <b>Si 7dim</b>
no entienden que llegue la Navidad
<b>Mi</b>                   <b>do# m</b>
Dios que  no elige para nacer
<b>Re</b>               <b>Si 7dim</b>
luces de calles, tanto tener
<b>Mi</b>              <b>do# m</b>
busca familia para habitar
<b>Re</b>                <b>Si 7dim</b> <b>Mi</b> <b>La sus2</b>
busca al que vive la austeridad.
<strong>
<b>La sus2</b>
El Ángel anunció 
        <b>La /</b><b>Sol#</b>      <b>fa# m</b>
que un Salvador nacería
  <b>si m7</b>
y aun sin entender 
<b>si m7/</b><b>La</b>              <b>Mi</b>
quiso decir "SI", María
<b>La sus2</b>  <b>do# m</b>     <b>fa# m</b>
Hoy nos toca anunciar 
   <b>Re</b>       <b>Mi</b>          <b>La sus2</b>
la causa de nuestra alegría:
  <b>La sus2</b> <b>do# m</b> <b>fa# m</b>
El Niño Redentor 
<b>Re</b>      <b>Mi</b>          <b>La sus2</b> <b>La maj7</b> <b>Re</b>
sigue naciendo cada día
</strong>
<b>La sus2</b>               <b>La maj7</b>
En calles, en cajeros o en un portal
<b>si m/</b><b>Fa#</b>          <b>Si 7dim</b>
Gente durmiendo, son "sin hogar",
<b>La sus2</b>           <b>La maj7</b>
Otros  con prisa para comprar,
      <b>si m/</b><b>Fa#</b>         <b>Si 7dim</b>
creen que sin regalos no hay Navidad.
<b>Mi</b>         <b>do# m</b>
Cómo Jesús nacerá en mí
<b>Re</b>               <b>Si 7dim</b>
viendo a mi lado gente infeliz.
<b>Mi</b>             <b>do# m</b>
Cada año busca dónde venir,
<b>Re</b>                <b>Si 7dim</b> <b>Mi</b>
su cuna encuentra en el compartir
<strong>
<b>La sus2</b>
El Ángel anunció 
        <b>La /</b><b>Sol#</b>      <b>fa# m</b>
que un Salvador nacería
  <b>si m7</b>
y aun sin entender 
<b>si m7/</b><b>La</b>              <b>Mi</b>
quiso decir "SI", María
<b>La sus2</b>  <b>do# m</b>     <b>fa# m</b>
Hoy nos toca anunciar 
   <b>Re</b>       <b>Mi</b>          <b>La sus2</b>
la causa de nuestra alegría:
  <b>La sus2</b> <b>do# m</b> <b>fa# m</b>
El Niño Redentor 
<b>Re</b>      <b>Mi</b>          <b>La sus2</b> <b>La maj7</b> <b>Re</b>
sigue naciendo cada día

<b>La sus2</b>
Nosotros le cantamos 
<b>La /</b><b>Sol#</b>             <b>fa# m</b>
con guitarras, panderetas
  <b>si m7</b>
reunimos la familia 
<b>si m7/</b><b>La</b>           <b>Mi</b>
para compartir la mesa
<b>La sus2</b>  <b>do# m</b>    <b>fa# m</b>
Dejamos las rencillas, 
   <b>Re</b>     <b>Mi</b>    <b>La sus2</b>
problemas y tristezas,
<b>La sus2</b> <b>do# m</b>   <b>fa# m</b>
renace la esperanza, 
<b>Re</b>  <b>Mi</b>         <b>La sus2</b> <b>La maj7</b> <b>Re</b> <b>Mi</b>
celebramos Nochebuena.
 <b>La sus2</b>  <b>do# m</b>  <b>fa# m</b>
(Dejamos las rencillas, 
   <b>Re</b>    <b>Mi</b>     <b>La sus2</b>
problemas y tristezas
<b>La sus2</b> <b>do# m</b>   <b>fa# m</b>
Renace la esperanza, 
<b>Re</b>  <b>Mi</b>          <b>La sus2</b> <b>La maj7</b> <b>Re</b>
celebramos Nochebuena).

<span id="reserved">Final:</span> <b>Si 7dim</b> <b>re m/</b><b>Fa</b> <b>La sus2</b>
</strong>
