<b>G# m</b>
No ha sido tan fácil, 
                  <b>B</b>
no ha sido tan fácil,
     <b>F#</b>
Racionalizar el juego y que no haya 
    <b>E</b>
perdedores.

            <b>G# m</b>                 <b>B</b>
No todo nos vale, no todo nos vale,
              <b>F#</b>
Las reglas cambiaron 
              <b>E</b>
y pasamos a mayores.

             <b>G# m</b>                 <b>B</b>
Vientos de levante, vientos de levante,
               <b>F#</b>
Levantan las faldas 
                   <b>E</b>
de vecinas y cantantes,

era inevitable...
<strong>
<b>G# m</b>      <b>E</b>           <b>B</b>           <b>C# m</b>
Tanto domingo nos dejó en aire y hueso,
<b>G# m</b>       <b>E</b>          <b>B</b>
Fueron llegando cada vez, 
            <b>C# m</b>
un poco más lejos,
<b>G# m</b>      <b>E</b>        <b>B</b>
Fue divertido contemplar  
     <b>C# m</b>             <b>G# m</b>
el crecimiento imparable,
<b>E</b>
De lo que era solo un juego.
</strong>
<b>G# m</b> <b>B</b> <b>F#</b> <b>E</b>

                 <b>G# m</b>
No han sido tan malos, 
                 <b>B</b>
no han sido tan malos,
               <b>F#</b>
Los nuevos encuentros  
                  <b>C# m</b>
en las celdas del verano.

          <b>B</b>              <b>F#</b>
Permiso, debo quedarme quieto.
     <b>E</b>
Si pienso en movimiento,

si pienso en movimiento,

         <b>G# m</b>                <b>B</b>
Ya solo tengo que ser más viejo, 
             <b>F#</b>
me queda invierno,
           <b>E</b>               <b>G# m</b>
Entre los dedos, caeremos juntos, 
            <b>B</b>
si es que caemos,
           <b>F#</b>
Un solo impulso, 
        <b>E</b>
para lanzarnos más lejos.
<strong>
<b>G# m</b>      <b>E</b>           <b>B</b>           <b>C# m</b>
Tanto domingo nos dejó en aire y hueso,
<b>G# m</b>       <b>E</b>          <b>B</b>
Fueron llegando cada vez, 
            <b>C# m</b>
un poco más lejos,
<b>G# m</b>      <b>E</b>        <b>B</b>
Fue divertido contemplar  
     <b>C# m</b>             <b>G# m</b>
el crecimiento imparable,
<b>E</b>
De lo que era solo un juego.
</strong>
<b>G# m</b> <b>B</b> <b>F#</b> <b>E</b>
