    <b>Sol</b>        <b>Re</b>
Estaré en el camino 
       <b>mi m</b>            <b>Re</b>
cuando cargue con las penas
<b>mi m</b>                  <b>Do</b>
del que a mi lado viaja 
      <b>Sol</b>             <b>Re</b>
sin saber la verdad terrena.

      <b>Sol</b>      <b>Re</b>
Ciega va mucha gente 
    <b>mi m</b>       <b>Re</b>
caminando a oscuras.
<b>mi m</b>              <b>Do</b>
Yo que recibí la luz 
          <b>Sol</b>            <b>Re</b>
la anunciaré con mi vida pura.

<b>Sol</b>
Pura mi vida será
      <b>mi m</b>
si la paz me ha llenado. 
       <b>Do</b>               <b>Sol</b>
Paz de Dios que vive en mí 
              <b>Re</b>
si yo la he dejado.

<b>Sol</b>
Libre yo caminaré 
       <b>mi m</b>
lo escabroso del camino
       <b>Do</b>            <b>Sol</b>
al dar yo paz a tu vivir 
            <b>Re</b>
y unamos destinos.

     <b>mi m</b>        <b>Do</b> <b>Re</b>
En camino. En camino

    <b>Sol</b>        <b>Re</b>
Estaré en el camino 
       <b>mi m</b>            <b>Re</b>
cuando cargue con las penas
<b>mi m</b>                  <b>Do</b>
del que a mi lado viaja 
      <b>Sol</b>             <b>Re</b>
sin saber la verdad terrena.

      <b>Sol</b>      <b>Re</b>
Ciega va mucha gente 
    <b>mi m</b>       <b>Re</b>
caminando a oscuras.
<b>mi m</b>              <b>Do</b>
Yo que recibí la luz 
          <b>Sol</b>            <b>Re</b>
la anunciaré con mi vida pura.

<b>Sol</b>
Pura mi vida será
      <b>mi m</b>
si la paz me ha llenado. 
       <b>Do</b>               <b>Sol</b>
Paz de Dios que vive en mí 
              <b>Re</b>
si yo la he dejado.

<b>Sol</b>
Libre yo caminaré 
       <b>mi m</b>
lo escabroso del camino
       <b>Do</b>            <b>Sol</b>
al dar yo paz a tu vivir 
            <b>Re</b>
y unamos destinos.

     <b>mi m</b>        <b>Do</b> <b>Re</b>
En camino. En camino
     <b>Sol</b>
En camino
