<b>mi m</b>               <b>Re</b>
No quiero cantar a Dios  
   <b>Do</b>               <b>la m</b>    <b>si m</b>
si no hay brillo de Dios en mí. 
<b>mi m</b>              <b>Re</b>
Para cantar sin vivir  
   <b>Do</b> <b>la m</b>  <b>si m</b>
mejor que calle. 

<b>mi m</b>                      <b>Re</b>
La fuerza de la voz y la Palabra  
  <b>Do</b>                     <b>la m</b>    <b>si m</b>
está en la exigencia de hacerlo vida.
<b>mi m</b>
No hay canto de Dios 
        <b>Re</b>
más fuerte y sereno
         <b>Do</b>         <b>la m</b>      <b>Si 7</b>
que el nacido en el alma del cantor. 

<b>la m</b>        <b>Si 7</b>
Si no vivo lo que pienso
<b>mi m</b>
¿para qué pensar? 
<b>la m</b>        <b>Si 7</b>
Si no vivo lo que escribo 
<b>mi m</b>
¿para qué escribir? 
<b>la m</b>        <b>Si 7</b>
Si no vivo lo que canto
<b>Do</b>
¿para qué cantar?
      <b>la m</b>           <b>Si 7</b>
Si no vivo lo que siento 
<b>mi m</b>            <b>Mi 7</b>
¿para qué sentir?

       <b>la m7</b>          <b>Si 7</b>
Si no vivo lo que escribo,
     <b>mi m</b>
lo que canto,  
        <b>Do</b>        <b>la m</b>       <b>Si 7</b>
lo que siento, mejor callar, 
        <b>mi m</b> <b>Mi 7</b>
mejor morir.  
       <b>la m7</b>         <b>Si 7</b>
Si no vivo lo que escribo, 
      <b>mi m</b>
lo que canto,  
        <b>Do</b>     <b>la m</b>       <b>Si 7</b>
lo que siento, mejor callar,
       <b>mi m</b>
mejor morir. 
