<strong>
<b>Mi</b>
En el nombre del Padre,  

en el nombre del Hijo,  
        <b>sol# m</b>         <b>do# m</b>  <b>La</b>
y en el nombre del Espíritu Santo
     <b>fa# m</b> <b>La</b>      <b>Si</b>         <b>Mi</b>
nos saludamos los hijos de Dios.
</strong>
           <b>Si</b>
Y el Padre es 
                   <b>Mi</b>
el que pensó en crearnos,
          <b>Si</b>              <b>Mi</b>
y el Hijo nos enseña como amar, 
       <b>La</b>
y el Espíritu Santo 
    <b>sol# m</b>        <b>do# m</b>
que viene a ayudarnos,
  <b>Fa#</b>          <b>Si</b>       <b>Mi</b>
haciendo que vivamos en paz (**)
