<b>mi m9</b>
Yo me denuncio ante ustedes 
        <b>Do maj7</b>
por decir que hay que orar 
  <b>Re</b>
y no buscar ni un instante 
    <b>mi m9</b>
y dejar los días pasar. 
         <b>Si 7</b>
Yo me denuncio. 

        <b>mi m9</b>
Yo me denuncio ante ustedes 
       <b>Do maj7</b>
por hablar de los pobres 
    <b>Re</b>
y mirarlos desde lejos 
     <b>mi m9</b>
sin conocer sus nombres. 
         <b>Si 7</b>         <b>la m7</b> <b>Si 7</b> <b>mi m9</b>
Yo me denuncio, yo me denuncio 
<strong>
     <b>Do maj7</b>   <b>Re</b>    <b>mi m</b>
En espíritu y en verdad, 
     <b>Do maj7</b>  <b>Re</b>     <b>mi m</b>
en espíritu y en verdad.
</strong>
         <b>mi m9</b>
Yo me denuncio ante ustedes 
      <b>Do maj7</b>
por anunciar el Evangelio 
    <b>Re</b>
y no atreverme siquiera 
    <b>mi m9</b>
a tocarlo con el dedo. 
         <b>Si 7</b>
Yo me denuncio. 

        <b>mi m9</b>
Yo me denuncio ante ustedes 
       <b>Do maj7</b>
por gritar comunidad 
    <b>Re</b>
y hacer mi propio camino 
     <b>mi m9</b>
sin contar con los demás. 
          <b>Si 7</b>        <b>la m7</b> <b>Si 7</b> <b>mi m9</b>
Yo me denuncio, yo me denuncio 
<strong>
En espíritu y en verdad... 
</strong>
<b>mi m9</b>
Yo me denuncio ante ustedes 
       <b>Do maj7</b>
por criticar la apariencia 
  <b>Re</b>
y dedicarme a lavar 
    <b>mi m9</b>
la copa por fuera. 
           <b>Si 7</b>
Yo me denuncio. 

        <b>mi m9</b>
Yo me denuncio ante ustedes 
       <b>Do maj7</b>
por cantar la libertad 
    <b>Re</b>
y quedarme a ras de tierra 
    <b>mi m9</b>
por vértigo a volar. 
         <b>Si 7</b>        <b>la m7</b> <b>Si 7</b> <b>mi m9</b>
Yo me denuncio, yo me denuncio.
<strong>
En espíritu y verdad...
</strong>
