<span id="reserved">Intro:</span> <b>Re</b> <b>Sol</b> <b>Re</b> <b>Sol</b>

   <b>Re</b>               <b>Sol</b>
Solía buscarte por fuera,
     <b>Re</b>                  <b>Sol</b>
olvidaba que ya estás en mí.
      <b>Re</b>
Has venido, me has morado,
          <b>Sol</b>
te has quedado,
      <b>mi m</b>                <b>La</b>
y te mueres por crecer en mí,
      <b>mi m</b>                <b>La</b>
y te mueres por crecer en mí.

      <b>Re</b>                 <b>Sol</b>
La razón no me permite vivirte,
        <b>Re</b>          <b>Sol</b>
hay demasiado yo en mí.
     <b>Re</b>              <b>Sol</b>
Sólo Tú puedes habitarme,
      <b>mi m</b>           <b>La</b>
quiero que vivas en mí,
      <b>mi m</b>                <b>La</b>
que seas libre dentro de mí.

    <b>si m</b>           <b>La</b>
Te busco para traerte
    <b>Re</b>                        <b>Sol</b>
y olvido que en lo hondo ya estás.
<b>Sol</b>         <b>La</b>
Quiero liberarte,
      <b>Re</b>             <b>Sol</b> <b>mi m</b>
liberarte y dejarte ser,
         <b>La</b>
dejarte ser.
<strong>
<b>si m</b>   <b>Sol</b>   <b>La</b>
Yo te dejaré, ¡quiero liberarte!
<b>si m</b>     <b>Sol</b> <b>La</b>
Y yo te dejaré,
          <b>Sol</b>            <b>La</b>
porque eres Tú, quien vive en mí,
             <b>Re</b>
quien vive en mí.
</strong>
    <b>Re</b>                <b>Sol</b>
No acepto el mientras tanto,
        <b>Re</b>                <b>Sol</b>
cada instante es dador de Ti.
     <b>Re</b>                      <b>Sol</b>
Te revelas y me buscas como loco,
     <b>mi m</b>            <b>La</b>
expectante en lo banal,
        <b>mi m</b>                  <b>La</b>
¡Ahí me dices qué quieres de mí!

      <b>Re</b>              <b>Sol</b>
Te abalanzas sobre mi alma
     <b>Re</b>                <b>Sol</b>
escondido en la casualidad:
   <b>Re</b>              <b>Sol</b>
en ella quiero abrazarte,
     <b>mi m</b>               <b>La</b>
descubrirte y darte mi sí.
 <b>mi m</b>        <b>La</b>
¡Vive Tú en mí!
<strong>
<b>si m</b>   <b>Sol</b>   <b>La</b>
Yo te dejaré, ¡quiero liberarte!
<b>si m</b>     <b>Sol</b> <b>La</b>
Y yo te dejaré,
          <b>Sol</b>            <b>La</b>
porque eres Tú, quien vive en mí,
             <b>Re</b>
quien vive en...(**)
</strong>
     <b>Sol</b>       <b>La</b>
¡Dejaré que Tú elijas,
<b>Re</b>               <b>Sol</b>
cómo y cuándo servir!
     <b>Sol</b>        <b>La</b>
¡Dejaré que tú elijas 
   <b>Re</b>                      <b>Sol</b> <b>mi m</b>
el modo en el que he de sentir! 
            <b>La</b>
¡Vive Tú en mí!
<strong>
<b>si m</b>  <b>Sol</b>   <b>La</b>
¡Oh, oooh, oh! ¡Quiero liberarte!
<b>si m</b>  <b>Sol</b>   <b>La</b>
¡Oh, oooh, oh! ¡Quiero liberarte!
<b>si m</b>  <b>Sol</b>   <b>La</b>
¡Oh, oooh, oh! ¡Quiero liberarte!
<b>si m</b>  <b>Sol</b>   <b>La</b>
¡Oh, oooh, oh!
         <b>Sol</b>           <b>La</b>
Porque eres Tú quien vive en mí,
              <b>Re</b>
quien vive en mí.
</strong>
<span id=cejilla-original>3</span>
