<b>La</b>
Te aferraste a mi existencia  
                          <b>Mi</b>
sin dejarme un segundo de lado.  
       <b>La</b>
Soy testigo de que entonces  
                          <b>Mi</b>
encendiste una luz en mis sueños.  
       <b>La</b>
Entre nubes de ceniza 
                           <b>Mi</b>
el futuro está sembrado de miedos.  
        <b>La</b>
En cada paso de la vida 
                        <b>Mi</b>
reconozco mi latir confiado.
<strong>
         <b>do# m</b>
Porque cuando sopla el viento  
        <b>La</b>                          <b>Mi</b>
pongo todo lo que tengo en tus manos.
         <b>do# m</b>
Porque fallan los abrazos  
        <b>La</b>                          <b>Mi</b>
pongo todo lo que tengo en tus manos.
            <b>do# m</b>
Cuando estoy abandonado  
        <b>La</b>                          <b>Mi</b>
pongo todo lo que tengo en tus manos.
      <b>do# m</b>
Si luchar es lo que quiero  
        <b>La</b>                       <b>Si</b> <b>Mi</b>
pongo todo lo que tengo en tus manos.
</strong>
<b>La</b>
Es estrecho tu camino 
                               <b>Mi</b>
como el surco que descubre un arado. 
       <b>La</b>
No me asustan los temblores 
                           <b>Mi</b>
ni ruidos que reclaman mi muerte.
        <b>La</b>
Es más fiable tu presencia 

que arriesgar la vida entera
     <b>Mi</b>
a la suerte.
     <b>La</b>
Eres todo lo que busco 

y desbordas mi inquietud
         <b>Mi</b>
de ser humano.
