<b>Mi</b>         <b>La</b>         <b>Mi</b>
Sin tu luz estamos mustios,
 <b>La</b>                <b>Mi</b>
apagados, tristes, grises,
     <b>Si</b>         <b>La</b>
encontramos mil caminos
              <b>Mi</b>
que nos dejan infelices.
<b>Si</b>                <b>La</b>
Pero el encuentro contigo,
                 <b>Mi</b>
a la Luz de tu Palabra,
                <b>Si</b>
me ilumina si te sigo
                 <b>La</b>
y resplandece mi alma.
<strong>
<b>Mi</b>     <b>La</b>          <b>Mi</b>
Es que Tú me haces brillar
                    <b>Si</b>
con una luz que no es mía
     <b>La</b>         <b>Mi</b>
y la puedo reflejar
                      <b>Si</b>
cual si fuera luz del día.
<b>Mi</b>   <b>La</b>              <b>Mi</b>
Y descubro que otros brillan
                  <b>Si</b>
muestran su mejor color,
   <b>La</b>            <b>Mi</b>
brillamos como familia
                 <b>Si</b>
sostenida en el amor.
     <b>La</b>              <b>Mi</b>
Descubrimos tantos dones,
                 <b>Si</b>
(<span id="reserved">2ª</span> <b>La</b>             <b>Mi</b>)
en ti brillamos, Señor (**)
</strong>
<b>Mi</b>       <b>La</b>         <b>Mi</b>
Tu luz me hace percibir
<b>La</b>                  <b>Mi</b>
la bondad de los hermanos,
 <b>Si</b>              <b>La</b>
la ternura del que ayuda
                     <b>Mi</b>
cuando te tiende una mano,
<b>Si</b>                 <b>La</b>
la ilusión, la paz la entrega
             <b>Mi</b>
y la generosidad
                  <b>Si</b>
del que carga con mis penas
               <b>La</b>     <b>Mi</b>
desde la fraternidad.
<strong>
<b>Mi</b>     <b>La</b>          <b>Mi</b>
Es que Tú me haces brillar
                    <b>Si</b>
con una luz que no es mía
     <b>La</b>         <b>Mi</b>
y la puedo reflejar
                      <b>Si</b>
cual si fuera luz del día.
<b>Mi</b>   <b>La</b>              <b>Mi</b>
Y descubro que otros brillan
                  <b>Si</b>
muestran su mejor color,
   <b>La</b>            <b>Mi</b>
brillamos como familia
                 <b>Si</b>
sostenida en el amor.
     <b>La</b>              <b>Mi</b>
Descubrimos tantos dones,
                 <b>Si</b>
(<span id="reserved">2ª</span> <b>La</b>             <b>Mi</b>)
en ti brillamos, Señor (**)
</strong>
<span id=cejilla-original>2</span>
