<strong>
 <b>Fa</b>          <b>Sib</b>       <b>Fa</b>
En un portal hoy en Belén
         <b>Do 7</b>           <b>Fa</b> <b>Sib</b> <b>Fa</b>
al mismo Dios verás nacer.
           <b>Sib</b>        <b>Fa</b>
Hoy en Belén en un portal
         <b>sol m</b>       <b>Do 7</b> <b>Fa</b>
al mismo Dios verás llorar.
</strong>
          <b>Sib</b>
Cualquier rincón de amor
           <b>Fa</b>
es cuna de Dios
             <b>Sol 7</b>
cualquier gemir del mal
         <b>Do 7</b>
es un llorar.

           <b>Sib</b>
Donde hay amor y bien
          <b>Fa</b>
renace Belén,
            <b>Sol 7</b>
donde hay dolor y mal
           <b>Do 7</b>
llorando está.
