<span id="reserved">Intro:</span> <b>Do</b> <b>Sol</b> <b>Do</b> <b>Sol</b>

<b>Fa</b>               <b>Sol</b>
Buscando entre recortes
                <b>Do</b>
de prensa he encontrado
<b>re m</b>             <b>Sol</b>
señales de tu ausencia 
                <b>Do</b>
y de nuestro naufragio.
     <b>Fa</b>                <b>Sol</b>
Si subido a la barca esperas
      <b>Mi</b>           <b>la m</b>
que abandone las trincheras
<b>Fa</b>              <b>re m</b>      <b>Do</b>    <b>Sol</b>
será que aún encuentras en mí algo.

<b>Fa</b>                 <b>Sol</b>
Si ya no escucho a nadie 
               <b>Do</b>
en las iglesias, 
<b>re m</b>            <b>Sol</b>                 <b>Do</b>
si excuso mi fracaso en tu ausencia,
   <b>Fa</b>                     <b>Sol</b>
si sigues dejando en mi espalda
    <b>Mi</b>           <b>la m</b>
las señales de tus manos,
<b>Fa</b>   (<b>mi m</b>)      <b>re m</b>       <b>Do</b>    <b>Sol</b>
será que aún esperas de mí algo.
<strong>
  <b>Fa</b>         <b>Do</b>
Y cogeré mis bultos,
    <b>Fa</b>             <b>Sol</b>
las dudas y los fracasos
         <b>Fa</b>               <b>Do</b>
y me pondré de nuevo en camino,
        <b>Fa</b>          <b>Sol</b>
con los ánimos reforzados
  <b>Fa</b>               <b>Do</b>
y te buscaré en el agua
     <b>Fa</b>             <b>Sol</b>
y me apoyaré en tus pasos.
       <b>Fa</b>        <b>Do</b>   <b>Fa</b>       <b>Sol</b>  <b>Do</b>
Porque solamente Tú esperas de mí algo.
</strong>
<b>Fa</b>
Y ahora siento que 
<b>Sol</b>                <b>Do</b>
todo ha cobrado sentido.
        <b>re m</b>
Que las noches que 
    <b>Sol</b>          <b>Do</b>
he pasado en el exilio
    <b>Fa</b>           <b>Sol</b>
se mecían en tus brazos
   <b>Mi</b>         <b>la m</b>
acunándome despacio.
       <b>Fa</b>        <b>re m</b>      <b>Do</b>    <b>Sol</b>
Porque todavía esperas de mí algo.

       <b>Fa</b>           <b>Sol</b>         <b>Do</b>
Y las miradas de la gente de mi lado
       <b>re m</b>                 <b>Sol</b>
se han tornado en un gris oscuro
              <b>Do</b>
hasta el relámpago
       <b>Fa</b>           <b>Sol</b>
porque ven en mí destellos,
        <b>Mi</b>           <b>la m</b>
que yo nunca había notado.
     <b>Fa</b>   (<b>mi m</b>)
Será porque ahora 
  <b>re m</b>        <b>Do</b>      <b>Sol</b>
encuentran en mí algo.
<strong>
  <b>Fa</b>         <b>Do</b>
Y cogeré mis bultos,
    <b>Fa</b>             <b>Sol</b>
las dudas y los fracasos
         <b>Fa</b>               <b>Do</b>
y me pondré de nuevo en camino,
        <b>Fa</b>          <b>Sol</b>
con los ánimos reforzados
  <b>Fa</b>               <b>Do</b>
y te buscaré en el agua
     <b>Fa</b>             <b>Sol</b>
y me apoyaré en tus pasos.
       <b>Fa</b>        <b>Do</b>   <b>Fa</b>       <b>Sol</b>  <b>Do</b>
Porque solamente Tú esperas de mí algo.
</strong>
