<b>La</b>            <b>Re</b>
Luz para mis sombras,
<b>Mi</b>          <b>La</b>  <b>do# m</b>
luz te pido yo. 
  <b>fa# m</b>      <b>si m</b>
Enciende mi mirada
    <b>Mi</b>             <b>La</b> <b>Mi</b>
con la luz de tu amor. 
<b>La</b>            <b>Re</b>
Gentes que iluminen, 
<b>Mi</b>        <b>La</b>  <b>do# m</b>
eso pides Tú,  
      <b>fa# m</b>         <b>si m</b>
que alumbren esta tierra,
     <b>Mi</b>            <b>La</b>
que prendan con tu luz.
<strong>
  <b>Re</b>         <b>Mi</b>         <b>La</b>
Aquí estoy, Señor, envíame
 <b>si m</b>         <b>fa# m</b>
Aquí estoy, Señor,
  <b>Mi</b>    <b>La</b>  (<span id="reserved">2ª:</span> <b>Re</b>)
aquí estoy. (**) 
</strong>
<b>La</b>          <b>Re</b>
Sal para mi vida,
<b>Mi</b>       <b>La</b>  <b>do# m</b>
eso pido yo,  
    <b>fa# m</b>     <b>si m</b>
que la monotonía 
   <b>Mi</b>          <b>La</b>  <b>Mi</b>
no da ningún sabor. 
<b>La</b>          <b>Re</b>
Gentes como sal,
<b>Mi</b>        <b>La</b>  <b>do# m</b>
eso pides Tú,  
     <b>fa# m</b>        <b>si m</b>
que salen esta tierra,
    <b>Mi</b>         <b>La</b>
que sean sal y luz.
<strong>
  <b>Re</b>         <b>Mi</b>         <b>La</b>
Aquí estoy, Señor, envíame
 <b>si m</b>         <b>fa# m</b>
Aquí estoy, Señor,
  <b>Mi</b>    <b>La</b>  (<span id="reserved">2ª:</span> <b>Re</b>)
aquí estoy. (**) 
</strong>
<b>La</b>            <b>Re</b>
Paz para mis guerras, 
<b>Mi</b>       <b>La</b>  <b>do# m</b>
eso pido yo, 
       <b>fa# m</b>       <b>si m</b>
que el odio no me venza  
   <b>Mi</b>               <b>La</b> <b>Mi</b>
ni me ciegue el rencor. 
<b>La</b>          <b>Re</b>
Paz para la tierra,  
<b>Mi</b>        <b>La</b> <b>do# m</b>
eso pides Tú.  
    <b>fa# m</b>             <b>si m</b>
Que se abran las fronteras 
       <b>Mi</b>           <b>La</b>
que separan norte y sur.
<strong>
  <b>Re</b>         <b>Mi</b>         <b>La</b>
Aquí estoy, Señor, envíame
 <b>si m</b>         <b>fa# m</b>
Aquí estoy, Señor,
  <b>Mi</b>    <b>La</b>  (<span id="reserved">2ª:</span> <b>Re</b>)
aquí estoy. (**) 
</strong>
