<b>Mi</b>
¡Que bello es anunciar 
          <b>Si 7</b>
sobre los montes tu palabra!
<b>do# m</b>
Gritar entre las gentes 
        <b>sol# m</b>
que es posible tu evangelio.
<b>La</b>
Ser carta de Dios
      <b>Mi</b>
que escriba cada día
    <b>La</b>
que todos hemos de ser 
          <b>Si 7</b>
tu gran familia. (**)
<strong>
<b>La</b>       <b>Sol# m</b>
Envíame, envíame,
   <b>do# m</b>
tu paz y tu alegría.
<b>La</b>       <b>Si 7</b>
Envíame, envíame,
      <b>Mi</b>
tu impulso y tu esperanza.
    <b>La</b>         <b>Si 7</b>
Que siembre tu semilla
   <b>sol# m</b>     <b>do# m</b>
en medio del dolor
        <b>La</b>           <b>Si 7</b>
y la violencia que deshace 
       <b>Mi</b>
las sonrisas.
</strong>
    <b>Mi</b>
Hoy siento que mi amor 
            <b>Si 7</b>
no ha de quedarse sólo en mí.
<b>do# m</b>
Siento que, de no darlo,
       <b>sol# m</b>
se pudriría en mis entrañas.
<b>La</b>
Hoy quiero cantar,
   <b>Mi</b>
gritar en cielo y tierra
     <b>La</b>
que siento en mi pobreza 
         <b>Si 7</b>
una gran fuerza (**)
<strong>
<b>La</b>       <b>Sol# m</b>
Envíame, envíame,
   <b>do# m</b>
tu paz y tu alegría.
<b>La</b>       <b>Si 7</b>
Envíame, envíame,
      <b>Mi</b>
tu impulso y tu esperanza.
    <b>La</b>         <b>Si 7</b>
Que siembre tu semilla
   <b>sol# m</b>     <b>do# m</b>
en medio del dolor
        <b>La</b>           <b>Si 7</b>
y la violencia que deshace 
       <b>Mi</b>
las sonrisas. (**)
</strong>
