<b>la m</b>              <b>Mi 7</b>      <b>la m</b>
Mándanos, Dios, tu Espíritu Santo,
  <b>Fa</b>       <b>Do</b>       <b>Mi</b>      <b>La 7</b>
envíanos, Dios, tu soplo de Padre,
        <b>re m</b>       <b>Sol</b>
que nos haga entender
    <b>Do</b>         <b>la m</b>
que tu fraternidad
<b>re m</b>   <b>Mi 7</b>           <b>la m</b> <b>Mi</b>
somos toda la humanidad.
<strong>
 <b>la m</b>    <b>La 7</b>          <b>re m</b>  <b>Sol</b>
Padre, alúmbranos, ¡danos luz!
  <b>Do</b>           <b>la m</b>
infunde en las almas
       <b>re m</b>         <b>Mi 7</b>
de los hombres tu amor
    <b>la m</b>   <b>La 7</b>    <b>re m</b>
que nadie quede fuera
   <b>Fa</b>  <b>Mi 7</b>     <b>la m</b> <b>Mi</b>
de nuestro corazón.
</strong>
<b>la m</b>
¡Ven, Santo Espíritu!, 
<b>Mi 7</b>        <b>la m</b>
renueva la Tierra,
 <b>Fa</b>        <b>Do</b>    <b>Mi</b>         <b>La 7</b>
tráenos tu soplo que nos convierta,
   <b>re m</b>      <b>Sol</b>      <b>Do</b>      <b>la m</b>
pongamos la vida en vivir tu plan,
    <b>re m</b>    <b>Mi 7</b>                  <b>la m</b> <b>Mi</b>
que todos sintamos tu amor y tu paz.
