<strong>
<span id="reserved">Intro:</span> <b>Do</b> <b>Sol</b> <b>la m</b> <b>mi m</b> <b>Fa</b> <b>Do</b> <b>Sol</b>

<b>Do</b>   <b>Sol</b>        <b>la m</b> <b>mi m</b>
Es Jesús la esperanza 
        <b>Fa</b>       <b>Sol</b>
que nos trae la paz
<b>Do</b>     <b>Sol</b>    <b>la m</b> <b>mi m</b>
Es su amor infinito...
   <b>Fa</b>    <b>Sol</b>   <b>Do</b>
Jesús es la verdad.
</strong>
<b>Do</b>    <b>Sol</b>
Él me dijo:
<b>la m</b>   <b>mi m</b>  <b>Fa</b>             <b>Sol</b>
"Deja todo y tendrás libertad
<b>Do</b>    <b>Sol</b>    <b>la m</b>  <b>mi m</b>
Soy camino, agua limpia, 
<b>Fa</b>      <b>Sol</b>        <b>Do</b>
de este gran manantial"
<b>Do</b>    <b>Sol</b>  <b>la m</b>     <b>mi m</b>
Él me dijo que si amamos
<b>Fa</b>           <b>Sol</b>
ya hay felicidad
<b>Do</b>     <b>Sol</b>           <b>mi m</b>
si soy signo en este mundo
<b>Fa</b>   <b>Sol</b>   <b>Do</b>  <b>Sol</b>
de solidaridad.

<b>Do</b>    <b>Sol</b>      <b>la m</b>  <b>mi m</b>
Él nos guía en la pobreza
 <b>Fa</b>             <b>Sol</b>
compartiendo su pan
<b>Do</b>     <b>Sol</b>     <b>la m</b>  <b>mi m</b>
sé sencillo en esta mesa
<b>Fa</b>    <b>Sol</b>      <b>Do</b>
que Jesús llegará.
<b>Do</b>     <b>Sol</b>     <b>la m</b>    <b>mi m</b>
Él me anima en la tristeza
  <b>Fa</b>            <b>Sol</b>
de este mundo fatal
<b>Do</b>    <b>Sol</b>  <b>la m</b>   <b>mi m</b>
sé testigo y despierta,
<b>Fa</b>      <b>Sol</b>     <b>Do</b>  <b>Sol</b>
esta es tu realidad.
