<b>Sol</b>  <b>Do</b>      <b>Sol</b>
Es, tu amigo es, 
        <b>Do</b>          <b>Re</b>    <b>Sol</b>
una persona que te quiere así, 
          <b>Do</b>              <b>Sol</b>
tal como eres tú, así te acepta él, 
         <b>Do</b>
y cuando habla siempre 
                <b>Re</b>
lo hace con sinceridad.
         <b>Sol</b> <b>Do</b>        <b>Sol</b>
Pues sabe él que sabes tú 
          <b>Do</b>           <b>Re</b>       <b>Sol</b>
el gusto amargo de lo que es verdad,
          <b>Do</b>              <b>Sol</b>
pero al decírselo abre su corazón, 
              <b>Do</b>          <b>Re</b>
porque es tu amigo ¡y eso basta!.
<strong>
<b>Sol</b> <b>Do</b>         <b>Sol</b> <b>Do</b>
Es... tu amigo es, 
             <b>Sol</b>          <b>Re</b>
aquel que está a tu lado, es 
       <b>Do</b>                      <b>mi m</b>
la sonrisa que contagia con su música,
       <b>Do</b>          <b>Re</b>   <b>Do</b> <b>Re</b>
y a cantarla somos tú y yo. 
<b>Sol</b> <b>Do</b>        <b>Sol</b> <b>Do</b>
Es... un coro es, 
            <b>Sol</b>             <b>Re</b>
cuanto más grande sea mejor es, 
        <b>Do</b>          <b>mi m</b>
oh, oh, oh, oh, oh, oh, ooh 
       <b>Do</b>          <b>Re</b>   <b>Do</b>
y a cantarla somos tú y yo. 
</strong>
<b>Sol</b> <b>Do</b>       <b>Sol</b>
Es, tu amigo es, 
          <b>Do</b>           <b>Re</b>  <b>Sol</b>
lo más precioso de la compañía. 
         <b>Do</b>              <b>Sol</b>
y que te ayudará si necesitas de él,
         <b>Do</b>                     <b>Re</b>
y muchas veces te parecerá imposible.
        <b>Sol</b> <b>Do</b>       <b>Sol</b>
Pero es él, tu amigo es. 
          <b>Do</b>           <b>Re</b>   <b>Sol</b>
lo que te falta a ti para vivir. 
             <b>Do</b>
te empuja a caminar, 
          <b>Sol</b>
te deja a ti ganar
              <b>Do</b>           <b>Re</b>
porque es tu amigo ¡y eso basta!
<strong>
<b>Sol</b> <b>Do</b>         <b>Sol</b> <b>Do</b>
Es... tu amigo es, 
             <b>Sol</b>          <b>Re</b>
aquel que está a tu lado, es 
       <b>Do</b>                      <b>mi m</b>
la sonrisa que contagia con su música,
       <b>Do</b>          <b>Re</b>   <b>Do</b> <b>Re</b>
y a cantarla somos tú y yo. 
<b>Sol</b> <b>Do</b>        <b>Sol</b> <b>Do</b>
Es... un coro es, 
            <b>Sol</b>             <b>Re</b>
cuanto más grande sea mejor es, 
        <b>Do</b>          <b>mi m</b>
oh, oh, oh, oh, oh, oh, ooh 
       <b>Do</b>          <b>Re</b>   <b>Do</b>
y a cantarla somos tú y yo. 
</strong>
<b>Sol</b> <b>Do</b>       <b>Sol</b>
Es, tu amigo es, 
        <b>Do</b>             <b>Re</b>   <b>Sol</b>
Uno que te ama y no te pide más;
        <b>Do</b>               <b>Sol</b>
y tus locuras él aguanta cada día 
             <b>Do</b>
tanto que, a veces,
               <b>Re</b>
de su vida te apartaría. 
       <b>Sol</b>  <b>Do</b>      <b>Sol</b>
Pero es él, como tu piel, 
         <b>Do</b>            <b>Re</b>   <b>Sol</b>
En este mundo no hay nada mejor.
         <b>Do</b>
No se lo pintes bien,
      <b>Sol</b>
y díselo tal cual,
              <b>Do</b>          <b>Re</b>
porque es tu amigo ¡y eso basta!
<strong>
<b>Sol</b> <b>Do</b>         <b>Sol</b> <b>Do</b>
Es... tu amigo es, 
             <b>Sol</b>          <b>Re</b>
aquel que está a tu lado, es 
       <b>Do</b>                      <b>mi m</b>
la sonrisa que contagia con su música,
       <b>Do</b>          <b>Re</b>   <b>Do</b> <b>Re</b>
y a cantarla somos tú y yo. 
<b>Sol</b> <b>Do</b>        <b>Sol</b> <b>Do</b>
Es... un coro es, 
            <b>Sol</b>             <b>Re</b>
cuanto más grande sea mejor es, 
        <b>Do</b>          <b>mi m</b>
oh, oh, oh, oh, oh, oh, ooh 
       <b>Do</b>          <b>Re</b>   <b>Do</b>
y a cantarla somos tú y yo. 
</strong>
