<b>Mi</b>                    <b>Si</b>
Si yo creo en un dios triste o enojado,
     <b>La</b>                         <b>Mi</b>
y pretendo reflejarlo como un espejo,
      <b>Si</b>                     <b>La</b>
el destello será nulo y apagado.
    <b>do# m</b>         <b>Si</b>  <b>La</b>         <b>Mi</b>
Los demás solo verán a Dios muy lejos
 <b>Si</b>                       <b>La</b>
Mi tarea es ser reflejo cada día
                            <b>Mi</b>
de esa Luz que todo deja iluminado
                                 <b>Si</b>
y anunciar a Dios, cargado de alegría
       <b>La</b>                    <b>Si</b>
porque Cristo vive, ha resucitado.
<strong>
<b>Mi</b>       <b>Si</b>         <b>La</b>      <b>Mi</b>
Toma mis manos para ser tu abrazo.
         <b>Si</b>                  <b>La</b>
Toma mis ojos para hacer tus guiños.
          <b>Si</b>         <b>do# m</b> <b>Si</b> <b>La</b>
Toma mis oídos para estar al tanto
     <b>fa# m</b>                  <b>Si</b>
y mi corazón para dar tu cariño.
 <b>La</b>     <b>Si</b>             <b>do# m</b>
Oír los gritos del que no tiene voz
     <b>La</b>       <b>fa# m</b>      <b>Si</b>
acariciando a los abandonados.
<b>Mi</b>       <b>Si</b>          <b>do# m</b> <b>Si</b> <b>La</b>
Ser mensajera de tu amor, Señor.
          <b>fa# m</b>  <b>Si</b>          <b>La</b> (<span id="reserved">2ª:</span> <b>Mi</b>)
Qué sepan todos que has resucitado (**)
</strong>
<span id=cejilla-original>1</span>
