                  <b>La 9</b>
Estate, Señor, conmigo, 
                     <b>Re 9</b>
siempre sin jamás partirte
                  <b>Mi 6</b>
y cuando decidas irte,
                  <b>La 9</b>
llévame Señor contigo.

Porque el pensar que te irás 
                     <b>Re 9</b>
me causa un terrible miedo,
                   <b>Mi 6</b> <b>Mi 7</b>
de si yo sin Ti me quedo, 
                   <b>La 9</b>  <b>La</b>
de si Tú sin mí te vas.
<strong>
                 <b>Re</b>
Llévame en tu compañía 
<b>Mi /</b><b>Re</b>            <b>do# m</b>
donde Tú vayas, Jesús,
<b>fa# m</b>                   <b>si m7</b>
porque bien sé que eres Tú
   <b>Mi 6</b>           <b>La 9</b>  <b>La</b>
la vida del alma mía.
                 <b>Re</b>
Si Tú vida no me das,
 <b>Mi /</b><b>Re</b>              <b>do# m</b>
yo sé que vivir no puedo.
<b>fa# m</b>               <b>si m7</b>   <b>Mi 6</b>
Ni si yo sin Ti me quedo,
                   <b>La 9</b>
ni si Tú sin mí te vas.
</strong>

Por eso más que a la muerte
                 <b>Re 9</b>
temo Señor tu partida
                 <b>Mi 6</b>
y quiero perder la vida
                  <b>La 9</b>
mil veces más que perderte.

Pues la inmortal que Tú das
                     <b>Re 9</b>
sé que alcanzarla no puedo,
                 <b>Mi 6</b>  <b>Mi 7</b>
cuando yo sin Ti me quedo,
                    <b>La 9</b>  <b>La</b>
cuando Tú sin mí te vas.
<strong>
                 <b>Re</b>
Llévame en tu compañía 
<b>Mi /</b><b>Re</b>            <b>do# m</b>
donde Tú vayas, Jesús,
<b>fa# m</b>                   <b>si m7</b>
porque bien sé que eres Tú
   <b>Mi 6</b>           <b>La 9</b>  <b>La</b>
la vida del alma mía.
                 <b>Re</b>
Si Tú vida no me das,
 <b>Mi /</b><b>Re</b>              <b>do# m</b>
yo sé que vivir no puedo.
<b>fa# m</b>               <b>si m7</b>   <b>Mi 6</b>
Ni si yo sin Ti me quedo,
                   <b>La 9</b>
ni si Tú sin mí te vas.
</strong>

