<b>mi m</b>
Pascua sagrada,
    <b>Do</b>           <b>Si 7</b>
¡oh fiesta de la luz!<strong>
<b>Sol</b>        <b>Re</b>  <b>mi m</b> <b>la m</b> <b>Si 7</b>
Este es el día del Señor.</strong>

Despierta, tú que duermes,
       <b>mi m</b>           <b>Re</b>
y el Señor te alumbrará.<strong>
<b>Sol</b>  <b>Re</b>  <b>mi m</b> <b>la m</b> <b>Si 7</b> <b>mi m</b>
Aleluya, a___le__lu__ya.
</strong>
<b>mi m</b>
Pascua sagrada,
¡oh fiesta universal!<strong>
<b>Sol</b>        <b>Re</b>  <b>mi m</b> <b>la m</b> <b>Si 7</b>
Este es el día del Señor.</strong>

el mundo renovado
         <b>mi m</b>          <b>Re</b>
canta un himno a su Señor.<strong>
<b>Sol</b>  <b>Re</b>  <b>mi m</b> <b>la m</b> <b>Si 7</b> <b>mi m</b>
Aleluya, a___le__lu__ya.
</strong>

<b>mi m</b>
Pascua sagrada,
    <b>Do</b>           <b>Si 7</b>
¡oh noche bautismal!<strong>
<b>Sol</b>        <b>Re</b>  <b>mi m</b> <b>la m</b> <b>Si 7</b>
Este es el día del Señor.</strong>

Del seno de las aguas
    <b>mi m</b>        <b>Re</b>
renacemos al Señor.<strong>
<b>Sol</b>  <b>Re</b>  <b>mi m</b> <b>la m</b> <b>Si 7</b> <b>mi m</b>
Aleluya, a___le__lu__ya.
</strong>

<b>mi m</b>
Pascua sagrada.
    <b>Do</b>         <b>Si 7</b>
¡Cantemos al Señor!<strong>
<b>Sol</b>        <b>Re</b>  <b>mi m</b> <b>la m</b> <b>Si 7</b>
Este es el día del Señor.</strong>

Vivamos la alegría
       <b>mi m</b>         <b>Re</b>
dada a luz en el dolor.<strong>
<b>Sol</b>  <b>Re</b>  <b>mi m</b> <b>la m</b> <b>Si 7</b> <b>mi m</b>
Aleluya, a___le__lu__ya.
</strong>

<b>mi m</b>
Cantad al Señor
    <b>Do</b>       <b>Si 7</b>
un cántico nuevo.<strong>
<b>Sol</b>        <b>Re</b>  <b>mi m</b> <b>la m</b> <b>Si 7</b>
Este es el día del Señor.</strong>

Cantad al Señor
<b>mi m</b>     <b>Re</b>
toda la tierra.<strong>
<b>Sol</b>  <b>Re</b>  <b>mi m</b> <b>la m</b> <b>Si 7</b> <b>mi m</b>
Aleluya, a___le__lu__ya.
</strong>

<b>mi m</b>
Alabad, alabad
  <b>Do</b>          <b>Si 7</b>
siervos del Señor.<strong>
<b>Sol</b>        <b>Re</b>  <b>mi m</b> <b>la m</b> <b>Si 7</b>
Este es el día del Señor.</strong>

Alabad el nombre 
<b>mi m</b>   <b>Re</b>
del Señor.<strong>
<b>Sol</b>  <b>Re</b>  <b>mi m</b> <b>la m</b> <b>Si 7</b> <b>mi m</b>
Aleluya, a___le__lu__ya.
</strong>

<b>mi m</b>
Alabad al Señor
  <b>Do</b>        <b>Si 7</b>
todas las naciones<strong>
<b>Sol</b>        <b>Re</b>  <b>mi m</b> <b>la m</b> <b>Si 7</b>
Este es el día del Señor.</strong>
Aclamadlo todos
los pueblos.<strong>
<b>Sol</b>  <b>Re</b>  <b>mi m</b> <b>la m</b> <b>Si 7</b> <b>mi m</b>
Aleluya, a___le__lu__ya.
</strong>

<b>mi m</b>
Pueblos todos,
<b>Do</b>       <b>Si 7</b>
batid palmas.<strong>
<b>Sol</b>        <b>Re</b>  <b>mi m</b> <b>la m</b> <b>Si 7</b>
Este es el día del Señor.</strong>

Alabad a Dios
     <b>mi m</b>       <b>Re</b>
con gritos de júbilo.<strong>
<b>Sol</b>  <b>Re</b>  <b>mi m</b> <b>la m</b> <b>Si 7</b> <b>mi m</b>
Aleluya, a___le__lu__ya.
</strong>

