<b>re m</b>
Adónde va la historia 
                <b>Sib</b>
Dónde viven los muertos 
 <b>Do</b>
Adónde van los sudores 
<b>Sib</b>
De mi padre de mi abuelo 
<b>Do</b>
Dónde están las metas 
                <b>re m</b>
Dónde están los puertos. 

<b>re m</b>
Dónde están los horizontes 
                <b>Sib</b>
Dónde habitan los héroes 
 <b>Do</b>
Adónde conducen mis pasos 
<b>Sib</b>
Este insomnio y esta lucha 
<b>Do</b>
Tantos y tantos días 
                <b>re m</b>
Tantos y tantos años. 
<strong>
<b>Fa</b>    <b>Do</b>             <b>Sib</b>  <b>Do</b>
Quedará impune la historia 
<b>Fa</b>    <b>Do</b>          <b>Sib</b>   <b>Do</b>
No veremos más el cielo 
<b>Fa</b>       <b>Do</b>       <b>Sib</b>    <b>Do</b>
No me resigno, no quiero 
    <b>La</b>                   <b>re m</b>
Pensar que no existe la gloria. 
</strong>
<b>re m</b>
Adónde vuelan los sueños, 
                <b>Sib</b>
Por qué tantas heridas 
   <b>Do</b>
Por dónde queda el dorado 
<b>Sib</b>
Y el mártir y el comunista 
<b>Do</b>
El suicida convencido 
                  <b>re m</b>
Y el daré por ti la vida.

<b>re m</b>
Dónde emigraron las aves 
                  <b>Sib</b>
que al calor del sol, vinieron 
 <b>Do</b>
Del sol que alentaba el grito 
<b>Sib</b>
Del sol que llenaba el cielo 
<b>Do</b>
De la guerra de los puños 
                <b>re m</b>
De los cantos, de los versos.
<strong>
Quedará impune la historia...
</strong>
