<strong>
<b>Do</b>            <b>Fa</b>             <b>Do</b>
Estoy alegre, por qué estás alegre.
<b>Do</b>            <b>Fa</b>       <b>Sol</b>
Estoy alegre, dime por qué.
<b>Do</b>            <b>Fa</b>             <b>So</b>
Estoy alegre, por qué estás alegre,
 Fa      Sol    Do  So7
eso quiero yo saber.
</strong>
          <b>Fa</b>                <b>Do</b>
Quiero contarte, quieres contarme,
                   <b>Sol</b>
la razón de estar alegre así.

 <b>Do</b>
Cristo un día me salvó,
<b>Fa</b>            <b>Do</b>
y también me transformó,
           <b>Sol</b>      <b>Do</b>
y por eso alegre estoy.
