<span id="reserved">Intro:</span> <b>Re 9</b> <b>Re</b> <b>Do 9</b> <b>Sol /</b><b>Si</b> <b>Sol</b> <b>Re</b> (<span id="reserved">**</span>)
           <b>La</b>          <b>Re</b>
Se nos marchó la inquietud,
   <b>Sol</b>     <b>La</b>     <b>Re</b>
las ansias de ser libres,
<b>fa# m</b>
las promesas
          <b>si m</b>
que otros días hicimos,
<b>La</b>      <b>Re</b>
de nada sirven.
         <b>La</b>       <b>Re</b>
Hemos cambiado la paz
       <b>Sol</b> <b>La</b>   <b>fa# m</b>
que un día prometimos
<b>Sol</b> <b>La</b>          <b>Re</b>
por la tranquilidad que nos da
<b>La</b>     <b>Re</b>
el inhibirnos.

         <b>La</b>         <b>Re</b>
Hemos llegado a olvidar
    <b>Sol</b>    <b>La</b>       <b>Re</b>
nuestra misión de hermanos,
<b>fa# m</b>             <b>si m</b>
esquivando todo aquello que exige
<b>La</b>       <b>Re</b>
unir las manos.
        <b>La</b>        <b>Re</b>
Estamos hartos de ver
   <b>Sol</b>    <b>La</b>  <b>fa# m</b>
un mundo agonizando,
<b>Sol</b> <b>La</b>       <b>Re</b>
pero no os movemos a hacer
<b>La</b>         <b>Re</b>
que siga andando.
<strong>
          <b>La</b>         <b>Re</b>
Vamos que ya ha amanecido,
    <b>Sol</b>                <b>La</b>
un camino tenemos que andar,
<b>Sol</b>        <b>La</b>     <b>Re</b>
si no lo hacemos unidos,
    <b>Sol</b>                 <b>La</b>
no podremos llegar al final.
<b>Sol</b>        <b>fa# m</b>        <b>si m</b>
Hay muchas cosas que hacer,
  <b>Sol</b>    <b>La</b>     <b>Re</b>
y muchas por cambiar.
<b>Sol</b>       <b>Re</b>
Luchemos unidos,
<b>Sol</b>                 <b>La</b>
vivamos la gran ilusión,
    <b>Re</b>
¡despertad!

          <b>La</b>      <b>Re</b>
Se nos mandó terminar
   <b>Sol</b>    <b>La</b>  <b>Re</b>
un mundo inacabado,
<b>fa# m</b>             <b>si m</b>
y nuestra sed egoísta de gloria
<b>La</b>          <b>Re</b>
lo ha sentenciado.
       <b>La</b>       <b>Re</b>
Si no logramos unir
   <b>Sol</b>     <b>La</b>   <b>fa# m</b>
la fe y el movimiento
<b>Sol</b> <b>La</b>           <b>Re</b>
lo que estamos diciendo será
<b>La</b>          <b>Re</b>
tan sólo un cuento.
