<b>Re</b>
Cada muro que se tira
      <b>Do</b>
y se vuelve a levantar,
     <b>Sol</b>
cada idea perseguida 
        <b>Re</b>          <b>La</b>
porque busca la verdad,
     <b>Re</b>
cada grito que es ahogado
        <b>Do</b>
porque grita libertad,
      <b>Sol</b>
cada guerra que se inicia
       <b>Re</b>        <b>La</b>
en el nombre de la paz,<strong>
        <b>Do</b>          <b>Sol</b>
están encendiendo antorchas
       <b>Re</b>       <b>La</b>
que reclaman atención. (**)
</strong>
<b>Re</b>
Cada vida ajusticiada
      <b>Do</b>
en manos del opresor,
     <b>Sol</b>
cada niño abandonado
     <b>Re</b>          <b>La</b>
víctima del desamor,
     <b>Re</b>
cada grano que se muere
     <b>Do</b>
en Soweto o El Salvador,
     <b>Sol</b>
cada hombre marginado
       <b>Re</b>          <b>La</b>
por su credo o su color, <strong>
        <b>Do</b>          <b>Sol</b>
están encendiendo antorchas
       <b>Re</b>       <b>La</b>
que reclaman atención. (**)

<b>Re</b>                <b>Do</b>
cuando su luz sea vista de una vez,
<b>Sol</b>               <b>Re</b>
es posible que empecemos 

otra vez. (**)
</strong>
<b>Re</b>
Cada herida que se abre 
     <b>Do</b>
y no se vuelve a cerrar,
     <b>Sol</b>
cada libro que es prohibido 
       <b>Re</b>           <b>La</b>
por tratar de iluminar.
     <b>Re</b>
Cada mano que se extiende 
       <b>Do</b>
y no encuentra receptor,
     <b>Sol</b>
cada bala disparada 
             <b>Re</b>    <b>La</b>
sea cual sea el cañón, <strong>
        <b>Do</b>          <b>Sol</b>
están encendiendo antorchas
       <b>Re</b>       <b>La</b>
que reclaman atención. (**)
</strong>

