<b>G</b>
Sé que hay
            <b>B m</b>
Algún exoplaneta
                 <b>C</b>
Que estamos valorando
             <b>G</b>
Ir a colonizar

                  <b>B m</b>
 Y tengo una propuesta
                 <b>C</b>
Si todas esas pruebas 
                 <b>G</b>
no se te dieran mal
                  <b>B m</b>
Que vayas voluntaria  
                <b>C</b>
a abandonar la Tierra
         <b>C m</b>    <b>G</b>
e irte a 571 -/9a

<b>G</b>  <b>B m</b>  <b>C</b>  <b>G</b>

<b>G</b>
No será un viaje tan largo 
                   <b>B m</b>
a mil años luz de acá

No será nada comparado 
                    <b>C</b>
con tu propia realidad
                       <b>G</b>
Que sé que ha ido regular

<b>G</b>
No le tengas miedo al tiempo 
                   <b>B m</b>
tampoco a la oscuridad

Suelen regalar linternas 
                 <b>C</b>
de muy buena calidad
                       <b>G</b>
En el vacío no hay maldad

<b>G</b>                 <b>B m</b>
Yo te iré a visitar
               <b>C</b>
Fundaremos Cartagena
                   <b>G</b>
En otro sistema solar
                     <b>B m</b>
Olvidaremos los problemas
                      <b>C</b>
Del futuro y la ansiedad
                           <b>G</b>
Que no se han inventado allá

                   <b>B m</b>
Y pondremos La Alameda
                      <b>C</b>
Mucho más cerca del mar
                      <b>G</b>
Para podernos encontrar
                          <b>G</b>
Entre las olas y el chaflán

<b>G</b>  <b>B m</b>  <b>C</b>  <b>G</b>
                     <b>B m</b>
Incendiaré el Cartagonova
                   <b>C</b>
En algún día especial
                         <b>C m</b>
Para que vean nuestro lugar
                          <b>G</b>
Los que se han quedado atrás
