<b>Re</b>
¿Por qué me enseñas caminos 
     <b>Sol</b>            <b>Re</b>
que ando con el corazón
<b>Sol</b>              <b>Re</b>
llenan mi alma contigo
                          <b>La</b>
y mi vida no es de ellos razón?
<b>Re</b>
¿De qué me sirve tanta luz, 
      <b>Sol</b>           <b>Re</b>
tanto fuego, tanto amor
<b>Sol</b>               <b>Re</b>
si al final estoy ciego 
                    <b>La</b>
y mis hechos apagan tu calor?
<b>Re</b>
¿Por qué me hiciste tan fuerte 
     <b>Sol</b>            <b>Re</b>
y me diste tanta convicción
<b>Sol</b>                <b>Re</b>
si lo que produzco es muerte 
                  <b>La</b>
y soy causa de contradicción?
<strong>
<b>Sol</b>               <b>La</b>
Lo que aprendí, conocimiento. 
       <b>Re</b>           <b>si m</b>
De lo que viví, sabiduría.
<b>mi m</b>               <b>La</b>
Y cuando quiero vivir tu evangelio, 
    <b>mi m</b>
yo siento que miento,
<b>La</b>
que es teoría. (**)
</strong>
<b>Re</b>
¿Cuál es la razón para quererte?
       <b>Sol</b>               <b>Re</b>
¿De dónde la sed para buscarte?
        <b>Sol</b>               <b>Re</b>
Si eres Tú quien me da la sed de ti, 
       <b>La</b>
desnúdame.
           <b>Sol</b>
Que con la mente limpia 
             <b>La</b>
y el corazón abierto
          <b>Sol</b>       <b>La</b>       <b>Re</b>
un día me encuentre muerto a mí.
<strong>
<b>Sol</b>             <b>La</b>
En mi pobreza y en mis miedos, 
<b>fa# m</b>            <b>si m</b>
en mi locura y en mis retos,
<b>Sol</b>           <b>La</b>
te pido a ti, Dios de mi vida, 
<b>mi m</b>             <b>La</b>
haz de mi nada, fuente viva.

<b>Sol</b>               <b>La</b>
Lo que aprendí, conocimiento. 
       <b>Re</b>           <b>si m</b>
De lo que viví, sabiduría.
<b>mi m</b>               <b>La</b>
Y cuando quiero vivir tu evangelio, 
    <b>mi m</b>
yo siento que miento,
<b>La</b>
que es teoría. (**)
</strong>
