<strong>
<b>re m</b>              <b>La</b>
Veinticinco de diciembre,
<b>re m</b>  <b>La</b>   <b>re m</b>
fun, fun, fun. (**)
</strong>
    <b>Fa</b>    <b>Do</b>   <b>Fa</b>
Un niñito muy bonito
<b>Do</b>   <b>Fa</b>      <b>Do</b>    <b>Fa</b>
ha nacido en un portal
       <b>sol m</b>      <b>La</b>
con su carita de rosa
    <b>Sib</b>            <b>La</b>
parece una flor hermosa,
<b>re m</b>  <b>La</b>   <b>re m</b>
fun, fun, fun.
<strong>
<b>re m</b>             <b>La</b>
Venid, venid pastorcillos,
<b>re m</b>  <b>La</b>   <b>re m</b>
fun, fun, fun. (**)
</strong>
   <b>Fa</b>       <b>Do</b>   <b>Fa</b>
Venid con la pandereta
<b>Do</b>    <b>Fa</b>     <b>Do</b>      <b>Fa</b>
y castañuelas al portal
      <b>sol m</b>       <b>La</b>
alegrad al Dios del Cielo
     <b>Sib</b>            <b>La</b>
que ha aparecido en el suelo,
<b>re m</b>  <b>La</b>   <b>re m</b>
fun, fun, fun.
