<strong>
<b>Sol</b>
Gloria, Gloria, ¡Aleluya!
<b>Do</b>                  <b>Sol</b>
Gloria, Gloria, ¡Aleluya!
                  <b>si m</b> <b>mi m</b>
Gloria, Gloria, ¡Aleluya!
      <b>La 7</b>  <b>Re 7</b>   <b>Sol</b>
en nombre del Señor.
</strong>
       <b>Sol</b>
Cuando sientas que tu hermano

necesita de tu amor,
          <b>Do</b>
no le cierres las entrañas
        <b>Sol</b>
ni el calor del corazón:

busca pronto en tu recuerdo
     <b>si m</b>         <b>mi m</b>
la palabra del Señor:
   <b>La 7</b>    <b>Re</b>   <b>Sol</b>
Mi ley es el Amor.
<strong>
<b>Sol</b>
Gloria, Gloria, ¡Aleluya!
<b>Do</b>                  <b>Sol</b>
Gloria, Gloria, ¡Aleluya!
                  <b>si m</b> <b>mi m</b>
Gloria, Gloria, ¡Aleluya!
      <b>La 7</b>  <b>Re 7</b>   <b>Sol</b>
en nombre del Señor.
</strong>
        <b>Sol</b>
Cristo dijo que quien llora

su consuelo encontrará;
         <b>Do</b>
quien es pobre, quien es limpio,
       <b>Sol</b>
será libre y tendrá paz.

Rompe pronto tus cadenas,
     <b>si m</b>         <b>mi m</b>
eres libre de verdad:
  <b>La 7</b>    <b>Re</b>   <b>Sol</b>
Empieza a caminar.
<strong>
<b>Sol</b>
Gloria, Gloria, ¡Aleluya!
<b>Do</b>                  <b>Sol</b>
Gloria, Gloria, ¡Aleluya!
                  <b>si m</b> <b>mi m</b>
Gloria, Gloria, ¡Aleluya!
      <b>La 7</b>  <b>Re 7</b>   <b>Sol</b>
en nombre del Señor.
</strong>
        <b>Sol</b>
Si el camino se hace largo,

si te cansas bajo el sol,
          <b>Do</b>
si en tus campos no ha nacido
       <b>Sol</b>
ni la más pequeña flor,

coge mi mano y cantemos
     <b>si m</b>         <b>mi m</b>
unidos por el amor,
   <b>La 7</b>  <b>Re</b>    <b>Sol</b>
en nombre del Señor.
<strong>
<b>Sol</b>
Gloria, Gloria, ¡Aleluya!
<b>Do</b>                  <b>Sol</b>
Gloria, Gloria, ¡Aleluya!
                  <b>si m</b> <b>mi m</b>
Gloria, Gloria, ¡Aleluya!
      <b>La 7</b>  <b>Re 7</b>   <b>Sol</b>
en nombre del Señor.
</strong>
