<b>Do</b>            <b>mi m</b>
No sé cómo alabarte, 
<b>Fa</b>        <b>Sol</b>    <b>Do</b>
ni qué decir, Señor.
<b>Fa</b>             <b>Do</b>
Confío en tu mirada 
<b>Fa</b>                 <b>Sol</b>
que me abre el corazón.
<b>Do</b>            <b>mi m</b>
Toma mi pobre vida, 
<b>Fa</b>                <b>Do</b>
qué sencilla ante ti.
<b>Fa</b>            <b>Do</b>
Quiere ser alabanza
<b>Fa</b>           <b>Sol</b>    <b>Do</b>
por lo que haces en mí
<strong>
<b>Do</b>       <b>mi m</b>    <b>Fa</b>        <b>Do</b>
Gloria, Gloria, Gloria a Dios
<b>Fa</b>  <b>Do</b>  <b>Fa</b>   <b>Sol</b>  <b>Do</b>
Gloria, Gloria a Dios (**)
</strong>
<b>Do</b>            <b>mi m</b>     <b>Fa</b>
Siento en mí tu presencia,
    <b>Sol</b>   <b>Do</b>
soy como Tú me ves.
<b>Fa</b>              <b>Do</b>
Bajas a mi miseria, 
 <b>Fa</b>                 <b>Sol</b>
me llenas de tu paz.
<b>Do</b>             <b>mi m</b>    <b>Fa</b>
Indigno de tus dones, 
               <b>Do</b>
mas, por tu gran amor,
<b>Fa</b>             <b>Do</b>
tu Espíritu me llena, 
<b>Fa</b>          <b>Sol</b>    <b>Do</b>
gracias te doy, Señor.
<strong>
<b>Do</b>       <b>mi m</b>    <b>Fa</b>        <b>Do</b>
Gloria, Gloria, Gloria a Dios
<b>Fa</b>  <b>Do</b>  <b>Fa</b>   <b>Sol</b>  <b>Do</b>
Gloria, Gloria a Dios (**)
</strong>
<b>Do</b>             <b>mi m</b>
Gracias por tu palabra, 
<b>Fa</b>      <b>Sol</b>    <b>Do</b>
gracias por el amor,
<b>Fa</b>              <b>Do</b>   <b>Fa</b>
gracias por nuestra Madre, 
            <b>Sol</b>
gracias te doy, Señor.
<b>Do</b>              <b>mi m</b> <b>Fa</b>
Gracias por mis hermanos, 
          <b>Do</b>
gracias por el perdón,
<b>Fa</b>           <b>Do</b>       <b>Fa</b>
gracias porque nos quieres
      <b>Sol</b>     <b>Do</b>
juntos en Ti, Señor.
<strong>
<b>Do</b>       <b>mi m</b>    <b>Fa</b>        <b>Do</b>
Gloria, Gloria, Gloria a Dios
<b>Fa</b>  <b>Do</b>  <b>Fa</b>   <b>Sol</b>  <b>Do</b>
Gloria, Gloria a Dios (**)
</strong>
