<strong>
<b>Re</b>      <b>Sol</b>   <b>si m</b> <b>La</b>
Gloria, gloria a Dios
    <b>Re</b>     <b>Sol</b>           <b>si m</b> <b>La</b>
Gloria, gloria a Dios en el Cielo
<b>Re</b>         <b>Sol</b>         <b>si m</b>  <b>La</b>
Paz en la tierra a los hombres
   <b>Re</b>      <b>Sol</b> <b>Re</b>  <b>Sol</b> <b>Re</b> <b>Sol</b> <b>Re</b>
de buena voluntad, Gloria.
</strong>
<b>Sol</b>     <b>Re</b>    <b>La</b>     <b>Re</b>
Te alabamos y te bendecimos
 <b>Sol</b>    <b>Re</b>    <b>Do</b>          <b>La</b>
te adoramos, sea gloria a Ti
 <b>Sol</b>   <b>Re</b>    <b>La</b>
y te damos gracias 
          <b>Re</b> <b>Do</b>    <b>La</b>
por tu inmensa gloria.
<b>Sol</b>       <b>Re</b>    <b>Do</b> <b>Re</b>
Rey del cielo, gloria.
<b>Sol</b>      <b>Re</b>
Tú, Dios Padre, 
<b>La</b>       <b>Re</b>        <b>Do</b> <b>La</b> <b>si m</b> <b>Do</b> <b>La</b>
Dios omnipotente, Gloria.

<b>Re</b>             <b>Do</b>      <b>Sol</b>    <b>Re</b>
Señor, Hijo unigénito Jesucristo,
                   <b>Do</b>
Señor, cordero de Dios, 
<b>Sol</b>         <b>Re</b>
Hijo del Padre.
                   <b>Do</b>
Tú que quitas el pecado del mundo,
<b>Sol</b>                <b>Re</b>
ten piedad de nosotros.
                   <b>Do</b>
Tú que quitas el pecado del mundo,
 <b>Sol</b>                  <b>Re</b>
atiende nuestras súplicas.

Tú que estás sentado 
        <b>Do</b>
a la derecha del Padre,
<b>Sol</b>             <b>La</b> <b>si m</b> <b>Do</b> <b>La</b>
ten piedad de nosotros.
 <b>Sol</b>       <b>Re</b>       <b>La</b>        <b>Re</b>
Porque Tú solo el Santo, el Señor.
 <b>Sol</b>             <b>Re</b>      <b>Do</b>    <b>La</b>
Tú solo el Altísimo, Cristo Jesús,
 <b>Sol</b>   <b>Re</b>       <b>Do</b>
Con el Santo Espíritu
       <b>Re</b>        <b>Do</b> <b>La</b> <b>si m</b> <b>Do</b> <b>La</b>
en la gloria del Padre.
