<strong>
<b>Mi</b>          <b>La</b>            <b>Mi</b>       <b>Si 7</b>
Gracias, Señor, me siento perdonado.
<b>Mi</b>         <b>La</b>             <b>Mi</b>
Gracias, Señor, por tu perdón.
<b>Sol#</b>     <b>sol# m</b>  <b>La</b>       <b>Mi</b>
Has cambiado mi luto en danza.
<b>fa# m</b>                  <b>Si 7</b>
Ha salido de nuevo el sol.
           <b>Mi</b> <b>La</b> <b>Si 7</b> <b>Mi</b>
Gracias, Señor.
</strong>
<b>La</b>      <b>Si 7</b>    <b>Mi</b>    <b>do# m</b>
Y yo creía que no podría
   <b>La</b>                 <b>Si 7</b>
de este pozo nunca salir,
            <b>La</b> <b>Si 7</b>    <b>Mi</b> <b>Si 7</b>
y Tú lo has hecho por mí.

<b>La</b>      <b>Si 7</b>    <b>Mi</b>     <b>do# m</b>
Y yo creía que no podría
<b>La</b>                  <b>Si 7</b>
volver a tener ilusión.
         <b>La</b> <b>Si 7</b>     <b>Mi</b>  <b>Si 7</b>
Ahora me basta tu amor.
