<b>la m</b>          <b>re m</b>
Gracias a la vida 
<b>Mi</b>             <b>la m</b>
que me ha dado tanto.
             <b>Sol</b>
Me dio los luceros que, 
           <b>Do 7</b>
cuando los abro,
            <b>sol m</b>                <b>Fa</b>
perfecto distingo lo negro y lo blanco
             <b>re m</b>
y en el alto cielo, 
   <b>Mi</b>          <b>la m</b>
su fondo estrellado
             <b>re m</b>
y en las multitudes
   <b>Mi</b>            <b>la m</b>
al hombre que yo amo.

<b>la m</b>          <b>re m</b>
Gracias a la vida 
<b>Mi</b>             <b>la m</b>
que me ha dado tanto.
           <b>Sol</b>
Me ha dado el sonido, 
             <b>Do 7</b>
y el abecedario,
              <b>sol m</b>
con él, las palabras que pienso 
 <b>Fa</b>
y declaro:
           <b>re m</b>     <b>Mi</b>           <b>la m</b>
padre, amigo, hermano y luz alumbrando
              <b>re m</b>      <b>Mi</b>          <b>la m</b>
la ruta del alma del que estoy amando.

<b>la m</b>          <b>re m</b>
Gracias a la vida 
<b>Mi</b>             <b>la m</b>
que me ha dado tanto.
           <b>Sol</b>
Me ha dado el oído
                <b>Do 7</b>
y en todo su ancho
           <b>sol m</b>                <b>Fa</b>
braman noche y día ríos y canarios,
           <b>re m</b>
martillos, turbinas, 
 <b>Mi</b>          <b>la m</b>
ladridos, chubascos,
              <b>re m</b>      <b>Mi</b>          <b>la m</b>
y la voz tan tierna de mi buen amado.

<b>la m</b>          <b>re m</b>
Gracias a la vida 
<b>Mi</b>             <b>la m</b>
que me ha dado tanto.
           <b>Sol</b>
Me ha dado la marcha 
                 <b>Do 7</b>
de mis pies cansados,
            <b>sol m</b>             <b>Fa</b>
con ellos anduve senderos y charcos,
            <b>re m</b>      <b>Mi</b>         <b>la m</b>
playas y desiertos, montañas y llanos,
            <b>re m</b>         <b>Mi</b>
y la casa tuya, tu calle, tu patio.

<b>la m</b>          <b>re m</b>
Gracias a la vida 
<b>Mi</b>             <b>la m</b>
que me ha dado tanto.
           <b>Sol</b>
Me ha dado la dicha, 
              <b>Do 7</b>
me ha dado el llanto,
             <b>sol m</b>              <b>Fa</b>
así yo distingo dicha de quebranto,
            <b>re m</b>      <b>Mi</b>         <b>la m</b>
los dos materiales que forman mi canto
              <b>re m</b>
y el canto de ustedes, 
<b>Mi</b>            <b>la m</b>
que es mi propio canto.
