<b>si m</b> <b>Sol</b>     <b>La</b>  <b>Fa#</b>   <b>Sol</b> <b>mi m</b>
Gracias, Señor, por estar
       <b>Re</b>            <b>La</b>
por cantar tan dentro de mí,
<b>Fa#</b>         <b>Sol</b>
por hacerme feliz.
<b>mi m</b>          <b>La</b>
Por sentirte cerca
     <b>Sol</b>
aún sabiendo que
<b>mi m</b>            <b>La</b>       <b>Sol</b>
no siempre mis pasos te siguen,
   <b>si m</b>      <b>Re</b>         <b>Sol</b>
te hacen presente al andar,
                 <b>si m</b>    <b>Re</b>
por darme la esperanza
             <b>mi m</b> <b>si m</b>
con la que mirar
     <b>Re</b>            <b>Sol</b>
al mañana con algo más
                <b>si m</b>
que un simple volar
         <b>Re</b>           <b>Sol</b>
con las alas de humanidad.
  <b>si m</b>        <b>Re</b>               <b>La</b>
Notar que Tú vivo siempre estarás
          <b>Fa#</b>
en todo aquel
       <b>Sol</b>           <b>mi m</b>
que su vida pone a tu única
   <b>Fa#</b>       <b>si m</b>
y sabia voluntad.

<b>si m</b> <b>Sol</b> <b>La</b> <b>Fa#</b>     <b>Sol</b> <b>mi m</b>      <b>Re</b>
   Partiré    a cantar    tu verdad
           <b>La</b>
que siento en mí
<b>Fa#</b>          <b>Sol</b> <b>mi m</b>
adonde digas Tú,
              <b>La</b>
Dios de mis mayores,
    <b>Sol</b>
que sigues en mí
<b>mi m</b>       <b>La</b>    <b>Sol</b>
esa fantasía de vida,
    <b>si m</b>       <b>Re</b>           <b>Sol</b>
de ganas, de fuerzas y de afán
                 <b>si m</b>      <b>Re</b>
de dar muerte a la muerte
        <b>mi m</b> <b>si m</b>
y vida allí
      <b>Re</b>              <b>Sol</b>
donde no se sienta tu paz,
           <b>si m</b>
hacer estallar
        <b>Re</b>         <b>Sol</b>
la grandeza de tu amar.
  <b>si m</b>       <b>Re</b>                    <b>La</b>
Obra con es justo que siendo tu hijo
        <b>Fa#</b>        <b>Sol</b>
te haga siempre presente
      <b>mi m</b>          <b>Fa#</b>      <b>si m</b>
sin sentirme nunca alguien especial.

         <b>Sol</b>      <b>La</b>      <b>si m</b>
Sea así, cúmplase tu voluntad,
<b>Sol</b>          <b>La</b>      <b>si m</b>
haz de mí un ser eficaz.
                    <b>Re</b>
Que viva, así en mis días,
  <b>Fa#</b>            <b>si m</b>
a quien yo digo amar,
                     <b>Re</b>
que viva, así en mis días,
   <b>Fa#</b>              <b>si m</b>
a quien me hizo respirar,
                    <b>Re</b>
que viva así en mis días,
     <b>Fa#</b>             <b>si m</b>
al que solo he de adorar

<span id="reserved">Final:</span> <b>Sol</b> <b>mi m</b> <b>La</b> <b>si m</b> <b>Sol</b> <b>mi m</b> <b>La</b>
