<strong>
<b>Mi</b>     <b>La</b>   <b>Mi</b>
Aleluya, aleluya,
     <b>La</b>       <b>Si</b>  <b>Mi</b>
ha nacido el Salvador.
<b>Mi</b>     <b>La</b>   <b>Mi</b>
Aleluya, aleluya,
     <b>La</b>      <b>Si</b>   <b>Mi</b>
ha nacido el Salvador.
</strong>
<b>Mi</b>          <b>La</b> <b>Mi</b>
Escuchad hermanos
    <b>La</b>        <b>Mi</b> <b>Mi 7</b>
una gran noticia
<b>La</b>                <b>Mi</b>
hoy en Belén de Judá
         <b>La</b>      <b>Si</b>   <b>Mi</b>  <b>Mi 7</b>
nos ha nacido el Salvador. (**)

<b>Mi</b>          <b>La</b> <b>Mi</b>
Escuchad hermanos
    <b>La</b>        <b>Mi</b>  <b>Mi 7</b>
una gran noticia
<b>La</b>                    <b>Mi</b>
Gloria en los cielos a Dios
          <b>La</b>       <b>Si</b>   <b>Mi</b> <b>Mi 7</b>
y aquí en la tierra al hombre Paz (**)
