<b>Re</b>                     <b>La 7</b>
Hacen falta “sí” en el mundo, 
<b>Sol</b>         <b>La 7</b>       <b>Re</b> <b>Sol</b>
hacen falta ”sí” al amor.
<b>Re</b>          <b>Re 7</b>        <b>Sol</b> <b>Re</b>
Hacen falta “sí” en la tierra, 
<b>Sol</b>   <b>Re</b>    <b>La 7</b>               <b>Re</b> <b>Sol</b>
hacen falta hombres que digan “sí”.
      <b>Re</b>                        <b>La 7</b>
Si un joven dice “sí” abre el caminos,
      <b>Sol</b>         <b>La 7</b>           <b>Re</b> <b>Sol</b>
si un joven dice “sí” nace el perdón.
      <b>Re</b>              <b>Re 7</b>       <b>Sol</b> <b>Re</b>
Si un joven dice “sí” tiembla el mundo
 <b>Sol</b> <b>Re</b>             <b>La 7</b>         <b>Re</b>
nace Dios cuando un joven dice “sí”.
   <b>Re</b>                      <b>La 7</b>
¿Quiénes dicen ”sí” sin reservas?
   <b>Sol</b>         <b>La 7</b>        <b>Re</b> <b>Sol</b>
¿Quiénes dicen ”sí” con valor?
   <b>Re</b>           <b>Re 7</b>       <b>Sol</b> <b>Re</b>
¿Quiénes dicen ”sí” para siempre? 
 <b>Sol</b>      <b>Re</b>      <b>La 7</b>               <b>Re</b>
¿Dónde están los hombres que dicen “sí”?
