<b>mi m</b>            <b>Do 9</b>
En tu Palabra apoyé
   <b>si m</b>           <b>la m</b> <b>mi m</b>
el rumbo de mis pies.
                 <b>Do 9</b>
de tu Verdad me fié
    <b>si m</b>               <b>la m</b>
y a fondo perdido estaré,
     <b>Re</b>        <b>la m7</b>
mi Dios, mi Señor,
     <b>mi m</b> <b>Re</b>      <b>Do</b>
Loco por oír tu voz.
     <b>Re</b>        <b>la m7</b>
mi Dios, mi Señor,
     <b>mi m</b> <b>Re</b>      <b>Do</b> <b>la m</b>
Loco por oír tu voz.

           <b>Do</b>           <b>Re</b>       <b>mi m</b>
Beberé los vientos que van hacia Ti
            <b>Do 9</b>       <b>Re</b>       <b>si m</b>
como uno de tantos en Ti confiaré.
            <b>Do</b>         <b>Re</b>      <b>Sol</b> <b>mi m</b>
Beberé los vientos que van hacia Ti
            <b>Do 9</b>       <b>Re</b>       <b>mi m</b>
como uno de tantos en Ti confiaré.(**)
<strong>
<b>mi m</b>                <b>Do</b>
Beberé los vientos que van hacia Ti
<b>Re</b>                 <b>mi m</b>
como uno de tantos en Ti confiaré.(**)
</strong>
<b>mi m</b>           <b>Do</b>
mi Dios, mi Señor,
<b>Re</b>       <b>mi m</b>
Loco por oír tu voz.
<b>mi m</b>           <b>Do</b>
mi Dios, mi Señor,
<b>Re</b>       <b>mi m</b>
Loco por oír tu voz. (**)

                 <b>Do</b> <b>Re</b>    <b>mi m</b>
Al otro lado del mar cruzaré,
       <b>Do</b>      <b>Re</b>        <b>mi m</b>
sé mi viento y guíame, Señor. (**)
<strong>
<b>mi m</b>                <b>Do</b>
Beberé los vientos que van hacia Ti
<b>Re</b>                 <b>mi m</b>
como uno de tantos en Ti confiaré.(**)
</strong>
   <b>Do</b>      <b>Re</b>       <b>Sol</b>
Amaré al Señor, mi Dios,
<b>Do</b>          <b>la m</b>
con toda mi alma, 
<b>Si 7</b>         <b>mi m</b>
con todas mis fuerzas.
     <b>Do</b>       <b>Re</b>    <b>Sol</b>      <b>Do</b>
Grabaré tus palabras como señal
        <b>la m</b>
en mis manos, 
 <b>Si 7</b>         <b>mi m</b>
en todas las puertas. (**)
<strong>
<b>mi m</b>                <b>Do</b>
Beberé los vientos que van hacia Ti
<b>Re</b>                 <b>mi m</b>
como uno de tantos en Ti confiaré.(**)
</strong>
