<span id="reserved">Intro:</span> <b>mi m</b> <b>Sol</b> <b>la m</b> <b>Si 7</b>

         <b>Sol</b>              <b>mi m</b>
Te he buscado en tantos sitios 
      <b>Do</b>           <b>Re</b> <b>Do</b> <b>Si 7</b>
sin hallar nada de Ti.
         <b>Sol</b>          <b>mi m</b>
Te he buscado en tantos libros
      <b>Do</b>           <b>Re</b> <b>Do</b> <b>Si 7</b>
sin hallar nada de Ti.
<strong>
         <b>Do</b>            <b>Si 7</b>
Pero un día dejé de buscarte, 
       <b>Do</b>                    <b>Si 7</b>
fuiste Tú quien a mi me encontraste,
     <b>Do</b>
y si me preguntan que 
   <b>Re</b>                          <b>Si 7</b>
dónde te puedo ver, gritaré al viento:

                  <b>mi m</b>
Que te veo en la flor, 
               <b>Sol</b>
que te veo en la luna,
                 <b>la m</b>
que te veo en el sol 
                 <b>si 7</b>
y en esa cara desnuda,
                  <b>Do</b>
que te veo en la fuerza de ese pueblo
       <b>Re</b>
que no se quiere rendir
        <b>Sol</b>
y en la sonrisa del niño 
       <b>mi m</b>
que no para de reir,
       <b>Do</b>
en el agua, en el sueño, 
      <b>Re</b>
en un beso, en la amistad,
      <b>Si 7</b>
en la risa o en el llanto, 
      <b>mi m</b>
la mentira o la verdad,
      <b>Do</b>
la victoria, el fracaso, 
       <b>Re</b>
la esperanza o la ilusión,
       <b>Si 7</b>
en la vida o en la muerte, 
      <b>mi m</b>
en un cuadro o una canción...
                <b>Do</b>
Y tendré que decir...
                        <b>Si 7</b>
Que te veo hasta en el viento, 
<b>Do</b>          <b>Si 7</b>
hasta en el viento...
</strong>
<b>mi m</b> <b>Sol</b> <b>la m</b> <b>Si 7</b>

        <b>Sol</b>          <b>mi m</b>
Me has amado en tantas cosas 
       <b>Do</b>          <b>Re</b> <b>Do</b> <b>Si 7</b>
por creer, solo en Ti.
<b>mi m</b>           <b>Sol</b>
Hoy tu verdad canto, 
         <b>la m</b>           <b>Si 7</b>
no hay motivos para rendirse,
       <b>mi m</b>         <b>Sol</b>
porque Tú serás descanso 
      <b>la m</b>        <b>Si 7</b>
en el largo caminar.
<strong>
        <b>Do</b>
Pero un día dejé...
</strong>
