<strong>
<b>Do</b>           <b>Fa</b>        <b>Do</b>
Tú que andas: sí hay caminos, 
            <b>Fa</b>          <b>Sol</b>
lo que hace falta es buscar.
    <b>Do</b>  <b>Fa</b>       <b>Do</b>    <b>La 7</b>
Caminante, no lo dudes, 
<b>re m</b>   <b>Sol</b>         <b>Do</b>
hay caminos por andar.
</strong>
<b>Do</b>                <b>Sol</b>
Hay caminos por andar 
      <b>Fa</b>          <b>Do</b>
o que poco se anduvieron
                      <b>Sol</b>
y aunque muchos se cansaron, 
      <b>Fa</b>              <b>Do</b>    <b>Do 7</b>
fue andando senderos viejos.
        <b>Fa</b>
Como el pueblo de Israel 
            <b>Sol</b>          <b>Do</b>
que en su andar por el desierto
               <b>Sol</b>
olvidó su libertad 
<b>Fa</b>                <b>Do</b>      <b>Sol</b>
para añorar el destierro.

<b>Do</b>                    <b>Sol</b>
Cuando la ilusión y el gozo 
  <b>Fa</b>             <b>Do</b>
repiten sus sentimientos,
                   <b>Sol</b>
se está matando la vida
       <b>Fa</b>               <b>Do</b>    <b>Do 7</b>
que quiere alcanzar lo eterno.
        <b>Fa</b>
No “lo eterno” del mañana, 
      <b>Sol</b>                <b>Do</b>
que será siempre algo incierto
                     <b>Sol</b>
sino vivir hoy, en todos, 
<b>Fa</b>                 <b>Do</b>     <b>Sol</b>
como se vive en el cielo.

<b>Do</b>               <b>Sol</b>
Si queremos un futuro 
 <b>Fa</b>                    <b>Do</b>
fruto de un presente incierto,
               <b>Sol</b>
no podemos esperar más 
    <b>Fa</b>           <b>Do</b>     <b>Do 7</b>
que duda y desconcierto.
<b>Fa</b>
solo el presente que vive 
     <b>Sol</b>                <b>Do</b>
para hacer realidad los sueños
              <b>Sol</b>
un futuro nos dará 
<b>Fa</b>                   <b>Do</b>     <b>Sol</b>
que haga presente el Reino.

<b>Do</b>                <b>Sol</b>
Hay caminos por andar 
       <b>Fa</b>            <b>Do</b>
que al cruzarlos son violentos
                    <b>Sol</b>
y entre temblores y dudas 
     <b>Fa</b>               <b>Do</b>    <b>Do 7</b>
se recorren muchos trechos.
    <b>Fa</b>
Más algo interior nos dice: 
       <b>Sol</b>         <b>Do</b>
“En mi nombre, recorredlo,
                 <b>Sol</b>
que yo voy por delante, 
<b>Fa</b>                  <b>Do</b>      <b>Sol</b>
Yo soy: ¡no tengáis miedo!”
