<strong>
<b>Sol</b>    <b>si m</b>   <b>Do</b>
Haz de mí, Señor, 
       <b>Re</b>           <b>mi m</b>   <b>Do</b> <b>Re</b>
un creador de cosas vivas.
<b>Sol</b>    <b>si m</b>   <b>Do</b>
Haz de mi, Señor,
      <b>Re</b>          <b>mi m</b>  <b>Do</b> <b>Re</b>
instrumento de tu paz.
</strong>
<b>mi m</b>       <b>si m</b>  <b>Do</b>   <b>Re</b>        <b>Sol</b>
Que donde haya odio ponga yo amor, <strong>
<b>Sol</b>    <b>si m</b>   <b>Do</b>
Haz de mí, Señor, 
       <b>Re</b>           <b>mi m</b>
un creador de cosas vivas. </strong>
          <b>si m</b>   <b>Do</b>    <b>Re</b>          <b>Sol</b>
que donde haya ofensa ponga yo perdón<strong>
<b>Sol</b>    <b>si m</b>   <b>Do</b>
Haz de mi, Señor,
      <b>Re</b>          <b>mi m</b>
instrumento de tu paz. </strong>
          <b>si m</b>     <b>Do</b>
que donde haya discordia 
<b>Re</b>          <b>Sol</b>
ponga yo unión<strong>
<b>Sol</b>    <b>si m</b>   <b>Do</b>
Haz de mí, Señor, 
       <b>Re</b>           <b>mi m</b>
un creador de cosas vivas. </strong>
          <b>si m</b>    <b>Do</b>  <b>Re</b>          <b>Sol</b>
que donde haya error ponga yo verdad.<strong>
<b>Sol</b>    <b>si m</b>   <b>Do</b>
Haz de mi, Señor,
      <b>Re</b>          <b>mi m</b>
instrumento de tu paz. </strong>

       <b>si m</b>   <b>Do</b> <b>Re</b>    <b>Sol</b>
Porque dando yo recibiré<strong>
<b>Sol</b>    <b>si m</b>   <b>Do</b>
Haz de mi, Señor,
      <b>Re</b>          <b>mi m</b>
instrumento de tu paz. </strong>
    <b>si m</b>  <b>Do</b> <b>Re</b>         <b>Sol</b>
olvidándome te encontraré,<strong>
<b>Sol</b>    <b>si m</b>   <b>Do</b>
Haz de mi, Señor,
      <b>Re</b>          <b>mi m</b>
instrumento de tu paz. </strong>
        <b>si m</b>      <b>Do</b>     <b>Re</b>          <b>Sol</b>
comprendiendo al hombre yo te seguiré,<strong>
<b>Sol</b>    <b>si m</b>   <b>Do</b>
Haz de mi, Señor,
      <b>Re</b>          <b>mi m</b>
instrumento de tu paz. </strong>
    <b>si m</b>   <b>Do</b>    <b>Re</b>          <b>Sol</b> <b>si m</b> <b>Do</b>
¡oh mi Señor, enséñame a querer,
  <b>Re</b>                 <b>Sol</b>
enséñame a querer!
