<b>Re</b>
Hazme instrumento de tu paz,
                         <b>mi m</b>
donde haya odio lleve yo amor,
   <b>La 7</b>                         <b>mi m</b>
donde haya ofensa tu perdón, Señor,
   <b>Sol</b>          <b>La</b>          <b>Re</b>  <b>Re 7</b>
donde haya duda ponga fe en Ti.

<b>Re</b>
Hazme instrumento de tu paz,
                           <b>mi m</b>
que lleve tu esperanza por doquier,
   <b>La 7</b>                            <b>mi m</b>
donde haya oscuridad lleve tu luz,
   <b>Sol</b>           <b>La</b>         <b>Re</b>  <b>Re 7</b>
donde haya pena tu gozo Señor.
<strong>
<b>Sol</b>                     <b>Re</b> <b>si m</b>
Maestro ayúdame a nunca buscar
       <b>mi m</b>       <b>La 7</b>       <b>Re</b>  <b>Re 7</b>
querer ser consolado sino consolar,
     <b>Sol</b>                    <b>Re</b>  <b>si m</b>
ser comprendido sino comprender,
    <b>mi m</b>     <b>Mi 7</b>   <b>La 7</b> <b>Re</b>
ser amado sino yo amar.
</strong>
<b>Re</b>
Hazme instrumento de tu paz,
                          <b>mi m</b>
es perdonando que nos das perdón,
   <b>La 7</b>                          <b>mi m</b>
es dando a todos que tú nos das,
    <b>Sol</b>          <b>La</b>          <b>Re</b>  <b>Re 7</b>
muriendo es que volvemos a nacer.

