<strong>
<b>Re</b>                  <b>Re 7</b>
¿Dónde está la juventud,

si la tenemos?
<b>Sol</b>                   <b>sol m</b>
¿Dónde está nuestro valor?,
<b>Re</b>                     <b>si m</b>
¿Dónde la sinceridad que alardeamos?
<b>mi m</b>                     <b>La</b>
¿Dónde hemos guardado a Dios?
<b>Re</b>                       <b>Re 7</b>
¿Es que ya olvidamos ese afán de lucha
<b>Sol</b>                  <b>sol m</b>
por hacer un mundo mejor?
<b>Re</b>                <b>si m</b>
¿Es que ya se fue definitivamente
<b>mi m</b>           <b>La</b>       <b>Re</b>
de nuestro lado el amor?
</strong>
<b>Re</b>
Hacemos dioses de barro
<b>Sol</b>                   <b>Re</b>
con nuestra propia pobreza.

Buscamos a aquel que cuadre
<b>mi m</b>                  <b>La</b>
con nuestra forma de ser.
<b>Re</b>                <b>Re 7</b>
Lo alabamos y decimos:
     <b>Sol</b>               <b>sol m</b>
¡Ese sí que es un gran hombre!
<b>Re</b>        <b>Sol</b>     <b>La</b>         <b>Re</b>
Pero no, no vemos que es de carne.

<b>Re</b>
Vivimos un mundo raro,
<b>Sol</b>              <b>Re</b>
sólo queremos progreso.

Nos importan más los perros
        <b>mi m</b>            <b>La</b>
que los niños que no nacen.
<b>Re</b>                <b>Re 7</b>
Despreciamos a la gente
<b>Sol</b>                  <b>sol m</b>
porque se pone en el medio.
<b>Re</b>             <b>Sol</b>
¡Ya está bien!
         <b>La</b>    <b>Re</b>
¡Vamos a despertarnos!
