<b>Sol</b>                   <b>si m</b>
Y es que tú, y es que yo
       <b>la m</b>            <b>Re</b>
nos volvemos a encontrar.
       <b>la m</b>          <b>Re</b>
¡Qué felices nos sentimos
     <b>Sol</b>    <b>mi m</b>
de poder hablar!
      <b>Sol</b>        <b>si m</b>
Siéntate junto a mí
      <b>la m</b>        <b>Re</b>
y empecemos a cantar:
         <b>la m</b>           <b>Re</b>
“Lo que quieres que te hagan
      <b>Sol</b>        <b>mi m</b>
hazlo tú a los demás,
       <b>la m</b>         <b>Re 7</b>        <b>Sol</b>
pues a todos nos reúne la amistad”
<strong>
<b>Sol</b>                   <b>la m</b>
En campamento todo es música,
<b>Re</b>                        <b>Sol</b>  <b>si m</b> <b>mi m</b>
con nuestros grupos va fantástico.
                        <b>la m</b>
Sentir a Dios es lo más lógico
     <b>Do</b>          <b>Re</b>
y lo mágico eres tú. (**)
</strong>
<b>Sol</b>                <b>si m</b>
¡Oye tú! ¿Cómo estás?
     <b>la m</b>         <b>Re</b>
¿No me ves fenomenal?
      <b>la m</b>         <b>Re</b>
En la cara se me nota
       <b>Sol</b>       <b>mi m</b>
que no estoy tan mal.
        <b>Sol</b>        <b>si m</b>
Y ahora tú, ¿cómo estás?
      <b>la m</b>         <b>Re</b>
Yo no me puedo quejar,
          <b>la m</b>        <b>Re</b>
si algo quieres tú saber
       <b>Sol</b>       <b>mi m</b>
solo basta preguntar
       <b>la m</b>         <b>Re 7</b>        <b>Sol</b>
pues a todos nos reúne la amistad.
