<strong>
<b>Sol</b>
Hoy nace un nuevo día,
<b>mi m</b>
hoy nace una ilusión,
<b>Do</b>
hoy nace una esperanza,
<b>Re</b>      <b>Re 7</b>
hoy nace una canción.

<b>Do</b>                   <b>Re</b>
Abre tus ojos y abre el corazón,
<b>Sol</b>                    <b>mi m</b>
llénalo del amor, llénalo del Señor.
<b>Do</b>                 <b>Re</b>
No tengas miedo, levántate ya,
    <b>Sol</b>              <b>mi m</b>
échate a caminar, a tu lado está,
<b>Do</b>                <b>Re</b>
confía siempre en Él,
                     <b>Sol</b> (<b>Do</b> <b>Re</b>)
vive la Pascua del Señor.
</strong>
     <b>Sol</b>
Vienes cansado, triste y agobiado,
 <b>mi m</b>
a coger fuerzas, bebiendo de su mano.
<b>Do</b>
Sientes que remas a contracorriente,
<b>Re</b>                         <b>Re 7</b>
la tempestad parece que no cede.
   <b>Sol</b>
Y ahora sientes que

todo se ha calmado,
<b>mi m</b>
tu vida entera se alegra paso a paso,
<b>Do</b>
que Cristo vive y camina a tu lado,
<b>Re</b>                         <b>Re 7</b>
que con su vida todo lo ha llenado.
<strong>
<b>Do</b>                   <b>Re</b>
Abre tus ojos y abre el corazón,
<b>Sol</b>                    <b>mi m</b>
llénalo del amor, llénalo del Señor.
<b>Do</b>                 <b>Re</b>
No tengas miedo, levántate ya,
    <b>Sol</b>              <b>mi m</b>
échate a caminar, a tu lado está,
<b>Do</b>                <b>Re</b>
confía siempre en Él,
                     <b>Sol</b> (<b>Do</b> <b>Re</b>)
vive la Pascua del Señor.
</strong>
 <b>Sol</b>
Y como un niño por fin

naces de nuevo,
<b>mi m</b>
amas a todos amando

hasta el extremo,
<b>Do</b>
dando tu vida como

el grano de trigo,
   <b>Re</b>
gritando fuerte que
           <b>Re 7</b>
siempre está contigo.

     <b>Do</b>           <b>Re</b>
Tu corazón ha sanado ya,
         <b>Sol</b>       <b>mi m</b>
es Cristo tu salvación.
<b>Do</b>             <b>la m</b>
Te dice: “Ten ánimo,
<b>Fa</b>
no tengas miedo,
 <b>Re</b>
¡soy el Señor!”.
<strong>
<b>Do</b>                   <b>Re</b>
Abre tus ojos y abre el corazón,
<b>Sol</b>                    <b>mi m</b>
llénalo del amor, llénalo del Señor.
<b>Do</b>                 <b>Re</b>
No tengas miedo, levántate ya,
    <b>Sol</b>              <b>mi m</b>
échate a caminar, a tu lado está,
<b>Do</b>                <b>Re</b>
confía siempre en Él,
                     <b>Sol</b> (<b>Do</b> <b>Re</b>)
vive la Pascua del Señor.

<b>Sol</b>
Hoy nace un nuevo día,
<b>mi m</b>
hoy nace una ilusión,
<b>Do</b>
hoy nace una esperanza,
<b>Re</b>      <b>Re 7</b>
hoy nace una canción.

<b>Do</b>                   <b>Re</b>
Abre tus ojos y abre el corazón,
<b>Sol</b>                    <b>mi m</b>
llénalo del amor, llénalo del Señor.
<b>Do</b>                 <b>Re</b>
No tengas miedo, levántate ya,
    <b>Sol</b>              <b>mi m</b>
échate a caminar, a tu lado está,
<b>Do</b>                <b>Re</b>
confía siempre en Él,
                     <b>Sol</b> (<b>Do</b> <b>Re</b>)
vive la Pascua del Señor.
</strong>
