<strong>
<b>Mi</b>        <b>Si</b>     <b>Mi</b>       <b>Si</b>
Hoy en la tierra nace el amor
<b>Mi</b>        <b>Si</b>     <b>La</b> <b>Si</b>  <b>Mi</b>
hoy en la tierra nace Dios
</strong>
<b>Mi</b>       <b>La</b>     <b>Mi</b>
Alegría, paz y amor, 
      <b>La</b>   <b>Si</b>      <b>Mi</b>
en la tierra a los hombres.
<b>Mi</b>       <b>La</b>    <b>Mi</b>
Alegría, paz y amor, 
     <b>La</b>   <b>Si</b>     <b>Mi</b>
esta noche nace Dios
<strong>
<b>Mi</b>        <b>Si</b>     <b>Mi</b>       <b>Si</b>
Hoy en la tierra nace el amor
<b>Mi</b>        <b>Si</b>     <b>La</b> <b>Si</b>  <b>Mi</b>
hoy en la tierra nace Dios
</strong>
<b>Mi</b>       <b>La</b>     <b>Mi</b>
Alegría, gozo y paz,
      <b>La</b>   <b>Si</b>      <b>Mi</b>
en la tierra a los hombres.
<b>Mi</b>       <b>La</b>     <b>Mi</b>
Alegría, gozo y paz,
     <b>La</b>   <b>Si</b>     <b>Mi</b>
esta noche es Navidad
<strong>
<b>Mi</b>        <b>Si</b>     <b>Mi</b>       <b>Si</b>
Hoy en la tierra nace el amor
<b>Mi</b>        <b>Si</b>     <b>La</b> <b>Si</b>  <b>Mi</b>
hoy en la tierra nace Dios
</strong>
<b>Mi</b>       <b>La</b>      <b>Mi</b>
Alegría, paz y bien, 
       <b>La</b>  <b>Si</b>       <b>Mi</b>
en la tierra a los hombres.
<b>Mi</b>       <b>La</b>      <b>Mi</b>
Alegría, paz y bien,
         <b>La</b>   <b>Si</b>       <b>Mi</b>
hoy Dios nace en Belén.
<strong>
<b>Mi</b>        <b>Si</b>     <b>Mi</b>       <b>Si</b>
Hoy en la tierra nace el amor
<b>Mi</b>        <b>Si</b>     <b>La</b> <b>Si</b>  <b>Mi</b>
hoy en la tierra nace Dios
</strong>
