<b>Re</b>                <b>mi m</b>
Hoy, Señor, vengo arrepentido 
   <b>La 7</b>
de mis pecados,
  <b>Re</b>                   <b>si m</b>
traigo en mis manos aquel pasado
    <b>mi m</b>
que hoy quisiera 
      <b>La 7</b>             <b>Re</b>
y tal vez pudiera olvidar.

<b>Re</b>                 <b>mi m</b>
Quisiera dejar de ocultarme 
  <b>La 7</b>
y dar la cara
 <b>Re</b>               <b>si m</b>
como Tú haces, ir por el mundo
     <b>mi m</b>
sin avergonzarme 
   <b>La 7</b>              <b>Re</b>
y estar pensando en Ti.

<b>Re</b>                  <b>mi m</b>
Solo quiero que también lo intentes
    <b>La 7</b>             <b>Re</b>
con otra gente más oprimida, 
   <b>si m</b>
salvar su vida,
     <b>mi m</b>        <b>La 7</b>            <b>Re</b>
su libertad y saber de veras amar.
<strong>
<b>Re</b>               <b>mi m</b>   <b>La 7</b>
Hoy, Señor, ayúdame, Señor, 
     <b>Re</b>        <b>si m</b>
pues deseo caminar
      <b>mi m</b>            <b>La 7</b>       <b>Re</b>
hay mil sendas que elegir, guíame.
</strong>
