<b>Do</b>
Hoy el Señor resucitó,
                     <b>Sol</b>
y de la muerte nos libró.
<strong>
     <b>Do</b>   <b>Do 7</b>     <b>Fa</b>   <b>fa m</b>
Alegría y paz, hermanos,
         <b>Do</b>   <b>Fa</b> <b>Sol</b> <b>Do</b>
que el Señor resucitó.
</strong>
<b>Do</b>
Porque esperó, Dios lo libró,
                    <b>Sol</b>
y de la muerte lo sacó.

<b>Do</b>
El pueblo en Él vida encontró,
                      <b>Sol</b>
la esclavitud ya terminó.

<b>Do</b>
La luz de Dios en Él brilló
                     <b>Sol</b>
la nueva vida nos llegó.

<b>Do</b>
Con gozo alzad el rostro a Dios,
                     <b>Sol</b>
que de Él nos llega Salvación.

<b>Do</b>
Todos cantad: ¡Aleluya!
                     <b>Sol</b>
todos gritad: ¡Aleluya!
