<b>La</b>
Cuando un sueño se te muera
            <b>do# m</b>
o entre en coma una ilusión
        <b>Re</b>
no lo entierres ni lo llores, 
    <b>Mi</b>
resucítalo.
    <b>La</b>
Y jamás des por perdida
      <b>do# m</b>
la partida, cree en ti
         <b>Re</b>                      <b>Mi</b>
Y aunque duelan, las heridas curarán.
        <b>fa# m</b>    <b>Re</b>  <b>Mi</b>      <b>fa# m</b>
Hoy el día ha venido a buscarte
  <b>Re</b> <b>Mi</b>   <b>fa# m</b>                <b>Mi</b>
y la vida huele a besos de jazmín
     <b>fa# m</b>      <b>Re</b>  <b>Mi</b>    <b>fa# m</b>
la mañana está recién bañada
    <b>Re</b> <b>Mi</b>       <b>fa# m</b>
el sol la ha traído 
                <b>Mi</b>
a invitarte a vivir
<strong>
<b>La</b>           <b>do# m</b>
Y verás que tú puedes volar
<b>Re</b>               <b>Mi</b>
Y que todo lo consigues
    <b>La</b>       <b>do# m</b>
Y verás que no existe el dolor
<b>Re</b>                 <b>Mi</b>
Hoy te toca ser feliz
</strong>
       <b>La</b>
Si las lágrimas te nublan
      <b>do# m</b>
la vista y el corazón
       <b>Re</b>
haz un trasvase de agua
            <b>si m</b>  <b>Mi</b>
al miedo, escúpelo.
     <b>La</b>
Y si crees que en el olvido
        <b>do# m</b>
Se anestesia un mal de amor,
         <b>Re</b>
no hay peor remedio
           <b>Mi</b>
que la soledad.
        <b>fa# m</b>      <b>Re</b> <b>Mi</b>    <b>fa# m</b>
Deja entrar en tu alma una brisa
     <b>Re</b> <b>Mi</b>     <b>fa# m</b>              <b>Mi</b>
que avente las dudas y alivie tu mal.
       <b>fa# m</b>    <b>Re</b> <b>Mi</b>    <b>fa# m</b>
Que la pena se muera de risa
    <b>Re</b>    <b>Mi</b>     <b>fa# m</b>
cuando un sueño muere
                        <b>Mi</b>
es porque se ha hecho real.
<strong>
<b>La</b>           <b>do# m</b>
Y verás que tú puedes volar
<b>Re</b>               <b>Mi</b>
Y que todo lo consigues
    <b>La</b>       <b>do# m</b>
Y verás que no existe el dolor
<b>Re</b>                 <b>Mi</b>
Hoy te toca ser feliz
</strong>
      <b>La</b>
Las estrellas en el cielo
       <b>do# m</b>
son solo migas de pan
        <b>Re</b>
que nos dejan nuestros sueños
     <b>si m</b>  <b>Mi</b>
para encontrar
     <b>La</b>
el camino, y no perdernos
       <b>do# m</b>
hacia la Tierra de Oz,
<b>Re</b>                  <b>Mi</b>
donde habita la ilusión.
<strong>
<b>La</b>           <b>fa# m</b>
Y verás que tú puedes volar
<b>Re</b>               <b>Mi</b>
Y que todo lo consigues
    <b>La</b>       <b>fa# m</b>
Y verás que no existe el dolor
<b>Re</b>                 <b>Mi</b>
Hoy te toca ser feliz

<b>La</b>           <b>fa# m</b>
Y verás que tú puedes volar
<b>Re</b>               <b>Mi</b>
Y que todo lo consigues
    <b>La</b>       <b>fa# m</b>
Y verás que no existe el dolor
<b>Re</b>                 <b>Mi</b>
Hoy te toca ser feliz
</strong>
