<span id="reserved">Intro:</span> <b>Sol</b>  <b>Re</b>  <b>mi m</b>  <b>Do</b> (<span id="reserved">**</span>)

<b>Do</b>                    <b>Sol</b>
Me he hecho tantas preguntas
<b>la m</b>             <b>Fa</b>
Intentando entender
<b>Do</b>                 <b>Sol</b>
Me he lanzado a buscarte
      <b>la m</b>    <b>Fa</b>
Sin saberte ver
<b>Do</b>                <b>Sol</b>
Me he asomado al abismo
<b>la m</b>                 <b>Fa</b>     <b>Do</b> <b>Sol</b> <b>la m</b>
Me he atrevido a saltar y caer
<strong>
<b>Do</b>
Y un huracán
<b>Sol</b>        <b>la m</b>
Romperá el cielo 
            <b>Fa</b>
desde mi garganta
        <b>Do</b>
Gritándote:
          <b>Sol</b>                 <b>Fa</b>
"¿dónde estás cuando me haces falta?"
</strong>
<b>Do</b>               <b>Sol</b>
Y me han dado respuestas
<b>la m</b>              <b>Fa</b>
Pero no sé qué hacer
<b>Do</b>             <b>Sol</b>
He prometido seguirte
    <b>la m</b>  <b>Fa</b>
Sin entender
<b>Do</b>                 <b>Sol</b>
Y hay un eco en lo hondo
<b>la m</b>                 <b>Fa</b>
Que me empuja hacia Ti
<b>Do</b>                 <b>Sol</b>
Y aunque sea sin sentirte
  <b>la m</b>   <b>Fa</b>
Te buscaré.
<strong>
<b>Do</b>
Y un huracán
<b>Sol</b>        <b>la m</b>
Romperá el cielo 
            <b>Fa</b>
desde mi garganta
        <b>Do</b>
Gritándote:
          <b>Sol</b>                 <b>Fa</b>
"¿dónde estás cuando me haces falta?"
</strong>
        <b>Do</b>          <b>Sol</b>
Estoy aquí, en el silencio
       <b>la m</b>          <b>Fa</b>
Estoy aquí, en este viento
        <b>Do</b>           <b>Sol</b>      <b>Fa</b>
Estoy aquí, soy este trozo de pan
       <b>Do</b>           <b>Sol</b>
Estoy aquí, en tu lamento
       <b>la m</b>          <b>Fa</b>
Estoy aquí, en este eco
        <b>Do</b>           <b>Sol</b>      <b>Fa</b>
Estoy aquí, soy este trozo de pan.
<strong>
<b>Do</b>
Y un huracán
<b>Sol</b>        <b>la m</b>
Romperá el cielo 
            <b>Fa</b>
desde mi garganta
        <b>Do</b>
Gritándote:
          <b>Sol</b>                 <b>Fa</b>
"¿dónde estás cuando me haces falta?"
</strong>
