<b>Do</b>
Gabriel el Ángel me saludó
         <b>Fa</b>
Hola, María, ¿qué tal estás?
          <b>Sol</b>
Yo aquí jugando, ¿y tú?
          <b>Do</b>
Yo aquí volando

            <b>Do</b>
Traigo un mensaje del Padre Dios
         <b>Fa</b>
Serás la Madre del Salvador
         <b>Sol</b>
¿Cómo lo ves?
         <b>Do</b>
Cosas de Dios
<strong>
         <b>Do</b>
Y dije: "hágase"
         <b>Fa</b>
Y dije: "hágase"
           <b>Sol</b>
En Dios confío, 
           <b>Do</b>
me cae muy bien
         <b>Do</b>
Y dije: "hágase"
         <b>Fa</b>
Y dije: "hágase"
           <b>Sol</b>
De Dios me fío,
                        <b>Do</b>
seguro que todo irá muy bien
</strong>
