<b>Re</b>      <b>si m</b>     <b>Mi 7</b>           <b>La</b>
Todos unidos formando un sólo cuerpo,
   <b>Re</b>                <b>fa# m</b>     <b>La 7</b>
un pueblo que en la Pascua nació,
<b>Re</b>          <b>fa# m</b>
miembros de Cristo,
   <b>Sol</b>        <b>La 7</b>
en sangre redimidos,
<b>Re</b>           <b>La 7</b>      <b>Re</b>
Iglesia peregrina de Dios.

<b>Re</b>      <b>si m</b>
Vive en nosotros
<b>Mi 7</b>             <b>La</b>
la fuerza del Espíritu
  <b>Re</b>                 <b>fa# m</b>     <b>La 7</b>
que el Hijo desde el Padre envió,
<b>Re</b>
El nos empuja,
<b>fa# m</b>       <b>Sol</b>         <b>La 7</b>
nos guía y nos alienta,
<b>Re</b>           <b>La 7</b>      <b>Re</b>
Iglesia peregrina de Dios.
<strong>
<b>La 7</b>
Somos en la tierra 
 <b>Re</b>
semilla de otro reino,
<b>Sol</b>                 <b>La 7</b> <b>Re 7</b>
somos testimonio de amor.
<b>mi m</b>          <b>Sol</b>
Paz para las guerras
<b>Re</b>            <b>fa# m</b>
y luz entre las sombras,
<b>Re</b>           <b>La 7</b>      <b>Re</b>
Iglesia peregrina de Dios.
</strong>
<b>Re</b>      <b>si m</b>
Rugen tormentas 
<b>Mi 7</b>            <b>La</b>
y a veces nuestra barca
   <b>Re</b>               <b>fa# m</b>      <b>La 7</b>
parece que ha perdido el timón,
<b>Re</b>            <b>fa# m</b>       <b>Sol</b>       <b>La 7</b>
miras con miedo, no tienes confianza,
<b>Re</b>          <b>La 7</b>      <b>Re</b>
Iglesia peregrina de Dios.

<b>Re</b>      <b>si m</b>     <b>Mi 7</b>             <b>La</b>
Una Esperanza nos llena de alegría,
   <b>Re</b>               <b>fa# m</b>     <b>La 7</b>
presencia que el Señor prometió,
<b>Re</b>            <b>fa# m</b>      <b>Sol</b>       <b>La 7</b>
vamos cantando Él viene con nosotros,
<b>Re</b>           <b>La 7</b>      <b>Re</b>
Iglesia peregrina de Dios.
<strong>
<b>La 7</b>
Somos en la tierra 
 <b>Re</b>
semilla de otro reino,
<b>Sol</b>                 <b>La 7</b> <b>Re 7</b>
somos testimonio de amor.
<b>mi m</b>          <b>Sol</b>
Paz para las guerras
<b>Re</b>            <b>fa# m</b>
y luz entre las sombras,
<b>Re</b>           <b>La 7</b>      <b>Re</b>
Iglesia peregrina de Dios.
</strong>
<b>Re</b>       <b>si m</b>     <b>Mi 7</b>           <b>La</b>
Todos nacidos en un sólo bautismo,
   <b>Re</b>                <b>fa# m</b>   <b>La 7</b>
unidos en la misma comunión,
<b>Re</b>            <b>fa# m</b>      <b>Sol</b>      <b>La 7</b>
todos viviendo en una misma casa
<b>Re</b>           <b>La 7</b>      <b>Re</b>
Iglesia peregrina de Dios.

<b>Re</b>     <b>si m</b>       <b>Mi 7</b>          <b>La</b>
Todos prendidos en una misma suerte,
    <b>Re</b>               <b>fa# m</b>     <b>La 7</b>
ligados a la misma salvación,
<b>Re</b>           <b>Fa# m</b>       <b>Sol</b>       <b>La 7</b>
somos un cuerpo y Cristo es la cabeza,
<b>Re</b>           <b>La 7</b>      <b>Re</b>
Iglesia peregrina de Dios.
<strong>
<b>La 7</b>
Somos en la tierra 
 <b>Re</b>
semilla de otro reino,
<b>Sol</b>                 <b>La 7</b> <b>Re 7</b>
somos testimonio de amor.
<b>mi m</b>          <b>Sol</b>
Paz para las guerras
<b>Re</b>            <b>fa# m</b>
y luz entre las sombras,
<b>Re</b>           <b>La 7</b>      <b>Re</b>
Iglesia peregrina de Dios.
</strong>
