<b>Do</b>                  <b>Fa</b>
Imagine there's no heaven
<b>Do</b>               <b>Fa</b>
It's easy if you try
<b>Do</b>            <b>Fa</b>
No hell below us
<b>Do</b>              <b>Fa</b>
Above us, only sky
<strong>
<b>Fa</b>      <b>la m</b>        <b>re m/</b><b>Do</b>
Imagine all the people
<b>Sol</b>           <b>Sol 7</b>
Livin' for today
</strong>
<b>Do</b>                    <b>Fa</b>
Imagine there's no countries
<b>Do</b>               <b>Fa</b>
It isn't hard to do
<b>Do</b>            <b>Fa</b>
Nothing to kill or die for
<b>Do</b>              <b>Fa</b>
And no religion, too
<strong>
<b>Fa</b>      <b>la m</b>        <b>re m/</b><b>Do</b>
Imagine all the people
<b>Sol</b>           <b>Sol 7</b>
Livin' for today
</strong>
<b>Fa</b>      <b>Sol</b>        <b>Do</b>     <b>Mi 7</b>
You may say I'm a dreamer
<b>Fa</b>      <b>Sol</b>          <b>Do</b>   <b>Mi 7</b>
But I'm not the only one
<b>Fa</b>     <b>Sol</b>            <b>Do</b>   <b>Mi 7</b>
I hope someday you'll join us
<b>Fa</b>      <b>Sol</b>              <b>Do</b>
And the world will be as one

<b>Do</b>                    <b>Fa</b>
Imagine no possessions
<b>Do</b>              <b>Fa</b>
I wonder if you can
<b>Do</b>          <b>Fa</b>
No need for greed or hunger
<b>Do</b>           <b>Fa</b>
A brotherhood of man
<strong>
<b>Fa</b>      <b>la m</b>        <b>re m/</b><b>Do</b>
Imagine all the people
<b>Sol</b>           <b>Sol 7</b>
Sharing all the world
</strong>
<b>Fa</b>      <b>Sol</b>        <b>Do</b>     <b>Mi 7</b>
You may say I'm a dreamer
<b>Fa</b>      <b>Sol</b>          <b>Do</b>   <b>Mi 7</b>
But I'm not the only one
<b>Fa</b>     <b>Sol</b>            <b>Do</b>   <b>Mi 7</b>
I hope someday you'll join us
<b>Fa</b>      <b>Sol</b>              <b>Do</b>
And the world will be as one
