<b>Do</b>        <b>Sol</b>         <b>Do</b> <b>Sol</b>
Jesús es, Jesús es Señor
<b>Fa</b>        <b>Sol</b>        <b>Do</b>  <b>mi m</b> <b>la m</b>
Jesús es, Jesús es Señor
<b>Fa</b>        <b>Sol</b>        <b>Do</b>  <b>Sol</b>
Jesús es, Jesús es Señor
<b>Do</b>       <b>Sol</b>  <b>Do</b>  <b>Sol</b>
Aleluya, Aleluya
<b>Fa</b>       <b>Sol</b>  <b>mi m</b>  <b>la m</b>
Aleluya, Aleluya
<b>Fa</b>       <b>Sol</b>   <b>Do</b>  <b>Sol</b>
Aleluya, Aleluya
<b>Do</b>             <b>Sol</b>
Gloria a Dios, Gloria, 
         <b>Do</b> <b>Sol</b>
Gloria a Dios
<b>Fa</b>             <b>Sol</b>
Gloria a Dios, Gloria, 
         <b>Do</b> <b>mi m</b> <b>la m</b>
Gloria a Dios
<b>Fa</b>             <b>Sol</b>
Gloria a Dios, Gloria, 
          <b>Do</b>
Gloria a Dios

