<b>la m</b>          <b>Mi 7</b>     <b>la m</b>   <b>Fa</b> <b>Sol</b>
Buscas en tu vida un líder
<b>Do</b>           <b>Sol</b>     <b>Do</b>
que la llene de sentido.
   <b>Fa</b>       <b>Sol</b>   <b>la m</b>
No puedes hacer escombro
  <b>Fa</b>         <b>Mi 7</b>   <b>la m</b>
lo que ha de ser camino.

<b>la m</b>          <b>Mi 7</b>    <b>la m</b>   <b>Fa</b> <b>Sol</b>
En quienes pones los ojos
<b>Do</b>         <b>Sol</b>     <b>Do</b>
tarde o temprano te falla,
     <b>Fa</b>        <b>Sol</b>    <b>la m</b>
igual que tú a los demás,
 <b>Fa</b>            <b>Mi 7</b>    <b>la m</b>
de los fallos nadie escapa.
<strong>
<b>la m</b>
Siempre, desde siempre,
        <b>Do</b>                    <b>Fa</b>
alguien mira a tu vida intensamente,
                  <b>re m</b>
es el líder de la vida
       <b>Sol</b>            <b>la m</b>
que ni falla, ni te miente.

<b>la m</b>                 <b>Do</b>
Tal te busca y se entrega,
                       <b>Fa</b>
que por ti murió en la cruz,
                     <b>re m</b>
es tu amigo, amigo, amigo
                 <b>Do</b>  <b>Do 7</b>
y su nombre es Jesús.

<b>Fa</b> <b>Sol</b> <b>Do</b> <b>Do 7</b> <b>Fa</b> <b>Sol</b> <b>la m</b>
</strong>
<b>la m</b>          <b>Mi 7</b>     <b>la m</b>   <b>Fa</b> <b>Sol</b>
Está unido a los humildes,
<b>Do</b>          <b>Sol</b>     <b>Do</b>
del que sufre vive cerca,
   <b>Fa</b>            <b>Sol</b>  <b>la m</b>
rechaza al que se enaltece
 <b>Fa</b>       <b>Mi 7</b>
y al egoísta condena.

<b>la m</b>         <b>Mi 7</b>    <b>la m</b>  <b>Fa</b> <b>Sol</b>
Mas lo grande de Jesús
<b>Do</b>         <b>Sol</b>      <b>Do</b>
es que no guarda rencor,
  <b>Fa</b>        <b>Sol</b>   <b>la m</b>
revoluciona las vidas
 <b>Fa</b>         <b>Mi 7</b>   <b>la m</b>
viviendo sólo el amor.
<strong>
<b>la m</b>
Siempre, desde siempre,
        <b>Do</b>                    <b>Fa</b>
alguien mira a tu vida intensamente,
                  <b>re m</b>
es el líder de la vida
       <b>Sol</b>            <b>la m</b>
que ni falla, ni te miente.

<b>la m</b>                 <b>Do</b>
Tal te busca y se entrega,
                       <b>Fa</b>
que por ti murió en la cruz,
                     <b>re m</b>
es tu amigo, amigo, amigo
                 <b>Do</b>  <b>Do 7</b>
y su nombre es Jesús.

<span id="reserved">Final:</span> <b>Fa</b> <b>Sol</b> <b>Do</b> <b>Do 7</b> <b>Fa</b> <b>Sol</b> <b>la m</b>
</strong>
