   <b>La</b>        <b>Mi</b>   <b>fa# m</b>
Jesús, quién eres Tú
               <b>Re</b>
tan pobre al nacer,
              <b>Mi</b>
que mueres en cruz.
  <b>La</b>        <b>Mi</b>   <b>fa# m</b>
Tú das, paz al ladrón,
             <b>Re</b>
inquietas al fiel,
            <b>Mi</b>
prodigas perdón.
<b>Re</b>             <b>La</b>                <b>si m</b>
Tú, siendo creador, me quieres a mí,
            <b>Mi</b>
que soy pecador.
<b>Re</b>            <b>La</b>              <b>si m</b>
Tú, dueño y Señor, me pides a mí
                <b>Mi</b>
salvar la creación.
<strong>
<b>La</b>                  <b>Mi</b>
Cristo es sal de la vida
         <b>Re</b>
luz en tinieblas,
         <b>Mi</b>
es todo amor.
</strong>
  <b>La</b>      <b>Mi</b>   <b>fa# m</b>
Jesús, ya sé de Ti,
           <b>Re</b>
algo de tu ser,
               <b>Mi</b>
qué quieres de mí.
     <b>La</b>   <b>Mi</b>  <b>fa# m</b>
Mas, yo debo saber
             <b>Re</b>
qué rumbo seguir
              <b>Mi</b>
qué debo de hacer.
<b>Re</b>               <b>La</b>
Di, que he de esperar,
             <b>si m</b>
que senda seguir,
                <b>Mi</b>
por que he de luchar.
<b>Re</b>       <b>La</b>                <b>si m</b>
Tú, ayúdame, pues no puedo más
           <b>Mi</b>
dudar ni temer.

