<strong>
<b>Re</b>             <b>si m</b>
Juntos como hermanos
<b>Re</b>               <b>La 7</b>
miembros de una Iglesia
<b>Re</b>     <b>La 7</b> <b>Re</b>
vamos caminando
             <b>La 7</b>   <b>Re</b>
al encuentro del Señor.
</strong>
   <b>Re</b>
Un largo caminar
          <b>Si 7</b>           <b>La 7</b>
por el desierto bajo el sol
<b>Re</b>          <b>La 7</b> <b>Re</b>
no podemos avanzar
<b>La 7</b>     <b>Re</b>       <b>La 7</b> <b>Re</b>
sin la ayuda del Señor.
<strong>
<b>Re</b>             <b>si m</b>
Juntos como hermanos
<b>Re</b>               <b>La 7</b>
miembros de una Iglesia
<b>Re</b>     <b>La 7</b> <b>Re</b>
vamos caminando
             <b>La 7</b>   <b>Re</b>
al encuentro del Señor.
</strong>
   <b>Re</b>
Unidos al rezar,
        <b>Si 7</b>             <b>La 7</b>
unidos en una canción.
<b>Re</b>         <b>La 7</b>  <b>Re</b>
Viviremos nuestra fe
<b>La 7</b>     <b>Re</b>       <b>La 7</b> <b>Re</b>
con la ayuda del Señor.
<strong>
<b>Re</b>             <b>si m</b>
Juntos como hermanos
<b>Re</b>               <b>La 7</b>
miembros de una Iglesia
<b>Re</b>     <b>La 7</b> <b>Re</b>
vamos caminando
             <b>La 7</b>   <b>Re</b>
al encuentro del Señor.
</strong>
   <b>Re</b>
La Iglesia en marcha está.
        <b>Si 7</b>          <b>La 7</b>
A un mundo nuevo vamos ya,
<b>Re</b>          <b>La 7</b>   <b>Re</b>
donde reinará el amor,
<b>La 7</b>    <b>Re</b>       <b>La 7</b> <b>Re</b>
donde reinará la paz.
<strong>
<b>Re</b>             <b>si m</b>
Juntos como hermanos
<b>Re</b>               <b>La 7</b>
miembros de una Iglesia
<b>Re</b>     <b>La 7</b> <b>Re</b>
vamos caminando
             <b>La 7</b>   <b>Re</b>
al encuentro del Señor.
</strong>
