(<b>Fa</b>) <b>Sib</b>                    <b>Fa</b>
Cuántas palabras, cuántos deseos,
          <b>Sib</b>                    <b>Do</b>
cuántos esfuerzos por un mundo mejor.
         <b>Sib</b>         <b>Fa</b>
Un mundo fiel al Evangelio
               <b>Sib</b>
que está en la mente 
     <b>sol m</b>         <b>Do</b>
pero no en el corazón.
<strong>
<b>Fa</b>           <b>Do</b>       <b>Sib</b>       <b>Fa</b>
Juntos cambiaremos el mundo este año
        <b>Do</b>             <b>Fa</b>
si nos unimos, si nos amamos,
     <b>Sib</b>   <b>Do</b>       <b>Fa</b>
si a todos damos la paz.
</strong>
         <b>Sib</b>           <b>Fa</b>
Un Cielo Nuevo ante nosotros
            <b>Sib</b>                <b>Do</b>
con hambre inmensa por poder alcanzar.
          <b>Sib</b>          <b>Fa</b>
El mundo nuevo de la Palabra
           <b>Sib</b>       <b>sol m</b>        <b>Do</b>
que haga presente la nueva humanidad.

          <b>Sib</b>                <b>Fa</b>
Pasan los siglos, se pasa el tiempo
              <b>Sib</b>
viendo que el hombre 
                    <b>Do</b>
no vive el plan de Dios.
            <b>Sib</b>                <b>Fa</b>
Hay que plantarse, ¡llega el momento!
             <b>Sib</b>
en el que el Reino sea 
   <b>sol m</b>         <b>Do</b>
en todos su pasión.

            <b>Sib</b>       <b>Fa</b>
Subiendo al sur encontraremos
            <b>Sib</b>                <b>Do</b>
al Dios que cambia nuestro corazón;
           <b>Sib</b>          <b>Fa</b>
sólo en el sur comprenderemos
            <b>Sib</b>         <b>sol m</b>       <b>Do</b>
que nuestra vida traicionó su vocación
