<b>Sol</b>
Tú eres mis alas
<b>Do</b> <b>Re</b>
Yo soy tu red
<b>Sol</b>
Tú mi esperanza
<b>Do</b>  <b>Re</b>
Si estoy sin fe
<b>Sol</b> <b>Re</b>       <b>mi m</b>
Yo te sujeto en
   <b>Do</b>
La cuerda floja
<b>Sol</b>  <b>Re</b>
Tú a mí me salvas
<b>mi m</b>  <b>Do</b>
Si todo ahoga
<strong>
<b>Do</b>    <b>mi m</b>
Compartir
      <b>Re</b>           <b>Sol</b>
La aventura de la vida
       <b>Re</b>
A tu lado
<b>Do</b> <b>Re</b> <b>Do</b> <b>Re</b>
Y vivir
             <b>Sol</b> <b>Do</b>
Puede que el mundo 
        <b>Sol</b>         <b>Do</b>
se rompa a tus pies
         <b>Sol</b>                <b>Re</b>
Si tú no puedes, yo te ayudaré 
         <b>Do</b>            <b>Re</b>    <b>mi m</b>
Juntos podremos vencer a los miedos
           <b>Do</b>
Somos la herida 
        <b>Re</b>           <b>Do</b> <b>Re</b>
y la cura en el tiempo
</strong>
<b>Sol</b>
Si estás perdido
<b>Do</b>  <b>Re</b>
Yo soy tus pies
<b>Sol</b>
Por el camino
<b>Do</b> <b>Re</b>
Te guiaré
<b>Sol</b> <b>Re</b>          <b>mi m</b>
Tú me enseñaste que
  <b>Do</b>          <b>Sol</b>
Debo creer en mí
   <b>Re</b>
Y siendo amigos
<b>mi m</b> <b>Do</b>
Yo soy feliz.
<strong>
<b>Do</b>    <b>mi m</b>
Compartir
      <b>Re</b>           <b>Sol</b>
La aventura de la vida
       <b>Re</b>
A tu lado
<b>Do</b> <b>Re</b> <b>Do</b> <b>Re</b>
Y vivir
             <b>Sol</b> <b>Do</b>
Puede que el mundo 
        <b>Sol</b>         <b>Do</b>
se rompa a tus pies
         <b>Sol</b>                <b>Re</b>
Si tú no puedes, yo te ayudaré 
         <b>Do</b>            <b>Re</b>    <b>mi m</b>
Juntos podremos vencer a los miedos
           <b>Do</b>
Somos la herida 
        <b>Re</b>           <b>Do</b> <b>Re</b>
y la cura en el tiempo (**)
</strong>
