<b>Mi</b>
Ya bajó nuestro Dios de los cielos, 
<b>La</b>
ya descendió de su casa a los suelos,
<b>Mi</b>
ya sentiré en mi alma consuelo, 
 <b>Si 7</b>
¡aleluya!

<b>Mi</b>
Ya comenzó el más allá de mi vida, 
<b>La</b>
ya se quitó de mi alma la herida,
<b>Mi</b>
ya siempre en mí yo tendré nueva vida,
 <b>Si 7</b>
¡aleluya!
<strong>
          <b>Mi</b>             <b>La</b>
La luz de Dios llegó hasta mí, 
      <b>Mi</b>          <b>Si 7</b>
naciendo pobre en Belén. (**)
  <b>Mi</b>                  <b>La</b>
A Dios veré si desde aquí 
      <b>Mi</b>        <b>Si 7</b>
me hago pobre como él. (**)
</strong>
<b>Mi</b>
Siempre en la tierra será primavera, 
<b>La</b>
siempre la luz vencerá a las tinieblas,
<b>Mi</b>
nunca los pueblos tendrán 
                 <b>Si 7</b>
ya más guerras, ¡aleluya!

<b>Mi</b>
Siento mi vida que nace de nuevo, 
<b>La</b>
siento mi alma subir a los cielos,
<b>Mi</b>
veo a Jesucristo soplando 
                <b>Si 7</b>
a los pueblos, ¡aleluya!
