En el principio,
el Verbo estaba en Dios,
porque el Verbo era Dios.
Todo fue hecho por el Verbo,
y nada existe sin El.
El Verbo es Vida,
la Vida es la Luz,
la Luz brilla en la tiniebla,
ésta nunca la ha detenido.
Mientras tanto, en el mundo
surge un hombre llamado Juan.

Viene a ser testigo de la Luz,
pero no es la Luz.
El Verbo es la Luz verdadera
que viene al mundo
que viene al mundo para iluminar
a los hombres.

La Luz vino a su pueblo
pero éste no lo conoció.
El Verbo se hizo carne
y habitó entre su pueblo.
<strong>
<b>re m</b>                  <b>Do</b>    <b>re m</b>
El Verbo, la Luz, la Vida, Dios.
             <b>Do</b>   <b>La</b>       <b>re m</b>
El mundo sin Vida muerto está.
                      <b>Do</b>     <b>re m</b>
Los hombres sin Luz tiniebla son.
             <b>Sib</b>     <b>Do</b>    <b>re m</b>
El verbo, la Luz, la Vida, Dios. (**)
</strong>
