<b>Do</b>                 <b>Sol</b>
No se te llamará jamás abandonada
        <b>la m</b>
ni a tu tierra le dirán 
  <b>Do</b>
jamás la desolada
        <b>Fa</b>              <b>Do</b>
pues tu Dios se complacerá en ti
     <b>Fa</b>              <b>Sol</b>    <b>Sol 7</b>
y tu tierra será desposada.

  <b>Do</b>            <b>Sol</b>
Y como joven se casa con doncella
   <b>la m</b>       <b>Do</b>
se casará contigo tu Hacedor
      <b>Fa</b>                    <b>Do</b>
y con gozo de esposo con su novia
   <b>Fa</b>               <b>Sol</b>    <b>Sol 7</b>
se gozará por ti tu Dios.
<strong>
        <b>Do</b>     <b>Sol</b>
Por eso yo, la voy a seducir
        <b>la m</b>     <b>Do</b>
la llevaré al desierto y allí
        <b>Fa</b>
le hablaré a tu corazón
       <b>Do</b>
y ella me responderá
            <b>Fa</b>              <b>Sol</b>
       (<span id="reserved">2ª:</span> <b>Fa</b>   <b>Sol</b>        <b>So</b>)
como en los días de su juventud. (**)
</strong>
   <b>Do</b>             <b>Sol</b>
Yo te desposaré conmigo para siempre
      <b>la m</b>    <b>Do</b>
te desposaré en fidelidad,
    <b>Fa</b>               <b>Do</b>
en amor y en comprensión
  <b>Fa</b>                <b>Sol</b>  <b>Sol 7</b>
y tú conocerás a tu Dios.

  <b>Do</b>                <b>Sol</b>
Ensancha el espacio de tu tienda
       <b>la m</b>               <b>Do</b>
tus clavijas asegura, no te detengas
         <b>Fa</b>                <b>Do</b>
pues tus hijos heredarán naciones
      <b>Fa</b>                  <b>Sol</b>  <b>Sol 7</b>
y un pueblo de Dios formará.
<strong>
        <b>Do</b>     <b>Sol</b>
Por eso yo, la voy a seducir
        <b>la m</b>     <b>Do</b>
la llevaré al desierto y allí
        <b>Fa</b>
le hablaré a tu corazón
       <b>Do</b>
y ella me responderá
            <b>Fa</b>              <b>Sol</b>
       (<span id="reserved">2ª:</span> <b>Fa</b>   <b>Sol</b>        <b>Do</b>)
como en los días de su juventud. (**)
</strong>
