<span id="reserved">Intro:</span> <b>mi m</b> <b>Do maj7</b>

<b>mi m</b>
Hoy me habló la luna

Dice que ahí está todo bien
         <b>Do maj7</b>
Que cada mediados de diciembre

Pides que llueva para volver a verme
        <b>si m</b>
Yo cuidaré de lo que dejas aquí

Mamá está hecha una guerrera fuerte
          <b>la m</b>
Pero le duele y ni lo habla

                    <b>mi m</b>
¿Quién me dirá que pare, 

que vaya despacio

Que la vida no acaba en una última vez?
                <b>Do maj7</b>
Que disfrute la música y de cada paso

Que puede que lo mejor 

no vaya a repetirse
             <b>si m</b>
Que llame a mamá cuando esté fuera

Que no tape el amor donde quiera llegar
        <b>la m</b>
Será que estoy atado 

a escapar hacia adelante
      <b>Si 7</b>
Y a curarme de los que se van

     <b>Do maj7</b>
No dudaré
                 <b>si m</b>
Llegar hasta el final por ti
                     <b>mi m</b>
Sé que lo harías conmigo

Por eso he estado perdido
      <b>Do maj7</b>
Y miraré a través 
                  <b>si m</b>
de las nubes del cielo
                      <b>la m</b>
Por si un día bajas a verme
                             <b>Si 7</b>
Quiero haber sido un buen hombre
<strong>
          <b>mi m</b>            <b>Re</b>
Me he quedado con mil historias 
       <b>la m</b>
que contarte
       <b>Si 7</b>
Y no quiero
       <b>mi m</b>           <b>Re</b>
Esta vida me sabe a poco
    <b>la m</b>               <b>Si 7</b>
Y a veces no sé entenderla
                <b>mi m</b>               <b>Re</b>
Será que no he sacado lo mejor de mí
              <b>la m</b>         <b>Si 7</b>
Que tú me enseñaste y me alejo
           <b>Do maj7</b>        <b>la m</b>
Y, como un barco a la deriva, 
            <b>Si 7</b>
espero la orilla
                      <b>mi m</b>
Yo te espero en la orilla
</strong>
          <b>mi m</b>
Hoy he pasado cerca de tu casa

He visto el parque y no había flores
       <b>Do maj7</b>
Donde jugaba todas las mañanas

Contigo no tenía miedo a caer
         <b>si m</b>
Porque sabía que tú eras mi guardia
            <b>la m</b>
Y ahora tú dime, 

¿quién me va a escuchar
          <b>si m</b>
Cuando me duele y ni lo hablo?
           <b>la m</b>               <b>Si 7</b>
Porque te quiero desde aquí abajo
<strong>
          <b>mi m</b>            <b>Re</b>
Me he quedado con mil historias 
       <b>la m</b>
que contarte
       <b>Si 7</b>
Y no quiero
       <b>mi m</b>           <b>Re</b>
Esta vida me sabe a poco
    <b>la m</b>               <b>Si 7</b>
Y a veces no sé entenderla
                <b>mi m</b>               <b>Re</b>
Será que no he sacado lo mejor de mí
              <b>la m</b>         <b>Si 7</b>
Que tú me enseñaste y me alejo
           <b>Do maj7</b>        <b>la m</b>
Y, como un barco a la deriva, 
            <b>Si 7</b>
espero la orilla
                      <b>Do maj7</b>
Yo te espero en la orilla
                    <b>la m</b>  <b>Si 7</b>
Yo te espero en la orilla (***)
</strong>
<span id="reserved">Final:</span> <b>mi m</b> <b>Do maj7</b>
<span id=cejilla-original>2</span>
