<b>La</b>                  <b>do# m</b>
El Señor miró a los hombres
<b>Re</b>                   <b>Mi</b>
les habló por los profetas,
<b>La</b>               <b>do# m</b>
pero como no escuchaban
   <b>Re</b>                <b>Mi</b>
mandó a su hijo a la Tierra.
<b>La</b>                 <b>do# m</b>
El mundo estaba en tinieblas,
<b>Re</b>                   <b>Mi</b>
brilló de pronto una luz
<b>La</b>                 <b>do# m</b>
que dio color a la tierra:
    <b>Re</b>          <b>Mi</b> <b>Re</b>
era la Luz de Jesús.
<strong>
<b>do# m</b> <b>Mi</b> <b>Re</b> <b>do# m</b> <b>Mi</b>

<b>La</b>                 <b>do# m</b>
La Palabra se hizo carne
   <b>Re</b>                <b>Mi</b>
y Dios nos mostró su rostro.
<b>La</b>                 <b>do# m</b>
Nos ha nacido el Mesías,
     <b>Re</b>            <b>Mi</b>
Emmanuel: Dios con nosotros.
<b>fa# m</b>                 <b>do# m</b>
Hoy es un día de esperanza,
    <b>Re</b>            <b>Mi</b>
de amor y fraternidad,
<b>fa# m</b>                  <b>do# m</b>
porque en un pobre pesebre
    <b>Mi</b> <b>Re</b> <b>do# m</b>
comenzó        
<b>Re</b> <b>La</b> <b>Mi</b> <b>La</b> <b>do# m</b> <b>Re</b> <b>Mi</b>
la Navidad.
</strong>

<b>La</b>               <b>do# m</b>
Donde menos se esperaba
  <b>Re</b>                <b>Mi</b>
nació la Piedra Angular.
<b>La</b>                <b>do# m</b>
En el corazón del pobre
<b>Re</b>                 <b>Mi</b>
ha instalado su portal.
<b>fa# m</b>              <b>do# m</b>
Forja de espadas arados,
<b>Re</b>                  <b>Mi</b>
podaderas de las lanzas;
<b>fa# m</b>                 <b>do# m</b>
trae dignidad al humillado,
   <b>Re</b>           <b>Mi</b> <b>Re</b> <b>do# m</b>
justicia, paz y esperanza.
<strong>
<b>do# m</b> <b>Mi</b> <b>Re</b> <b>do# m</b> <b>Mi</b>

<b>La</b>                 <b>do# m</b>
La Palabra se hizo carne
   <b>Re</b>                <b>Mi</b>
y Dios nos mostró su rostro.
<b>La</b>                 <b>do# m</b>
Nos ha nacido el Mesías,
     <b>Re</b>            <b>Mi</b>
Emmanuel: Dios con nosotros.
<b>fa# m</b>                 <b>do# m</b>
Hoy es un día de esperanza,
    <b>Re</b>            <b>Mi</b>
de amor y fraternidad,
<b>fa# m</b>                  <b>do# m</b>
porque en un pobre pesebre
    <b>Mi</b> <b>Re</b> <b>do# m</b>
comenzó        
<b>Re</b> <b>La</b> <b>Mi</b> <b>La</b> <b>do# m</b> <b>Re</b> <b>Mi</b>
la Navidad.
</strong>

<b>La</b>               <b>do# m</b>
Desbordados por su amor
   <b>Re</b>             <b>Mi</b>
proclamamos con María
<b>La</b>               <b>do# m</b>
la grandeza del Señor
<b>Re</b>                 <b>Mi</b>
pequeño, pobre,... Mesías
<b>fa# m</b>                <b>do# m</b>
que eligió un pobre portal
<b>Re</b>                 <b>Mi</b>
porque no quiere fortunas
<b>fa# m</b>           <b>do# m</b>
y que cada Navidad
  <b>Re</b>                 <b>Mi</b>  <b>Re</b>
busca en tu interior su cuna.
<strong>
<b>do# m</b> <b>Mi</b> <b>Re</b> <b>do# m</b> <b>Mi</b>

<b>La</b>                 <b>do# m</b>
La Palabra se hizo carne
   <b>Re</b>                <b>Mi</b>
y Dios nos mostró su rostro.
<b>La</b>                 <b>do# m</b>
Nos ha nacido el Mesías,
     <b>Re</b>            <b>Mi</b>
Emmanuel: Dios con nosotros.
<b>fa# m</b>                 <b>do# m</b>
Hoy es un día de esperanza,
    <b>Re</b>            <b>Mi</b>
de amor y fraternidad,
<b>fa# m</b>                  <b>do# m</b>
porque en un pobre pesebre
    <b>Mi</b> <b>Re</b> <b>do# m</b>
comenzó        
<b>Re</b> <b>La</b> <b>Mi</b> <b>La</b> <b>do# m</b> <b>Re</b> <b>La</b> <b>Mi</b> <b>La</b>
la Navidad.
</strong>
