<b>G</b>                    <b>E m</b>
No, no vengo a molestarte
                  <b>C</b>
Pero quería acercarme
                         <b>G</b>
Por si hoy había explicación

<b>G</b>                          <b>E m</b>
Dos millones de horas en trance
                         <b>C</b>
Seis gritos, cuatro romances
               <b>G</b>
Pero ninguna razón

<b>G</b>                 <b>E m</b>
Yo sigo llegando tarde
                      <b>C</b>
Se me hace largo el viaje
                   <b>G</b>
Para esta conversación

<b>G</b>                 <b>E m</b>
No quisiera molestarte
                 <b>C</b>
Pero quería gritarte
                       <b>G</b>
¡Me duele el pecho de amor!

<b>G</b>
Tiene que haber una salida
<b>E m</b>
Tiene que haber una salida
<b>C</b>                                <b>G</b>
Tiene que haber una para tanto dolor
<strong>
                <b>G</b>
Y ahora sé que la salvación
                    <b>D</b>
Estaba dentro de un beso
                    <b>C</b>
Y una caricia en el pelo
                     <b>G</b>
Y aquella noche en el espigón
</strong>
<b>G</b>                 <b>E m</b>
Yo quisiera ser cobarde
                   <b>C</b>
Pero he elegido hablarte
                 <b>G</b>
Y todo pesa un millón

<b>G</b>                     <b>E m</b>
No, no quiero nada de nadie
               <b>C</b>
Pero quería gritarte
                        <b>G</b>
¡Me duele el pecho de amor!

<b>G</b>
Tiene que haber una salida
<b>E m</b>
Tiene que haber una salida
<b>C</b>                                <b>G</b>
Tiene que haber una para tanto dolor
<strong>
                <b>G</b>
Y ahora sé que la salvación
                    <b>D</b>
Estaba dentro de un beso
                    <b>C</b>
Y una caricia en el pelo
                     <b>G</b>
Y aquella noche en el espigón

    <b>G</b>                              <b>D</b>
La salvación de tantos dioses modernos
                      <b>C</b>
No me compensa el momento
                        <b>G</b>
De haber tenido que decir adiós
</strong>
<b>G</b>
Tiene que haber una salida
<b>E m</b>
Tiene que haber una salida
<b>C</b>                         <b>G</b>
Tiene que haber una salida

<b>G</b>
Tiene que haber una salida
<b>E m</b>
Tiene que haber una salida
<b>C</b>                                <b>G</b>
Tiene que haber una para tanto dolor

<b>G</b>         <b>E m</b>         <b>C</b>        <b>G</b>
Salvación, salvación, salvación
<b>G</b>         <b>E m</b>         <b>C</b>        <b>G</b>
Salvación, salvación, salvación
<span id=cejilla-original>6</span>
