<strong>
<b>Do</b>
Laudato si, Oh mi signore
<b>la m</b>
Laudato si, Oh mi signore
<b>Fa</b>
Laudato si, Oh mi signore
<b>Sol</b>
Laudato si, Oh mi signore
</strong>

 <b>Do</b>
Y por todo lo creado,
<b>la m</b>
por el sol y por la luna,
<b>Fa</b>
por la estrella, por el viento,
<b>Sol</b>
por el agua y por el fuego.

 <b>Do</b>
Por la hermana madre tierra,
<b>la m</b>
que alimenta y nos sostiene,
<b>Fa</b>
por las flores y la hierba,
<b>Sol</b>
por el monte y por los mares.

 <b>Do</b>
Si el sentido de la vida,
<b>la m</b>
es cantar y alabarte,
<b>Fa</b>
queremos que nuestra vida
<b>Sol</b>
sea siempre una canción.



