<b>Do</b>                              <b>Sol</b>
When I find myself in times of trouble
   <b>la m</b>               <b>Fa</b>
Mother Mary comes to me
    <b>Do</b>                <b>Sol</b>        <b>Fa</b> <b>Do</b>
Speaking words of wisdom, let it be
                      <b>Sol</b>
And in my hour of darkness
           <b>la m</b>                 <b>Fa</b>
she is standing right in front of me
    <b>Do</b>              <b>Sol</b>          <b>Fa</b> <b>Do</b>
Speaking words of wisdom, let it be
<strong>
       <b>la m</b>        <b>Sol</b>
Let it be, let it be,
       <b>Fa</b>         <b>Do</b>
let it be, let it be
 <b>Do</b>                <b>Sol</b>          <b>Fa</b>
Whisper words of wisdom, let it be
</strong>

<b>Do</b>                  <b>Sol</b>
And when the broken hearted people
<b>la m</b>           <b>Fa</b>
living in the world agree
 <b>Do</b>               <b>Sol</b>           <b>Fa</b> <b>Do</b>
There will be an answer, let it be
                       <b>Sol</b>
For though they may be parted, 
         <b>la m</b>
there is still a chance 
     <b>Fa</b>
that they will see
 <b>Do</b>                <b>Sol</b>          <b>Fa</b> <b>Do</b>
There will be an answer, let it be
<strong>
       <b>la m</b>        <b>Sol</b>
Let it be, let it be,
       <b>Fa</b>         <b>Do</b>
let it be, let it be
 <b>Do</b>                <b>Sol</b>          <b>Fa</b>
Whisper words of wisdom, let it be
</strong>
<b>Do</b>                   <b>Sol</b>
And when the night is cloudy there is
<b>la m</b>                <b>Fa</b>
still a light that shines on me
 <b>Do</b>            <b>Sol</b>             <b>Fa</b> <b>Do</b>
Shinin' until tomorrow, let it be
                 <b>Sol</b>
I wake up to the sound of music, 
 <b>la m</b>         <b>Fa</b>
Mother Mary comes to me
  <b>Do</b>               <b>Sol</b>           <b>Fa</b> <b>Do</b>
Speaking words of wisdom, let it be
<strong>
       <b>la m</b>        <b>Sol</b>
Let it be, let it be,
       <b>Fa</b>         <b>Do</b>
let it be, let it be
 <b>Do</b>                <b>Sol</b>          <b>Fa</b>
There will be an answer, let it be

       <b>la m</b>        <b>Sol</b>
Let it be, let it be,
       <b>Fa</b>         <b>Do</b>
let it be, let it be
 <b>Do</b>                <b>Sol</b>          <b>Fa</b>
Whisper words of wisdom, let it be
</strong>
