<b>mi m</b>                    <b>si m</b>
Libérame, Dios de la angustia
      <b>Do</b>              <b>Sol</b>
de no poder ser el primero.
<b>la m</b>               <b>Do</b>             <b>Re</b>
Libérame, Padre, de los sentimientos
    <b>la m</b>                 <b>Si 7</b>
de culpar de mis fallos al otro.
<b>mi m</b>                   <b>si m</b>
Libérame Tú que te abajas
           <b>Do</b>           <b>Sol</b>
poniéndote en último puesto.
<b>la m</b>
Enaltece al pequeño, 
    <b>Do</b>          <b>Re</b>
derriba al soberbio.
<b>la m</b>
Que todos nos sintamos 
<b>Si 7</b>
hermanos iguales.
<b>la m</b>
Que todos nos sintamos
<b>Si 7</b>
hambrientos de Ti.
