<span id="reserved">Intro:</span> <b>la m</b> <b>mi m</b> <b>la m</b> <b>mi m</b>

<b>la m</b>                  <b>mi m</b>
Sangre, imperios y cañones
<b>la m</b>                        <b>mi m</b>
desolan la historia de los hombres.
<b>la m</b>        <b>mi m</b>
Explotación, injusticia,
<b>la m</b>        <b>mi m</b>
marginación y codicia.
<b>Fa</b>                     <b>Sol</b>
¿Cuándo llegará el corazón a la razón?
<b>re m</b>                     <b>Sol</b>
¿Cuándo el dinero no estará 
     <b>mi m</b>         <b>la m</b>  <b>mi m</b>
por encima de la paz?
<strong>
<b>Do</b>
Me niego a creer
            <b>Sol</b>         <b>Fa</b>
que esta situación sea eterna.
   <b>mi m</b>
Me niego a pensar 
   <b>la m</b> <b>Sol</b>               <b>Fa</b>
que esto no hay quien lo detenga.
      <b>Sol</b>            <b>la m</b>
Es contrario a mi conciencia,
    <b>Fa</b>    <b>Sol</b>    <b>la m</b>
al Dios que me subleva,
          <b>Sol</b>               <b>Fa</b>
que ha inscrito en cada ser humano
        <b>Sol</b>    <b>mi m</b>
entrañas de una 
       <b>la m</b>      <b>mi m</b> <b>la m</b> <b>mi m</b>
justicia nueva.

<b>la m</b>              <b>mi m</b>
Llega el día de la gran revolución:
          <b>Fa</b>
los que están abajo, 
<b>Do</b>            <b>mi m</b>
arriba los pone Dios.
<b>la m</b>               <b>mi m</b>
Llega el día de la gran revolución:
        <b>Fa</b>
los que son pisoteados 
  <b>Do</b>            <b>mi m</b>
vivirán resurrección.
</strong>
<b>la m</b>            <b>mi m</b>
Bombas antipersonales,
<b>la m</b>               <b>mi m</b>
crueles multinacionales,
<b>la m</b>
riqueza del Norte
       <b>mi m</b>
que al Sur condena a muerte,
<b>la m</b>               <b>mi m</b>
deuda externa que mata a tanta gente.
<b>Fa</b>                       <b>Sol</b>
¿Cuándo nos pondremos de acuerdo?
<b>re m</b>
¿Cuándo empezaremos
    <b>Sol</b>   <b>mi m</b>     <b>la m</b>    <b>mi m</b>
a crear un mundo nuevo?
<strong>
<b>Do</b>
Me niego a creer
            <b>Sol</b>         <b>Fa</b>
que esta situación sea eterna.
   <b>mi m</b>
Me niego a pensar 
   <b>la m</b> <b>Sol</b>               <b>Fa</b>
que esto no hay quien lo detenga.
      <b>Sol</b>            <b>la m</b>
Es contrario a mi conciencia,
    <b>Fa</b>    <b>Sol</b>    <b>la m</b>
al Dios que me subleva,
          <b>Sol</b>               <b>Fa</b>
que ha inscrito en cada ser humano
        <b>Sol</b>    <b>mi m</b>
entrañas de una 
       <b>la m</b>      <b>mi m</b> <b>la m</b> <b>mi m</b>
justicia nueva.

<b>la m</b>              <b>mi m</b>
Llega el día de la gran revolución:
          <b>Fa</b>
los que están abajo, 
<b>Do</b>            <b>mi m</b>
arriba los pone Dios.
<b>la m</b>               <b>mi m</b>
Llega el día de la gran revolución:
        <b>Fa</b>
los que son pisoteados 
  <b>Do</b>            <b>mi m</b>
vivirán resurrección.

<b>Fa</b>                       <b>Sol</b>
Llega el día en que para todos
<b>mi m</b>          <b>La</b>  <b>Mi</b>
alumbrará el Sol.
</strong>
