<b>Mi</b>                     <b>Si 7</b>
Por si acaso pierdo el tiempo 
         <b>La</b>         <b>Si 7</b>
no he querido ni pensar 
     <b>do# m</b>      <b>La</b>
levantar esa miseria 
       <b>do# m</b>         <b>La</b>
que dormita en las aceras, 
       <b>fa# m</b>           <b>La</b>
lo he leído en sus cartones 
      <b>fa# m</b>                   <b>Si 7</b>
donde piden en silencio dignidad. 

<b>Mi</b>                     <b>Si 7</b>
Por si acaso pierdo el sueño, 
         <b>La</b>         <b>Si 7</b>
no he querido ni mirar 
     <b>do# m</b>        <b>La</b>
en periódicos y fotos
      <b>do# m</b>         <b>La</b>
como lloran en sus ojos 
      <b>do# m</b>            <b>La</b>
entre hambre entre disparos
       <b>fa# m</b>            <b>Si 7</b>
buscan algo a lo que amar. 

         <b>La</b>         <b>Si 7</b>         <b>La</b>
Y por si acaso se agitase mi rutina,
     <b>Si 7</b>            <b>La</b>    <b>sol# m</b> <b>La</b> <b>Si 7</b>
o incomodas en mi vida, dame tu luz. 
<strong>
              <b>La</b>
Pero llegaste Tú 
   <b>Si 7</b>          <b>La</b>
a colmarme de motivos
      <b>Si 7</b>          <b>La</b>
y a romper con mi egoísmo
    <b>Si 7</b>
a llenarme, 
      <b>Mi</b>          <b>Si 7</b>
a inundar cada resquicio
      <b>do# m</b>            <b>La</b>
de tu fuerza, tu extremismo 
     <b>fa# m</b>        <b>Si 7</b>         <b>La</b>
hacerme sentirme viva y respirar 
<b>Si 7</b>         <b>La</b>  <b>Si 7</b>         <b>Mi</b>
para los demás, para los demás.
</strong>
<b>Mi</b>                     <b>Si 7</b>
Por si acaso pierdo el tiempo, 
      <b>La</b>         <b>Si 7</b>
he decidido empezar
       <b>do# m</b>        <b>La</b>
por romper mi prepotencia 
     <b>do# m</b>        <b>La</b>
para sentirme pequeña
      <b>do# m</b>           <b>La</b>
y ahora en aquella miseria
    <b>fa# m</b>          <b>Si 7</b>
veo tu rostro mi Dios. 

<b>Mi</b>                    <b>Si 7</b>
Me he cargado de sonrisas 
      <b>La</b>       <b>Si 7</b>
todas para regalar
       <b>do# m</b>             <b>La</b>
porque hoy tu luz me quema 
     <b>do# m</b>          <b>La</b>
necesito darme entera 
    <b>do# m</b>             <b>La</b>
y cantar que sigue habiendo 
    <b>fa# m</b>       <b>Si 7</b>
motivos para luchar. 

         <b>La</b>         <b>Si 7</b>         <b>La</b>
Y por si acaso se agitase mi rutina,
     <b>Si 7</b>            <b>La</b>    <b>sol# m</b> <b>La</b> <b>Si 7</b>
o incomodas en mi vida, dame tu luz. 
<strong>
              <b>La</b>
Pero llegaste Tú 
   <b>Si 7</b>          <b>La</b>
a colmarme de motivos
      <b>Si 7</b>          <b>La</b>
y a romper con mi egoísmo
    <b>Si 7</b>
a llenarme, 
      <b>Mi</b>          <b>Si 7</b>
a inundar cada resquicio
      <b>do# m</b>            <b>La</b>
de tu fuerza, tu extremismo 
     <b>fa# m</b>        <b>Si 7</b>         <b>La</b>
hacerme sentirme viva y respirar 
<b>Si 7</b>         <b>La</b>  <b>Si 7</b>         <b>Mi</b>
para los demás, para los demás.
</strong>

