<b>Re</b>              <b>Sol</b>
Ver con los ojos de Jesús,
<b>Re</b>                <b>Sol</b>
Sentir con el corazón de Jesús,
  <b>La</b>                  <b>Sol</b>
Tocar con las manos de Jesús.
             <b>Re</b>   <b>Sol</b>
Llegar a Jesús
<b>Re</b>              <b>Sol</b>
Oír con oídos de Jesús
       <b>Re</b>           <b>Sol</b>
Conocer tu nombre, como Jesús
 <b>La</b>                    <b>Sol</b>
Pensar no en el yo sino en el tú.
           <b>Re</b>
Llegar a Jesús
           <b>Sol</b>
Llegar a Jesús
              <b>mi m</b>  <b>La</b>
Llegar a Jesús (**)

<b>Re</b>
Llegar a Jesús
           <b>Sol</b>
Llegar a Jesús
              <b>mi m</b>     <b>La</b>
Ver, sentir tocar,
                      <b>Re</b>
Entonces ponte a andar.
<b>Re</b>
Llegar a Jesús
           <b>Sol</b>
Llegar a Jesús
                 <b>mi m</b>    <b>La</b>
Oír, conocer, pensar
                       <b>Re</b>
Entonces ponte a andar.
    <b>Sol</b>           <b>La</b>
Y andar el camino de la cruz
<b>Sol</b>            <b>La</b>
Resucitar para convertirse en luz.
           <b>Re</b>
Llegar a Jesús
           <b>Sol</b>
Llegar a Jesús
              <b>mi m</b>     <b>La</b>
Ver, sentir tocar,
                   <b>Re</b>
Entonces ponte a andar.
           <b>Re</b>
Llegar a Jesús
           <b>Sol</b>
Llegar a Jesús
                 <b>mi m</b>    <b>La</b>
Oír, conocer, pensar
                      <b>Re</b>
Entonces ponte a andar.
