<b>Do</b>             <b>Fa</b>
¡Llueve Tú, perdón!
        <b>Do</b>            <b>Sol</b>
¡Llueve Tú, por tu bondad, Señor!
        <b>Do</b>        <b>Fa</b>
¡Llueve Tú, misericordia!
<b>Do</b>      <b>Sol</b>    <b>Do</b>
¡Llueve Tú, Jesús! (**)
<b>Do</b>             <b>Fa</b>  <b>Sol</b>   <b>Do</b>  <b>Fa</b> <b>Sol</b>
Afiánzame con Espíritu generoso (**)
         <b>Do</b>           <b>Fa</b>
Nuestras culpas nos abruman,
     <b>Do</b>        <b>Sol</b>
pero Tú las perdonas. (**)
<strong>
        <b>Do</b>
¡Llueve Tú sobre nosotros,
       <b>Fa</b>
llueve Tú,
       <b>Do</b>
llueve Tú sobre nosotros,
       <b>Sol</b>
buen Jesús,
     <b>Do</b>        <b>Do 7</b>
agua viva derramada,
     <b>Fa</b>           <b>fa m</b>
sana todo nuestro mal.
       <b>Do</b>          <b>Fa</b>
Llueve Tú sobre nosotros,
<b>Sol</b>    <b>Do</b>
llueve Tú!
</strong>
     <b>Do</b>                  <b>Fa</b>
La fidelidad brota de la tierra,
      <b>Do</b>                  <b>Sol</b>
la justicia mira desde el cielo. (**)
<strong>
        <b>Do</b>
¡Llueve Tú sobre nosotros,
       <b>Fa</b>
llueve Tú,
       <b>Do</b>
llueve Tú sobre nosotros,
       <b>Sol</b>
buen Jesús,
     <b>Do</b>        <b>Do 7</b>
agua viva derramada,
     <b>Fa</b>           <b>fa m</b>
sana todo nuestro mal.
       <b>Do</b>          <b>Fa</b>
Llueve Tú sobre nosotros,
<b>Sol</b>    <b>Do</b>
llueve Tú!
</strong>
<b>Do</b>             <b>Fa</b>
¡Llueve Tú, perdón!
        <b>Do</b>            <b>Sol</b>
¡Llueve Tú, por tu bondad, Señor!
        <b>Do</b>        <b>Fa</b>
¡Llueve Tú, misericordia!
<b>Do</b>      <b>Sol</b>    <b>Do</b>
¡Llueve Tú, Jesús! (**)
