<b>Mi</b>              <b>La</b>
El camino que hicimos juntos
<b>Si</b>             <b>Mi</b>
no se podrá borrar,
                  <b>La</b>
pues si juntos lo comenzamos,
<b>Si</b>           <b>Mi</b>    <b>Mi 7</b>
ya no tendrá final.
              <b>La</b>
A lo largo de nuestras vidas
<b>Si</b>
tu mano amiga
<b>Mi</b>       <b>Si</b>  <b>do# m</b>
nunca se separó
             <b>La</b>
de nuestro trabajo
  <b>Si</b>          <b>Mi</b>
y nuestra ilusión.

                <b>La</b>
No queremos ser islas frías
<b>Si</b>              <b>Mi</b>
en nuestro convivir,
                <b>La</b>
queremos ser la luz de antorcha
<b>Si</b>        <b>Mi</b>  <b>Mi 7</b>
al compartir
          <b>La</b>
una casa caliente que acoja
<b>Si</b>
a aquel que llame
<b>Mi</b>         <b>Si</b>      <b>do# m</b>
cansado de tanto andar.
         <b>La</b>
Comunicaremos
    <b>Si</b>        <b>Mi</b>
nuestra felicidad.

           <b>La</b>
El Espíritu que nos une
<b>Si</b>          <b>Mi</b>
en nuestro amor
               <b>La</b>
no será un habitante extraño,
<b>Si</b>     <b>Mi</b>  <b>Mi 7</b>
dará calor.
               <b>La</b>
Y a medida que pase el tiempo,
<b>Si</b>
seremos siempre
<b>Mi</b>       <b>Si</b>    <b>do# m</b>
semillas de tu paz
                  <b>La</b>
que plantadas con gozo
     <b>Si</b>             <b>Mi</b>
nuestros hijos poseerán.

