<strong>
<b>Re</b>           <b>mi m</b>         <b>Re</b>   <b>mi m</b>
Tu mano y la mía se hallarán 
<b>Re</b>          <b>mi m</b>     <b>fa# m</b>       <b>fa m</b>
tu voz y la mía se encontrarán
   <b>mi m</b>        <b>Re /</b><b>Fa#</b>   <b>Sol</b>       <b>sol m</b>
y entonces llegará la nueva realidad
      <b>Re</b>           <b>La</b>          <b>Sol</b>
el proyecto de una nueva humanidad.

<b>Fa#</b> <b>mi m</b> <b>Re</b>
</strong>
<b>si m</b>             <b>Fa#</b>         <b>si m</b>
Ya no habrá más hambre ni dolor
                <b>La</b>       <b>La /</b><b>Do#</b> <b>Re</b>
ya no habrá mas guerra y división
                 <b>mi m</b>         <b>Re /</b><b>Fa#</b>
porque el tiempo viejo ya ha pasado
     <b>sol m</b>
y lo nuevo ha comenzado.

<b>si m</b>             <b>Fa#</b>          <b>si m</b>
Ya no habrá más llantos y terror, 
                <b>La</b>  <b>La /</b><b>Do#</b> <b>Re</b>
ya no habrá tristeza ni rencor
                 <b>mi m</b>         <b>Re /</b><b>Fa#</b>
porque el tiempo viejo ya ha pasado
     <b>sol m</b>            <b>Re</b>
y lo nuevo ha comenzado.
