<strong>
<b>la m</b>    <b>Sol</b>          <b>Do</b>
Quiero lágrimas prestadas 
      <b>re m</b>    <b>Mi 7</b>
para seguir llorando. (**)
<b>la m</b>    <b>Re</b>             <b>mi m</b>
Quiero lágrimas prestadas 
<b>la m</b>      <b>Re</b>  <b>Sol</b>
para seguir llorando. 
</strong>
<b>Re</b>               <b>la m</b>
el dolor del olvidado, 
<b>Re</b>                    <b>la m</b>
la crudeza del que es rico.
<strong>
<b>la m</b>    <b>Sol</b>          <b>Do</b>
Quiero lágrimas prestadas 
      <b>re m</b>    <b>Mi 7</b>
para seguir llorando. (**) 
</strong>
 <b>la m</b>     <b>Sol</b>           <b>la m</b>
Lloro el llanto de los otros,
      <b>Do</b>       <b>Sol</b>
a mis ojos los nubla 
     <b>mi m</b>         <b>la m</b>
la angustia del hombre.
<b>la m</b>      <b>Sol</b>             <b>la m</b>
Sirve mi llanto de manantial 
    <b>Do</b>       <b>Sol</b>      <b>mi m</b>       <b>la m</b>
que riega la tierra reseca del hombre.
<strong>
<b>la m</b>    <b>Sol</b>          <b>Do</b>
Quiero lágrimas prestadas 
      <b>re m</b>    <b>Mi 7</b>
para seguir llorando. (**) 
<b>la m</b>    <b>Re</b>             <b>mi m</b>
Quiero lágrimas prestadas 
<b>la m</b>      <b>Re</b>  <b>Sol</b>
para seguir llorando. 
</strong>
<b>Re</b>              <b>la m</b>
el hedor de la cloaca, 
<b>Re</b>                  <b>la m</b>
los terrores de la noche.
<strong>
<b>la m</b>    <b>Sol</b>          <b>Do</b>
Quiero lágrimas prestadas 
      <b>re m</b>    <b>Mi 7</b>
para seguir llorando. (**) 
</strong>
   <b>la m</b>    <b>Sol</b>     <b>Do</b>
Mi llanto es como lágrima 
   <b>mi m</b>        <b>la m</b>
en tierra extraña,
    <b>la m</b>        <b>Sol</b>
que sufre como madre 
    <b>Do</b>      <b>mi m</b>      <b>la m</b>
que pare de sus entrañas.
