<b>la m</b>
No cuentan las mujeres ni los niños,
                   <b>Sol</b>         <b>la m</b>
no cuentan quienes vagan marginados,
    <b>Do</b>             <b>Sol</b>
no cuenta quien es pobre 
       <b>Fa</b>
o está enfermo,
   <b>re m</b>                      <b>Sol</b>
ni cuenta quien está crucificado.

   <b>la m</b>
No cuentan quienes no tienen trabajo,
                 <b>Sol</b>           <b>la m</b>
ni tampoco quien sufre una adicción,
        <b>Do</b>           <b>Sol</b>
o quien habla otro idioma 
            <b>Fa</b>
en tierra extraña,
    <b>re m</b>                      <b>Sol</b>
no cuenta quien es de otro color.
<strong>
            <b>Do</b>              <b>Sol</b>
Mas... Para Ti son quienes cuentan,
            <b>re m</b>                  <b>Sol</b>
son quienes cantan la gloria de Dios,
       <b>Fa</b>                    <b>Sol</b>
son tu rostro, Señor, crucificado,
       <b>Fa</b>                    <b>Sol</b>
son tu rostro, Señor, resucitado. (**)
     <b>Do</b>
Eres Tú
</strong>
<b>la m</b>
Ni los niños soldado tienen nombre
                 <b>Sol</b>            <b>la m</b>
ni las niñas que están esclavizadas.
     <b>Do</b>
No existen quienes 
<b>Sol</b>           <b>Fa</b>
hoy mueren de hambre,
       <b>re m</b>                       <b>Sol</b>
y se ignora a quienes sufren soledad.

<b>la m</b>
No contaron las mujeres ni los niños,
                  <b>Sol</b>
y hoy siguen sin contar 
           <b>la m</b>
los más pequeños.
         <b>Do</b>       <b>Sol</b>          <b>Fa</b>
Que haga mío el dolor de mis hermanos
     <b>re m</b>
y comparta, en justicia, 
           <b>Sol</b>
el pan con ellos.
<strong>
             <b>Do</b>              <b>Sol</b>
Pues... Para Ti son quienes cuentan,
            <b>re m</b>                  <b>Sol</b>
son quienes cantan la gloria de Dios,
       <b>Fa</b>                    <b>Sol</b>
son tu rostro, Señor, crucificado,
       <b>Fa</b>                    <b>Sol</b>
son tu rostro, Señor, resucitado. (**)
     <b>Do</b>
Eres Tú
</strong>
