<b>re m</b>     <b>Re 7</b>        <b>sol m</b>
Anawín, pobre de Yavé, 
  <b>La# 7</b>      <b>re m</b>      <b>La# 7</b>  <b>re m</b>
sin lecho estable ni pan seguro.
 <b>sol m</b>              <b>La 7</b>
Figura rehuida por gentes 

sin problemas.
    <b>Fa</b>                     <b>sol m</b>
Tan solo cuentas como un señor 
<b>re m</b>                 <b>La 7</b> <b>Fa</b>  <b>La 7</b>
cuando necesitan de ti como número.

<b>re m</b>     <b>Re 7</b>        <b>sol m</b>
Anawín, pobre de Yavé, 
<b>La# 7</b>      <b>re m</b>   <b>La# 7</b>  <b>re m</b>
pobre olvidado de la tierra.
     <b>sol m</b>
Recordado para ser
     <b>La 7</b>
revulsivo de conciencias.
    <b>Fa</b>                    <b>sol m</b>
Tal vez para causar inquietud 
<b>re m</b>                  <b>La 7</b>
en el rico que te olvidó 
 <b>Fa</b>       <b>La 7</b>
¡y te olvida!

<b>re m</b>               <b>sol m</b>
Anawín, pobre de Yavé, 
<b>Fa</b>    <b>Do 7</b>            <b>Fa 7</b>
no te tienes ni a ti mismo.
ren   Do7         Fa    Fa7
No te tienes ni a ti mismo, 
<b>La# 7</b> <b>sol m</b>           <b>La 7</b>
no  te  tienes ni a ti mismo.

        <b>sol m</b>
Los que cumplen la ley 
   <b>re m</b>         <b>la m7</b>    <b>re m</b>
te creen maldición de Dios.

Los fieles de la ley 
     <b>la m7</b>              <b>sol m</b>
te creen perdición de Dios.

<b>sol# m</b>  <b>do# m</b>            <b>sol# m7</b>
Pero Yavé te está aguardando
      <b>do# m</b>
en su Reino.
