<b>La</b>                  <b>Si</b>
Hemos ido hoy al portal
<b>Do</b>   <b>Si</b>         <b>La</b>
para conocer al Niño.
<b>La</b>                  <b>Si</b>
La sorpresa fue genial:
<b>Do</b>          <b>Si</b>             <b>La</b>
me ha dicho que es mi hermanito
<b>re m</b>                 <b>Do</b>
y me ha querido anunciar
      <b>Si</b>               <b>La</b>
que Papá es el Dios bendito,
<b>re m</b>                 <b>Do</b>
que tengo muchos hermanos
       <b>Si</b>             <b>La</b>
y Él escucha nuestros gritos.
<strong>
<b>Si</b>            <b>La</b>
Po eso quiero rezar
    <b>Si</b>             <b>La</b>
con todos el Padre Nuestro
          <b>re m</b>        <b>Do</b>
porque el Padre celestial
         <b>Si</b>               <b>La</b>
manda al Hijo a nuestro encuentro.
<b>Si</b>                 <b>La</b>
Los pastores nos enseñan
<b>Si</b>               <b>La</b>
desde su simplicidad
     <b>re m</b>       <b>Do</b>
a cantar el aleluya,
    <b>Si</b>         <b>La</b>
a vivir la Navidad.
</strong>
<b>La</b>                <b>Si</b>
En el portal de Belén
<b>Do</b>    <b>Si</b>       <b>La</b>
todos son bien recibidos,
<b>La</b>                <b>Si</b>
a todos nos miran bien,
<b>Do</b>          <b>Si</b>         <b>La</b>
todos somos acogidos.
<b>re m</b>                  <b>Do</b>
María y José nos reciben
        <b>Si</b>            <b>La</b>
con las puertas bien abiertas,
<b>re m</b>                      <b>Do</b>
el Niño nos mira y dice:
       <b>Si</b>              <b>La</b>
"yo cargo con vuestras penas".
<strong>
<b>Si</b>            <b>La</b>
Po eso quiero rezar
    <b>Si</b>             <b>La</b>
con todos el Padre Nuestro
          <b>re m</b>        <b>Do</b>
porque el Padre celestial
         <b>Si</b>               <b>La</b>
manda al Hijo a nuestro encuentro.
<b>Si</b>                 <b>La</b>
Los pastores nos enseñan
<b>Si</b>               <b>La</b>
desde su simplicidad
     <b>re m</b>       <b>Do</b>
a cantar el aleluya,
    <b>Si</b>         <b>La</b>
a vivir la Navidad.
</strong>
