<b>Re</b>              <b>la m</b>
Mi boca no ha probado el pan
       <b>Do</b>      <b>Sol</b>       <b>Re</b>
ni mis ojos vieron la sonrisa.

<b>Re</b>              <b>la m</b>
Mi corazón se retuerce de soledad,
       <b>Do</b>       <b>Sol</b>   <b>Re</b>
nunca nadie lo acompañó.

<b>Re</b>                       <b>la m</b>
Tengo hambre de luz y sosiego,
       <b>Do</b>         <b>Sol</b>       <b>Re</b>
¡De la Vida! y sentir mi destino,
                  <b>la m</b>
de abandonar mi cochambre
    <b>Do</b>           <b>Sol</b>      <b>Re</b>
y notar que este hambre pasó.

 <b>Re</b>                  <b>la m</b>
¡Padre, sáciame este hambre!
         <b>Do</b>         <b>Sol</b>     <b>Re</b>
Con gran ansia lo espero de Ti

<b>Re</b>                <b>la m</b>
No dejes vacía mi alma
           <b>Do</b>          <b>Sol</b>    <b>Re</b>
que de hambrienta no puede vivir.

                            <b>la m</b>
Hambre y sed que rozó la locura
       <b>Do</b>    <b>Sol</b>          <b>Re</b>
la sintió mi Hijo en la cruz,
                   <b>la m</b>
yo lo sacié con mi Vida
       <b>Do</b>         <b>Sol</b> <b>Re</b>
y, con Él, la comerás tú.

