<b>Re</b>          <b>Sol</b> <b>Re</b>     <b>fa# m</b> <b>si m7</b>
Con pies descalzos y doloridos
<b>Sol</b>   <b>mi m7</b>      <b>La 7</b>
nadie mira tu dolor.
<b>Re</b>       <b>Sol</b> <b>Re</b>           <b>fa# m</b> <b>si m7</b>
Tu facha triste a nadie inquieta,
   <b>Sol</b>       <b>mi m7</b>     <b>La 7</b>  <b>Re 7</b>
¡Tu nunca lo llevas a mal!

<b>Sol</b>      <b>Re</b>  <b>Sol</b>    <b>Re</b>
Porque sabes que la tierra
<b>Sol</b>    <b>Do</b>     <b>Sol</b>    <b>La 7</b>  <b>Re 7</b>
de los otros no solo es,
<b>Sol</b>       <b>Re</b>     <b>Sol</b>    <b>Re</b>
porque tú vives en la espera
       <b>Do</b>           <b>Re</b>
de que has de poseer
<b>Do</b>            <b>La</b>      <b>La 7</b>
hasta aquello que no ves.

<b>Re</b>            <b>Sol</b> <b>Re</b>         <b>fa# m</b> <b>si m7</b>
Si alguien te mira con gran desprecio
<b>Sol</b>      <b>mi m7</b>       <b>La 7</b>
sabes decir como Jesús:
<b>Re</b>        <b>Sol</b> <b>Re</b>          <b>fa# m</b> <b>si m7</b>
¡perdona, Padre, a mis hermanos,
<b>Sol</b>         <b>mi m7</b>        <b>La 7</b>  <b>Re 7</b>
dales tu perdón, dáselo Tú.

<b>Sol</b>       <b>Re</b>    <b>Sol</b>    <b>Re</b>
Porque no saben lo que hacen,
<b>Sol</b>        <b>Do</b>      <b>Sol</b>   <b>La 7</b> <b>Re 7</b>
no son conscientes de mi mal.
<b>Sol</b>       <b>Re</b>     <b>Sol</b>         <b>Re</b>
Y aquella tierra que te hizo daño
<b>Do</b>      <b>Re</b>   <b>Do</b>       <b>La</b>   <b>La 7</b>
¡Tuya será, con todos vivirás!
