<b>mi m7</b> <b>La 7</b>              <b>mi m7</b> <b>La 7</b>
Me buscan los de guerrera
<b>mi m7</b> <b>La 7</b>            <b>mi m7</b> <b>La 7</b>
y los que matan el amor,
<b>re m7</b> <b>Sol 7</b>               <b>re m7</b> <b>Sol 7</b>
huyo de esta vida y sus cosas
<b>re m7</b> <b>Sol 7</b>               <b>re m7</b> <b>Sol 7</b>
huyo hasta de mi propio yo.

         <b>la m</b> <b>Sol</b>
Pienso a veces 
 <b>Fa</b>       <b>Sol</b>        <b>Do</b>  <b>Mi 7</b>
que una reja es libertad,
         <b>la m</b>   <b>Sol</b>
y que es libre
<b>Fa</b>         <b>Sol</b>         <b>Do</b> <b>Mi 7</b> <b>mi m7</b> <b>La 7</b>
tan sólo quien hace el mal.

<b>mi m7</b> <b>La 7</b>               <b>mi m7</b>  <b>La 7</b>
Falta el aire en mis pulmones
<b>mi m7</b> <b>La 7</b>               <b>mi m7</b> <b>La 7</b>
y el sosiego en mi corazón,
<b>re m7</b> <b>Sol 7</b>                 <b>re m7</b>  <b>Sol 7</b>
me persiguen por no hacer daño,
<b>re m7</b> <b>Sol 7</b>                <b>re m7</b> <b>Sol 7</b>
por ser más que fiel al amor.

     <b>la m</b> <b>Sol</b>
Y mi mente,
<b>Fa</b>       <b>Sol</b>         <b>Do</b>  <b>Mi 7</b>
tan sólo piensa en morir,
     <b>la m</b>  <b>Sol</b>
sólo sueño,
<b>Fa</b>      <b>Sol</b>      <b>Do</b> <b>Mi 7</b> <b>mi m7</b> <b>La 7</b>
¡cuándo podré vivir!
