<b>Re</b>       <b>Sol</b>         <b>Re</b>
Tengo miseria de no tener,
<b>Sol</b>       <b>La</b>           <b>Re</b>
soy miserable en la cumbre.
<b>Re</b>         <b>Sol</b>          <b>Re</b>
Por querer ser quien no soy,
<b>Sol</b>       <b>La</b>       <b>Re</b>
no soy ni siquiera yo.

<b>Re</b>       <b>Sol</b>           <b>Re</b>
Mi vacío me hace comprender
<b>Sol</b>        <b>La</b>         <b>Re</b>
a quienes no me entienden
<b>Re</b>           <b>Sol</b>       <b>Re</b>
y a aquellos que me maltratan.
<b>Sol</b>         <b>La</b>      <b>Re</b>
¡Sé que yo no soy mejor!
<strong>
<b>mi m</b>                 <b>La</b>
Espero ser yo algún día,
<b>Re</b>         <b>fa# m</b>       <b>si m</b>
en mi miseria yo espero
<b>mi m</b>                  <b>La</b>
que algo nazca de mi nada
   <b>Sol</b>             <b>La</b>
aunque sé que nada soy.

 <b>mi m</b>                 <b>La</b>
Alguien repite en mi mente
<b>Re</b>         <b>fa# m</b>      <b>si m</b>
que en mi miseria me ama,
<b>mi m</b>                  <b>La</b>
con misericordia me quiere
   <b>Sol</b>     <b>La</b>        <b>Re</b>
y ese alguien es mi Dios.
</strong>
<b>Re</b>       <b>Sol</b>        <b>Re</b>
Si me sintiese herido
<b>Sol</b>       <b>La</b>         <b>Re</b>
o tratado con violencia,
<b>Re</b>       <b>Sol</b>         <b>Re</b>
nunca quisiera sentirme
<b>Sol</b>        <b>La</b>     <b>Re</b>
lleno de odio y rencor.

<b>Re</b>       <b>Sol</b>        <b>Re</b>
Ha de llenarse mi alma
<b>Sol</b>       <b>La</b>         <b>Re</b>
de infinita misericordia,
<b>Re</b>        <b>Sol</b>           <b>Re</b>
hay alguien que me lo pide,
<b>Sol</b>       <b>La</b>         <b>Re</b>
y ese Alguien es mi Dios.

