<b>Do</b>         <b>Fa</b>    <b>Sol</b>          <b>Do</b>
No sientas tú tristeza por mi mal,
        <b>Fa</b>     <b>Sol</b>             <b>Do</b>
mi sufrimiento no lo has hecho tú.

       <b>la m</b>       <b>mi m</b>
Mi corazón te dañó
     <b>Fa</b>   <b>Sol</b>  <b>Do</b>
y al tuyo provocó,
                <b>re m7</b>
tu acción no es tuya,
   <b>Sol</b>          <b>Do</b>
es falta de mi amor.

<b>Do</b>        <b>Fa</b>      <b>Sol</b>        <b>Do</b>
Siento contigo tu gozo, tu dolor,
          <b>Fa</b>       <b>Sol</b>        <b>Do</b>
siento contigo tu odio, tu rencor,
     <b>la m</b>      <b>mi m</b>
creo yo que mi alma 
    <b>Fa</b>  <b>Sol</b>     <b>Do</b>
siente Amor por Ti,
       <b>re m7</b>         <b>Sol</b>         <b>Do</b>
siento contigo la razón de tu vivir.

<b>Do</b>         <b>Fa</b>    <b>Sol</b>          <b>Do</b>
No sientas tú tristeza por mi mal,
        <b>Fa</b>     <b>Sol</b>             <b>Do</b>
mi sufrimiento no lo has hecho tú.

       <b>la m</b>       <b>mi m</b>
Mi corazón te dañó
     <b>Fa</b>   <b>Sol</b>  <b>Do</b>
y al tuyo provocó,
                <b>re m7</b>
tu acción no es tuya,
   <b>Sol</b>          <b>Do</b>
es falta de mi amor.

