<strong>
<b>Sol</b>           <b>Do</b>            <b>mi m</b>
María, tú que velas junto a mi,
         <b>Re</b>               <b>Sol</b>
y ves el fuego de mi inquietud,
<b>Sol</b>              <b>Do</b>        <b>Re</b>
María, madre, enséñame a vivir
           <b>Re 7</b>           <b>Sol</b>
con ritmo alegre de juventud.
</strong>
<b>Sol</b>                   <b>Do</b>  <b>Sol</b>
Ven, Señor, a nuestra soledad,
<b>Do</b>        <b>Re 7</b>     <b>Sol</b>
ven a nuestro corazón,
  <b>Do</b>         <b>Re</b>                <b>Sol</b> <b>mi m</b>
a tantas esperanzas que se han muerto,
     <b>La 7</b>                   <b>Re 7</b>
a nuestro caminar sin ilusión.

<b>Sol</b>                    <b>Do</b> <b>Sol</b>
Ven y danos la alegría
<b>Do</b>       <b>Re 7</b>       <b>Sol</b>
que nace de la fe y del amor,
   <b>Do</b>                    <b>Sol</b> <b>mi m</b>
el gozo de las almas que confían
    <b>La 7</b>                  <b>Re 7</b>
en medio del esfuerzo y el dolor.

<b>Sol</b>                   <b>Do</b>  <b>Sol</b>
Ven y danos tu esperanza
<b>Do</b>        <b>Re 7</b>       <b>Sol</b>
para sonreír en la aflicción
   <b>Do</b>        <b>Re</b>           <b>Sol</b>  <b>mi m</b>
la mano que del suelo nos levanta,
     <b>La 7</b>                    <b>Re 7</b>
la gracia de la paz en el perdón.

