<strong>
<b>Do</b>     <b>Sol</b>      <b>la m</b>  <b>Sol</b>
Mano a mano con Dios,
<b>Do</b>        <b>Fa</b>     <b>mi m</b>
un solo corazón,
<b>re m</b>   <b>Mi</b>            <b>la m</b>  <b>Fa</b>
hace vibrar nuestra voz
<b>Do</b>       <b>Re</b>        <b>Sol</b>
en una humilde oración.
<b>Do</b>     <b>Sol</b>      <b>la m</b>  <b>Sol</b>
Mano a mano con Él,
<b>Do</b>       <b>Re</b>      <b>Sol</b>
gritando nuestra fe
<b>Fa</b>         <b>Mi</b>       <b>la m</b>    <b>Fa</b>
como instrumento en manos de Él
<b>Do</b>        <b>Sol</b>     <b>Do</b>
que quiere serle fiel.
</strong>
<b>Do</b>  <b>Sol /</b><b>Si</b> <b>la m</b>               <b>Re</b>
Donde hay odio, poniendo tu amor,
            <b>Fa</b>                 <b>Sol</b> <b>Mi</b>
donde haya ofensa, el perdón de Dios,
              <b>la m</b>
donde haya discordia, 
              <b>Fa</b>  <b>fa m</b>
trayendo la unión,
<b>Do</b>           <b>Fa</b>
donde haya error, 
<b>Do</b>       <b>Fa</b>     <b>Sol</b>
poner verdad, ¡Señor!
<strong>
<b>Do</b>     <b>Sol</b>      <b>la m</b>  <b>Sol</b>
Mano a mano con Dios,
<b>Do</b>        <b>Fa</b>     <b>mi m</b>
un solo corazón,
<b>re m</b>   <b>Mi</b>            <b>la m</b>  <b>Fa</b>
hace vibrar nuestra voz
<b>Do</b>       <b>Re</b>        <b>Sol</b>
en una humilde oración.
<b>Do</b>     <b>Sol</b>      <b>la m</b>  <b>Sol</b>
Mano a mano con Él,
<b>Do</b>       <b>Re</b>      <b>Sol</b>
gritando nuestra fe
<b>Fa</b>         <b>Mi</b>       <b>la m</b>    <b>Fa</b>
como instrumento en manos de Él
<b>Do</b>        <b>Sol</b>     <b>Do</b>
que quiere serle fiel.
</strong>
<b>Do</b>   <b>Sol /</b><b>Si</b> <b>la m</b>             <b>Re</b>
Donde hay duda, poniendo la fe,
             <b>Fa</b>
donde haya angustia,
             <b>Sol</b> <b>Mi</b>
trayendo esperanza,
         <b>la m</b>                   <b>Fa</b> <b>fa m</b>
si hay tinieblas, poniendo la luz,
<b>Do</b>            <b>Fa</b>
donde hay tristeza, 
<b>Do</b>         <b>Fa</b>    <b>Sol</b>
dando alegría ¡Jesús!
<strong>
<b>Do</b>     <b>Sol</b>      <b>la m</b>  <b>Sol</b>
Mano a mano con Dios,
<b>Do</b>        <b>Fa</b>     <b>mi m</b>
un solo corazón,
<b>re m</b>   <b>Mi</b>            <b>la m</b>  <b>Fa</b>
hace vibrar nuestra voz
<b>Do</b>       <b>Re</b>        <b>Sol</b>
en una humilde oración.
<b>Do</b>     <b>Sol</b>      <b>la m</b>  <b>Sol</b>
Mano a mano con Él,
<b>Do</b>       <b>Re</b>      <b>Sol</b>
gritando nuestra fe
<b>Fa</b>         <b>Mi</b>       <b>la m</b>    <b>Fa</b>
como instrumento en manos de Él
<b>Do</b>        <b>Sol</b>     <b>Do</b>
que quiere serle fiel.
</strong>
<b>Do</b>   <b>la m</b>                 <b>Re</b>
Ayúdanos, Señor a no buscar
<b>Fa</b>                        <b>Sol</b>  <b>Mi</b>
querer ser consolado sino consolar
           <b>la m</b>             <b>Fa</b> <b>fa m</b>
ser comprendido sino comprender
<b>Do</b>             <b>Fa</b>
no buscar ser amado,
<b>Do</b>     <b>Fa</b>      <b>Sol</b>
sino nosotros amar.
<strong>
<b>Do</b>     <b>Sol</b>      <b>la m</b>  <b>Sol</b>
Mano a mano con Dios,
<b>Do</b>        <b>Fa</b>     <b>mi m</b>
un solo corazón,
<b>re m</b>   <b>Mi</b>            <b>la m</b>  <b>Fa</b>
hace vibrar nuestra voz
<b>Do</b>       <b>Re</b>        <b>Sol</b>
en una humilde oración.
<b>Do</b>     <b>Sol</b>      <b>la m</b>  <b>Sol</b>
Mano a mano con Él,
<b>Do</b>       <b>Re</b>      <b>Sol</b>
gritando nuestra fe
<b>Fa</b>         <b>Mi</b>       <b>la m</b>    <b>Fa</b>
como instrumento en manos de Él
<b>Do</b>        <b>Sol</b>     <b>Do</b>
que quiere serle fiel.
</strong>
