<strong>
<b>Do</b>        <b>Fa</b> <b>Do</b>
Marahnata (***)
</strong>
<b>Do</b>
¿A dónde irán nuestras vidas?

¿A dónde irán nuestras penas?
<b>Fa</b>                  <b>re m</b>
¿Dónde está la alegría? ¡Ay!
<b>Fa</b>                <b>Do</b>
¿En dónde la primavera?
                        <b>Sol</b>
¿A dónde irán nuestras vidas? ¡Ay!
<b>Fa</b>         <b>Sol</b>           <b>Do</b>    <b>Sol</b>
Si un Salvador no nos llega. ¡Ey!
<strong>
<b>Do</b>        <b>Fa</b> <b>Do</b>
Marahnata (***)
</strong>
<b>Do</b>
¿Para qué tantas palabras?

¿Para qué tantas promesas?
<b>Fa</b>               <b>re m</b>
¿Quién cambiará nuestra suerte? ¡Ay!
<b>Fa</b>                <b>Do</b>
¿Quién pondrá luz en las sendas?
                       <b>Sol</b>
¿Para qué tantas palabras? ¡Ay!
<b>Fa</b>         <b>Sol</b>           <b>Do</b>   <b>Sol</b>
Si un Salvador no nos llega ¡Ey!
<strong>
<b>Do</b>        <b>Fa</b> <b>Do</b>
Marahnata (***)
</strong>
<b>Do</b>
¿Qué será de nuestros hijos?

¿Qué será de nuestra tierra?
<b>Fa</b>                 <b>re m</b>
¿Qué será de los que sufren? ¡Ay!
<b>Fa</b>                <b>Do</b>
¿Qué será de los que esperan?
                       <b>Sol</b>
¿Qué será de nuestros hijos? ¡Ay!
<b>Fa</b>         <b>Sol</b>           <b>Do</b>    <b>Sol</b>
Si un Salvador no nos llega ¡Ey!
<strong>
<b>Do</b>        <b>Fa</b> <b>Do</b>
Marahnata (***)
</strong>
<b>Do</b>
Se está acabando la noche

y un nuevo día se acerca
<b>Fa</b>                  <b>re m</b>
vuelve a nacer la esperanza ¡Ay!
<b>Fa</b>                 <b>Do</b>
y se acaba la tristeza
                         <b>Sol</b>
y las estrellas ya nos dicen ¡Ay!
<b>Fa</b>          <b>Sol</b>         <b>Do</b>   <b>Sol</b>
¡Que el Salvador ya está cerca!
<strong>
<b>Do</b>        <b>Fa</b> <b>Do</b>
Marahnata (***)
</strong>
