<b>Do</b>
Haz que abandone la alforja
     <b>Fa</b>               <b>Do</b>  <b>Do 7</b>
que hasta ahora he llevado;
<b>Fa</b>
Haz que rechace el vestido
                  <b>Do</b>
que traje hasta aquí;
<b>Fa</b>                  <b>Sol</b>
haz que me quede desnudo
         <b>Do</b>     <b>Do 7</b>
ante Tu presencia;
<b>Fa</b>                    <b>Sol</b>
haz que abandone mi vieja
            <b>Do</b>  <b>Do 7</b>
razón de vivir.
<strong>
        <b>Fa</b>                <b>Do</b>  <b>Do 7</b>
Maran-nathá, ven Señor Jesús,
        <b>Sol</b>   <b>Fa</b>          <b>Do</b>
Maran-nathá, ven Señor Jesús. (**)
</strong>
<b>Do</b>
Dame el valor en la lucha
      <b>Fa</b>       <b>Do</b>  <b>Do 7</b>
que llevo conmigo;
<b>Fa</b>
haz que comprenda que sólo
               <b>Do</b>
un rival tengo yo;
<b>Fa</b>                 <b>Sol</b>
ese rival es el diablo
                    <b>Do</b> <b>Do 7</b>
que llevo en mi adentro;
<b>Fa</b>                   <b>Sol</b>
cuando me venza a mí mismo
           <b>Do</b>  <b>Do 7</b>
seré ya de Dios.
