<strong>
<b>do# m</b>       <b>Mi</b>     <b>La</b>
Marahnata, marahnata,
<b>fa# m</b>   <b>Si</b>      <b>do# m</b>
ven, señor, Jesús. (**)
</strong>
<b>do# m</b>
Ven, Señor, Jesús
          <b>Mi</b>
porque el mundo ardiendo está
    <b>La</b>            <b>do# m</b>
hay llamas de terror
    <b>La</b>         <b>Sol#</b>
son llamas de dolor
<b>Re</b>            <b>Do#</b>         <b>fa# m</b>
se olvidó tu palabra de amor,
     <b>Re</b>                <b>fa# m</b>
se cambió por la opresión
    <b>Re</b>           <b>Do#</b>
de hombres sobre otros.
<strong>
<b>do# m</b>       <b>Mi</b>     <b>La</b>
Marahnata, marahnata,
<b>fa# m</b>   <b>Si</b>      <b>do# m</b>
ven, señor, Jesús. (**)
</strong>
<b>do# m</b>
Ven, señor, Jesús,
      <b>Mi</b>
a mis ojos da la luz
        <b>La</b>          <b>do# m</b>
como al ciego del camino
        <b>La</b>       <b>Sol#</b>
haz que pueda alabarte,
<b>Re</b>              <b>Do#</b>
y que sepa encontrarte
      <b>fa# m</b>
en el hombre,
  <b>Re</b>                <b>fa# m</b>
olvidado por el hombre,
   <b>Re</b>            <b>Do#</b>
que ansía tu venida.
<strong>
<b>do# m</b>       <b>Mi</b>     <b>La</b>
Marahnata, marahnata,
<b>fa# m</b>   <b>Si</b>      <b>do# m</b>
ven, señor, Jesús. (**)
</strong>
