<b>Re</b>           <b>La</b>
María, Madre nuestra
<b>Sol</b>     <b>La</b>    <b>Re</b>
flor de juventud.
             <b>La</b>    <b>Sol</b> <b>La</b>   <b>Re</b>
Camino de mi vida, esa eres tú.
              <b>La</b> <b>Sol</b>   <b>La</b>   <b>Re</b>
Soy como un camino al anochecer
                  <b>La</b>
que busca en el silencio
<b>Sol</b>       <b>La</b>      <b>Re</b>  <b>Re 7</b>
los pasos de tu ayer.
<strong>
     <b>Sol</b>           <b>La</b>
Sin ti el mundo sería
   <b>Re</b>     <b>fa# m</b>      <b>si m</b>
como un paisaje sin luz
   <b>Sol</b>
un día sin sol
   <b>La</b>           <b>Re</b>    <b>Re 7</b>
un rostro sin sonrisa.
    <b>Sol</b>  <b>La</b>        <b>Re</b> <b>fa# m</b> <b>si m</b>
Sin ti María, no habría luz
    <b>Sol</b>       <b>La</b>        <b>Re</b>
sin ti no habría una sonrisa.
</strong>
<b>Re</b>          <b>La</b>
Eres la alegría
<b>Sol</b>      <b>La</b>              <b>Re</b>
el despertar de una ilusión.
          <b>La</b>   <b>Sol</b>          <b>La</b>   <b>Re</b>
Eres la belleza de una puesta de sol.

             <b>La</b>
Soy como una barca
<b>Sol</b>        <b>La</b>    <b>Re</b>
sin remos, en el mar,
                <b>La</b>
que va con la marea
<b>Sol</b>      <b>La</b>     <b>Re</b>  <b>Re 7</b>
buscando tu amistad.
