<b>fa# m</b>
Tantas cosas en la vida
     <b>si m</b>
nos ofrecen plenitud
     <b>Mi</b>
y no son más que mentiras
        <b>La</b>                 <b>Mi</b>
que desgastan la inquietud.
        <b>fa# m</b>
Tú has llenado mi existencia
     <b>si m</b>
al quererme de verdad.
     <b>Re</b>
Yo quisiera, Madre buena,
       <b>Do#</b>
amarte más.	

    <b>fa# m</b>
En silencio escuchabas
     <b>si m</b>
la Palabra de Jesús
        <b>Mi</b>
y la hacías Pan de Vida
    <b>La</b>                   <b>Mi</b>
meditando en tu interior.
    <b>fa# m</b>
la semilla que ha caído
      <b>si m</b>
ya germina y está en flor,
       <b>Re</b>                     <b>Do#</b>
con el corazón en fiesta cantaré.
<strong>
<b>La</b>    <b>si m</b>  <b>Re</b>    <b>La</b> <b>Mi</b>
Ave María, Ave María
</strong>
