<strong>
<b>Do</b>          <b>Sol</b>    <b>Fa</b>          <b>Do</b>
María mujer fuerte, mujer del pueblo,
<b>Fa</b>           <b>Do</b>
no te veo en ese altar
     <b>Re</b>                 <b>Sol</b>
si quieres que te sea sincero.
      <b>Fa</b>         <b>Do</b>
Yo te veo como Jesús, caminando,
<b>la m</b>            <b>Fa</b>
entre los sencillos 
     <b>Sol</b>              <b>Do</b>
y pequeños de nuestro tiempo. (**)
</strong>
<b>Do</b>                    <b>Sol</b>
Un día dijiste que tu alma
   <b>Fa</b>            <b>Do</b>
proclamaba la grandeza del Señor
                 <b>mi m</b>           <b>la m</b>
que tu espíritu se alegraba en Dios
<b>Fa</b>      <b>Do</b>                  <b>mi m</b>
tu salvador, porque había mirado
<b>la m</b>               <b>mi m</b>      <b>la m</b>
la humildad de su sierva.
<b>Fa</b>   <b>Sol</b>     <b>Fa</b>        <b>Sol</b>
Eso dijiste, esa es tu fe
<b>Fa</b>           <b>Sol</b>
esa es la María 
                      <b>Do</b>
en quien yo quiero creer.

<b>Do</b>
El Dios que te visitó,
    <b>Sol</b>          <b>Fa</b>           <b>Do</b>
dispersa a los soberbios de corazón
            <b>mi m</b>            <b>la m</b>
derriba del trono a los poderosos
<b>Fa</b>                    <b>Do</b>
y a los humildes los encumbra.
<b>Fa</b>   <b>Sol</b>     <b>Fa</b>        <b>Sol</b>
Eso dijiste, esa es tu fe
<b>Fa</b>           <b>Sol</b>
esa es la María 
                      <b>Do</b>
en quien yo quiero creer.

<b>Do</b>
El Dios que te dio su luz,
    <b>Sol</b>           <b>Fa</b>        <b>Do</b>
a los hambrientos los llena de bienes
         <b>mi m</b>        <b>la m</b>
y a los ricos los despide,
<b>Fa</b>             <b>Do</b>
los despide vacíos.
<b>Fa</b>   <b>Sol</b>     <b>Fa</b>        <b>Sol</b>
Eso dijiste, esa es tu fe
<b>Fa</b>           <b>Sol</b>
esa es la María 
                      <b>Do</b>
en quien yo quiero creer.
