<b>si m</b>           <b>mi m</b>
Señor, no soy nada, 
     <b>Sol</b>           <b>Fa#</b>
¿por qué me has llamado?
      <b>mi m</b>         <b>La</b>            <b>Re</b>
Has pasado por mi puerta y bien sabes
        <b>Fa#</b>         <b>si m</b>
que soy pobre y soy débil. 
     <b>Sol</b>                  <b>Fa#</b>
¿Por qué te has fijado en mí? 
<strong>
                   <b>Sol</b>           <b>mi m</b>
Me has seducido, Señor, con tu mirada.
         <b>La</b>
Me has hablado al corazón 
            <b>Re</b>
y me has querido.
        <b>Fa#</b>                   <b>si m</b>
Es imposible conocerte y no amarte.
       <b>mi m</b>                  <b>Fa#</b>
Es imposible amarte y no seguirte.
                    <b>si m</b>
¡Me has seducido, Señor!
</strong>
<b>si m</b>           <b>mi m</b>
Señor, yo te sigo
    <b>Sol</b>                <b>Fa#</b>
y quiero darte lo que pides,
           <b>mi m</b>
aunque hay veces 
       <b>La</b>           <b>Re</b>
que me cuesta darlo todo
      <b>Fa#</b>           <b>si m</b>
Tú lo sabes, yo soy tuyo.
  <b>Sol</b>                 <b>Fa#</b>
Camina, Señor, junto a mí. 
<strong>
                   <b>Sol</b>           <b>mi m</b>
Me has seducido, Señor, con tu mirada.
         <b>La</b>
Me has hablado al corazón 
            <b>Re</b>
y me has querido.
        <b>Fa#</b>                   <b>si m</b>
Es imposible conocerte y no amarte.
       <b>mi m</b>                  <b>Fa#</b>
Es imposible amarte y no seguirte.
                    <b>si m</b>
¡Me has seducido, Señor!
</strong>
<b>si m</b>           <b>mi m</b>
Señor, hoy tu nombre 
   <b>Sol</b>           <b>Fa#</b>
es más que una palabra, 
      <b>mi m</b>           <b>La</b>
es tu voz que hoy resuena 
         <b>Re</b>
en mi interior 
     <b>Fa#</b>           <b>si m</b>
y me habla en el silencio
     <b>Sol</b>                  <b>Fa#</b>
¿qué quieres que haga por Ti?
<strong>
                   <b>Sol</b>           <b>mi m</b>
Me has seducido, Señor, con tu mirada.
         <b>La</b>
Me has hablado al corazón 
            <b>Re</b>
y me has querido.
        <b>Fa#</b>                   <b>si m</b>
Es imposible conocerte y no amarte.
       <b>mi m</b>                  <b>Fa#</b>
Es imposible amarte y no seguirte.
                    <b>si m</b>
¡Me has seducido, Señor!
</strong>
