<strong>
<b>re m</b>    <b>Do</b>    <b>Sol</b>
¿Dónde estás mi Dios,
<b>Do</b>     <b>mi m</b>   <b>la m</b>
Dónde estás, donde te olvidé?
<b>re m</b>      <b>Do</b>  <b>Sol</b>
¿Dónde estás mi Dios,
<b>Do</b>       <b>mi m</b> <b>la m</b>
dónde estás, dónde te abandoné?
</strong>
<b>Sol</b>                <b>Do</b>
¿Acaso no dejé que Tú solo murieras
<b>mi m</b>          <b>la m</b> <b>Sol</b>
cuando al callar di la razón a quien
   <b>Do</b>              <b>mi m</b>           <b>la m</b>
justicia no predica ni habla de amar?

<b>Sol</b>
Quizás por no querer 
  <b>Do</b>
ponerme en las vidas
<b>mi m</b>            <b>la m</b>  <b>Sol</b>
De quien sufre más, harto de mi pan
  <b>Do</b>
Guardo y me convenzo 
<b>mi m</b>                <b>la m</b>
que no puedo hacer más

<b>Sol</b>                <b>Do</b>
Acaso no clavé los clavos que sufriste
<b>mi m</b>          <b>la m</b>  <b>Sol</b>
Cuando fui capaz de hacer 

que el mundo pase
   <b>Do</b>         <b>mi m</b>              <b>la m</b>
En mí cada día sin yo antes cambiar?


¿Dónde estás mi Dios,
Dónde estás, donde te olvidé?
¿Dónde estás mi Dios,
Dónde te abandoné?
