<span id="reserved">Intro:</span> <b>si m</b> <b>fa# m</b> <b>si m</b> <b>fa# m</b> <b>si m</b> <b>fa# m</b> <b>Sol</b>

<b>si m</b>          <b>fa# m</b>  <b>si m</b>           <b>fa# m</b>
Tu Espíritu sopla, tu Palabra es guía,
<b>si m</b>          <b>La</b>     <b>Sol</b>
tu pan me sostiene de noche y de día.
<b>si m</b>         <b>La</b>    <b>Sol</b>         <b>Re</b>
Tu sangre redime, me saca del lodo.
<b>si m</b>        <b>La</b>               <b>Sol</b>
Tú eres mi Dios, Tú eres mi Dios...

<b>si m</b> <b>fa# m</b> <b>si m</b> <b>fa# m</b> <b>si m</b> <b>fa# m</b> <b>Sol</b>

<b>si m</b>            <b>fa# m</b>    <b>si m</b>       <b>fa# m</b>
Me limpias por dentro, eres mi alegría.
<b>si m</b>        <b>La</b>           <b>Sol</b>
Tú eres el centro de mi biografía
<b>si m</b>        <b>La</b>    <b>Sol</b>          <b>Re</b>
Caminas conmigo, voy codo con codo.
<b>si m</b>        <b>La</b>               <b>Sol</b>
Tú eres mi Dios, Tú eres mi Dios,

mi Dios y mi todo.
<strong>
<b>Re</b>          <b>La</b>         <b>Sol</b>       <b>Re</b>
Tú eres tan grande, yo soy tan pequeño.
<b>si m</b>         <b>La</b>      <b>Sol</b>
Soy tuyo, Señor, un simple instrumento.
<b>Re</b>           <b>La</b>        <b>Sol</b>       <b>Re</b>
Tú creas los ríos, las flores hermosas.
<b>si m</b>        <b>La</b>               <b>Sol</b>
Tú eres mi Dios, Tú eres mi Dios,

y todas mis cosas.
</strong>
<b>si m</b> <b>fa# m</b> <b>si m</b> <b>fa# m</b> <b>si m</b> <b>fa# m</b> <b>Sol</b>

<b>si m</b>        <b>fa# m</b>   <b>si m</b>          <b>fa# m</b>
Solo Tú me colmas, el resto me sobra,
<b>si m</b>            <b>La</b>          <b>Sol</b>
sin Ti estoy vacío, sé que soy tu obra.
<b>si m</b>           <b>La</b>        <b>Sol</b>       <b>Re</b>
Tú eres mi descanso, mi paz y mi apoyo.
<b>si m</b>        <b>La</b>              <b>Sol</b>
Tú eres mi Dios, Tú eres mi Dios,

mi Dios y mi todo.
<strong>
<b>Re</b>          <b>La</b>
Sin Ti nada tengo,
<b>Sol</b>             <b>Re</b>
sé que no estoy solo,
 <b>si m</b>            <b>La</b>
me rodeas de hermanos, 
   <b>Sol</b>
mi Dios y mi todo.
<b>Re</b>         <b>La</b>      <b>Sol</b>     <b>Re</b>
Contigo mi vida es más luminosa.
<b>si m</b>        <b>La</b>               <b>Sol</b>
Tú eres mi Dios, Tú eres mi Dios,
            <b>Re</b>
y todas mis cosas.
<b>si m</b>        <b>La</b>               <b>Sol</b>  <b>sol m</b>
Tú eres mi Dios, Tú eres mi Dios,
               <b>si m</b>
y todas mis cosas.
</strong>
<span id="reserved">Final:</span> <b>fa# m</b> <b>si m</b> <b>fa# m</b> <b>si m</b> <b>fa# m</b> <b>Sol</b> <b>si m</b>
