<b>Re</b>
Mi Dios está vivo, Él no está muerto.
   <b>La</b>             <b>Sol</b>        <b>Re</b>
Mi Dios está vivo en mi corazón.
<b>Re</b>
Mi Dios está vivo, ha resucitado,
   <b>Sol</b>           <b>La</b>
lo siento en mis manos,
   <b>Sol</b>            <b>si m</b>
lo siento en mis pies,
   <b>Sol</b>          <b>La</b>           <b>Re</b>
lo siento en mi alma y en mi ser.
<strong>
     <b>La</b>                    <b>Re</b>
Oh...oh. Hay que nacer del agua
     <b>La</b>
Oh...oh. Hay que nacer
      <b>Re</b>         <b>Re 7</b>
del Espíritu de Dios.
     <b>Sol</b>           <b>La</b>
Oh...oh. Hay que nacer
    <b>Re</b>            <b>si m</b>       <b>Sol</b>
del agua y del Espíritu de Dios,
          <b>La</b>         <b>Re</b>
hay que nacer del Señor. (**)
</strong>
   <b>Re</b>              <b>Sol</b>
Prepárate para que sientas
   <b>La</b>              <b>Re</b>
prepárate para que sientas
   <b>si m</b>             <b>Sol</b>
prepárate para que sientas
     <b>La</b>         <b>Re</b>
el Espíritu de Dios.

<b>Re</b>            <b>Sol</b>
Déjalo que se mueva
<b>La</b>            <b>Re</b>
déjalo que se mueva
<b>si m</b>           <b>Sol</b>
déjalo que se mueva
       <b>La</b>         <b>Re</b>
dentro de tu corazón.

 <b>Re</b>
Mi Dios está vivo, Él no está muerto.
   <b>La</b>             <b>Sol</b>        <b>Re</b>
Mi Dios está vivo en mi corazón.
<b>Re</b>
Lo veo a mi lado, nunca me abandona
  <b>Sol</b>         <b>La</b>
lo veo en el aire,
  <b>Sol</b>           <b>si m</b>
lo veo junto al mar,
   <b>Sol</b>         <b>La</b>        <b>Re</b>
lo veo por el monte caminar.
<strong>
     <b>La</b>                    <b>Re</b>
Oh...oh. Hay que nacer del agua
     <b>La</b>
Oh...oh. Hay que nacer
      <b>Re</b>         <b>Re 7</b>
del Espíritu de Dios.
     <b>Sol</b>           <b>La</b>
Oh...oh. Hay que nacer
    <b>Re</b>            <b>si m</b>       <b>Sol</b>
del agua y del Espíritu de Dios,
          <b>La</b>         <b>Re</b>
hay que nacer del Señor. (**)
</strong>
