<b>Do</b>             <b>Fa</b>
El Espíritu de Dios
        <b>Do</b>        <b>Fa</b>
está dentro de mí,
       <b>Do</b>
y me empuja
       <b>Fa</b>              <b>Sol</b>
con la fuerza de un volcán
     <b>Fa</b>              <b>Sol</b>
a gritarles que las cosas
 <b>Do</b>             <b>la m</b>
no debieran ser así,
          <b>Fa</b>       <b>Sol</b>
y que el Reino del Amor
        <b>Do</b>
empieza ya.

<b>Do</b>                     <b>Fa</b>
Que los ciegos vean el Sol,
            <b>Do</b>       <b>Fa</b>
que sientan su calor.
          <b>Do</b>           <b>Fa</b>
Que los pobres hagan fiesta,
              <b>Sol</b>
el mundo es nuestro hogar.
     <b>Fa</b>          <b>Sol</b>
Libertad al oprimido,
     <b>Do</b>          <b>la m</b>
para todos el perdón.
   <b>Fa</b>              <b>Sol</b>
Inauguro un nuevo mundo,
      <b>Fa</b>      <b>Sol</b>   <b>Do</b>
“el Reino del Corazón”.

<b>Do</b>                    <b>Fa</b>
Hay comida para todos,
    <b>Do</b>         <b>Fa</b>
música sin fin.
         <b>Do</b>         <b>Fa</b>           <b>Sol</b>
Juega el niño con la cobra y el león.
    <b>Fa</b>           <b>Sol</b>
Y la gente ya no muere,
     <b>Do</b>           <b>la m</b>
ya se terminó el dolor.
   <b>Fa</b>                <b>Sol</b>
Ese es el reino que anuncio,
    <b>Fa</b>        <b>Sol</b>   <b>Do</b>
ese es el Reino de Dios.
<strong>
    <b>Fa</b>            <b>Sol</b>
Inauguro un nuevo mundo,
    <b>Fa</b>      <b>Sol</b>    <b>Do</b>
“el Reino del Corazón”...
</strong>
