<b>Mi</b>               <b>do# m</b>
Era de noche en un portal
          <b>La</b>
cuando un niño
              <b>Si</b>
lloraba por amar.
<b>Mi</b>             <b>do# m</b>
Sólo buscaba un corazón
       <b>La</b>           <b>Si</b>
donde amar esta Navidad.
<strong>
       <b>Mi</b>
Mi Navidad es cada día
       <b>do# m</b>
en ese pobre que camina,
         <b>La</b>
en esa estrella que ilumina
       <b>Si</b>
mi Navidad.
       <b>Mi</b>
Mi Navidad es cada día
        <b>do# m</b>
en esos niños que sonríen,
       <b>La</b>           <b>Si</b>
en esa madre que te da
       <b>Mi</b>
su corazón.
</strong>
<b>Mi</b>               <b>do# m</b>
Era de noche en un portal
        <b>La</b>              <b>Si</b>
y en la tierra reinó la paz.
<b>Mi</b>
Esas pobres gentes
   <b>do# m</b>
le fueron a adorar
       <b>La</b>
no, no llores
                <b>Si</b>
te venimos a cantar.
