<b>Fa</b>      <b>Do 7</b>        <b>Fa</b>
Mi palabra será como la lluvia
         <b>re m</b>         <b>la m</b>
que al caer desde el cielo
<b>La#</b>       <b>Fa</b>
empapa la tierra,
<b>La#</b> <b>Do 7</b>   <b>Fa</b>
la hace fecunda,
   <b>Sol 7</b>     <b>Do 7</b>
la llena de vida (**)

     <b>La#</b>     <b>Do 7</b>         <b>re m</b>
Mi palabra será como la lluvia,
     <b>La#</b>     <b>Do 7</b>         <b>re m</b>
mi palabra será como la lluvia
        <b>La#</b>  <b>la m</b>
que al caer
          <b>sol m</b>
empapa la tierra,
            <b>Do 7</b>
la llena de vida.
