<span id="reserved">Intro:</span> <b>G</b> <b>E m</b> <b>C m</b> <b>G</b>

<b>G</b>         <b>E m</b>
Para empezar
   <b>C m</b>            <b>G</b>
Diré que es el final
<b>G</b>           <b>E m</b>
No es un final feliz
    <b>C m</b>            <b>G</b>
Tan sólo es un final
        <b>E m</b>
Pero parece ser 
      <b>A</b>                  <b>C</b>    (<b>C m</b>)
que ya no hay vuelta atrás

<b>G</b>        <b>E m</b>
Sólo te di
   <b>C m</b>            <b>G</b>
Diamantes de carbón
<b>G</b>         <b>E m</b>
Rompí tu mundo en dos
   <b>C m</b>         <b>G</b>
Rompí tu corazón
           <b>E m</b>
Y ahora tu mundo está
   <b>A</b>           <b>C</b>        <b>C m</b>
burlándose de mi
<strong>
<b>A m</b>
Miedo
       <b>D</b>           <b>G</b>
De volver a los infiernos
        <b>E m</b>             <b>A m</b>
Miedo a que me tengas miedo
     <b>D</b>             <b>G</b>       <b>F</b>
A tenerte que olvidar
<b>A m</b>
Miedo
      <b>D</b>            <b>B m</b>
De quererte sin quererlo
         <b>E m</b>         <b>A m</b>
De encontrarte de repente
       <b>C m</b>          <b>G</b>
De no verte nunca más
</strong>
<b>G</b>        <b>E m</b>
Oigo tu voz
        <b>C m</b>           <b>G</b>
Siempre antes de dormir
<b>G</b>           <b>E m</b>
Me acuesto junto a ti
     <b>C m</b>              <b>G</b>
Y aunque no estás aquí
          <b>E m</b>
En esta oscuridad 
     <b>A</b>            <b>C</b>         <b>C m</b>
la claridad eres tu
<strong>
<b>A m</b>
Miedo
       <b>D</b>           <b>G</b>
De volver a los infiernos
        <b>E m</b>             <b>A m</b>
Miedo a que me tengas miedo
     <b>D</b>             <b>G</b>       <b>F</b>
A tenerte que olvidar
<b>A m</b>
Miedo
      <b>D</b>            <b>B m</b>
De quererte sin quererlo
         <b>E m</b>         <b>A m</b>
De encontrarte de repente
       <b>D</b>     <b>D# m</b>   <b>E m</b>
De no verte nunca más
</strong>
<b>A</b>
Ya se que es el final
<b>C</b>                      <b>E m</b>
No habrá segunda parte.
<b>A</b>                  <b>C</b>
Y no se cómo hacer para borrarte.

<b>E m</b>  <b>A</b>  <b>C</b> (<span id="reserved">x4</span>)

<b>G</b>        <b>E m</b>
Para empezar
  <b>C m</b>              <b>G</b>
Diré que es el final
<strong>
<b>A m</b>
Miedo
       <b>D</b>           <b>G</b>
De volver a los infiernos
        <b>E m</b>             <b>A m</b>
Miedo a que me tengas miedo
     <b>D</b>            <b>G</b>       <b>F</b>
A tenerte que olvidar
<b>A m</b>
Miedo
      <b>D</b>           <b>B m</b>
De quererte sin quererlo
         <b>E m</b>         <b>A m</b>
De encontrarte de repente
       <b>C m</b>          <b>G</b>     <b>F</b>     <b>C</b>
De no verte nunca más
         <b>Eb</b>        <b>G</b>     <b>F</b>     <b>C</b>
De no verte nunca más
         <b>Eb</b>        <b>G</b>     <b>F</b>     <b>C</b>
De no verte nunca mas
         <b>Eb</b>  <b>C</b>     <b>G</b>     <b>F</b>     <b>C</b>    <b>C m</b>
De no verte nunca mas

<b>G</b>    <b>F</b>           <b>C</b>     <b>C m</b>
Y aquí en el infierno
<b>G</b>  <b>F</b>        <b>C</b>     <b>C m</b>
   Oigo tu voz (x2)
</strong>
<span id="reserved">Final:</span>  <b>G</b>  <b>F</b>  <b>C</b>  <b>C m</b> (<span id="reserved">x4</span>)
