<b>Do</b>
Cargar sobre mis hombros 
<b>Sol</b>                   <b>la m</b>
con las penas del que sufre,
<b>mi m</b>
Curarle las heridas
<b>Fa</b>            <b>Do</b>    <b>Do 7</b>
al que padece dolor,
<b>Fa</b>                <b>Sol</b>
Sacar del agujero a ese 
(<b>Sol#</b>)       <b>la m</b>
que la droga hunde,
<b>Fa</b>                  <b>Sol</b>   <b>Do</b>
Ser misericordiosos como Dios.

<b>Do</b>
Partir con el hambriento 
<b>Sol</b>                 <b>la m</b>
nuestro pan de cada día
<b>mi m</b>
Y dedicar mi tiempo 
<b>Fa</b>                <b>Do</b>   <b>Do 7</b>
al que no ve solución,
<b>Fa</b>
Acompañar caminos 
  <b>Sol</b>      (<b>Sol#</b>)  <b>la m</b>
y llenarlos de alegría,
<b>Fa</b>                  <b>Sol</b>   <b>Do</b>  (<b>Sol</b>)
Ser misericordiosos como Dios.
<strong>
<b>Do</b>              <b>Sol</b>
Hace falta un poquito de calor 
        <b>mi m</b>    <b>la m</b>
en este mundo frío
<b>Fa</b>               <b>re m</b>
Hace falta la ternura y el amor 
      <b>Fa</b>                     <b>Sol</b>
entre tanta indiferencia y dolor
       <b>re m</b>                <b>Sol</b>
¡Necesitamos que vengas! ¡Señor!
       <b>re m</b>                   <b>Sol</b>
¡Necesitamos que renazca tu amor!
<b>Mi</b>             <b>la m</b>
Llena de misericordia nuestras vidas
 <b>Fa</b>              <b>Sol</b>           <b>Do</b>
¡Haznos misericordiosos! ¡Oh, Dios!
</strong>
<b>Do</b>
Mirar a los hermanos 
<b>Sol</b>                  <b>la m</b>
desde abajo y no de arriba
<b>mi m</b>
Sentirnos pequeñitos 
<b>Fa</b>               <b>Do</b>   <b>Do 7</b>
ante toda tu Creación
<b>Fa</b>                        <b>Sol</b>
No ver mota en el ojo del hermano 
      (<b>Sol#</b>)        <b>la m</b>
cuando yo tengo una viga
<b>Fa</b>
Dejarme acariciar
<b>Sol</b>             <b>Do</b>        (<b>Sol</b>)
por tu infinita compasión
<strong>
<b>Do</b>              <b>Sol</b>
Hace falta un poquito de calor 
        <b>mi m</b>    <b>la m</b>
en este mundo frío
<b>Fa</b>               <b>re m</b>
Hace falta la ternura y el amor 
      <b>Fa</b>                     <b>Sol</b>
entre tanta indiferencia y dolor
       <b>re m</b>                <b>Sol</b>
¡Necesitamos que vengas! ¡Señor!
       <b>re m</b>                   <b>Sol</b>
¡Necesitamos que renazca tu amor!
<b>Mi</b>             <b>la m</b>
Llena de misericordia nuestras vidas
 <b>Fa</b>              <b>Sol</b>           <b>Do</b>
¡Haznos misericordiosos! ¡Oh, Dios!

 <b>Fa</b>              <b>fa m</b>           <b>Do</b>
¡Haznos misericordiosos! ¡Oh, Dios!
</strong>
