<b>la m</b>              <b>La 7</b>
Muero en soledad cuando no te siento 
              <b>re m</b>
a ti de mi familia.
<b>Sol</b>
Muero en soledad cuando no le doy 
               <b>Do</b>
sentido a mi vivir.
<b>La 7</b>
Muero en soledad cuando hago 
                         <b>re m</b>
mi trabajo en nombre propio.
<b>la m</b>              <b>Mi</b>
Muero en soledad cuando ayudo 
   <b>Fa</b>             <b>re m</b>         <b>Mi</b>  <b>Mi 7</b>
confiando solo en mí, solo en mí.
<strong>
       <b>la m</b>
Cuando vivo en soledad 
            <b>Sol</b>
me siento morir.
       <b>la m</b>
Cuando vivo en soledad 
            <b>Sol</b> <b>Fa</b> <b>Mi</b>
me siento morir.
</strong>
<b>la m</b>              <b>La 7</b>
Muero en soledad cuando hago 
                    <b>re m</b>
un evangelio a mi medida.
<b>Sol</b>
Muero en soledad si en mi vida
                  <b>Do</b>
yo no siento tu vivir.
<b>La 7</b>
Muero en soledad si mi trato 
                     <b>re m</b>
es diferente de uno a otro.
<b>la m</b>             <b>Mi</b>
Muero en soledad y con ello 
         <b>Fa</b>               <b>re m</b>
estoy haciendo a otros morir, 
          <b>Mi</b>  <b>Mi 7</b>
a otros morir.
<strong>
       <b>la m</b>
Cuando vivo en soledad 
            <b>Sol</b>
me siento morir.
       <b>la m</b>
Cuando vivo en soledad 
            <b>Sol</b> <b>Fa</b> <b>Mi</b>
me siento morir.
</strong>
<b>la m</b>              <b>La 7</b>
Muero en soledad si los años  
                    <b>re m</b>
van quitando mi alegría.
<b>Sol</b>
Muero en soledad si el agobio 
                      <b>Do</b>
el perdón me hizo olvidar.
<b>La 7</b>
Muero en soledad cuando no siento
                   <b>re m</b>
a las gentes todas mías.
<b>la m</b>                  <b>Mi</b>
Muero en soledad, me siento morir, 
             <b>la m</b>
muero en soledad...
<strong>
       <b>la m</b>
Cuando vivo en soledad 
            <b>Sol</b>
me siento morir.
       <b>la m</b>
Cuando vivo en soledad 
            <b>Sol</b> <b>Fa</b> <b>Mi</b>
me siento morir.
</strong>
