<span id="reserved">Intro:</span> <b>Si</b> <b>La</b>

 <b>Si</b>
¡Qué bien se está aquí, Señor!,
<b>La</b>
yo repito cuando rezo,
<b>Si</b>
¡Qué bien se está aquí, Señor!,
<b>La</b>
en mi zona de confort. (**)

<b>Mi</b>                 <b>Si</b>
Pero tú no quieres eso.
<b>La</b>        <b>Mi</b>       <b>Si</b>
Pero tú no quieres eso.

<b>Si</b>                 <b>La</b>
Nos pides salir al mundo,
<b>Mi</b>                   <b>Si</b>
Ser tu caricia y tus besos
<b>Si</b>                      <b>La</b>
Que dan consuelo al que sufre
<b>Mi</b>                    <b>La</b>
Al hambriento, al que está solo, 
   <b>Si</b>
al preso
<b>Si</b>                     <b>La</b>
Al que se embarca en patera
<b>Mi</b>                    <b>Si</b>
Al desahuciado, al sintecho...
<b>Si</b>               <b>La</b>
A la mujer maltratada,
<b>Mi</b>                     <b>Si</b>
Al que se siente un deshecho.
<strong>
<b>Si</b>
Muéveme, muéveme,
<b>La</b>
Muéveme siempre hacia Ti. (**)
</strong>
(Nos pides salir al mundo,
 Ser tu caricia y tus besos
 Que dan consuelo al que sufre
 Al desahuciado, al sintecho...)
 <span id="cejilla-original">1</span>
