<span id="reserved">Intro:</span> <b>Fa#</b> <b>Do#</b> <b>Fa#</b> <b>Si</b> (<span id="reserved">**</span>)

     <b>Fa#</b>                   <b>Do#</b>
Siento que todo me tiembla
            <b>Fa#</b> <b>Si</b>
Del frío no es
<b>Fa#</b>                <b>Do#</b>
Hay algo en el aire

Como un sueño que 
  <b>Fa#</b>         <b>Si</b>
está pero no ves

        <b>Fa#</b>     <b>Do#</b>
Sé que estás ahí
          <b>re# m</b>  <b>Do#</b>
Como un amigo fiel
          <b>Si</b>  <b>Do#</b>
Estoy llegando
                 <b>Fa#</b>      <b>Si</b>
Y por fin me encuentro bien

        <b>Do#</b>
Siempre fui una fortaleza
      <b>Si</b>
Con secretos que guardar
<b>La</b>
Justo como tú
     <b>Re</b>             <b>Do#</b>
Pero no te escondas más

       <b>re# m</b> <b>Si</b>
Muéstrate
           <b>Do#</b>
Quiero conocerte
       <b>re# m</b> <b>Si</b>
Muéstrate
          <b>Do#</b>
Te toca a tí

<b>re# m</b>               <b>Si</b>
Eres quizá aquello que siempre
       <b>Fa#</b>  <b>Do#</b>  <b>Do# 7</b>
yo añoré
       <b>re# m</b> <b>Si</b>
Muéstrate
           <b>re# m</b>
Yo quiero aprender
          <b>Sol#</b>    <b>mi m</b>
Ah ah, ah ah
             <b>La</b>
Oh oh, oh oh oh

   <b>Sol</b>                     <b>Re</b>
Jamás lo vi tan claro
                <b>Sol</b>        <b>Do</b>
todo en mí era temor
   <b>Sol</b>                     <b>Re</b>
Pero aquí estoy por algo

            <b>Sol</b>            <b>Do</b>
Yo he nacido por una razón

       <b>Re</b>
Siempre he sido diferente	
      <b>Do</b>
Como de otra realidad
   <b>La#</b>
Será el día hoy

Serás tú quien
     <b>Re#</b>             <b>Re</b>
me enseñe mi verdad

       <b>mi m</b>   <b>Do</b>
Muéstrate
               <b>Re</b>
Ya no estoy temblando
  <b>mi m</b>    <b>Do</b>
Aquí estoy
           <b>Re</b>
No hay vuelta atrás
<b>mi m</b>                  <b>Do</b>
Llevo esperando una vida yo

         <b>Sol</b>       <b>Re</b>   <b>Re 7</b>
Quiero entender
           <b>mi m</b>   <b>Do</b>
Oh, muéstrate
        <b>la m</b>       <b>La</b>
Que ya te quiero ver

<b>Re</b>
ven a mí ya
<b>Do</b>
Déjame entrar
 <b>mi m</b>
No esperaré
 <b>Do</b>          <b>Sol</b>
Ni un día más

    <b>Re</b>
Ven a mí ya
<b>Do</b>
Déjame entrar
 <b>mi m</b>
No esperaré
 <b>Do</b>         <b>Sol</b>         <b>Si</b>
Ni un día más

       <b>re# m</b>             <b>Sol#</b>
Donde el viento halla el mar
        <b>Si</b>           <b>Fa#</b>
Por el río la memoria va
       <b>sol# m</b>           <b>Si</b>
Ven mi amor hacia tu hogar

aquí estoy


       <b>fa m</b>    <b>Do#</b>
Muéstrate
           <b>Re#</b>
Qu el poder te de fuerza
       <b>fa m</b>    <b>Do#</b>
Elévate
            <b>Re#</b>
mucho más allá

<b>fa m</b>                <b>Do#</b>
Has esperado una vida y tú
           <b>Sol#</b>                  <b>Re#</b>   <b>Re# 7</b>
Y aquí estoy (aquí estoy)
           <b>fa m</b>   <b>Do#</b>
Oh, muéstrate
<b>La#</b>  <b>La# 7</b>
Ah ah, ah ah
<b>Do#</b>       <b>Mi</b>
Ah ah ah ah
<b>Sol#</b>
Ah ah ah ah
