<b>Do</b>                  <b>Do 9</b>
Cuando das sin esperar,
       <b>la m</b>           <b>la m9</b>
cuando quieres de verdad,
       <b>re m</b>
cuando brindas perdón,
     <b>Fa</b>
en lugar de rencor,
    <b>La#</b>
Hay paz en tu corazón.
<b>Do</b>                   <b>Do 9</b>
Cuando sientes compasión
       <b>la m</b>         <b>la m9</b>
de un amigo y su dolor,
       <b>re m</b>
cuando miras la estrella,
     <b>Fa</b>
que oculta la niebla,
    <b>La#</b>           <b>Sol</b>
hay paz en tu corazón
<strong>
      <b>Do</b>        <b>la m</b>
Más allá del rencor,
       <b>Fa</b>              <b>Do</b>
de las lágrimas y el dolor,
          <b>Sol</b>      <b>la m</b>
brilla la luz del amor
          <b>Fa</b>       <b>Sol</b>
dentro de cada corazón
    <b>Do</b>       <b>la m</b>
Ilusión, Navidad,
        <b>Fa</b>         <b>Do</b>
pon tus sueños a volar.
        <b>Sol</b>          <b>la m</b>
Siembra paz, brinda amor,
               <b>Fa</b>        <b>Sol</b>
que el mundo entero pide paz.
</strong>
<b>Do</b>                  <b>Do 9</b>
Cuando brota una oración,
       <b>la m</b>            <b>la m9</b>
cuando aceptas el error,
          <b>re m</b>
cuando encuentras lugar,
     <b>Fa</b>
para la libertad,
    <b>La#</b>         <b>Sol</b>
hay una sonrisa más.
       <b>Do</b>          <b>Do 9</b>
Cuando llega la razón,
     <b>la m</b>            <b>la m9</b>
y se va la incomprensión,
       <b>re m</b>
cuando quieres luchar
    <b>Fa</b>
por un ideal,
    <b>La#</b>         <b>Sol</b>
hay una sonrisa más.

<b>Fa</b>             <b>la m</b>
Hay un rayo de sol,
                 <b>Sol</b>   <b>Do</b> <b>Fa</b>
a través del cristal,
<b>Fa</b>             <b>la m</b>
hay un mundo mejor,
                  <b>Sol</b>
cuando aprendes a amar.
