<b>Sol</b>         <b>Do</b>                <b>Sol</b>
El día y la hora que menos te esperes,
     <b>Do</b>      <b>Re</b>
llegará el Señor.
      <b>Do</b>          <b>Re</b>
Si tu lámpara se apaga 
        <b>Sol</b> <b>Re</b>  <b>mi m</b>
y no compraste aceite
     <b>Do</b>       <b>Re</b>
no verás su amor.
    <b>Do</b>        <b>Re</b>
Si tapas tus oídos, 
               <b>mi m</b>
si cierras los ojos
               <b>Do</b>              <b>Re</b>
no lo oirás ni verás su resplandor.
       <b>Do</b>                  <b>mi m</b>
Cual susurro pasa desapercibido,
<b>Do</b>    <b>Re</b>      <b>Sol</b>
Él no alza la voz.
<strong>
<b>Sol</b>          <b>Re</b>
Compraré el aceite, 
           <b>Do</b>
abriré muy bien los ojos, 
          <b>Re</b>
prestaré atención.
<b>Sol</b>        <b>Re</b>
Abriré los brazos, 
           <b>Do</b>                <b>Re</b>
quitaré etiquetas, pediré perdón.
<b>Do</b>
Trataré a los pobres 
         <b>Sol</b>                  <b>Re</b>
como mis hermanos, les daré calor.
     <b>Do</b>
No seré de hielo, 
            <b>Sol</b>
nacerá el Señor.
</strong>
<b>Sol</b>              <b>Do</b>             <b>Sol</b>
Si no miro en lo profundo de la gente, 
      <b>Do</b>  <b>Sol</b>
en su corazón,
      <b>Do</b>
si no escucho 
      <b>Re</b>    <b>Sol</b> <b>Re</b>  <b>mi m</b>
los gemidos del sufriente,
        <b>Do</b>    <b>Re</b>
si huyo del dolor,
      <b>Do</b>         <b>Re</b>           <b>mi m</b>
puede que mi corazón sea como piedra,
            <b>Do</b>            <b>Re</b>
insensible, frío y calculador.
       <b>Do</b>
Haz, Señor, que lata, 
           <b>mi m</b>
dame Tú la fuerza,
<b>Do</b>  <b>Re</b>        <b>Sol</b>
que nazca tu amor.
<strong>
<b>Sol</b>          <b>Re</b>
Compraré el aceite, 
           <b>Do</b>
abriré muy bien los ojos, 
          <b>Re</b>
prestaré atención.
<b>Sol</b>        <b>Re</b>
Abriré los brazos, 
           <b>Do</b>                <b>Re</b>
quitaré etiquetas, pediré perdón.
<b>Do</b>
Trataré a los pobres 
         <b>Sol</b>                  <b>Re</b>
como mis hermanos, les daré calor.
     <b>Do</b>
No seré de hielo, 
            <b>Sol</b>
nacerá el Señor.
</strong>
<b>Sol</b>              <b>Do</b>
Dicen que ya está llegando 
           <b>Sol</b>            <b>Do</b>      <b>Re</b>
a nuestras vidas, que su amor nos da.
      <b>Do</b>           <b>Re</b>  <b>Sol</b> <b>Re</b>  <b>mi m</b>
Y que viene a curarnos las heridas, 
         <b>Do</b>   <b>Re</b>
nos trae dignidad.
     <b>Do</b>           <b>Re</b>           <b>mi m</b>
Preparémosle un lugar para que nazca, 
           <b>Do</b>               <b>Re</b>
un pesebre desde la simplicidad.
     <b>Do</b>                          <b>mi m</b>
Preparemos sitio en nuestros corazones,
<b>Do</b>      <b>Re</b>  <b>Sol</b>
que sea Navidad.
<span id=cejilla-original>2</span>
