<b>Do</b>
Qué más da la etiqueta que ponéis,
                        <b>Sib</b>
no juzguéis y no seréis juzgados.
    <b>la m</b>         <b>mi m</b>
Sed niños de nuevo,
     <b>Fa</b>         <b>Do</b>    <b>fa m</b>         <b>Do</b>
sed niños de nuevo, naced del viento.
<b>Do</b>
Si en la vida no hayáis felicidad,
                      <b>Sib</b>
buscad vuestro tesoro escondido.
    <b>la m</b>         <b>mi m</b>
Sed niños de nuevo,
    <b>Fa</b>          <b>Do</b>    <b>fa m</b>         <b>Do</b>
sed niños de nuevo, naced del viento.
     <b>la m</b>       <b>mi m</b>
Como niños confiados
       <b>Sol#</b>                     <b>Do</b>
en los brazos de su madre dormiréis.
        <b>la m</b>            <b>mi m</b>
Dios es Padre que nos cuida,
        <b>Sol#</b>                      <b>Do</b>
que nos da amor y pescado ¡ya lo veis!
  <b>Do</b>
Las puertas hacia el cielo 

estrechas son,
                      <b>Sib</b>
los niños allí se colarán.
   <b>la m</b>         <b>mi m</b> <b>Fa</b>         <b>Do</b>
Habrá mil rendijas para los pequeños,
<b>fa m</b>            <b>Do</b>
naced del viento.
<b>Do</b>
Ser mujer, rico, niño o sacerdote
                            <b>Sib</b>
a ojos de Dios nunca importará.
  <b>la m</b>         <b>mi m</b>
Todos somos hijos 
<b>Fa</b>         <b>Do</b>
que un día nos perdimos
<b>fa m</b>            <b>Do</b>
muy lejos, sin sueños.
  <b>la m</b>          <b>si m</b>
Todos somos aún pequeños
       <b>Sol#</b>                       <b>Do</b>
que de Dios necesitamos su perdón.
      <b>la m</b>              <b>mi m</b>
Como perlas escondidas,
       <b>Sol#</b>                       <b>Do</b>
Dios rescata nuestras vidas con su amor
<strong>
<b>re m</b> <b>Sol</b>       <b>Do</b>
La única religión,
   <b>Sol#</b>      <b>Do</b>
el único camino,
      <b>la m</b>    <b>Re</b>    <b>fa m</b>    <b>Do</b>
el único mandato será el amor
</strong>
