<span id="reserved">Intro:</span> <b>Sol</b> <b>Sol /</b><b>Fa#</b> <b>mi m</b>

<b>Sol</b>        <b>Sol /</b><b>Fa#</b>       <b>mi m</b>
Cuando el camino se hace largo
             <b>Do</b>         <b>la m</b>       <b>Re</b>
en verdes praderas me haces descansar.
<b>Sol</b>         <b>Sol /</b><b>Fa#</b>      <b>mi m</b>
Eres como un río de agua viva,
             <b>Do</b>       <b>la m</b>        <b>Re</b>
reparas mis fuerzas y sacias mi sed.
<strong>
<b>Sol</b>      <b>Sol /</b><b>Fa#</b>        <b>mi m</b>
Eres el amigo que me cuida,
               <b>Do</b>      <b>la m</b>         <b>Re</b>
me guía y me enseña senderos por andar.
<b>Sol</b>     <b>Sol /</b><b>Fa#</b>     <b>mi m</b>
Eres la luz en mi camino, 
               <b>Do</b>
mi fiel compañero.
<b>Re</b>               <b>Sol</b> <b>Sol /</b><b>Fa#</b> <b>mi m</b> <b>Do</b> <b>Re</b>
Nada me puede faltar. (**)
</strong>
<b>Sol</b>        <b>Sol /</b><b>Fa#</b>    <b>mi m</b>
Me has preparado una fiesta
             <b>Do</b>     <b>la m</b>       <b>Re</b>
y todos se acercan para compartir.
<b>Sol</b>       <b>Sol /</b><b>Fa#</b>   <b>mi m</b>
Vino y manjares ya llegan
              <b>Do</b>     <b>la m</b>        <b>Re</b>
hay tanta alegría si tú estás aquí.
<strong>
<b>Sol</b>      <b>Sol /</b><b>Fa#</b>        <b>mi m</b>
Eres el amigo que me cuida,
               <b>Do</b>      <b>la m</b>         <b>Re</b>
me guía y me enseña senderos por andar.
<b>Sol</b>     <b>Sol /</b><b>Fa#</b>     <b>mi m</b>
Eres la luz en mi camino, 
               <b>Do</b>
mi fiel compañero.
<b>Re</b>               <b>Sol</b> <b>Sol /</b><b>Fa#</b> <b>mi m</b> <b>Do</b> <b>Re</b>
Nada me puede faltar. (**)
</strong>
<b>la m</b>             <b>Re</b>     <b>Sol</b>
Tu misericordia y tu bondad
<b>la m</b>            <b>Re</b>         <b>Sol</b>
sé que siempre me acompañarán.
 <b>la m</b>        <b>Sol</b>       <b>la m</b>     <b>Sol</b>
Y aunque tropiece, tu mano extiendes
<b>la m</b>                <b>Re</b>
para devolverme la paz.
<strong>
<b>Sol</b>      <b>Sol /</b><b>Fa#</b>        <b>mi m</b>
Eres el amigo que me cuida,
               <b>Do</b>      <b>la m</b>         <b>Re</b>
me guía y me enseña senderos por andar.
<b>Sol</b>     <b>Sol /</b><b>Fa#</b>     <b>mi m</b>
Eres la luz en mi camino, 
               <b>Do</b>
mi fiel compañero.
<b>Re</b>               <b>Sol</b> <b>Sol /</b><b>Fa#</b> <b>mi m</b> <b>Do</b> <b>Re</b>
Nada me puede faltar. (**)

<b>Re</b> <b>Sol</b> <b>Sol /</b><b>Fa#</b> <b>mi m</b> <b>Do</b> <b>Re</b>
Nada me puede faltar. (****)
</strong>
