<b>Fa</b>    <b>la m</b>                    <b>Sib</b>
Hoy ya sé, que no hay nada nuevo 
     <b>Do</b>
tras de Ti.
<b>Fa</b>     <b>la m</b>                <b>Sib</b>
Comprender, que eres mi motivo 
     <b>Do</b>
y mi porqué.
<b>Fa</b>     <b>la m</b>               <b>Sib</b>
Distinguir, entre mil llamadas 
      <b>Do</b>
y tu voz,
            <b>Sol</b>          <b>Do</b>
y aunque cada día sea igual,
    <b>Sib</b>         <b>Do</b>             <b>Fa</b>
hoy rompes mi rutina y no está mal.

<b>Fa</b>   <b>la m</b>               <b>Sib</b>      <b>Do</b>
Solo Tú, puedes sorprender mi corazón,
<b>Fa</b>      <b>la m</b>
solo en Ti, algo nuevo 
<b>Sib</b>          <b>Do</b>
crece en mi interior.
<b>Fa</b>      <b>la m</b>                <b>Sib</b>
Junto a Ti, siento que los años 
       <b>Do</b>
que se van
                  <b>Sib</b>     <b>sol m</b>
no son más que un corto amanecer
  <b>Sib</b>             <b>Do</b>
que cada instante es nuevo, 
        <b>Fa</b>
y no está mal.
<strong>
<b>re m</b>                   <b>la m</b>
Y aunque pueda conquistar el cielo, 

el mar.
<b>re m</b>                <b>la m</b>
Y aunque pueda someter bajo mis pies
<b>Sib</b>    <b>sib m</b>               <b>Fa</b> <b>la m</b> <b>re m</b>
todo aquello, con lo que un día soñé.
 <b>sol m</b>                      <b>Do</b>
Si no te llevo a Ti, no es nada, 

está de más.
<b>re m</b>                    <b>la m</b>
Y aún no acabo de entender el corazón,
<b>re m</b>                   <b>la m</b>
tan pequeño y tan inmenso a la vez.
<b>Sib</b>   <b>sib m</b>               <b>Fa</b> <b>la m</b> <b>re m</b>
Se desborda, con el fuego de tu fe.
<b>Sib</b>            <b>Do</b>           <b>Fa</b>
Y aún late por prenderse (otra vez)
</strong>
<b>Fa</b>     <b>la m</b>
Hoy ya ves, 
           <b>Sib</b>          <b>Do</b>
quiero regalarte esta canción.
<b>Fa</b>    <b>la m</b>              <b>Sib</b>
Compartir, todo lo que tengo 
         <b>Do</b>
y lo que soy.
<b>Fa</b>   <b>la m</b>           <b>Sib</b>         <b>Do</b>
Dibujar un paisaje con el corazón
      <b>Sib</b>          <b>sol m</b>
con pocas palabras y mi voz,
       <b>Sib</b>       <b>Do</b>         <b>Fa</b>
que me va haciendo falta tu calor.
