<span id="reserved">Intro:</span> <b>Re</b>

     <b>Sol</b>          <b>Do</b>
La colonia duerme ya
  <b>Sol</b>            <b>Do</b>
mañana será otro día
           <b>Sol</b>       <b>mi m</b>
podrás jugar, chapotear 
    <b>la m</b>     <b>Re</b>
y soñar...

       <b>Sol</b>               <b>Do</b>
A la llamada del gran castor
  <b>Sol</b>          <b>Do</b>
corriendo acudirás
            <b>Sol</b>
porque a su lado
     <b>mi m</b>          <b>Re</b>
algo nuevo aprenderás

<b>la m</b>  <b>Re</b> <b>la m</b>
mmm mmm mmm

       <b>Sol</b>          <b>Do</b>
Los consejos de Malak
     <b>Sol</b>         <b>Do</b>
muy atento cumplirás
    <b>Sol</b>        <b>mi m</b>        <b>la m</b>    <b>Re</b>
sonreír, disfrutar, compartir...

<b>Sol</b>           <b>Do</b>
Keeo os enseñará
         <b>Sol</b>            <b>Do</b>
que el estanque es su hogar
                <b>mi m</b>       <b>Re</b>
promesa, lema y ley cumplirás...

<b>la m</b>  <b>Re</b> <b>la m</b>
mmm mmm mmm

   <b>Sol</b>           <b>Do</b>
Saltando con Tic-tac
    <b>Sol</b>         <b>Do</b>
las colas conocerás 
         <b>Sol</b>
y poco a poco
         <b>mi m</b>     <b>la m</b>  <b>Re</b>
un nuevo día nacerá.

     <b>Sol</b>          <b>Do</b>
La colonia duerme ya
  <b>Sol</b>             <b>Do</b>
mañana será otro día
           <b>Sol</b>       <b>mi m</b>
podrás jugar, chapotear
    <b>la m</b>   <b>Re</b>   <b>Sol</b>
y soñar...
