<b>mi m</b>           <b>Si</b>       <b>mi m</b>
A nana, Tú, Jesús pequeñín,
   <b>Si</b>
sonríe, Niño, sonríe;
 <b>mi m</b>           <b>Si</b>      <b>mi m</b>
a nana, Tú, Jesús pequeñín,
    <b>Si</b>        <b>mi m</b>
que yo te cantaré.
<strong>
        <b>Sol</b>    <b>Re</b>  <b>Sol</b> <b>Re</b>
Cierra, cierra tus ojitos,
   <b>mi m</b>            <b>Si</b>
sonríe, Niño, sonríe;
        <b>Sol</b>    <b>Re</b>  <b>Sol</b> <b>Re</b>
cierra, cierra tus ojitos
    <b>mi m</b>   <b>Si</b>   <b>mi m</b>
que yo te cantaré.
</strong>
<b>mi m</b>              <b>Si</b>       <b>mi m</b>
Te duermes ya, Jesús pequeñín,
   <b>Si</b>
sonríe, Niño, sonríe;
    <b>mi m</b>           <b>Si</b>      <b>mi m</b>
te duermes ya, Jesús pequeñín,
  <b>Si</b>           <b>mi m</b>
y yo te guardaré.
<strong>
        <b>Sol</b>    <b>Re</b>  <b>Sol</b> <b>Re</b>
Cierra, cierra tus ojitos,
   <b>mi m</b>            <b>Si</b>
sonríe, Niño, sonríe;
        <b>Sol</b>    <b>Re</b>  <b>Sol</b> <b>Re</b>
cierra, cierra tus ojitos
    <b>mi m</b>   <b>Si</b>   <b>mi m</b>
que yo te cantaré.
</strong>
