<span id="reserved">Intro:</span> <b>Do</b> <b>Fa</b>

<b>Do</b>    <b>Fa</b>    <b>Do</b>
Han pasado 2000 años
       <b>Sol</b>            <b>Do</b>
de que Dios se hizo pequeño,
        <b>Do</b>     <b>Fa</b>    <b>Do</b>
se hizo pobre, muy humilde,
     <b>Sol</b>            <b>Do</b>  <b>Do 7</b>
pues así quiere su reino.
<strong>
  <b>Fa</b>     <b>Sol</b>        <b>Do</b>   <b>Do 7</b>
Jesús ya viene a tu vida,
  <b>Fa</b>     <b>Sol</b>          <b>Do</b>  <b>La 7</b>
Jesús ya viene a tu hogar.
<b>re m</b>    <b>Sol</b>      <b>Do</b>  <b>mi m</b> <b>la m</b>
En una familia unida
 <b>re m</b>             <b>Sol</b> (<span id="reserved">2ª</span> <span id="reserved">vez:</span> <b>Sol</b> <b>Do</b>)
siempre será Navidad. (**)
</strong>
      <b>Do</b>       <b>Fa</b>    <b>Do</b>
En el mundo en que vivimos
<b>Sol</b>               <b>Do</b>
solo queremos prestigio,
      <b>Fa</b>         <b>Do</b>
mucho dinero y poder
       <b>Sol</b>           <b>Do</b>    <b>Do 7</b>
¿dónde va a nacer el Hijo?

<b>Do</b>      <b>Fa</b>         <b>Do</b>
Vamos a cambiar de vida,
   <b>Sol</b>           <b>Do</b>
limpiemos el corazón,
     <b>Fa</b> <b>Do</b>   <b>Fa</b>      <b>Do</b>
transformémoslo en pesebre
        <b>Sol</b>            <b>Do</b>   <b>Do 7</b>
pa' que nazca el niño Dios.

<b>Do</b>       <b>Fa</b>    <b>Do</b>
La Venida de Jesús
      <b>Sol</b>            <b>Do</b>
no confundas con regalos.
     <b>Fa</b> <b>Do</b> <b>Fa</b>        <b>Do</b>
El regalo que Él nos trae:
     <b>Sol</b>          <b>Do</b>     <b>Do 7</b>
el amor de los hermanos.
