<b>Re</b>   <b>La</b>    <b>Sol</b>        <b>Re</b>
Niño Dios, tráenos tu luz,
           <b>La</b>         <b>Sol</b>
tráenos tu paz, tu perdón.
<strong>
<b>Re</b>   <b>La</b>        <b>Sol</b>      <b>Re</b>
Niño Dios, que naces en mí
                 <b>La</b>
haz que esta alegría
     <b>Sol</b>         <b>Re</b>
(<span id="reserved">2ª:</span> <b>Sol</b>            <b></b>)
la sepamos compartir.(**)
</strong>
<b>Re</b>   <b>La</b>      <b>Sol</b>      <b>Re</b>
Niño Dios, aumenta mi fe
         <b>La</b>       <b>Sol</b>
dame esperanza y amor.
<strong>
<b>Re</b>   <b>La</b>        <b>Sol</b>      <b>Re</b>
Niño Dios, que naces en mí
                 <b>La</b>
haz que esta alegría
     <b>Sol</b>         <b>Re</b>
(<span id="reserved">2ª:</span> <b>Sol</b>            <b></b>)
la sepamos compartir. (**)
</strong>
