<b>Do</b>
No adoréis a nadie
  <b>Fa</b>    <b>Sol</b>       <b>Do</b>
a nadie más que a Él.

No adoréis a nadie
  <b>Fa</b>              <b>Sol</b>
a nadie más que a Él.
      <b>Fa</b>              <b>Sol</b>
No adoréis a nadie, a nadie más.
      <b>Do</b>              <b>la m</b>
No adoréis a nadie, a nadie más.
      <b>Do</b>
No adoréis a nadie
  <b>Fa</b>    <b>Sol</b>       <b>Do</b>
a nadie más que a Él.

Porque solo Él nos puede sostener.
No adoréis...

No fijéis los ojos
en nadie más que en Él...

No esperéis a nadie,
a nadie más que a Él...

No adoréis a nadie...
