<b>si m</b>                  <b>re m</b>
Como la semilla que se rompe al pudrir
<b>La</b>
han de ser las vidas 
        <b>Re</b>          <b>Fa#</b>
que se entregan al Señor.
<b>si m</b>
No esperemos nunca 
       <b>mi m</b>
dar la vida sin morir,
<b>La</b>
nada hay que se rompa 
       <b>Re</b>            <b>Fa#</b>
sin que duela el corazón. (**)
<strong>
<b>mi m</b>                 <b>La</b>
¡Oh, Señor!, que me fije en tu vivir;
<b>Re</b>                <b>si m</b>
mi oración que me acerque hasta Ti;
<b>mi m</b>                <b>La</b>
no sabré quién has sido sin sufrir, 
 <b>Re</b>  <b>La</b> <b>Sol</b>  <b>Fa#</b>
¡oh, Señor!.
</strong>
<b>si m</b>                  <b>mi m</b>
No pretendas nunca amarrar 

cosas de Dios,
<b>La</b>
pues Jesús tan solo dijo
 <b>Re</b>        <b>Fa#</b>
¡Id y Predicad!
<b>si m</b>
si las amarramos 
      <b>mi m</b>
proclamamos nuestro yo,
<b>La</b>                      <b>Re</b>
y nuestra misión tan solo es 
         <b>Fa#</b>
la de sembrar. (**)
<strong>
<b>mi m</b>           <b>La</b>
Y regar todo aquello que plante;
<b>Re</b>                   <b>si m</b>
no olvidar que en su nombre yo sembré,
<b>mi m</b>                <b>La</b>
y al sembrar en Jesús los libere, 
<b>Re</b>   <b>La</b> <b>si m</b>
¡oh, Señor!
