<b>Sol</b>
Si pudiera olvidar 

todo aquello que fui
    <b>Re</b>
Si pudiera borrar

Todo lo que yo vi, 
        <b>Do</b>
no dudaría
       <b>Re</b>               <b>Sol</b>
No dudaría en volver a reír

<b>Sol</b>
Si pudiera explicar

las vidas que quité
     <b>Re</b>
Si pudiera quemar

Las armas que use, 
       <b>Do</b>
no dudaría
       <b>Re</b>               <b>Sol</b>
No dudaría en volver a reír
<strong>
        <b>Do</b>          <b>Re</b>
Prometo ver la alegría
        <b>Sol</b>    <b>Re</b>     <b>mi m</b>
Escarmentar de la experiencia
     <b>Do</b>
Pero nunca,
      <b>Re</b>             <b>Sol</b>
nunca más usar la violencia (**)
</strong>
<b>Sol</b>
Si pudiera sembrar 

los campos que arrasé
     <b>Re</b>
Si pudiera devolver

La paz que quité, 
      <b>Do</b>
no dudaría
        <b>Re</b>              <b>Sol</b>
No dudaría en volver a reír

<b>Sol</b>
Si pudiera olvidar 

aquel llanto que oí
     <b>Re</b>
Si pudiera lograr

Apartarlo de mí, 
        <b>Do</b>
no dudaría
        <b>Re</b>              <b>Sol</b>
No dudaría en volver a reír
<strong>
        <b>Do</b>          <b>Re</b>
Prometo ver la alegría
        <b>Sol</b>    <b>Re</b>     <b>mi m</b>
Escarmentar de la experiencia
     <b>Do</b>
Pero nunca,
      <b>Re</b>             <b>Sol</b>
nunca más usar la violencia (**)
</strong>
