<b>re m</b>                <b>La</b>
Cuando se acerque Diciembre
                    <b>re m</b>
los chiquillos cantarán
                     <b>La</b>
que Jesús viene a la tierra
                <b>re m</b> <b>Re 7</b>
en un mísero portal.
   <b>sol m</b>             <b>re m</b>
El Niño Jesús ya nació
<b>La</b>            <b>re m</b> <b>Re 7</b>
muchos años atrás
   <b>sol m</b>             <b>re m</b>
y está esperando nacer
      <b>La</b>               <b>re m</b>
en tu alma, su gran portal.
<strong>
<b>re m</b>           <b>sol m</b>
No hables de Amor,
             <b>re m</b>
no hables de Paz,
<b>sol m</b>     <b>re m</b>        <b>La</b>     <b>re m</b>
ama a la gente, que es Navidad,
         <b>sol m</b>           <b>re m</b>
y cuando vivas en los demás,
<b>sol m</b>      <b>re m</b>    <b>La</b>     <b>re m</b>
todos los días será Navidad.
</strong>
<b>re m</b>              <b>La</b>
Veinticinco de Diciembre,
                 <b>re m</b>
en el año un día más,
                     <b>La</b>
más que nacer, Jesús muere,
                        <b>re m</b> <b>Re 7</b>
porque hay hambre de su paz.
   <b>sol m</b>              <b>re m</b>
Su paz vendrá a este mundo
<b>La</b>                    <b>re m</b>  <b>Re 7</b>
cuando a la gente al andar
<b>sol m</b>             <b>re m</b>
vivan caminos de años
  <b>La</b>                <b>re m</b>
dejando huellas de amar
