<strong>
<b>mi</b> <b>Sol</b> <b>La</b>      <b>mi m</b>
Señor, ten piedad,
<b>Do</b>     <b>Re</b>     <b>mi m</b>  <b>Si 7</b>
Cristo ten piedad. (**)
</strong>
<b>mi m</b>       <b>la m</b>     <b>mi m</b>
Por las veces que caí
          <b>Sol</b>      <b>Do</b>  <b>Sol /</b><b>Si</b>
y las que no te seguí
<b>la m</b>
por mis maldades
<b>si m</b>
y mis torpezas
<b>Do</b>         <b>Re</b>   <b>mi m</b>     <b>Si 7</b>
vengo a pedirte perdón.

<b>mi m</b>        <b>la m</b>      <b>mi m</b>
Aunque me olvide de Ti,
          <b>Sol</b>      <b>Do</b>  <b>Sol /</b><b>Si</b>
aunque te falle, Señor,
<b>la m</b>
sé que tu gracia
<b>si m</b>
no me abandona
<b>Do</b>          <b>Re</b>       <b>mi m</b>  <b>Si 7</b>
sé que eres mi salvador.

<b>mi m</b>      <b>la m</b>     <b>mi m</b>
Mira mi vida, Señor,
           <b>Sol</b>        <b>Do</b>  <b>Sol /</b><b>Si</b>
no lleves cuentas del mal
<b>la m</b>
que yo no llevo
<b>si m</b>
las de mi hermano,
<b>Do</b>           <b>Re</b>        <b>mi m</b>   <b>Si 7</b>
que encuentre en Ti la paz.
