<span id="reserved">Intro:</span> <b>La</b> <b>La /</b><b>Do#</b> <b>Re</b> <b>Mi</b>

 <b>La</b>        <b>La /</b><b>Do#</b> <b>Re</b>
¿Cómo te podré pagar?
      <b>Mi</b>         <b>La</b>   <b>La /</b><b>Do#</b> <b>Re</b> <b>Mi</b>
No puedo pagarte nada
<b>La</b>             <b>La /</b><b>Do#</b>  <b>Re</b>
de tanto que haces por mí,
      <b>Mi</b>            <b>La</b>    <b>La /</b><b>Do#</b> <b>Re</b> <b>Mi</b>
Tú me llevas en tus palmas.

<b>Re</b>               <b>Mi</b>
Solo puedo agradecerte
<b>do# m</b>                  <b>fa# m</b>
que un buen día me pensaras
<b>Re</b>               <b>La</b>
y me colmarás de dones
        <b>Mi</b>             <b>La</b>  <b>La /</b><b>Do#</b> <b>Re</b> <b>Mi</b>
y de hermanos, y de hermanas.

<b>Re</b>                 <b>Mi</b>
Sé que solo soy un rayo 
<b>do# m</b>            <b>fa# m</b>
de tu luz difuminada
<b>Re</b>            <b>La</b>                 <b>Mi</b>
sé que solo soy un grano de tu sal,
          <b>La</b>   <b>La /</b><b>Do#</b>
yo no soy nada.
<b>Re</b>    <b>Mi</b>            <b>La</b>  <b>La /</b><b>Do#</b>
Pero unido a mis hermanos,
<b>Re</b>      <b>Mi</b>             <b>La</b>    <b>La /</b><b>Do#</b>
a otros rayos, a otras llamas,
<b>Re</b>      <b>Mi</b>           <b>La</b>  <b>La /</b><b>Do#</b>
a otros granos de tu sal,
<b>Re</b>   <b>Mi</b>              <b>La</b>    <b>La /</b><b>Do#</b>
la vida es clara y salada.
<b>Re</b>    <b>Mi</b>         <b>La</b>    <b>La /</b><b>Do#</b>
No puedo pagarte tanto, 
<b>Re</b>       <b>Mi</b>      <b>La</b>
no puedo pagarte nada.
