<b>fa# m</b>                       <b>Mi</b>
Cuando la vida pesa ya demasiado
<b>fa# m</b>                     <b>Mi</b>
y no sé si Tú estás a mi lado.
  <b>fa# m</b>           <b>Mi</b>        <b>fa# m</b>
A veces caigo en la miseria del egoísmo
           <b>Mi</b>
y me pierdo entre llantos, 
  <b>fa# m</b>
me siento morir,
                   <b>Mi</b>
los gritos de este mundo,
     <b>Re</b>           <b>fa# m</b>
me encierran a tu voz,
            <b>Mi</b>
en un escaparate, 
   <b>Re</b>
mensajes de una vida fácil.
<strong>
   <b>fa# m</b>       <b>Mi</b>
No puedo más, dame tu fuerza
  <b>Re</b>
envíame tu Espíritu (***)
     <b>Mi</b>         <b>fa# m</b>
tu Espíritu de amor.
</strong>
<b>fa# m</b>
Cuando los otros
                  <b>Mi</b>
ya no me importan nada,
<b>fa# m</b>
olvido que son hermanos 
         <b>Mi</b>
por cualquier chorrada,
 <b>fa# m</b>         <b>Mi</b>          <b>fa# m</b>
parece como si mi fuerza huyera de mí,
          <b>Mi</b>
y no confío en tus huellas, 
   <b>fa# m</b>
me olvido de Ti.
            <b>Mi</b>         <b>Re</b>         <b>fa# m</b>
Pero Tú me muestras un rayo de tu luz
              <b>Mi</b>
y me echas un cable, 
    <b>Re</b>
me alientas desde Ti a seguir.
