<b>Re</b>                          <b>si m</b>
Soy feliz cuando te tengo aquí,
<b>Sol</b>             <b>mi m</b>            <b>La</b>
soy más fuerte si te siento en mí,
<b>fa# m</b>         <b>si m</b>          <b>mi m</b>
veo el mundo con otro color
<b>Sol</b>          <b>Re</b>
y tiene otro sabor 
<b>mi m</b>              <b>La</b>
cuando tú estás aquí.

<b>Re</b>                        <b>si m</b>
Dibujamos nubes de algodón
<b>Sol</b>              <b>mi m</b>           <b>La</b>
y si estás nunca se pone el sol,
<b>fa# m</b>          <b>si m</b>        <b>mi m</b>
siento un calor especial
<b>Sol</b>          <b>Re</b>      <b>mi m</b>           <b>La</b>
camino sin lugar cuando vamos tú y yo.
<strong>
<b>Re</b>           <b>si m</b>   <b>Sol</b>    <b>mi m</b>     <b>La</b>
No te vayas nunca, no te vayas nunca.
<b>fa# m</b>         <b>si m</b>     <b>mi m</b>
Si algún día tú no estás
   <b>Re</b>     <b>mi m</b>             <b>La</b>
no sé qué voy a hacer sin ti.
<b>Re</b>          <b>si m</b>    <b>Sol</b>    <b>mi m</b>     <b>La</b>
No te vayas nunca, no te vayas nunca.
<b>fa# m</b>         <b>si m</b>    <b>mi m</b>
Sin ti ya no hay sueños
    <b>Re</b>    <b>mi m</b>           <b>La</b>
me espera, la cruda soledad.
</strong>
<b>Re</b>                          <b>si m</b>
Tú me das las ganas de vivir,
<b>Sol</b>               <b>mi m</b>          <b>La</b>
si me faltas, me querré morir,
<b>fa# m</b>          <b>si m</b>            <b>mi m</b>
mi fatiga quién la aliviará,
<b>Sol</b>         <b>Re</b>       <b>mi m</b>            <b>La</b>
y quién responderá a mi interrogación.

<b>Re</b>                          <b>si m</b>
Quédate, no puedo estar sin ti,
<b>Sol</b>              <b>mi m</b>            <b>La</b>
si no estás no sabré a dónde ir,
<b>fa# m</b>          <b>si m</b>         <b>mi m</b>
la tristeza me acompañará
<b>Sol</b>         <b>Re</b>      <b>mi m</b>              <b>La</b>
y se me acabará mi vida y mi ilusión.
<strong>
<b>Re</b>           <b>si m</b>   <b>Sol</b>    <b>mi m</b>     <b>La</b>
No te vayas nunca, no te vayas nunca.
<b>fa# m</b>         <b>si m</b>     <b>mi m</b>
Si algún día tú no estás
   <b>Re</b>     <b>mi m</b>             <b>La</b>
no sé qué voy a hacer sin ti.
<b>Re</b>          <b>si m</b>    <b>Sol</b>    <b>mi m</b>     <b>La</b>
No te vayas nunca, no te vayas nunca.
<b>fa# m</b>         <b>si m</b>    <b>mi m</b>
Sin ti ya no hay sueños
    <b>Re</b>    <b>mi m</b>           <b>La</b>
me espera, la cruda soledad.
</strong>
