<span id="reserved">Intro:</span> <b>mi m</b> <b>Re</b> <b>Do</b> <b>Si 7</b>

<b>mi m</b>      <b>Re</b>                     <b>Do</b>
Escucha bien lo que hoy te digo,
<b>mi m</b>        <b>Re</b>      <b>Do</b>
sal de tu miedo y óyeme,
<b>mi m</b>         <b>Re</b>               <b>Do</b>
pues cuando aún no habías nacido
<b>Re</b>               <b>Do</b>  <b>Re</b>
Yo en ti ya me fijé.

       <b>mi m</b> <b>Re</b>
Oh, mi Dios, 
<b>Si 7</b>                   <b>mi m</b>
sabes que el miedo me frena
<b>Do</b>     <b>Re</b>           <b>Sol</b>
mira que no sé expresarme,
<b>Do</b>         <b>Re</b>         <b>Sol</b>
aún soy pequeño, déjame.
<strong>
<b>Do</b>          <b>Re</b>         <b>Sol</b>        <b>mi m</b>
No tengas miedo, a tu lado yo estaré,
<b>Do</b>          <b>Re</b>          <b>Si 7</b>        <b>mi m</b>
donde te envíe, junto a ti me sentirás,
  <b>Do</b>      <b>Re</b>       <b>Sol</b>           <b>mi m</b>
y en tu boca mis palabras yo pondré,
<b>Do</b>         <b>Re</b>    <b>Sol</b>
nunca te abandonaré.(**)
</strong>
<b>mi m</b>     <b>Re</b>                     <b>Do</b>
Tendrás autoridad sobre los pueblos
<b>mi m</b>      <b>Re</b>         <b>Do</b>
para plantar y derribar,
<b>mi m</b>        <b>Re</b>              <b>Do</b>
tú te alzarás pues con mi fuerza
<b>Re</b>                          <b>Do</b>    <b>Re</b>
en voz del pobre te transformarás.

       <b>mi m</b> <b>Re</b> <b>Si 7</b>            <b>mi m</b>
Oh, mi Dios, no desmayaré de nuevo,
<b>Do</b>          <b>Re</b>        <b>Sol</b>
aunque el peligro me aceche,
<b>Do</b>     <b>Re</b>         <b>Sol</b>
sé que Tú me salvarás.
<strong>
<b>Do</b>          <b>Re</b>         <b>Sol</b>        <b>mi m</b>
No tengas miedo, a tu lado yo estaré,
<b>Do</b>          <b>Re</b>          <b>Si 7</b>        <b>mi m</b>
donde te envíe, junto a ti me sentirás,
  <b>Do</b>      <b>Re</b>       <b>Sol</b>           <b>mi m</b>
y en tu boca mis palabras yo pondré,
<b>Do</b>         <b>Re</b>    <b>Sol</b>
nunca te abandonaré.

<b>Do</b>         <b>Re</b>         <b>Sol</b>        <b>mi m</b>
No tendré miedo, a mi lado tú estarás,
<b>Do</b>          <b>Re</b>         <b>Si 7</b>        <b>mi m</b>
a donde vaya, junto a mí te sentiré,
  <b>Do</b>      <b>Re</b>       <b>Sol</b>           <b>mi m</b>
y en tus manos siempre me abandonaré,
<b>Do</b>      <b>Re</b>      <b>Sol</b>
solo en Ti confiaré.
</strong>
