<b>La</b>
No te pude ver,
     <b>Re</b>      <b>La</b>
te retiré la mirada,

no eras de mi fe 
         <b>Re</b>        <b>Mi</b>
ni de mi forma de pensar.

<b>fa# m</b>
Huí de tu hambre, 
                 <b>Re</b>
tu miedo y tu agonía

tú estabas delatando
                  <b>Mi</b>
mi pobre y falso amar.
      <b>Re</b>     <b>Mi</b>
Y con ternura me hiciste ver 
           <b>La</b>
qué es el amor.
  <b>Mi</b>     <b>Mi 7</b>
Y pensé:
<strong>
        <b>La</b>      <b>Re</b>            <b>La</b>  <b>Re</b>
Te buscaré en las calles al pasar,
<b>La</b>
me encontraré 
   <b>Re</b>                 <b>Mi</b>
contigo en quien no espere,
       <b>Re</b>     <b>Mi</b>          <b>fa# m</b>
y al vivir la vida que me des
       <b>La</b>   <b>Re</b>             <b>Mi</b>
nunca será ajena a ése que halle.

       <b>La</b>
Te pediré
    <b>Re</b>            <b>La</b>    <b>Re</b> <b>La</b>
que sepa unirme a ti 

en cada ser
       <b>Re</b>             <b>Mi</b>
que el mundo ha despreciado.
    <b>Re</b>    <b>Mi</b>            <b>fa# m</b>
Y jamás se me podrá olvidar
                <b>La</b>
que en todos, Dios,
  <b>Re</b>    <b>Mi</b>        <b>La</b>
presente y vivo está.(Bis)
