<b>Sol</b>           <b>Do</b>  <b>Sol</b>          <b>Re</b>
Si aún no lo ves, pronto lo verás,
<b>mi m</b>      <b>Do</b>       <b>Sol</b>     <b>Re</b>
todo un Dios enamorado de ti.
<b>Sol</b>           <b>Do</b>      <b>Sol</b>      <b>Re</b>
Habla bien de Él, que no mentirás,
<b>mi m</b>      <b>Do</b>         <b>Sol</b>      <b>Re</b>
todo lo hizo para hacerte feliz.

       <b>Sol</b>            <b>Do</b>
Lo que pasa es que el mundo
   <b>Sol</b>         <b>Re</b>
no quiere escuchar,
   <b>mi m</b>            <b>Do</b>
no vaya a ser que vea,
       <b>Sol</b>           <b>Re</b>
que entienda y se empape
   <b>Sol</b>     <b>Do</b>           <b>Sol</b>         <b>Re</b>
de esta alegría que nos quiere regalar.
   <b>mi m</b>              <b>Do</b>
No vaya a ser que entienda,
      <b>Sol</b>         <b>Re</b>
se convierta y se sane.
<strong>
   <b>Sol</b>        <b>Do</b>
No temas a la luz,
   <b>Sol</b>        <b>Re</b>
no temas a la paz,
    <b>mi m</b>            <b>Do</b>
no temas a la alegría,
          <b>Sol</b>          <b>Re</b>
no tengas miedo a ser feliz,
       <b>Sol</b>        <b>Do</b>
porque Él es el camino
            <b>Sol</b>        <b>Re</b>
que se ha abierto para ti.
       <b>mi m</b>              <b>Do</b>
Porque Él es el que es ahora,
       <b>Sol</b>
puedes ser feliz.(**)
</strong>
