<b>Sol</b>
Noche de Dios, noche de paz,7
<b>Re</b>        <b>Sol</b>
claro sol brilla ya
<b>Do</b>            <b>Sol</b>
y los ángeles cantando están
<b>Do</b>                        <b>Sol</b>
¡Gloria a Dios, Gloria al Rey eternal!
<strong>
<b>Re</b>            <b>Sol</b>
Duerme niño Jesús (**)
</strong>
<b>Sol</b>
Noche feliz de Navidad
<b>Re</b>       <b>Sol</b>
viene Dios a salvar.
<b>Do</b>              <b>Sol</b>
Nochebuena que alumbra el amor
<b>Do</b>                <b>Sol</b>
el misterio escondido de Dios.

<b>Sol</b>
Noche de Dios, noche de paz
<b>Re</b>       <b>Sol</b>
¡nueva luz celestial!
<b>Do</b>             <b>Sol</b>
floreció la feliz Navidad
<b>Do</b>                     <b>Sol</b>
es palabra y mensaje de paz.

<b>Sol</b>
Noche de Dios, noche de paz,
<b>Re</b>       <b>Sol</b>
¡esplendor inmortal!.
<b>Do</b>            <b>Sol</b>
Luz eterna en la noche brilló
<b>Do</b>                       <b>Sol</b>
es la gloria del Hijo de Dios
