<span id="reserved">Intro:</span> <b>la m</b> <b>Fa</b> <b>Do</b> <b>mi m</b>

        <b>la m</b>
Por tu Iglesia
                  <b>Fa</b>
Que te espera a oscuras
       <b>Do</b>
Por tu pueblo
       <b>mi m</b>
Que te reza aguardando la aurora.
<b>la m</b>    <b>Fa</b>   <b>Do</b>     <b>mi m</b>
Te rogamos, Te rogamos.

        <b>la m</b>
Por las naciones paganas
    <b>Fa</b>                     <b>Do</b>
que tienen sed de Ti sin saberlo.
                   <b>mi m</b>
Ten piedad, ten piedad.

        <b>la m</b>
Por los pueblos oprimidos
       <b>Fa</b>           <b>Do</b>
Por el totalitarismo
        <b>mi m</b>
Y la opresión de la mentira
     <b>la m</b>
Por aquellos perseguidos
       <b>Fa</b>
Por tu nombre
                     <b>Do</b>
Que se ocultan para orar
                 <b>mi m</b>
Y aquellos extraídos de su hogar.

    <b>la m</b>
Por sus perseguidores
  <b>Fa</b>
Cegados por el odio.
   <b>Do</b>
Perdónales, Padre,
   <b>mi m</b>
No saben lo que hacen.

    <b>la m</b>
Por los que no nos aman,
            <b>Fa</b>
Por los que no sabemos amar.
            <b>Do</b>
Por los que sufren y agonizan
              <b>mi m</b>
Y hoy duermen en el hospital.

                <b>la m</b>
Por los que hoy es su última noche
      <b>Fa</b>                     <b>Do</b>
Cuyos ojos no verán el nuevo día
                   <b>mi m</b>
Ten piedad, ten piedad.

    <b>la m</b>
Por todos los que sufren
         <b>Fa</b>
la tentación del suicidio
           <b>Do</b>
Por los dispuestos
                <b>mi m</b>
a dejar ganar al mal.

     <b>la m</b>
Por aquellos cuyas noches
           <b>Fa</b>
Son interminables
                    <b>Do</b>
Y a los que en la angustia
                  <b>mi m</b> <b>la m</b>
les ha quitado la paz
<strong>
       <b>Fa</b>              <b>Do</b>  <b>mi m</b>
Kyrie eleison, Kyrie eleison.
       <b>la m</b>              <b>Fa</b>
Kyrie eleison, Kyrie eleison.
       <b>Do</b>  <b>mi m</b>
Kyrie eleison.
</strong>
     <b>la m</b>
Por aquellos que trabajan

en la prostitución
     <b>Fa</b>
Y se ven obligados a vender su amor
    <b>Do</b>
Por los que caen en la trampa
<b>mi m</b>
del vicio y las drogas.

    <b>la m</b>
Por los que hoy duermen en prisión
                <b>Fa</b>
Por los que hoy esperan su ejecución
     <b>Do</b>                     <b>mi m</b>
Por aquellos a los que torturan.
         <b>la m</b>
Por criminales, por los ladrones
            <b>Fa</b>
Por los que erran en soledad
             <b>Do</b>
Por los que sufren
         <b>mi m</b>               <b>la m</b>
La indiferencia de los demás
<strong>
       <b>Fa</b>              <b>Do</b>  <b>mi m</b>
Kyrie eleison, Kyrie eleison.
</strong>
          <b>la m</b>
Por la ciudad,
                  <b>Fa</b>
por todos sus habitantes.
            <b>Do</b>                 <b>mi m</b>
Que en sus sueños solo existas Tú.
<b>la m</b>
Por nuestros difuntos
         <b>Fa</b>
Que aún no han visto tu rostro
        <b>Do</b>
Por los alejados
              <b>mi m</b>
entre la multitud.

        <b>la m</b>
Por los niños que descansan
      <b>Fa</b>
en el seno de su madre.
          <b>Do</b>
Por las mujeres
                <b>mi m</b>
que van a dar a luz.

         <b>la m</b>                    <b>Fa</b>
Para que reine tu paz en cada hogar
             <b>Do</b>
Por los que quieren 
                  <b>mi m</b> <b>la m</b>
saciar tu sed de amar
<strong>
       <b>Fa</b>              <b>Do</b>  <b>mi m</b>
Kyrie eleison, Kyrie eleison.
       <b>la m</b>              <b>Fa</b>
Kyrie eleison, Kyrie eleison.
       <b>Do</b>  <b>mi m</b>
Kyrie eleison.

       <b>la m</b>                     <b>Fa</b>
Ten piedad, ten piedad, ten piedad.
       <b>Do</b>                      <b>mi m</b>
Ten piedad, ten piedad, ten piedad.
       <b>la m</b>                     <b>Fa</b>
Ten piedad, ten piedad, ten piedad.
       <b>Do</b>                 <b>mi m</b>
Ten piedad, Señor, ten piedad.
</strong>
<span id=cejilla-original>5</span>
