<b>Do</b>                            <b>Sol</b>
Por los niños que empiezan la vida,
        <b>Do</b>          <b>Fa</b>       <b>Sol</b>
por los hombres sin techo ni hogar,
        <b>Do</b>                    <b>Sol</b>
Por los pueblos que sufren la guerra,
       <b>Fa</b>       <b>Sol</b>       <b>Do</b>   <b>Do 7</b>
te ofrecemos el vino y el pan.
<strong>
<b>Fa</b>                    <b>Sol</b>
Pan y vino sobre el altar
<b>Fa</b>    <b>Sol</b>       <b>Do</b>
son ofrenda de amor.
<b>la m</b>          <b>mi m</b>      <b>Fa</b>
Pan y vino serán después
    <b>re m</b>     <b>Sol</b>        <b>Do</b>
tu Cuerpo y Sangre, Señor.
</strong>
<b>Do</b>                         <b>Sol</b>
Por los hombres que viven unidos,
        <b>Do</b>          <b>Fa</b>        <b>Sol</b>
por los hombres que buscan la paz,
        <b>Do</b>                  <b>Sol</b>
por los pueblos que no te conocen,
       <b>Fa</b>       <b>Sol</b>       <b>Do</b>   <b>Do 7</b>
te ofrecemos el vino y el pan.
<strong>
<b>Fa</b>                    <b>Sol</b>
Pan y vino sobre el altar
<b>Fa</b>    <b>Sol</b>       <b>Do</b>
son ofrenda de amor.
<b>la m</b>          <b>mi m</b>      <b>Fa</b>
Pan y vino serán después
    <b>re m</b>     <b>Sol</b>        <b>Do</b>
tu Cuerpo y Sangre, Señor.
</strong>
<b>Do</b>                       <b>Sol</b>
Por aquellos a quienes queremos,
      <b>Do</b>       <b>Fa</b>          <b>Sol</b>
por nosotros y nuestra amistad,
        <b>Do</b>                <b>Sol</b>
Por los vivos y por los difuntos,
       <b>Fa</b>       <b>Sol</b>       <b>Do</b>   <b>Do 7</b>
te ofrecemos el vino y el pan.
<strong>
<b>Fa</b>                    <b>Sol</b>
Pan y vino sobre el altar
<b>Fa</b>    <b>Sol</b>       <b>Do</b>
son ofrenda de amor.
<b>la m</b>          <b>mi m</b>      <b>Fa</b>
Pan y vino serán después
    <b>re m</b>     <b>Sol</b>        <b>Do</b>
tu Cuerpo y Sangre, Señor.
</strong>
