<b>Re</b>          <b>Sol</b>
Mi fuerza y mi desgana,
<b>si m</b>          <b>La</b>
cada vez que dudo.
<b>Re</b>          <b>Sol</b>
Mis ruinas, mis fantasmas,
<b>si m</b>          <b>La</b>
cuando me derrumbo.
<b>mi m</b>       <b>Re</b>            <b>Sol</b>
Mi risa y mi nostalgia y
            <b>La</b>
todas mis miserias.
<b>mi m</b>        <b>Re</b>
Mi suerte y mis alas,
<b>Sol</b>           <b>La</b>
mi precio en oferta.

<b>Re</b>            <b>Sol</b>
Mi instinto y mi consuelo,
<b>si m</b>          <b>La</b>
todas mis torpezas.
<b>Re</b>         <b>Sol</b>
Mi carga y mi silencio
<b>si m</b>       <b>La</b>
y la imprudencia.
<b>mi m</b>      <b>Re</b>
Los días que me pesan,
<b>Sol</b>              <b>La</b>
el tiempo que perdona.
<b>mi m</b>        <b>Re</b>
Mi sueño y mi pereza,
<b>Sol</b>          <b>La</b>
cuanto se acomoda.

<b>Re</b> <b>Sol</b> <b>si m</b> <b>La</b>
La ra ra ra ra aaaa

<b>Re</b>          <b>Sol</b>
Mi tiempo y contratiempo,
<b>si m</b>     <b>La</b>
idas y venidas.
<b>Re</b>      <b>Sol</b>
Todo lo que no entiendo
<b>si m</b>      <b>La</b>
y mi alegría.

<b>mi m</b>         <b>Re</b>
Tus planes, mis deseos,
<b>Sol</b>             <b>La</b>
cuando no están cerca.
<b>mi m</b>       <b>Re</b>
Todo esto te lo ofrezco,
<b>Sol</b>           <b>La</b>
haz tú lo que puedas.
<strong>
<b>si m</b>            <b>Sol</b>
Por cada gesto tuyo
             <b>Re</b>   <b>La</b>
en que estoy yo.
<b>si m</b>             <b>Sol</b>
Cada renglón torcido
       <b>Re</b>   <b>La</b>
de tu amor.
    <b>mi m</b>          <b>Sol</b>
Te doy mi ingratitud
   <b>mi m</b>          <b>La</b>            <b>Re</b>
A ver si la conviertes tú en luz.

<span id="reserved">Final:</span> <b>Sol</b> <b>si m</b> <b>La</b>
</strong>
