<b>la m</b>              <b>Fa</b>
Vosotros cuando oréis
                  <b>Mi</b>
no uséis muchas palabras,
            <b>la m</b>
usad el corazón,
                   <b>Fa</b>
pues vuestro Padre sabe
             <b>Mi</b>
lo que necesitáis
              <b>la m</b>
antes de pedírselo.
            <b>re m</b>
Entra en tu cuarto,
              <b>Sol</b>
ora en lo oculto,
               <b>Do</b>
ora en lo escondido,
     <b>Fa</b>
y tu Padre,
                    <b>Mi</b>
que está en lo escondido,
          <b>la m</b>
te escuchará.
