<b>fa# m</b>
Vagábamos sin rumbo 

arrastrados por la masa,
<b>Re</b>
poniendo los acentos 

solo en lo superficial.
<b>Mi</b>
Hacíamos un mundo que, 

aunque era nuestra casa,
<b>fa# m</b>
permanecía ajeno a ese que lo pasa mal.
<b>Re</b>
Vivíamos tranquilos, 

con los ojos bien tapados,
<b>Mi</b>
con los oídos sordos 

para no escuchar tu Voz.
<strong>
<b>La</b>        <b>Do#</b>
Tu Palabra era un susurro 
  <b>Re</b>                   <b>re m</b>
entre el ruido ensordecedor.
        <b>La</b>
Y oí tu voz,
                  <b>Do#</b>
Esa voz que me decía 
                     <b>Re</b>
"Yo te quiero, ven a mí.
                   <b>re m</b>
Deja todo lo que impide 
                       <b>La</b>
que en el fondo seas feliz.
                    <b>Do#</b>
Ven conmigo que te abrace 
                  <b>Re</b>         <b>Mi</b>
y te acompañe a vivir, ven a mí”.
</strong>
<b>fa# m</b>
Entonces te buscaba, 

y no te podía encontrar
<b>Re</b>
en los templos, en las calles, 

o en el centro comercial.
<b>Mi</b>
Te buscaba en el trabajo, 

y el dinero por ganar
<b>fa# m</b>
un buen coche, buena mesa, 

buena casa y un buen bar
<b>Re</b>
En ninguno te encontraba, 

parece que allí no estás.
<b>Mi</b>
Hice un poco de silencio, 

escuché mi corazón.
<strong>
<b>La</b>        <b>Do#</b>
Tu Palabra era un susurro 
  <b>Re</b>                   <b>re m</b>
entre el ruido ensordecedor.
        <b>La</b>
Y oí tu voz,
                  <b>Do#</b>
Esa voz que me decía 
                     <b>Re</b>
"Yo te quiero, ven a mí.
                   <b>re m</b>
Deja todo lo que impide 
                       <b>La</b>
que en el fondo seas feliz.
                    <b>Do#</b>
Ven conmigo que te abrace 
                  <b>Re</b>         <b>Mi</b>
y te acompañe a vivir, ven a mí”.
</strong>
<b>fa# m</b>
De pronto, entre los pobres 

descubrí que tú morabas
<b>Re</b>
pero me podía el miedo, 

me llegaba a bloquear.
<b>Mi</b>
Eran muchos que sufrían, 

y por ellos tú me hablabas.
<b>fa# m</b>
Me pedías que me implicara 

y me pusiera a trabajar.
<b>Re</b>
Me impactaban sus sonrisas, 

la ilusión de sus miradas.
<b>Mi</b>
Que me hacían sentir vivo, 

me llamabas a la acción
<strong>
<b>La</b>        <b>Do#</b>
Tu Palabra era un susurro 
  <b>Re</b>                   <b>re m</b>
entre el ruido ensordecedor.
        <b>La</b>
Y oí tu voz,
                  <b>Do#</b>
Esa voz que me decía 
                     <b>Re</b>
"Yo te quiero, ven a mí.
                   <b>re m</b>
Deja todo lo que impide 
                       <b>La</b>
que en el fondo seas feliz.
                    <b>Do#</b>
Ven conmigo que te abrace 
                  <b>Re</b>         <b>Mi</b>
y te acompañe a vivir, ven a mí”. (**)
</strong>
