<b>re m</b>                  <b>La</b>
Padre nuestro de la vida
                    <b>re m</b>
mío, de ése, y de aquél,
                    <b>sol m</b>
que vive en cada criatura
                     <b>La</b>
y ellos así han de creer.

    <b>re m</b>             <b>La</b>
Quisiera realzar tu nombre
                       <b>re m</b>  <b>Re 7</b>
viviendo aquí, bajo el sol,
<b>sol m</b>                <b>re m</b>
tu mensaje de aquel monte
            <b>La</b>     <b>re m</b> <b>Re 7</b>
de pobreza, paz y amor.
<strong>
<b>sol m</b>
Danos pan para vivir
                   <b>re m</b>
sólo el momento presente
                   <b>La</b>
ya que el día de mañana
                    <b>re m</b>     <b>Re 7</b>
quizás aquí no me encuentre.
<b>sol m</b>
No mires lo que hice mal
                       <b>re m</b>
que yo no veré a mi deudor,
                     <b>La</b>
y en mi camino hacia Ti
                      <b>re m</b>  <b>Re 7</b>
que no caiga en tentación.
<b>sol m</b> <b>Do</b> <b>re m</b>
Amén, amén.
<b>La</b>                    <b>re m</b>  <b>Re 7</b>
que no caiga en tentación.
<b>sol m</b> <b>Do</b> <b>re m</b>
Amén, amén.
<b>La</b>                    <b>re m</b>
Que sea así siempre Señor.
</strong>
