<b>Sol</b>          <b>Do</b>               <b>Sol</b>
Padre nuestro que estás en el cielo,
<b>Do</b>    <b>Sol</b>   <b>Do</b>     <b>Sol</b>
santificado sea tu nombre.
<b>mi m</b>                  <b>si m</b>
Venga a nosotros tu Reino.
    <b>Do</b>         <b>Sol</b> <b>la m</b>
Hágase tu voluntad en la tierra 
<b>mi m</b>        <b>Re</b>
como en el cielo.
      <b>Sol</b>                     <b>Do</b>
Danos hoy nuestro pan de cada día,

perdona nuestras ofensas, 
         <b>Sol</b>
como también nosotros
                              <b>Re</b>
perdonamos a los que nos ofenden.
                              <b>Sol</b>
No nos dejes caer en la tentación,
 <b>Do</b>     <b>Re</b>     <b>Sol</b>                 <b>Re</b>
y líbranos del mal, y líbranos del mal.
  <b>Do</b>   <b>Sol</b> <b>Do</b> <b>Sol</b>
Amén, Amén,  Amén .
