<b>si m</b>                          <b>La</b>
Una vida distinta quiero empezar,
    <b>mi m</b>      <b>Fa#</b>
sin más dependencias,
              <b>si m</b>
sin más malgastar.
                     <b>Mi</b>
Dije “Padre, dame mi parte” 
    <b>La</b>
y atrás dejé su ley,
  <b>Sol</b>           <b>Fa#</b>      <b>Sol</b>
a cambio del vacío del volar 
  <b>Fa#</b>   <b>si m</b>
y del tener.
<strong>
<b>mi m</b>       <b>La</b>            <b>Re</b>   <b>La</b>  <b>si m</b>
Padre, pequé, como un siervo trátame.
      <b>mi m</b>             <b>Fa#</b>
Malgasté toda tu herencia,
       <b>Sol</b>  <b>Fa#</b>  <b>si m</b>
¡por favor acógeme! (**)
</strong>
<b>si m</b>
Con ternura me espera, 
      <b>La</b>
¡sigo siendo su hijo!
<b>mi m</b>              <b>Fa#</b>
He vuelto a la hacienda,
                    <b>si m</b>
es como un nuevo bautizo.
                  <b>Mi</b>
Él me acepta cual soy,
     <b>La</b>
me enjoya y me viste
<b>Sol</b>              <b>Fa#</b>
porque estabas muerto 
        <b>Sol</b> <b>Fa#</b> <b>si m</b>
y hoy ya renaciste.
<strong>
<b>mi m</b>          <b>La</b>  <b>Re</b>   <b>La</b>   <b>si m</b>
Padre, a ti iré. Me levantaré.
<b>mi m</b>       <b>Fa#</b>        <b>Sol</b>  <b>Fa#</b> <b>si m</b>
No te dejaré por ninguna otra ley (**)
</strong>
<b>si m</b>                     <b>La</b>
De mi egoísmo me levantaré.
           <b>mi m</b>    <b>Fa#</b>      <b>si m</b>
De mi prepotencia me levantaré.
                              <b>La</b>
Mi autosuficiencia la abandonaré, 
           <b>mi m</b> <b>Fa#</b>          <b>si m</b>
porque solo tú eres Padre y Madre.
