<b>la m</b>                     <b>Sol</b>
Padre nuestro, Tú que estás
                      <b>la m</b>
en los que aman la verdad,
           <b>Do</b>            <b>Fa</b>    <b>Do</b>
haz que el Reino que por Ti se dio
                        <b>Fa</b>   <b>Do</b>
llegue pronto a nuestro corazón.
        <b>Fa</b>                     <b>Do</b>
Que el amor, que tu Hijo nos dejó,
    <b>la m</b>         <b>Sol</b>  <b>la m</b>
el Amor, habite en nosotros.
<strong>
                     <b>Sol</b>
Y en el pan de la unidad,
                   <b>la m</b>
Cristo danos Tu la paz.
<b>Do</b>            <b>Fa</b>      <b>Do</b>
Y olvídate de nuestro mal
                   <b>Fa</b>    <b>Do</b>
si olvidamos el de los demás.
     <b>Fa</b>                           <b>Do</b>
No permitas que caigamos en tentación,
    <b>la m</b>
Oh Señor,
         <b>Sol</b>     <b>la m</b>
y ten piedad del mundo.
</strong>
