<b>Re</b>                 <b>mi m</b>
Padre, que a todos amas por igual,
         <b>fa# m</b>
sin distinguir raza ni color,
         <b>Sol</b>            <b>sol m</b>
sin distinguir nacionalidad.
       <b>La 7</b>
Quiero pedirte...

<b>Re</b>              <b>mi m</b>
Padre, pedirte unión fraternal
         <b>fa# m</b>
para los hombres y con tu amor
             <b>Sol</b>
que haya una misma voluntad...
<b>La</b>      <b>Re</b>   <b>Re 7</b>
tu voluntad.
<strong>
              <b>Sol</b>      <b>La</b>
Que todos tus hijos reciban
   <b>Re</b>
el pan de cada día,
               <b>Sol</b>     <b>La</b>         <b>Re</b>
que si a nadie sobra a nadie faltará.
         <b>mi m</b>
Quiero vivir en la esperanza
        <b>fa# m</b>
de un mañana en justa paz
       <b>mi m</b>
ya que con un sólo techo
        <b>Sol</b>       <b>La</b>
también hay felicidad.
</strong>
<b>Re</b>                 <b>mi m</b>
Padre, he aquí mis manos tómalas,
        <b>fa# m</b>
aquí mi tiempo y mi oración;
 <b>Sol</b>    <b>La</b>    <b>Re</b>    <b>Re 7</b>
ayúdame a ayudar.

<b>Re</b>
Padre...
