<b>Do</b>     <b>re m</b>       <b>mi m7</b>     <b>Fa</b>
Yo soy tu hermano, yo soy tu hermana,
              <b>Do</b> <b>re m</b>      <b>mi m7</b> <b>Fa</b>
porque Él nos ama, Tú nos amas.
<b>Do</b>        <b>re m</b> <b>mi m7</b>       <b>Fa</b>
Y también pides que nos amemos
            <b>Do</b>   <b>re m</b>           <b>mi m7</b>
tanto en la tierra como en el cielo.
<b>la m</b>    <b>Sol</b>   <b>Fa</b>
Para poder decirte:
<strong>
             <b>Do</b> <b>re m</b> <b>mi m7</b> <b>Fa</b>
Padre Nuestro
</strong>
<b>Do</b>         <b>re m</b>     <b>mi m7</b>        <b>Fa</b>
Que seamos tu cuerpo, danos tu pan 
       <b>Do</b>  <b>re m</b> <b>mi m7</b>       <b>Fa</b>
para poder de tu mano caminar.
<b>Do</b>    <b>re m</b>   <b>mi m7</b> <b>Fa</b>      <b>Do</b> <b>re m</b>
Y perdónanos cuando fallamos
<b>mi m7</b>
dañando al hermano.
<b>la m</b>   <b>Sol</b>     <b>Fa</b>
Necesitamos decirte:
<strong>
             <b>Do</b> <b>re m</b> <b>mi m7</b> <b>Fa</b>
Padre Nuestro

<b>Do</b>      <b>re m</b>     <b>mi m7</b>     <b>Fa</b>
De amor venimos y amor seremos,
        <b>Do</b> <b>re m</b> <b>mi m7</b>         <b>Fa</b>
si te tenemos (Siendo tu Reino)
<b>Do</b>       <b>re m</b>     <b>mi m7</b>    <b>Fa</b>
Y Tú nos dices: "amén, amén".
  <b>Do</b>  <b>re m</b>           <b>mi m7</b>
Y ama a hermano, hermana.
<b>la m</b>    <b>Sol</b>   <b>Fa</b>
Para poder decirte,
<b>la m</b>    <b>Sol</b>        <b>Fa</b>
para decir sin miedo:
             <b>Do</b> <b>re m</b> <b>mi m7</b> <b>Fa</b>
Padre Nuestro
</strong>
