<b>Sol</b>
En el mar he oído hoy,
          <b>mi m</b>
Señor, tu voz que me llamó,
        <b>Do</b>
y me pidió que me entregara
         <b>Re</b>
a mis hermanos.
    <b>Sol</b>
Esa voz me transformó,
          <b>mi m</b>
mi vida entera ya cambió,
        <b>Do</b>
y sólo pienso ahora, Señor,
       <b>Re</b>
en repetirte:
<strong>
      <b>Sol</b>
Padre nuestro (en ti creemos)
      <b>mi m</b>
Padre nuestro (te ofrecemos)
      <b>Do</b>
Padre nuestro (nuestras manos),
      <b>Re</b>
de hermanos. (**)
</strong>
       <b>Sol</b>
Cuando vaya a otros lugares
       <b>mi m</b>
tendré yo que abandonar
       <b>Do</b>
a mi familia, a mis amigos,
      <b>Re</b>
por seguirte.
     <b>Sol</b>
Pero sé que así algún día
        <b>mi m</b>
podré enseñar tu verdad
       <b>Do</b>
a mi hermano, y junto a él
       <b>Re</b>
yo repetirte:
<strong>
      <b>Sol</b>
Padre nuestro (en ti creemos)
      <b>mi m</b>
Padre nuestro (te ofrecemos)
      <b>Do</b>
Padre nuestro (nuestras manos),
      <b>Re</b>
de hermanos. (**)
</strong>
