<b>Sol</b>
Míranos estamos juntos,

cada uno de nosotros 
               <b>mi m</b>
te venimos a ofrecer
                     <b>Do</b>
lo mejor de nuestras vidas,

donde no existen mentiras, 
<b>la m</b>                  <b>Re</b>
ni miserias, ni porqués,
               <b>Re 7</b>
donde cada día el Sol luce con fuerza
                <b>Sol</b>
un hermoso amanecer.
<strong>
<b>Sol</b>
Padre Nuestro te pedimos

que tu amor sea la fuerza
                   <b>mi m</b>
que nos haga comprender,
                        <b>Do</b>
que tu Reino está en la Vida,
                  <b>la m</b>
te pedimos mil perdones
                   <b>Re</b>
si te vamos a ofrender
                    <b>Re 7</b>
por favor no tardes mucho 
                                <b>Sol</b>
te rogamos que nos dejes comprender.
</strong>
