<b>La</b>        <b>Re</b>
Pedid, pedid y se os dará,
 <b>Mi</b>
pedid, llamad, buscad,
      <b>Re</b>          <b>Mi</b>
no dejéis de confiar.
     <b>La</b>
Vosotros pedid, pedid, pedid, 
   <b>Re</b>
pedid y se os dará.
  <b>Mi</b>
Pedid, llamar, buscar, 
        <b>Re</b>
vuestro Padre siempre da.
<strong>
           <b>La</b>
Y cuando os pidan, cuando os pidan,
       <b>Re</b>
cuando busquen,
            <b>Mi</b>
cuando os llamen, 
             <b>La</b>
repartid el mismo pan,
 (<b>Re</b> <b>Mi</b>)    <b>La</b>        <b>La 7</b>
que os entregaron cuando 
            <b>Re</b>
tanto pan pedisteis
        <b>Mi</b>
Dadles vosotros de comer...
</strong>
           <b>La</b>
...dadles mi pan
