<b>La</b>            <b>Re</b>           <b>Mi</b>   <b>La</b>
Creaste los planetas desde tu poder,
  <b>Re</b>          <b>si m</b>         <b>Mi</b>   <b>La</b>
hiciste el universo desde tu poder,
   <b>Re</b>         <b>si m</b>
rompiste la tiniebla 
       <b>Mi</b>           <b>La</b>
con la fuerza de tu luz,
      <b>Re</b>   <b>La</b>          <b>Re</b>   <b>Mi</b>
desde tu poder, por tener poder.

<b>La</b>             <b>Re</b>           <b>Mi</b>    <b>La</b>
Brotaron los arbustos desde tu poder,
  <b>Mi</b>           <b>Re</b>          <b>Do#</b>   <b>fa# m</b>
volaron los halcones desde tu poder,
            <b>do# m</b>                  <b>Re</b>
pintaron el olivo en un pico de paloma,
           <b>si m</b>      <b>Si 7</b>     <b>Mi</b>
desde tu poder, por tener poder.

<b>La</b>                    <b>Re</b>
Todo cuanto hay en la vida
<b>si m</b>  <b>Mi</b>               <b>La</b>
de Ti ha recibido el aliento
      <b>Do#</b>            <b>fa# m</b>
y los hombres que te siguen
<b>Si</b>              <b>Mi</b>     <b>Re</b> <b>Mi</b>
todos decimos saberlo.

<b>La</b>                 <b>Re</b>
Cuando broten los olivos
         <b>Mi</b>                  <b>La</b>
y el sol llene de luz los senderos,
<b>Re</b>                  <b>La</b>
nunca olvidemos, jamás,
         <b>si m</b>         <b>Mi</b>   <b>La</b>
que cual Tú hemos de hacerlo.

<b>La</b>                <b>Re</b>
Salvar al hombre quieres 
      <b>Mi</b>    <b>La</b>
sin tener poder,
 <b>Re</b>           <b>si m</b>           <b>Mi</b>    <b>La</b>
acampas en la tierra sin ningún poder,
   <b>Re</b>            <b>si m</b>
tu fuerza de ser Dios
       <b>Mi</b>            <b>La</b>
te la anulas siendo niño,
       <b>Re</b>    <b>La</b>          <b>Re</b>   <b>Mi</b>
te quitas poder, pierdes tu poder.

<b>La</b>               <b>Re</b>
Aquellos a quien llamas,
         <b>Mi</b>    <b>La</b>
lo haces sin poder,
      <b>Mi</b>          <b>Re</b>
los invitas a ser pobres, 
       <b>Do#</b>  <b>fa# m</b>
sin ningún poder,
                  <b>do# m</b>
les dices que tan solo
                   <b>Re</b>
siendo niños servirán,
             <b>si m</b>        <b>Si 7</b>  <b>Mi</b>
pobres de poder, niños sin poder.

<b>La</b>                  <b>Re</b>
Mi Dios, necesito saber
 <b>si m</b>     <b>Mi</b>                  <b>La</b>
por qué tu pobreza salva al hombre
     <b>Do#</b>            <b>fa# m</b>
y el misterio de la cruz
    <b>Si</b>                <b>Mi</b>     <b>Re</b>  <b>Mi</b>
nos abre un nuevo horizonte.

<b>La</b>                 <b>Re</b>
Hazme entender, mi Señor,
           <b>Mi</b>             <b>La</b>
por qué tu ser sobre-todo-nombre
<b>Re</b>                 <b>La</b>
ha renunciado al poder
       <b>si m</b>           <b>Mi</b> <b>La</b>
y opta ser pequeño y pobre.
