<span id="reserved">Intro:</span> <b>Re</b> <b>Re 9</b> (<span id="reserved">**</span>)

   <b>Re</b>
No puedo borrar la injusticia de otros
     <b>Sol</b>       <b>La</b>    <b>Re</b>
pero puedo ser justo

no puedo cambiar 

el corazón de los hombres, 
     <b>Do</b>               <b>La</b>
pero puedo cambiar el mío.
   <b>Sol</b>              <b>Re</b>
No puedo acallar el odio, 
         <b>si m7</b>        <b>La</b>
pero sí amar a quien odia.
 <b>Sol</b>                  <b>Re</b>
Amar sin medida es la única vía 
     <b>Do</b> <b>La</b>              <b>Re</b>  <b>Re</b> <b>Re 9</b> (<span id="reserved">**</span>)
de vivir la Perfecta Alegría.

<b>Re</b>
Quiero vivir en verdad, 
             <b>Sol</b>      <b>Re</b>
no quiero mentir ni callar.

Quiero caminar a tu vera,
     <b>Do</b>         <b>La</b>
ni delante ni detrás.
  <b>Sol</b>               <b>Re</b>
Podría denunciar el mal, 
                 <b>si m7</b>
pero renuncio y anuncio 
                 <b>La</b>
la alegría que anhelo.
<b>Sol</b>
La paz que deseo, 
   <b>Re</b>             <b>Do</b>      <b>La</b>
la luz que un día vi al vivir
               <b>Re</b>     <b>Re</b> <b>Re 9</b> (<span id="reserved">**</span>)
la Perfecta Alegría.

 <b>Re</b>                   <b>si m7</b>
Amar sin medida es la única vía 
     <b>Sol</b>                <b>La</b>
de vivir la Perfecta Alegría,
 <b>Sol</b>             <b>Re</b>       <b>si m7</b>
Amar es la única vía de vivir 
               <b>La</b>
la Perfecta Alegría,
 <b>Do</b>            <b>La</b>
Amar es vivir
               <b>Re</b>   <b>Re</b> <b>Re 9</b> (<span id="reserved">**</span>)
la Perfecta Alegría.
