<b>Re</b>       <b>La</b>         <b>Re</b>
Tú has venido a la orilla,
         <b>Sol</b>                    <b>La</b>
no has buscado ni a sabios ni a ricos,
    <b>Re</b>               <b>La</b>    <b>Re</b>
tan solo quieres que yo te siga.
<strong>
  <b>Sol</b>                      <b>Re</b>
Señor, me has mirado a los ojos,
     <b>La</b>     <b>Sol</b>        <b>Re</b>
sonriendo has dicho mi nombre.
       <b>Sol</b>               <b>Re</b>
En la arena he dejado mi barca,
        <b>La</b>              <b>Re</b>
junto a Ti buscaré otro mar.
</strong>
<b>Re</b>       <b>La</b>          <b>Re</b>
Tú sabes bien lo que tengo,
          <b>Sol</b>                  <b>La</b>
en mi barca no hay oro ni espadas,
    <b>Re</b>              <b>La</b>     <b>Re</b>
tan solo redes y mi trabajo.

<b>Re</b>     <b>La</b>        <b>Re</b>
Tú necesitas mis manos,
      <b>Sol</b>                   <b>La</b>
mi cansancio que a otros descanse,
         <b>Re</b>         <b>La</b>  <b>Re</b>
amor que quiera seguir amando.

<b>Re</b>       <b>La</b>        <b>Re</b>
Tú, pescador de otros lagos,
       <b>Sol</b>                  <b>La</b>
ansia eterna de almas que esperan,
      <b>Re</b>          <b>La</b>    <b>Re</b>
amigo bueno que así me llamas.
