<b>la m</b>             <b>mi m</b>
Sabes bien que estoy cerca de ti,
    <b>Fa</b>               <b>Do</b>
e intentaré no defraudarte.
   <b>la m</b>                          <b>mi m</b>
Pienso en ti, y en lo que Tú me pides,
      <b>Fa</b>                         <b>Do</b>
no encuentro el qué, no sé qué decirte.
<b>la m</b>         <b>mi m</b>
Creo que tu luz me quema tanto,
      <b>Fa</b>                    <b>Do</b>
no es fácil ser y andar tus pasos.

<b>la m</b>      <b>mi m</b>               <b>Fa</b>    <b>mi m</b>
Sigues sufriendo en tanta gente.
<b>la m</b>        <b>mi m</b>           <b>Fa</b>
Hay tantas cruces que cargar...
  <b>Fa</b>            <b>Do</b>
y tú piensas en mí.
<strong>
<b>Do</b>
Sé muy bien 
          <b>Fa</b>          <b>Do</b>     <b>Fa</b>
que hacen falta tus palabras.
      <b>Do</b>
Sé también 
            <b>Fa</b>             <b>Sol</b>  <b>Mi</b>
que hace falta quién las grite.
       <b>la m</b>          <b>Fa</b>          <b>Do</b>
Quiero ser, con mis dudas y mis miedos,
        <b>Fa</b>          <b>re m</b>
pero en Ti, sólo en Ti
   <b>Sol</b>           <b>Do</b>
partirme hasta morir. (**)
</strong>
 <b>la m</b>                      <b>mi m</b>
Puedo ver mirando a la ciudad,
    <b>Fa</b>                 <b>Do</b>
que falta fe y sobra seguridad.
<b>la m</b>                       <b>mi m</b>
Siento que, lo fácil tira más,
       <b>Fa</b>                 <b>Do</b>
que tu voz se ahoga en el viento.
      <b>Fa</b>            <b>mi m</b>      <b>la m</b>
Y tus palabras se esparcen y así,
     <b>Fa</b>          <b>mi m</b>       <b>la m</b>
es imposible que te puedan ver.

Sigues sufriendo en tanta gente...
