<b>Do</b>
Pon tu mano en la mano 
                      <b>Sol</b>
de aquel que te da la mano.
       <b>Fa</b>
Pon tu mano en la mano 
    <b>Sol</b>              <b>Do</b>
de aquel que te dice ven.
<strong>
     <b>Do 7</b>
Él será tu amigo
  <b>Fa</b>          <b>fa m</b>
para la eternidad.
</strong>
       <b>Do</b>
Pon tu mano en la mano 
   <b>Sol</b>                <b>Do</b>
de aquel que te da la paz.

        <b>Do</b>
Pon tus ojos en los ojos
                       <b>Sol</b>
de aquel que te está mirando,
        <b>Fa</b>
pon tus ojos en los ojos 
     <b>Sol</b>             <b>Do</b>
de aquel que te mira bien.
<strong>
     <b>Do 7</b>
Él será tu amigo
  <b>Fa</b>          <b>fa m</b>
para la eternidad.
</strong>
        <b>Do</b>
Pon tus ojos en los ojos 
     <b>Sol</b>             <b>Do</b>
de aquel que te mira bien.

       <b>Do</b>
Pon tu vida en las manos
                         <b>Sol</b>
de aquel que te está esperando;
       <b>Fa</b>
pon tu vida en las manos
     <b>Sol</b>               <b>Do</b>
de aquel que te dice: "Ven".
<strong>
     <b>Do 7</b>
Él será tu amigo
  <b>Fa</b>          <b>fa m</b>
para la eternidad.
</strong>
       <b>Do</b>
Pon tu vida en las manos
     <b>Sol</b>               <b>Do</b>
de aquel que te dice: "Ven".
