<b>la m</b>
Prefiero perder a retirarme a tiempo
                     <b>Sol</b>
Dormir de un tirón a vivir con sueño
  <b>la m</b>
Mejor ser bicho raro que un borrego
                       <b>Sol</b>
Para andar arrastrado, mejor muerto

    <b>la m</b>
Prefiero dolor de pies
      <b>Sol</b>
por andar descalzo
  <b>la m</b>
Mejor ser un John Wayne 
    <b>Sol</b>
que soñar a plazos
<strong>
    <b>Fa</b>              <b>la m</b>
Más vale una voz cascada
<b>Sol</b>                 <b>la m</b>
Harta de cantar, perdida
<b>Fa</b>                  <b>la m</b>
Que tener la boca callada
  <b>Sol</b>           <b>la m</b>
Entera pero sin vida
    <b>Fa</b>               <b>la m</b>
Más vale un error contigo
<b>Sol</b>                     <b>la m</b>
Que sin ti llegar a acertar
    <b>Fa</b>          <b>la m</b>
Más vale dar un salto al vacío  
      <b>Sol</b>            <b>la m</b>
Que seguir mirando atrás
</strong>
<b>la m</b>
Prefiero incertidumbre 

a tantas certezas
                    <b>Sol</b>
Besar miseria a tener riqueza
  <b>la m</b>
Mejor vivir en aire a pies de plomo

No estar a medias tintas 
<b>Sol</b>
y apostarlo todo

   <b>la m</b>
Prefiero dolor a tiempo 
     <b>Sol</b>
a vivir equivocado
  <b>la m</b>
Mejor cero a la izquierda 
    <b>Sol</b>
que al otro lado
<strong>
Más vale una voz cascada...
</strong>
Prefiero perder a retirarme a tiempo...
