<b>La</b>         <b>Re</b>           <b>La</b>  <b>Re</b>
Exulten los coros de los ángeles,
 <b>La</b>           <b>Re</b>  <b>Mi</b>      <b>La</b>  <b>Mi 7</b>
exulten los ministros de Dios
      <b>fa# m</b>           <b>do# m</b>        <b>Re</b>
y que suenen las trompetas de victoria
       <b>Mi 7</b>
por el triunfo de Jesús, 
          <b>La</b>   <b>Mi 7</b>
nuestro Señor.

        <b>La</b>         <b>Re</b>        <b>La</b>  <b>Re</b>
Que se alegre y se goce esta fiesta
   <b>La</b>       <b>Re</b>    <b>Mi</b>   <b>La</b>   <b>Mi 7</b>
inundada de tanta claridad,
       <b>fa# m</b>         <b>do# m</b>        <b>Re</b>
que se sienta libre de la oscuridad,
         <b>Mi 7</b>                  <b>La</b>  <b>Mi 7</b>
porque a las tinieblas él venció.
<strong>
 <b>La</b>      <b>Mi</b>      <b>Re</b>     <b>Mi 7</b>
Gloria, gloria, gloria, gloria,
 <b>La</b>      <b>Mi</b>      <b>Re</b>     <b>Mi 7</b> <b>La</b>
gloria, gloria, gloria, gloria. (**)
</strong>
     <b>La</b>       <b>Re</b>            <b>La</b>  <b>Re</b>
La Iglesia también se alegrará
     <b>La</b>      <b>Re</b>     <b>Mi</b>     <b>La</b>  <b>Mi 7</b>
revestida de tan brillante luz.
      <b>fa# m</b>       <b>do# m</b>          <b>Re</b>
Que resuene este templo al aclamar
         <b>Mi 7</b>                  <b>La</b>  <b>Mi 7</b>
nuestras voces cantando su bondad.

     <b>La</b>    <b>Re</b>           <b>La</b>   <b>Re</b>
Esta es la fiesta de la Pascua.
     <b>La</b>    <b>Re</b>       <b>Mi</b>     <b>La</b>  <b>Mi 7</b>
Esta es la noche en que llegó
        <b>fa# m</b>     <b>do# m</b>       <b>Re</b>
la libertad a su pueblo Israel,
     <b>Mi 7</b>                <b>La</b>   <b>Mi 7</b>
al sacarlo de la esclavitud.
<strong>
 <b>La</b>      <b>Mi</b>      <b>Re</b>     <b>Mi 7</b>
Gloria, gloria, gloria, gloria,
 <b>La</b>      <b>Mi</b>      <b>Re</b>     <b>Mi 7</b> <b>La</b>
gloria, gloria, gloria, gloria. (**)
</strong>
   <b>La</b>       <b>Re</b>           <b>La</b>  <b>Re</b>
Cantemos un canto de esperanza
 <b>La</b>         <b>Re</b>    <b>Mi</b>      <b>La</b>   <b>Mi 7</b>
en un mundo nuevo que vendrá.
     <b>fa# m</b>           <b>do# m</b>
Que enmudezcan para siempre 
      <b>Re</b>
los lamentos
       <b>Mi 7</b>                    <b>La</b>  <b>Mi 7</b>
porque Cristo está vivo de verdad.

     <b>La</b>    <b>Re</b>              <b>La</b> <b>Re</b>
Esta es la noche en que se rompen
      <b>La</b>          <b>Re</b>   <b>Mi</b>    <b>La</b>  <b>Mi 7</b>
las cadenas del pecado por Jesús.
     <b>fa# m</b>  <b>do# m</b>         <b>Re</b>
Esta es la noche en que Cristo
     <b>Mi 7</b>                       <b>La</b>  <b>Mi 7</b>
a la muerte con su muerte derrotó.
<strong>
 <b>La</b>      <b>Mi</b>      <b>Re</b>     <b>Mi 7</b>
Gloria, gloria, gloria, gloria,
 <b>La</b>      <b>Mi</b>      <b>Re</b>     <b>Mi 7</b> <b>La</b>
gloria, gloria, gloria, gloria. (**)
</strong>
     <b>La</b>    <b>Re</b>                <b>La</b> <b>Re</b>
Esta es la noche en que el pecado
      <b>La</b>          <b>Re</b>    <b>Mi</b>    <b>La</b>  <b>Mi 7</b>
es vencido por el fuego de la Luz.
       <b>fa# m</b>       <b>do# m</b>        <b>Re</b>
Hoy se unen los divino y lo humano
       <b>Mi 7</b>
por el triunfo del Señor, 
          <b>La</b>   <b>Mi 7</b>
Cristo Jesús.

     <b>La</b>       <b>Re m</b>           <b>La</b>  <b>Re</b>
Te rogamos, Señor, que este cirio
   <b>La</b>        <b>Re</b>        <b>Mi</b>  <b>La</b>   <b>Mi 7</b>
ilumine toda nuestra oscuridad;
         <b>fa# m</b>     <b>do# m</b>
que el lucero matinal 
               <b>Re</b>
lo encuentre ardiendo
     <b>Mi 7</b>                     <b>La</b>  <b>Mi 7</b>
como signo del reinado de la paz.
<strong>
 <b>La</b>      <b>Mi</b>      <b>Re</b>     <b>Mi 7</b>
Gloria, gloria, gloria, gloria,
 <b>La</b>      <b>Mi</b>      <b>Re</b>     <b>Mi 7</b> <b>La</b>
gloria, gloria, gloria, gloria. (**)
</strong>
