<b>Mi</b>
Por el pájaro que vuela, 
       <b>sol# m</b>
por el sol que me ilumina,
       <b>la m</b>
por la flor que no marchita, 
      <b>Mi</b>
por toda la alta montaña.

Por el río caudaloso, 
        <b>sol# m</b>
por las manos del amigo,
       <b>la m</b>
por la roca desprendida.
       <b>si m7</b>           <b>Mi 7</b>
Te doy gracias, Señor Dios.

<b>Mi</b>
Por las manos que me has dado,
<b>sol# m</b>
por el aire que respiro,
       <b>la m</b>
por el pan que me alimenta, 
       <b>Mi</b>
por el agua que me lava.

Por mi hermana, mis hermanos, 
<b>sol# m</b>
la familia que me has dado, 
       <b>la m</b>
por el mundo que has creado. 
       <b>si m7</b>            <b>Mi</b>
Te doy gracias, Señor Dios.
<strong>
<b>Mi</b> <b>Mi 7</b>     <b>si m7</b>
Pregono tu nombre
        <b>do# m</b>            <b>si m</b>  <b>Re</b> <b>La</b> <b>si m</b>
por los campos, por los montes.
<b>Mi</b> <b>Mi 7</b>    <b>si m7</b>               <b>sol# m</b>
Aclamo tu cielo, grito en lo alto.
    <b>si m</b>
¡Tú libertad!
</strong>
<b>Mi</b>
Por mi amigo que está libre, 
   <b>sol# m</b>
por las guerras ya calmadas, 
       <b>la m</b>
por el nudo en la garganta, 
       <b>Mi</b>
por el nombre que me has puesto. 

Por los pueblos liberados, 
   <b>sol# m</b>
por mi hermano misionero, 
       <b>la m</b>
por la música que suena.
       <b>si m7</b>            <b>Mi</b>
Te doy gracias, Señor Dios.
<strong>
<b>Mi</b> <b>Mi 7</b>     <b>si m7</b>
Pregono tu nombre
        <b>do# m</b>            <b>si m</b>  <b>Re</b> <b>La</b> <b>si m</b>
por los campos, por los montes.
<b>Mi</b> <b>Mi 7</b>    <b>si m7</b>               <b>sol# m</b>
Aclamo tu cielo, grito en lo alto.
    <b>si m</b>
¡Tú libertad!
</strong>
<b>Mi</b>
Por el día que Tú has hecho, 
   <b>sol# m</b>
por el mundo que has creado, 
       <b>la m</b>
por el nombre verdadero.
       <b>si m7</b>            <b>Mi</b>
Te doy gracias, Señor Dios.
