<b>la m</b>         <b>Sol</b>          <b>la m</b>
Exulten los coros de los ángeles,
 <b>Do</b>                  <b>la m</b>
exulte la asamblea celeste,
     <b>Sol</b>
y un himno de gloria, aclame el triunfo
                <b>la m</b>
del Señor resucitado.
<b>Fa</b>             <b>Mi 7</b>
  Álegrese la tierra,
    <b>Fa</b>                <b>Mi 7</b>
inundada por la nueva luz.
<strong>
                 <b>la m</b>
El esplendor del Rey
                <b>Sol</b>
destruyó las tinieblas,
               <b>Fa</b>
destruyó las tinieblas,
                  <b>Mi 7</b>
las tinieblas del mundo. (**)
</strong>
<b>la m</b>                             <b>Sol</b>
Que se alegre nuestra Madre la Iglesia,
         <b>la m</b>           <b>Sol</b>
resplandeciente, de la gloria,
        <b>la m</b>
de su Señor,
      <b>Sol</b>
y que este lugar, resuene unánime,
                              <b>la m</b>
la aclamación de un pueblo en fiesta.
<strong>
<b>Fa</b>                    <b>la m</b>
  El Señor esté con vosotros,
<b>Fa</b>           <b>la m</b>
  y con tu espíritu.
<b>Fa</b>                   <b>Mi 7</b>
  Levantemos, el corazón,
<b>Fa</b>                                <b>Mi 7</b>
  lo tenemos levantado hacia el Señor.
                               <b>la m</b>
Demos gracias al Señor nuestro Dios.

   <b>Sol</b>         <b>la m</b>
Es justo y necesario (**)
</strong>
<b>la m</b>                      <b>Sol</b>
Realmente es justo y necesario,
    <b>la m</b>         <b>Do</b>
exaltar, con el canto 
                 <b>la m</b>
la alegría del Espíritu,
     <b>Sol</b>
y elevar un himno al Padre todopoderoso
                       <b>la m</b>
y a su único Hijo, Jesucristo.

<b>la m</b>              <b>Sol</b>
Él ha pagado por todos,
          <b>la m</b>                <b>Sol</b>
al eterno Padre la deuda de Adán,
         <b>la m</b>          <b>Do</b>
y con su sangre, derramada,
               <b>la m</b>
derramada por amor,
        <b>Sol</b>
ha cancelado, la condena antigua
      <b>la m</b>
del pecado.

<b>Fa</b>           <b>Mi 7</b>
  Esta es la Pascua,
            <b>Fa</b>         <b>Mi 7</b>
en que se inmola el Cordero.
     <b>Fa</b>    <b>Mi 7</b>
Esta es la noche,
       <b>Fa</b>
en que fueron liberados
                    <b>Mi 7</b>
nuestros padres de Egipto.
     <b>Fa</b>    <b>Mi 7</b>
Esta es la noche,
        <b>Fa</b>                        <b>Mi 7</b>
que nos salva de la oscuridad del mal.
<strong>
           <b>la m</b>
Esta es la noche,
                              <b>Sol</b>
en que Cristo ha vencido a la muerte
        <b>Fa</b>                   <b>Mi 7</b>
y del infierno, retorna victorioso (**)
</strong>
<b>la m</b>                    <b>Sol</b>
¡Oh admirable condescendencia,
       <b>la m</b>
de tu amor!,
           <b>Do</b>                  <b>la m</b>
¡Oh incomparable ternura y caridad!
         <b>Sol</b>
por rescatar al esclavo,
                   <b>la m</b>
has sacrificado al Hijo.
<b>Fa</b>                  <b>Mi 7</b>
  Sin el pecado de Adán,
<b>Fa</b>                        <b>Mi 7</b>
Cristo no nos habría rescatado.
<strong>
          <b>la m</b>
¡Oh feliz culpa!
                            <b>Sol</b>
Que mereció tan grande redentor,
          <b>la m</b>
¡oh feliz culpa! (**)
                <b>Sol</b>
¡Oh noche maravillosa,

en que despojaste al Faraón,
                    <b>la m</b>
y enriqueciste a Israel!
                <b>Sol</b>
¡Oh noche maravillosa,

tú sola conociste la hora,
                    <b>la m</b>
en que Cristo resucitó!
                             <b>Sol</b>
¡Oh noche que destruyes el pecado,
                       <b>la m</b>
y lavas todas nuestras culpas!
                       <b>Sol</b>
¡Oh noche realmente gloriosa,
         <b>Fa</b>                       <b>Mi 7</b>
que reconcilias, al hombre con su Dios!

           <b>la m</b>
Esta es la noche,
                              <b>Sol</b>
en que Cristo ha vencido a la muerte
        <b>Fa</b>                   <b>Mi 7</b>
y del infierno, retorna victorioso (**)
</strong>
<b>la m</b>                        <b>Sol</b>
En esta noche acepta Padre Santo,
                      <b>la m</b>
este sacrificio de alabanza,
        <b>Do</b>
que la Iglesia,
                             <b>la m</b>
te ofrece por medio de sus ministros,
        <b>Sol</b>
en la liturgia solemne de este cirio,
                         <b>la m</b>
que es signo de la nueva luz.

<b>Fa</b>              <b>Mi 7</b>
  Te rogamos, Señor,
<strong>
         <b>la m</b>
Que este cirio
                        <b>Sol</b>
ofrecido en honor de tu nombre
         <b>la m</b>
brille radiante.
                             <b>Sol</b>
Llegue hasta Ti como perfume suave,
                                  <b>la m</b>
se confunda con las estrellas del cielo

Lo encuentre encendido,
                  <b>Sol</b>
el lucero de la mañana,
      <b>Fa</b>                        <b>Mi 7</b>
esa estrella, que no conoce el ocaso.

                 <b>la m</b>         <b>Sol</b>
Que es Cristo tu Hijo, resucitado,
      <b>Fa</b>         <b>Mi 7</b>
resucitado de la muerte. (**)
 <b>la m</b>    <b>Sol</b>   <b>la m</b>
Amén , Amén, Amén...
</strong>
<span id=cejilla-original>1</span>
