<span id="reserved">Intro:</span> <b>D</b> <b>C</b> <b>E m</b> <b>D</b>
         <b>C</b>         <b>E m</b>
Nos conocimos a través de 
          <b>D</b>
una página web
            <b>C</b>
Donde el destino, 
       <b>E m</b>          <b>D</b>
sentenció a mi corazón.

    <b>C</b>              <b>E m</b>
Y entiendo que no existe 
           <b>D</b>
un amor perfecto
         <b>C</b>           <b>E m</b>
Que no merezco más intentos, 
         <b>D</b>             <b>C</b>
pero sin ti no puedo vivir
<strong>
    <b>E m</b>
Y escúchame 
         <b>D</b>            <b>C</b>
¡Que no fue a primera vista!
   <b>E m</b>              <b>D</b>
Lo nuestro fue un amor 
             <b>C</b>
a primera Sonrisa
</strong>
<b>E m</b>            <b>D</b>       <b>C</b>
Ohhh,Ohhh,Ohhh

     <b>E m</b>                <b>D</b>
Y Pasaron las horas, pasaron los días,
                  <b>C</b>
y cada instante y cada poesía. (x2)

<b>E m</b> <b>D</b> <b>C</b> (<span id="reserved">x2</span>)

    <b>C</b>              <b>E m</b>
Y entiendo que no existe 
           <b>D</b>
un amor perfecto
         <b>C</b>           <b>E m</b>
Que no merezco más intentos, 
         <b>D</b>             <b>C</b>
pero sin ti no puedo vivir
<strong>
    <b>E m</b>
Y escúchame 
                      <b>C</b>
¡Que no fue a primera vista!
   <b>E m</b>              <b>D</b>
Lo nuestro fue un amor 
             <b>C</b>
a primera Sonrisa.

    <b>E m</b>
Y escúchame 
        <b>D</b>             <b>C</b>
¡Que no fue a primera vista!
   <b>E m</b>              <b>D</b>
Lo nuestro fue un amor 
             <b>C</b>
a primera Sonrisa
</strong>
<b>E m</b>               <b>D</b>           <b>C</b>
Ahhh,Ahhh,Laralaa
