<span id="reserved">Intro:</span> <b>Do</b> <b>Fa</b> <b>Sol</b> <b>Do</b> (<span id="reserved">**</span>)

<b>Do</b>     <b>Fa</b>       <b>Do</b>
Se necesita una punta 
   <b>Fa</b>     <b>Do</b> <b>Fa</b> <b>Sol</b> <b>Do</b>
de lanza
    <b>Sol</b>
que hiera la materia 
            <b>Do</b>  <b>Fa</b> <b>Sol</b> <b>Do</b>
de esta tierra,
<b>Do</b>      <b>Fa</b>         <b>Do</b>
que ame lo que enterraron 
    <b>Fa</b>     <b>Do</b> <b>Fa</b> <b>Sol</b> <b>Do</b>
los hombres
    <b>la m</b>
y coloque en el lugar que debiera.
        <b>mi m</b>                <b>Re</b>
Que por opción cante a la pobreza
       <b>Sol</b>                   <b>Fa</b>
y a la cruz como árbol de la vida,
           <b>Do</b>                 <b>Sol</b>
y que su vivir proclame a los hombres
    <b>Fa</b>         <b>Do</b>  <b>Fa</b>
que Cristo los ama, 
<b>Sol</b>      <b>Do</b>   <b>Fa</b> <b>Sol</b> <b>Do</b>
no los olvida.
<strong>
<b>Do</b>       <b>Fa</b>           <b>Do</b>    <b>Fa</b> <b>Sol</b> <b>la m</b>
Voz que grita en el desierto
<b>la m</b>      <b>Re</b>          <b>Sol</b>
luz que anuncia la palabra
<b>Fa</b>       <b>Do</b>   <b>Fa</b>     <b>Do</b>
sal que evita corrupción
         <b>Sol</b>      <b>Do</b>     <b>Fa</b> <b>Sol</b> <b>Do</b>
somos la punta de lanza.
<b>Do</b>    <b>Fa</b>            <b>Do</b>    <b>Fa</b> <b>Sol</b> <b>la m</b>
Es la vida del Dios Padre
<b>la m</b>       <b>Re</b>          <b>Sol</b>
que llegará hasta sus hijos;
<b>Fa</b>                    <b>Do</b>
somos la antorcha de Dios
<b>Fa</b>      <b>Sol</b>      <b>Do</b>     <b>Fa</b> <b>Sol</b> <b>Do</b>
anunciando sus caminos.
</strong>
<b>Do</b>       <b>Fa</b>       <b>Do</b>
Queremos ser el relevo 
   <b>Fa</b>     <b>Do</b>  <b>Fa</b> <b>Sol</b> <b>Do</b>
de las penas,
   <b>Sol</b>
queremos ser anuncio
           <b>Do</b>  <b>Fa</b> <b>Sol</b> <b>Do</b>
de algo nuevo,
<b>Do</b>         <b>Fa</b>
de aquello que jamás 
<b>Do</b>      <b>Fa</b>     <b>Do</b> <b>Fa</b> <b>Sol</b> <b>Do</b>
la gente supo,
   <b>la m</b>
de Dios queremos ser su mensajero.
   <b>mi m</b>                     <b>Re</b>
De barro que no sirve para nada,
     <b>Sol</b>                     <b>Fa</b>
pero que vale en manos del alfarero,
     <b>Do</b>                   <b>Sol</b>
por amor nos ponemos en camino
     <b>Fa</b>         <b>Do</b>  <b>Fa</b>
a gritar como Juan 
<b>Sol</b>     <b>Do</b>      <b>Fa</b> <b>Sol</b> <b>Do</b>
en el desierto.
<strong>
<b>Do</b>       <b>Fa</b>           <b>Do</b>    <b>Fa</b> <b>Sol</b> <b>la m</b>
Voz que grita en el desierto
<b>la m</b>      <b>Re</b>          <b>Sol</b>
luz que anuncia la palabra
<b>Fa</b>       <b>Do</b>   <b>Fa</b>     <b>Do</b>
sal que evita corrupción
         <b>Sol</b>      <b>Do</b>     <b>Fa</b> <b>Sol</b> <b>Do</b>
somos la punta de lanza.
<b>Do</b>    <b>Fa</b>            <b>Do</b>    <b>Fa</b> <b>Sol</b> <b>la m</b>
Es la vida del Dios Padre
<b>la m</b>       <b>Re</b>          <b>Sol</b>
que llegará hasta sus hijos;
<b>Fa</b>                    <b>Do</b>
somos la antorcha de Dios
<b>Fa</b>      <b>Sol</b>      <b>Do</b>     <b>Fa</b> <b>Sol</b> <b>Do</b>
anunciando sus caminos.
</strong>
