<b>la m9</b>           <b>la m2</b>   <b>re m</b>       <b>la m9</b>
Quererse es hablar de todo y de na',
 <b>Si dim</b>    <b>Re dim</b>    <b>Mi</b>
mirarse y mirar, sentirnos estar.
<b>la m9</b>        <b>la m2</b>    <b>re m</b>    <b>la m9</b>
Quererse es oír con el corazón
    <b>Si dim</b>      <b>Re dim</b>       <b>Mi</b>
los gestos del otro, hacer tuya su voz.
<strong>
<b>re m</b>           <b>Sol</b>     <b>Do</b>         <b>la m</b>
Quererse es sentir que juntos los dos
           <b>re m</b>        <b>Sol</b>       <b>la m</b>
hacemos perfectos los planes de Dios
<b>re m</b>          <b>Sol</b>    <b>Do</b>      <b>la m</b>
quererse es vivir en su creación
 <b>re m</b>          <b>re m</b>      <b>Sol</b>      <b>la m</b>
unidos y no solos, a imagen de Dios.
</strong>
<b>la m9</b>          <b>la m2</b>    <b>re m</b>      <b>la m9</b>
Quererse es perdón, olvido y unión
     <b>Si dim</b>     <b>Re dim</b>
pues no son perfectos 
   <b>Mi</b>
ninguno de los dos
<b>la m9</b>          <b>la m2</b>    <b>re m</b>      <b>la m9</b>
quererse es dejar que tan solo Dios
    <b>Si dim</b>    <b>Re dim</b>
nos labre la vida, 
    <b>Mi</b>
nos llene de su amor.
