<b>Re</b> <b>Sol</b> <b>Do</b>
Señor: líbrame de pensar 
          <b>Re</b>   <b>Re 4</b>
que lo sé todo.
       <b>Do</b>
De imponer a los demás 
         <b>Re</b>      <b>Re 4</b>
mis pensamientos.
    <b>Sol</b>       <b>Do</b>
De creer que estoy
                          <b>La</b>  <b>La sus4</b>
más cerca de ti que los demás.
  <b>Fa</b>   <b>la m</b>    <b>Sol</b>
Señor: líbrame 
          <b>Re</b>     (<b>Do</b> <b>mi m</b> <b>Do</b>)
del descontento.
<b>Re</b>        <b>Do</b>               <b>Re</b>
Quiero ser parte de tu proyecto.
           <b>Do</b>
que los problemas me sirvan
     <b>Re</b>     <b>Sol</b>             <b>La</b>  <b>La sus4</b>
para reforzar mi amor hacia ti.
            <b>Fa</b>
Y que no me salga 
     <b>la m</b>  <b>Sol</b>       <b>Re</b>
del camino que tú marcas.
            <b>Fa</b>
Y que no me quede
        <b>la m</b> <b>Sol</b>           <b>La</b>
en el camino que yo mismo trazo.
