<strong>
<b>Do</b>
¿Quién puede amar 
            <b>Fa</b>             <b>Do</b>
y después odiar todo lo amado?
 <b>re m</b>
¿Quién puede negar 
                              <b>Sol</b>
que un Dios hecho pan tocó su corazón?
</strong>
 <b>Do</b>
¿Puede acaso el sol pedir la flor
            <b>Do 7</b>
a la luz y el calor 
           <b>Fa</b>
que siempre le ha dado?
 <b>Do</b>       <b>Sol /</b><b>Si</b>      <b>la m</b>        <b>mi m</b>
¿Por qué entonces me empeño en decirle
       <b>re m</b>  <b>Sol</b>        <b>Do</b>
a mi dueño: Me has abandonado?
<strong>
<b>Do</b>
¿Quién puede amar 
            <b>Fa</b>             <b>Do</b>   <b>La</b>
y después odiar todo lo amado?
 <b>re m</b>
¿Quién puede negar 

que un Dios hecho pan 
        <b>Sol</b>         <b>la m</b>  <b>Sol</b>
tocó su corazón?
</strong>
<b>Do</b>
Por eso, pido a Dios: 
                        <b>Do 7</b>
Dame un corazón para pedir perdón
       <b>Fa</b>
y amarte sin freno.
<b>Do</b>    <b>Sol /</b><b>Si</b>     <b>la m</b>
Para estar a las duras 
 <b>mi m</b>        <b>re m</b> <b>Sol</b>            <b>Do</b>
y a las maduras y ver en ellas tu mano.
