<b>mi m9</b>
¿Quién escucha a quién 
       <b>si m9</b>
cuando hay silencio?
 <b>Do</b>             <b>Re</b>
¿Quién empuja a quién,
          <b>Sol</b> (<b>Sol 9</b>)
si uno no anda?
 <b>la m</b>          <b>la m/</b><b>Do</b>         <b>Sol</b> (<b>Sol 9</b>)
¿Quién recibe más al darse un beso?
 <b>Fa# 7</b>                            <b>Re</b>
¿Quién nos puede dar lo que nos falta?.
 <b>mi m9</b>                   <b>si m9</b>
¿Quién enseña a quién a ser sincero?
 <b>Do</b>               <b>Re</b>
¿Quién se acerca a quién 
    <b>Sol</b>          (<b>Sol 9</b>)
nos da la espalda?
 <b>la m</b>          <b>la m/</b><b>Do</b>
¿Quién cuida de aquello 
        <b>Sol</b>      (<b>Sol 9</b>)
que no es nuestro?
 <b>Fa# 7</b>                             <b>Re</b>
¿Quién devuelve a Quién la confianza?.
<strong>
 <b>Sol</b>            <b>si m7</b>       <b>mi m</b>      <b>Re</b>
¿Quién libera a quién del sufrimiento?
<b>Do</b>            <b>si m7</b>      <b>mi m</b>    <b>mi m7/</b><b>Re</b>
¿Quién acoge a quién en esta casa?
<b>Do</b>              <b>Re</b>
¿Quién llena de luz 
<b>Sol</b> <b>Re /</b><b>Fa#</b> <b>mi m</b> <b>mi m7/</b><b>Re</b>
cada momento?
 <b>Do</b>           <b>La /</b><b>Do#</b>        <b>Re</b>
¿Quién le da sentido a la Palabra?.
 <b>Sol</b>             <b>si m7</b>   <b>mi m</b>      <b>Re</b>
¿Quién pinta de azul el Universo?
 <b>Do</b>             <b>si m7</b>        <b>mi m</b> <b>mi m7/</b><b>Re</b>
¿Quién con su paciencia nos abraza?
 <b>Do</b>             <b>Re</b>
¿Quién quiere sumarse 
<b>Sol</b> <b>Re /</b><b>Fa#</b> <b>mi m</b> <b>mi m7/</b><b>Re</b>
a lo pequeño?
 <b>Do</b>               <b>Re</b>         <b>mi m9</b>
¿Quién mantiene intacta la Esperanza?.

<b>do m</b> <b>Sol</b> <b>Sol 9</b> <b>Re</b>
<b>Do</b> <b>Re</b> <b>Do maj7</b> <b>Re</b> <b>mi m9</b> <b>Do maj7</b> <b>Re</b> <b>mi m9</b>
</strong>
 <b>mi m9</b>                         <b>si m9</b>
¿Quién está más próximo a lo eterno:
<b>Do</b>              <b>Re</b>           <b>Sol</b> (<b>Sol 9</b>)
el que pisa firme o el que no alcanza?
<b>la m</b>           <b>la m/</b><b>Do</b>
¿Quién se adentra 
                <b>Sol</b>  (<b>Sol 9</b>)
al barrio más incierto
<b>Fa# 7</b>                                <b>Re</b>
y tiende una mano a sus “crianzas”?.
 <b>mi m9</b>                   <b>si m9</b>
¿Quién elige a quién de compañero?
 <b>Do</b>            <b>Re</b>          <b>Sol</b>   (<b>Sol 9</b>)
¿Quién sostiene a quién no tiene nada?
 <b>la m</b>             <b>la m/</b><b>Do</b>      <b>Sol</b> (<b>Sol 9</b>)
¿Quién se siente unido a lo imperfecto?
 <b>Fa# 7</b>                          <b>Re</b>
¿Quién no necesita de unas alas?.
<strong>
 <b>Sol</b>            <b>si m7</b>       <b>mi m</b>      <b>Re</b>
¿Quién libera a quién del sufrimiento?
<b>Do</b>            <b>si m7</b>      <b>mi m</b>    <b>mi m7/</b><b>Re</b>
¿Quién acoge a quién en esta casa?
<b>Do</b>              <b>Re</b>
¿Quién llena de luz 
<b>Sol</b> <b>Re /</b><b>Fa#</b> <b>mi m</b> <b>mi m7/</b><b>Re</b>
cada momento?
 <b>Do</b>           <b>La /</b><b>Do#</b>        <b>Re</b>
¿Quién le da sentido a la Palabra?.
 <b>Sol</b>             <b>si m7</b>   <b>mi m</b>      <b>Re</b>
¿Quién pinta de azul el Universo?
 <b>Do</b>             <b>si m7</b>        <b>mi m</b> <b>mi m7/</b><b>Re</b>
¿Quién con su paciencia nos abraza?
 <b>Do</b>             <b>Re</b>
¿Quién quiere sumarse 
<b>Sol</b> <b>Re /</b><b>Fa#</b> <b>mi m</b> <b>mi m7/</b><b>Re</b>
a lo pequeño?
 <b>Do</b>               <b>Re</b>         <b>mi m9</b>
¿Quién mantiene intacta la Esperanza?.

<b>do m</b> <b>Sol</b> <b>Sol 9</b> <b>Re</b>
<b>Do</b> <b>Re</b> <b>Do maj7</b> <b>Re</b> <b>mi m9</b> <b>Do maj7</b> <b>Re</b> <b>mi m9</b>
</strong>
