
<span id="reserved">Intro:</span> <b>Sol</b> <b>Re /</b><b>Fa#</b> <b>Do</b> (<span id="reserved">**</span>)

     <b>Sol</b>              <b>Re /</b><b>Fa#</b>
Qué bien que en mis pupilas 
       <b>Do</b>
siga entrando luz del sol
      <b>Sol</b>             <b>Re /</b><b>Fa#</b>
Qué bien que en mi cerebro 
         <b>Do</b>
se produzcan intercambios 
           <b>la m</b>
de información
       <b>Do</b>
Y a tiempo te pusiste en medio.

<b>Sol</b> <b>Re /</b><b>Fa#</b> <b>Do</b> (<span id="reserved">**</span>)

      <b>Sol</b>            <b>Re /</b><b>Fa#</b>
Qué bien que con mis dedos 
        <b>Do</b>
note frío y tu calor
      <b>Sol</b>              <b>Re /</b><b>Fa#</b>
Qué bien que por mis nervios 
       <b>Do</b>
corran impulsos que me
                              <b>la m</b>
cuentan que estás en mi habitación
              <b>Do</b>                   <b>Sol</b>
Que no te has ido y que te tengo cerca.
<strong>
      <b>Re</b>                <b>la m</b>
No sería lo mismo imaginarte
      <b>Re</b>                 <b>la m</b>
que poder estudiarte con detalle.
      <b>Re</b>               <b>la m</b>
Usaré cada segundo que pase
      <b>Do</b>
para poner a prueba 
 <b>la m</b>             <b>Do</b>
nuestras capacidades corporales.

<b>Sol</b>       <b>Re /</b><b>Fa#</b>           <b>la m</b>    <b>Do</b>
Sólo quedará sin probar un sentido,
<b>Sol</b>        <b>Re /</b><b>Fa#</b>
el del ridículo 
          <b>Do</b>             <b>la m</b>
por sentirnos libres y vivos.
</strong>
<b>Sol 6</b> <b>Do</b> <b>Sol 6</b> <b>Do</b>

      <b>Sol 6</b>
Y qué genial, qué astuto, qué indecente
               <b>Do</b>
qué maravillosamente oportuno.
               <b>Sol 6</b>
El soplo de viento 

que ha unido atrevido
                <b>Do</b>
tu olor con el mío.
       <b>Sol 6</b>
Y qué manera de perder las formas
       <b>Do</b>
y qué forma de perder las maneras.
           <b>Sol 6</b>
Ya nada importa 
                                <b>Do</b>
el mundo ya se acaba no quedará nada.
                           <b>la m</b>   <b>Do</b>
Disfrutemos de la última cena.
<strong>
      <b>Re</b>                <b>la m</b>
No sería lo mismo imaginarte
      <b>Re</b>                  <b>la m</b>
que poder estudiarte con detalle.
      <b>Re</b>                <b>la m</b>
Usaré cada segundo que pase
      <b>Do</b>
para poner a prueba 
  <b>la m</b>              <b>Do</b>
nuestras capacidades corporales.

<b>Sol</b>        <b>Re /</b><b>Fa#</b>          <b>la m</b>    <b>Do</b>
Sólo quedará sin probar un sentido,
<b>Sol</b>            <b>Re /</b><b>Fa#</b>
el del ridículo 
              <b>la m</b>        <b>Do</b>
por sentirnos libres y vivos.
<b>Sol</b>        <b>Re /</b><b>Fa#</b>           <b>la m</b>   <b>Do</b>
Sólo quedará sin probar un sentido,
<b>Sol</b>          <b>Re /</b><b>Fa#</b>
el del ridículo 
              <b>Do</b>         <b>la m</b>
por sentirnos libres y vivos.
</strong>
