<b>si m</b>
¿Quién sino Tú,
                       <b>Sol</b>
que calmaste hasta los mares
                   <b>mi m</b>            <b>Fa#</b>
Podrá calmar de mi alma, la tempestad?
            <b>si m</b>
¿Quién sino Tú, 
                 <b>Sol</b>
que llenaste soledades,
                   <b>mi m</b>
Podrá dar a mi esperanza, 
         <b>Fa#</b>
un nuevo hogar?
            <b>si m</b>
¿Quién sino Tú, 
                      <b>Sol</b>
que después de tantos años,
                    <b>mi m</b>
Y a pesar de mis rechazos,
                  <b>Fa#</b>
sigues dándome tu luz?
            <b>si m</b>
¿Quién sino Tú, 
                     <b>Sol</b>
que a pesar de mis pecados
                  <b>mi m</b>
No te cruzaste de brazos

y en tu abrazo descubrí

Que me amaste desde siempre 

y para siempre?
<strong>
           <b>si m</b>
Quédate, Señor,
    <b>La</b>                  <b>Sol</b>
y habita de nuevo en mi alma
    <b>fa# m</b>               <b>mi m</b>
Que sola quedó tras mi marcha
    <b>Re</b>                 <b>La</b>
Y herida por falta de amor.
<b>Fa#</b>       <b>si m</b>
Quédate, Señor,
    <b>La</b>                  <b>Sol</b>
inúndame con tu palabra
    <b>fa# m</b>              <b>mi m</b>
Seréname, ven, traeme calma
    <b>Re</b>                <b>La</b>
Que quiero entregarme a tu amor.
<b>Fa#</b>      <b>si m</b>            <b>La</b>   <b>Sol</b>
Quédate, Señor...
</strong>
<b>si m</b>
¿Quién sino Tú,
                      <b>Sol</b>
que saciaste a multitudes
                   <b>mi m</b>
Podrá alimentar mi alma, 
         <b>Fa#</b>
que hambrienta está?
            <b>si m</b>
¿Quién sino Tú, 
                 <b>Sol</b>
que curaste uno y mil males,
                   <b>mi m</b>
Podrá sanar mis heridas?
          <b>Fa#</b>
¿Quién sino Tú?
            <b>si m</b>
¿Quién sino Tú,
                        <b>Sol</b>
que a pesar de estar tan lejos
                    <b>mi m</b>
Caminaste hasta mi encuentro
               <b>Fa#</b>
para hacerme descubrir
       <b>si m</b>                      <b>Sol</b>
Que solo Tú eras lo que yo anhelaba?
                   <b>mi m</b>
Y de nuevo intensamente,

en tu abrazo descubrí

Que me amaste desde siempre

y para siempre.
