<strong>
<b>Sol</b>
¿Y qué más quieres que alumbrar?
                           <b>Do</b>
¿Y qué más quieres que dar vida?
<b>la m</b>                        <b>Re</b> (<b>Re 7</b>)
¿Qué más quieres que crear algo
   <b>Do</b>                     <b>Sol</b>
(1) que en ti está como semilla? (**)
   <b>Do</b>                      <b>Sol</b>
(2) que está esperando salida?
</strong>
                       <b>mi m</b>
Si te arriesgas a expresar 
                   <b>si m</b>
lo que tus ojos descubren
                    <b>Do</b>  <b>Re</b>
podrán todos contemplar 
                    <b>mi m</b>
las aguas que de ti fluyen.
                   <b>mi m</b>
Saca lo que tienes dentro. 
                 <b>si m</b>
Rómpete si es necesario.
                        <b>Do</b>   <b>Re</b>
Que tan pronto como lo hagas 
                <b>mi m</b>
vivirás más renovado.
<strong>
<b>Sol</b>
¿Y qué más quieres que alumbrar?
                           <b>Do</b>
¿Y qué más quieres que dar vida?
<b>la m</b>                        <b>Re</b> (<b>Re 7</b>)
¿Qué más quieres que crear algo
<b>Do</b>                    <b>Sol</b>
que en ti está como semilla?
</strong>
                    <b>mi m</b>
Para alumbrar los hogares 
                    <b>si m</b>
unid todos vuestras manos.
               <b>Do</b>   <b>Re</b>
Esa si será la obra 
                   <b>mi m</b>
que genere más hermanos.
                  <b>mi m</b>
Sal de ti: expándete. 
                       <b>si m</b>
Con tus manos haz las mías.
                     <b>Do</b>    <b>Re</b>
Con las de otros enlazadas, 
                     <b>mi m</b>
tendrás paz, más alegría.
<strong>
<b>Sol</b>
¿Y qué más quieres que alumbrar?
                           <b>Do</b>
¿Y qué más quieres que dar vida?
<b>la m</b>                        <b>Re</b> (<b>Re 7</b>)
¿Qué más quieres que crear algo
<b>Do</b>                   <b>Sol</b>
que está esperando salida?

                         <b>Sol</b>
¿Y qué más quieres que alumbrar?
                         <b>Sol</b>
¿Y qué más quieres que alumbrar?

¿Y qué más quieres?
</strong>
