<b>La</b>
Te hablo,	Señor,
            <b>do# m</b>
de lo mucho que he buscado
     <b>si m</b>
tu presencia y tu	legado,
      <b>Mi</b>
y del precio	que	pagué.

   <b>La</b>
Me hablas,	Señor,
            <b>fa# m		</b>
de una vida confiada,
      <b>si m	</b>
donde ya	no lleve	cargas,	
      <b>Mi</b>
donde nada	necesite.

  <b>Re</b>        <b>Mi</b>         <b>fa# m</b>
Y hoy en tu busca descubrí
  <b>Mi</b>              <b>Re</b>
que todo lo que viví
                   <b>Mi</b>
fue regalo de tu Amor inesperado.

  <b>Re</b>    <b>Mi</b>         <b>fa# m</b>
Y hoy descubro ante Tí
   <b>Mi</b>           <b>Re</b>
despojada de mi nada
     <b>si m</b>    <b>Mi</b>
para ser regalo
<strong>
    <b>La</b>        <b>Re</b>       <b>La</b>
Regalada, una vida regalada
   <b>Re</b>            <b>La</b>
si pongo en tu mirada 
   <b>fa# m</b>         <b>Mi</b>
el afán de cada día
   <b>La</b>         <b>Re</b>       <b>La</b>
Regalada, una vida regalada
   <b>Re</b>           <b>La</b>
si mi corazón camina 
   <b>fa# m</b>         <b>Mi</b>
por el Reino y su justicia.
</strong>
<b>La</b>
Te hablo, Señor
             <b>fa# m</b>
de los miedos del pasado
     <b>si m</b>
de las dudas del futuro
     <b>Mi</b>
y no veo mi presente.

   <b>La</b>
Me hablas, Señor
            <b>fa# m</b>
de vivir el día a día
      <b>si m</b>
acoger el nuevo amanecer
      <b>Mi</b>
y su afán con alegría.

  <b>Re</b>        <b>Mi</b>          <b>fa# m</b>
Y hoy en su busca descubrí
      <b>Mi</b>
que no hay miedo
      <b>Re</b>                     <b>Mi</b>
si tu mano me sostiene confiada.
  <b>Re</b>     <b>Mi</b>           <b>fa# m</b>
Y hoy me descubro ante Tí
 <b>Mi</b>            <b>Re</b>          <b>si m</b>
preparada pare ser una vez más 
         <b>Mi</b>
de nuevo amada.
<strong>
    <b>La</b>        <b>Re</b>       <b>La</b>
Regalada, una vida regalada
   <b>Re</b>            <b>La</b>
si pongo en tu mirada 
   <b>fa# m</b>         <b>Mi</b>
el afán de cada día
   <b>La</b>         <b>Re</b>       <b>La</b>
Regalada, una vida regalada
   <b>Re</b>           <b>La</b>
si mi corazón camina 
   <b>fa# m</b>              <b>Mi</b>
por el Reino y su justicia.
</strong>
