<strong>
   <b>Sol</b>
No quiero una libertad 

que me hace libre frente a Ti.
   <b>mi m</b>
No quiero quererte más

por imponérmelo a mí mismo.
   <b>Do</b>
No quiero más regla que tu amor.
   <b>Re</b>
No quiero más regla que tu voz.
</strong>
  <b>Sol</b>
Queremos estrenar vivir en alegría,
   <b>mi m</b>
en comunidad, que nazca un nuevo día.
   <b>la m</b>
En medio de problemas, 
luchas y acercamientos,
  <b>Re</b>
crecer hacia Ti  
         (<b>Do</b>)      (<b>Re</b>)
desde un nuevo pensamiento.
 <strong>
   <b>Sol</b>
No quiero una libertad 

que me hace libre frente a Ti.
   <b>mi m</b>
No quiero quererte más

por imponérmelo a mí mismo.
   <b>Do</b>
No quiero más regla que tu amor.
   <b>Re</b>
No quiero más regla que tu voz.
</strong>
<b>Sol</b>
Para edificar la casa sobre roca,
      <b>mi m</b>
fuera dudas, categorías, 

fuera las normas.
   <b>la m</b>         (<b>Sol /</b><b>Re</b>
El Reino se construye
 <b>fa# /</b><b>Re</b>         <b>mi m7</b>)
confiando en mi voz,
   <b>Re</b>      (<b>Do</b>
sintiendo en la prueba 
 <b>Si /</b><b>Re</b>          <b>La /</b><b>Re</b>)
"no temáis, soy yo".
<strong>
   <b>Sol</b>
No quiero una libertad 

que me hace libre frente a Ti.
   <b>mi m</b>
No quiero quererte más

por imponérmelo a mí mismo.
   <b>Do</b>
No quiero más regla que tu amor.
   <b>Re</b>
No quiero más regla que tu voz.
</strong>
<b>Sol</b>
Vive la libertad
  <b>mi m</b>
mirándote en los demás.
<b>la m</b>
Siente que creces al servir,
         <b>Re</b>
que los demás renacen... 
Tú con ellos, al fin. (**)
<strong>
   <b>Sol</b>
No quiero una libertad 

que me hace libre frente a Ti.
   <b>mi m</b>
No quiero quererte más

por imponérmelo a mí mismo.
   <b>Do</b>
No quiero más regla que tu amor.
   <b>Re</b>
No quiero más regla que tu voz.
          <b>Sol</b>
No quiero... 
</strong>
