<b>La</b>                 <b>La /</b><b>Sol#</b>
Cuando todo está perdido 

y el dolor ya te desgarra,
       <b>La /</b><b>Fa#</b>
cuando ves negro el camino, 
       <b>si m</b>
cuando todo se te acaba,
            <b>do# m</b>
cuando un clavo te perfora 
     <b>Re</b>
y tu corazón traspasa,
   <b>La</b>
Tú nunca nos abandonas 
      <b>Mi</b>           <b>La</b>
y renace la esperanza.
<strong>
  <b>Re</b>  <b>La</b>           <b>Mi</b>             <b>La</b>
Tú, Señor, eres la fuente de mi vida,
       <b>Re</b>              <b>La</b>
me acompañas, me consuelas,
       <b>Mi</b>          <b>La</b>
y me curas las heridas,
     <b>Re</b>           <b>La</b>
me regalas los hermanos, 
     <b>Mi</b>         <b>fa# m</b>
me regalas la familia,
  <b>Re</b>             <b>La</b>
vivificas mi existencia
     <b>Mi</b>           <b>La</b>
a través de sus caricias.

<b>Re</b>                    <b>do# m</b>
..Cuando todo está perdido
     <b>Re</b>            <b>La</b>
y el dolor ya me desgarra
      <b>Re</b>    <b>La</b>
Tú, Señor resucitado,
     <b>Mi</b>           <b>La</b>
me devuelves la esperanza.
</strong>
<b>La</b>                 <b>La /</b><b>Sol#</b>
Cuando me siento impotente

ante tanto sufrimiento
               <b>La /</b><b>Fa#</b>
Cuando veo a tanta gente
               <b>si m</b>
padeciendo mil tormentos.
       <b>do# m</b>
Cuando me fallan las fuerzas,
 <b>Re</b>
cuando veo que ya no alcanzan
      <b>La</b>
Tú me insuflas fortaleza 
    <b>Mi</b>          <b>La</b>
y renace la esperanza.
<span id=cejilla-original>1</span>
