      <b>la m7</b>     <b>Fa</b>      <b>Do</b>      <b>Sol</b>
Enséñame a abrazar mi cruz, Señor.
          <b>la m7</b>
A no escandálizarme 
   <b>Fa</b>
de todas mis heridas, 
  <b>Do</b>
así me has hecho Tú, 
<b>Sol</b>
así me amas, mi Dios. 

      <b>la m7</b>     <b>Fa</b>          <b>Do</b>     <b>Sol</b>
Enséñame a abrazar tu voluntad, Señor, 
      <b>la m7</b>
si no puedo apartar 
         <b>Fa</b>
el cáliz de mi realidad, 
   <b>Do</b>                <b>Sol</b>
renuncio a mi plan, acojo tu verdad. 
<strong>
       <b>la m7</b>         <b>Fa</b>
Quiero ser, ser lavado, 
<b>Do</b>                  <b>Sol</b>
ser curado y quiero morir a mi mismo. 
</strong>
     <b>la m7</b>      <b>Fa</b>           <b>Do</b>
Enséñame a abrazar mi convicción, 
  <b>Sol</b>
Señor. 
         <b>la m7</b>
No puedo dar la talla, 
       <b>Fa</b>
no soy suficiente, 
    <b>Do</b>
quiero dejar de hacer 
  <b>Sol</b>                 <b>la m7</b> <b>Sol</b>
para dejarme amar por Tí
<strong>
       <b>la m7</b>         <b>Fa</b>
Quiero ser, ser lavado, 
<b>Do</b>                  <b>Sol</b>
ser curado y quiero morir a mi mismo, 
            <b>la m7</b>        <b>Fa</b>
y quiero estar arrodillado,  
 <b>Do</b>              <b>Sol</b>
quiero vaciarme y en el fondo siento
</strong>
               <b>la m7</b>            <b>Fa</b>
que no soy valorado, estoy herido, 
           <b>Do</b>         <b>Sol</b>
soy rechazado soy pecador, 

          <b>la m7</b>          <b>Fa</b>
pero soy amado, soy aceptado, 
           <b>Do</b>              <b>Sol</b>
soy rescatado, no soy esclavo. 
<strong>
       <b>la m7</b>         <b>Fa</b>
Quiero ser, ser lavado, 
<b>Do</b>                  <b>Sol</b>
ser curado y quiero morir a mi mismo, 
           <b>la m7</b>         <b>Fa</b>
y quiero estar arrodillado, 
<b>Do</b>               <b>Sol</b>
quiero vaciarme, quiero vivir como
        <b>la m7</b>        <b>Fa</b>
resucitado, resucitado, 
        <b>Do</b>          <b>Sol</b>
resucitado, resucitado. (**) 
</strong>
(En la segunda vez no se repite
resucitado)
