<b>La</b>               <b>Mi</b>        <b>fa# m</b>  <b>Re</b>
Al final, cuando todo esto acabe
     <b>La</b>       <b>Mi</b>          <b>fa# m</b>  <b>Re</b>
Volverás revestido de grandeza
     <b>fa# m</b>              <b>Mi</b>
Tu poder derramará el amor
    <b>Re</b>                <b>La</b>
Por cada rincón de la Tierra
     <b>fa# m</b>                     <b>Mi</b>
Tu presencia alegrará la Creación
        <b>Re</b>
Que esperaba tu promesa
<strong>
         <b>La</b>        <b>Mi</b>
De resucitar a tu imagen
         <b>fa# m</b>          <b>Re</b>
Ser tan libres como el aire
      <b>La</b>         <b>Mi</b>
Resucitar por tu sangre
    <b>fa# m</b>        <b>Re</b>
Renacidos para amarte
   <b>La</b>                   <b>Mi</b>
Viviremos por fin de verdad
      <b>fa# m</b>               <b>Re</b>
Congregados por un mismo Padre
     <b>La</b>                  <b>Mi</b>
Reinaremos contigo en tu paz
        <b>fa# m</b> <b>Re</b>
Para adorarte (**)
            <b>La</b>
en la eternidad.
</strong>
    <b>La</b>           <b>Mi</b>         <b>fa# m</b>  <b>Re</b>
Al final, cuando todo esto acabe
<b>Re</b>    <b>La</b>       <b>Mi</b>           <b>fa# m</b>
Resonará la Verdad en tus palabras
         <b>fa# m</b>                  <b>Mi</b>
Hasta el cielo temblará de emoción
       <b>Re</b>          <b>La</b>
Con la luz de tu mirada
      <b>fa# m</b>                   <b>Mi</b>
Las semillas que murieron al Sol
        <b>Re</b>
Tendrán vida renovada
<strong>
         <b>La</b>        <b>Mi</b>
De resucitar a tu imagen
         <b>fa# m</b>          <b>Re</b>
Ser tan libres como el aire
      <b>La</b>         <b>Mi</b>
Resucitar por tu sangre
    <b>fa# m</b>        <b>Re</b>
Renacidos para amarte
   <b>La</b>                   <b>Mi</b>
Viviremos por fin de verdad
      <b>fa# m</b>               <b>Re</b>
Congregados por un mismo Padre
     <b>La</b>                  <b>Mi</b>
Reinaremos contigo en tu paz
        <b>fa# m</b> <b>Re</b>
Para adorarte (**)
            <b>La</b>
en la eternidad.
</strong>
