<b>Sol</b>                         <b>Re</b>
Cuando vas sin rumbo por la vida,
       <b>la m</b>                <b>mi m</b>
cuando solo piensas en vencer,
<b>Do</b>                       <b>Sol</b>
cuando no encuentras una salida
                         <b>Re</b>
porque solo te importa tener.
<b>Sol</b>                      <b>Re</b>
Cuando los que te rodean sufren
   <b>la m</b>                <b>mi m</b>
tu egoísmo no te deja ver,
<b>Do</b>                          <b>Sol</b>
piensas en ganar y otros se pudren
                  <b>Re</b>
y tu mundo no los deja ser.
<strong>
<b>Do</b>                          <b>Sol</b>
Resucitó, viene a cambiarlo todo.
        <b>Re</b>
Descubrirás que se ha metido 
          <b>mi m</b>
dentro de tu corazón.
       <b>Do</b>
Percibirás que la persona 
        <b>Sol</b>
es lo importante,
          <b>Re</b>
que la apariencia es pasajera,
              <b>mi m</b>
“Hazlo posible por amor”.
      <b>Do</b>                <b>Sol</b>
Resucitó, y te llena de vida.
        <b>Re</b>
Descubrirás que cada hermano 
           <b>mi m</b>
es también hijo de Dios
          <b>Do</b>                  <b>Sol</b>
Disfrutaremos todos juntos de la vida
      <b>Si</b>        <b>mi m</b>
Resucitó, resucitó.
</strong>
<b>Sol</b>                       <b>Re</b>
Cuando se te rompen los esquemas
          <b>la m</b>        <b>mi m</b>
pierdes estatus, tu seguridad.
    <b>Do</b>                   <b>Sol</b>
Cuando todo se vuelve un problema
                            <b>Re</b>
y no hay elección, no hay libertad.
<b>Sol</b>                          <b>Re</b>
Cuando con tus fuerzas ya no basta
    <b>la m</b>                  <b>mi m</b>
y no encuentras una solución,
    <b>Do</b>                 <b>Sol</b>
cuando la catástrofe devasta
                      <b>Re</b>
y la Tierra sufre una explosión.
<strong>
    <b>Do</b>                       <b>Sol</b>
Resucitó, viene a arreglarlo todo.
        <b>Re</b>
Descubrirás que se ha metido 
       <b>mi m</b>
dentro de tu corazón.
       <b>Do</b>                      <b>Sol</b>
Te guiará con una fuerza desbordante
             <b>Re</b>
y todo es nuevo en un instante,
         <b>mi m</b>
“Hazlo posible por amor”.
      <b>Do</b>               <b>Sol</b>
Resucitó y te llena de vida
        <b>Re</b>
Disfrutarás de la armonía 
       <b>mi m</b>
de esa nueva creación.
          <b>Do</b>                  <b>Sol</b>
Disfrutaremos todos juntos de la vida
      <b>Si</b>        <b>mi m</b>
Resucitó, resucitó.
</strong>
