<b>si m</b>        <b>La</b>       <b>Re</b>
Rey de los cielos y tierras, 
<b>si m</b>        <b>La</b>      <b>si m</b>
haz que tu fama me venga,
         <b>La</b>       <b>Re</b>
hasta mi pobre persona, 
      <b>si m</b>  <b>La</b>    <b>si m</b>
y que note tu presencia.
           <b>Mi</b>               <b>si m</b>
Bendita tu vida, bendita tu gloria,
           <b>Sol</b>
bendita la gente
       <b>La</b>         <b>si m</b>
que en ti hace historia.
<strong>
        <b>si m</b>
Que los árboles se agachen 
      <b>La</b>         <b>si m</b>
y los matorrales vuelen,
            <b>La</b>    <b>Re</b>
para que todos perciban 
   <b>Sol</b>       <b>La</b>       <b>Re</b>
la gloria de Dios que viene.
    <b>mi m7</b>             <b>si m</b>
Que todos canten con vida, 
<b>La</b>                  <b>Re</b>
¡viva la gloria de Dios!
         <b>mi m7</b>            <b>si m</b>
y entre aquellos que lo canten, 
     <b>mi m</b>          <b>La</b>     <b>si m</b>
que siempre me encuentre yo.(**)
</strong>
<b>si m</b>       <b>La</b>  <b>si m</b>
Hosanna, Hosanna,
  <b>La</b> <b>si m</b>   <b>La</b>  <b>si m</b>
Hosanna, Hosanna
