<b>Re</b>      <b>Sol</b>       <b>Re</b>         <b>si m</b>
En este mundo que Cristo nos da
  <b>Re</b>          <b>Sol</b>       <b>La</b>  <b>La 7</b>
hacemos la ofrenda del pan.
   <b>Re</b>     <b>Sol</b>       <b>fa# m</b>      <b>si m</b>
El pan de nuestro trabajo sin fin
     <b>Re</b>      <b>Sol</b>     <b>La</b>
y el vino de nuestro cantar.
<b>Re</b>          <b>Sol</b>        <b>fa# m</b>        <b>si m</b>
Traigo ante Ti nuestra justa inquietud:
  <b>Re</b>        <b>Sol</b>        <b>La</b>   <b>La</b>
"Amar la Justicia y la Paz".
<strong>
<b>Sol</b>           <b>La</b>
Saber que vendrás,
  <b>fa# m</b>        <b>si m</b>
saber que estarás
   <b>Sol</b>          <b>La</b>        <b>Re</b>
partiendo a los pobres tu pan. (**)
</strong>
<b>Re</b>        <b>Sol</b>       <b>Re</b>          <b>si m</b>
La sed de todos los hombres sin luz,
   <b>Re</b>        <b>Sol</b>        <b>La</b>  <b>La 7</b>
la pena y el triste llorar.
   <b>Re</b>   <b>Sol</b>        <b>fa# m</b>      <b>si m</b>
El odio de los que mueren sin fe,
   <b>Re</b>       <b>Sol</b>      <b>La</b>
cansados de tanto luchar.
<b>Re</b>        <b>Sol</b>    <b>fa# m</b>        <b>si m</b>
En la alegría de nuestra oblación,
  <b>Re</b>      <b>Sol</b>     <b>La</b>   <b>La 7</b>
acepta la vida, Señor.
<strong>
<b>Sol</b>           <b>La</b>
Saber que vendrás,
  <b>fa# m</b>        <b>si m</b>
saber que estarás
   <b>Sol</b>          <b>La</b>        <b>Re</b>
partiendo a los pobres tu pan. (**)
</strong>
