<b>Do</b>        <b>Sol</b>         <b>Do</b>
El que me sigue en la vida
<b>Fa</b>        <b>Sol</b>      <b>Do</b>
sal de la tierra será.
<b>mi m</b>                   <b>la m</b>
Mas, si la sal se adultera
<b>Do</b>                 <b>Sol</b>
los hombres la pisarán.
<strong>
    <b>Do</b>
Que sea mi vida la sal,
                   <b>mi m</b>
que sea mi vida la luz,
<b>Fa</b>      <b>Do</b>    <b>Sol</b>     <b>la m</b>
sal que sala, luz que brilla,
<b>Do</b>    <b>Fa</b>    <b>Sol</b>   <b>Do</b>
sal y fuego es Jesús.
</strong>
<b>Do</b>        <b>Sol</b>        <b>Do</b>
Sois como la luz del mundo
<b>Fa</b>       <b>Sol</b>     <b>Do</b>
que a la ciudad alumbra,
<b>mi m</b>                <b>la m</b>
esta se pone en la cima
<b>Do</b>                  <b>Sol</b>
donde el monte se encumbra.

<b>Do</b>          <b>Sol</b>        <b>Do</b>
Que brille así vuestra luz
<b>Fa</b>       <b>Sol</b>         <b>Do</b>
ante los hombres del mundo
<b>mi m</b>                   <b>la m</b>
que palpen las buenas obras
<b>Do</b>                    <b>Sol</b>
de lo externo a lo profundo.
