<b>Do</b>      <b>Sol</b>
Este mundo viejo
    <b>Do</b>           <b>Sol</b>
necesita un giro ya,
  <b>la m</b>          <b>mi m</b>
muchos lo intentaron,
     <b>la m</b>            <b>mi m</b>
nada en claro han sacado.
   <b>Fa</b>        <b>Sol</b>  <b>Do</b>
Hay quien ya está cansado
     <b>mi m</b>              <b>la m</b>
y también nosotros, a veces,
   <b>Fa</b>       <b>Sol</b>
perdemos la tensión.
<strong>
<b>Do</b>          <b>Sol</b>
Sal de tu tierra,
<b>Fa</b>           <b>Do</b>
te dice el Señor,
            <b>Sol</b>
no mires al suelo
<b>Fa</b>             <b>Do</b>
no huyas de mi voz.
<b>Fa</b>        <b>Do</b>
Sal de tu tierra
<b>mi m</b>        <b>la m</b>
de la mediocridad
<b>re m</b>          <b>mi m</b>
afianza tu cayado
  <b>Fa</b>      <b>Sol</b> <b>Do</b>
y ponte a caminar.
</strong>
           <b>Sol</b>
No te faltarán
     <b>Do</b>          <b>Sol</b>
la angustia y el miedo
     <b>la m</b>          <b>mi m</b>
pero sabes que es más fuerte
     <b>la m</b>         <b>mi m</b>
la razón que te mueve.
   <b>Fa</b> <b>Sol</b>     <b>Do</b>
No vas en solitario
      <b>mi m</b>          <b>la m</b>
somos un pueblo en marcha
       <b>Fa</b>        <b>Sol</b>
construyendo el mañana.
<strong>
<b>Do</b>          <b>Sol</b>
Sal de tu tierra,
<b>Fa</b>           <b>Do</b>
te dice el Señor,
            <b>Sol</b>
no mires al suelo
<b>Fa</b>             <b>Do</b>
no huyas de mi voz.
<b>Fa</b>        <b>Do</b>
Sal de tu tierra
<b>mi m</b>        <b>la m</b>
de la mediocridad
<b>re m</b>          <b>mi m</b>
afianza tu cayado
  <b>Fa</b>      <b>Sol</b> <b>Do</b>
y ponte a caminar.
</strong>
