<span id="reserved">Intro:</span> <b>Sol</b> <b>la m</b> <b>si m</b> <b>Do</b>

<b>Sol</b>             <b>Do</b>              <b>Sol</b> <b>Do</b>
Bendeciré al Señor porque Él me guía
                   <b>mi m</b>
y en lo íntimo del ser 
      <b>Do</b>           <b>Re</b>
me corrige por las noches.

<b>Do</b>               <b>Re</b>         <b>Sol</b> <b>Do</b>
Siempre tengo presente al Señor;
              <b>Sol</b>                 <b>Re</b>
con Él a mi derecha nada me hará caer.
     <b>Do</b>            <b>Re</b>
Por eso, dentro de mí, 
        <b>Sol</b>
mi corazón se llena 
       <b>la m7</b>       <b>Sol</b> <b>Do</b>
de alegría y confianza.
<strong>
                       <b>Sol</b>
No me abandonará a la muerte,
                <b>Re</b>              <b>Sol</b>
no dejará en la fosa a un amigo fiel.

<b>la m</b> <b>si m</b> <b>Do</b> <b>Sol</b> <b>la m</b> <b>si m</b> <b>Do</b> <b>Sol</b>
</strong>
            <b>Sol</b>      <b>Do</b>
Seré bendición ante aquel 
                <b>Sol</b>   <b>Do</b>
que a Dios no alcanza
                  <b>mi m</b>
y en lo íntimo de él 
        <b>Do</b>          <b>Re</b>
se le escapa la Esperanza.
           <b>Do</b>          <b>Re</b>
Siendo sencillo y humilde 
      <b>Sol</b> <b>Do</b>           <b>Sol</b>
mostraré la imagen del Padre, 
<b>Do</b>       <b>Re</b>
tal cual es.

      <b>Do</b>          <b>Re</b>
Y los frutos se verán 
        <b>Sol</b>        <b>la m7</b>
dando razón de que Dios existe 
        <b>Sol</b>    <b>Do</b>
en esta tierra.
                  <b>Sol</b>
Y la Luz de la Esperanza 
                  <b>Re</b>
brillará en el universo.
            <b>Sol</b>
Y dentro de mí.

<b>la m</b> <b>si m</b> <b>Do</b> <b>Sol</b> <b>la m</b> <b>si m</b> <b>Do</b> <b>Sol</b>

                   <b>Sol</b>
El Dios que hay en mí 
      <b>Do</b>           <b>Sol</b>  <b>Do</b>
es capaz de dar la Vida
                <b>mi m</b>
desde mi debilidad 
      <b>Do</b>         <b>Re</b>
Él me da su fortaleza.
   <b>Do</b>         <b>Re</b>         <b>Sol</b> <b>Do</b>
Su Vida la verá el que murió
                    <b>Sol</b>
y el que vive en la fosa 
<b>Do</b>             <b>Re</b>
de la desesperación.

          <b>Do</b>           <b>Re</b>
Y ya no habrá que esperar 
                <b>Sol</b>
que el Dios del cielo
       <b>la m7</b>           <b>Sol</b>   <b>Do</b>
haga milagros en esta tierra
            <b>Sol</b>             <b>Re</b>
porque el milagro estará en mí 
             <b>Sol</b>
si lo ven en mí.

<b>la m</b> <b>si m</b> <b>Do</b> <b>Sol</b> <b>la m</b> <b>si m</b> <b>Do</b> <b>Sol</b>

                   <b>Sol</b>
Pones ante nuestra vida 
     <b>Do</b>       <b>Sol</b>  <b>Do</b>
una obra inacabada.
                      <b>mi m</b>
Tus manos en nuestras manos 
<b>Do</b>             <b>Re</b>
dejan la mejor herencia:
     <b>Do</b>           <b>Re</b>        <b>Sol</b>
culminar en Libertad tu creación, 
<b>Do</b>                  <b>Sol</b>
hacerla nuestra, de todos,
<b>Do</b>               <b>Re</b>
que nadie quede atrás.

     <b>Do</b>        <b>Re</b>              <b>Sol</b>
Y seremos bendición siendo esperanza 
         <b>la m7</b>      <b>Sol</b>   <b>Do</b>
en medio de desesperanzas,
                    <b>Sol</b>
quienes vivían muertos en vida, 
<b>Do</b>           <b>Re</b>          <b>Sol</b>
cambiarán su luto por la danza.
<b>Do</b> <b>Sol</b>
No me abandonará a la muerte,
 <b>Re</b> <b>Sol</b> <b>la m</b> <b>si m</b> <b>Do</b> <b>Sol</b> <b>la m</b> <b>si m</b> <b>Do</b> <b>Sol</b>
no dejará en la fosa a un amigo fiel.
<strong>
                       <b>Sol</b>
No me abandonará a la muerte,
                <b>Re</b>              <b>Sol</b>
no dejará en la fosa a un amigo fiel.
</strong>
<span id="reserved">Final:</span> <b>la m</b> <b>si m</b> <b>Do</b> <b>Sol</b> <b>la m</b> <b>si m</b> <b>Do</b> <b>Sol</b>
