<b>la m</b>
¡Santo, Santo, Santo! 
                  <b>Mi</b>
los cielos te proclaman.

¡Santo, Santo, Santo! 
                  <b>la m</b>
es nuestro rey Yahvé

¡Santo, Santo, Santo! 
   <b>la m7</b>          <b>re m</b>
es el que nos redime,
<b>re m</b>                <b>la m</b>
porque mi Dios es Santo, 
          <b>Mi</b>                <b>la m</b>
la tierra llena de su gloria es. (**)
<strong>
<b>la m</b>                <b>Mi</b>
Cielo y tierra pasarán,
                        <b>la m</b>
mas tus palabras no pasarán (**)
<b>re m</b> <b>la m</b> <b>Mi</b>     <b>la m</b>
No, no, no pasarán. (**)
</strong>
<b>la m</b>
Bendito el que viene 
                 <b>Mi</b>
en nombre del Señor,

dad gloria a Jesucristo, 
             <b>la m</b>
el Hijo de David.

Hosanna en las alturas 
  <b>la m7</b>         <b>re m</b>
a Nuestro Salvador,
<b>re m</b>            <b>la m</b>
Bendito el que viene 
   <b>Mi</b>           <b>la m</b>
en nombre del Señor. (**)
