<span id="reserved">Intro:</span> <b>la m</b> <b>Sol</b> <b>Fa</b> <b>Mi</b>
<strong>
<b>la m</b> <b>Sol</b>  <b>Fa</b>   <b>Mi</b> <b>la m</b>  <b>Sol</b> <b>Fa</b> <b>Mi</b>
Sa___a___a____aaaanto
<b>la m</b>  <b>Sol</b>  <b>Fa</b>  <b>Mi</b>  <b>la m</b>   <b>Sol</b> <b>Fa</b> <b>Mi</b>
Saa__aa___aa__aa  Santo
</strong>
    <b>la m</b>         <b>Sol</b>
Los cielos y la tierra
      <b>Fa</b>           <b>Mi</b>  <b>la m</b>
están llenos de tu gloria
<strong>
<b>la m</b> <b>Sol</b>  <b>Fa</b>   <b>Mi</b> <b>la m</b>  <b>Sol</b> <b>Fa</b> <b>Mi</b>
Sa___a___a____aaaanto
<b>la m</b>  <b>Sol</b>  <b>Fa</b>  <b>Mi</b>  <b>la m</b>   <b>Sol</b> <b>Fa</b> <b>Mi</b>
Saa__aa___aa__aa  Santo
</strong>
<b>la m</b>            <b>Sol</b>
Bendito el que viene
      <b>Fa</b>           <b>Mi</b> <b>la m</b>
en el nombre del Señor
<strong>
<b>la m</b> <b>Sol</b>  <b>Fa</b>   <b>Mi</b> <b>la m</b>  <b>Sol</b> <b>Fa</b> <b>Mi</b>
Sa___a___a____aaaanto
<b>la m</b>  <b>Sol</b>  <b>Fa</b>  <b>Mi</b>  <b>la m</b>   <b>Sol</b> <b>Fa</b> <b>Mi</b>
Saa__aa___aa__aa  Santo
</strong>
  <b>la m</b>      <b>Sol</b>      <b>Fa</b>
Hosanna, Hosanna, Hosanna
  <b>Mi</b>             <b>la m</b>
Hosanna en las alturas (**)
<strong>
<b>la m</b>  <b>Sol</b>  <b>Fa</b>  <b>Mi</b>  <b>la m</b>   <b>Sol</b> <b>Fa</b> <b>Mi</b>
Saa__aa___aa__aa  Santo
<b>la m</b>  <b>Sol</b>  <b>Fa</b>  <b>Mi</b>  <b>la m</b>
Saa__aa___aa__aa  Santo
</strong>
<span id=cejilla-original>4</span>
