<b>Do</b>           <b>Sol</b>
Cuanta gente cada día
<b>la m</b>                   <b>Mi</b>
Te hace la vida más fácil,
<b>Fa</b>            <b>Do</b>
Y te saca una sonrisa
<b>re m</b>                   <b>Sol</b>
Cuando te sientes más frágil.
<b>Do</b>                 <b>Sol</b>
Cuanta gente generosa
<b>Fa</b>                  <b>Mi</b>
Que comparte lo que tiene,
<b>Fa</b>             <b>Do</b>
Te da su tiempo, sus cosas,
<b>re m</b>                  <b>Sol</b>
Y notas que te sostienen.
<strong>
<b>Fa</b>            <b>Do</b>
Y siempre son tan sencillos,
<b>Fa</b>          <b>Do</b>
Comparten risas y llantos,
<b>Fa</b>         <b>Do</b>
Generosos, desprendidos,
<b>re m</b>                <b>Sol</b>
Nunca piden nada a cambio
<b>Fa</b>              <b>Sol</b>
Su ternura y su mirada,
<b>Mi</b>                   <b>la m</b>
Siempre cercana al hermano,
<b>Fa</b>           <b>Do</b>
Pasan desapercibidos
<b>re m</b>    <b>Sol</b>           <b>Do</b>
Santos de lo cotidiano.
</strong>
<b>Do</b>        <b>Sol</b>
Son gente siempre dispuesta,
<b>la m</b>                  <b>Mi</b>
disponible, que se entrega,
<b>Fa</b>             <b>Do</b>
personas que se desviven
<b>re m</b>                     <b>Sol</b>
por aliviarte las penas.
<b>Do</b>                   <b>Sol</b>
Es gente que ha descubierto
<b>Fa</b>                   <b>Mi</b>
que hay que amar sin condiciones
<b>Fa</b>            <b>Do</b>
Porque Cristo no está muerto,
<b>re m</b>                 <b>Sol</b>
Y vive en sus corazones.
<strong>
<b>Fa</b>            <b>Do</b>
Y siempre son tan sencillos,
<b>Fa</b>          <b>Do</b>
Comparten risas y llantos,
<b>Fa</b>         <b>Do</b>
Generosos, desprendidos,
<b>re m</b>                <b>Sol</b>
Nunca piden nada a cambio
<b>Fa</b>              <b>Sol</b>
Su ternura y su mirada,
<b>Mi</b>                   <b>la m</b>
Siempre cercana al hermano,
<b>Fa</b>           <b>Do</b>
Pasan desapercibidos
<b>re m</b>    <b>Sol</b>           <b>Do</b>
Santos de lo cotidiano.
</strong>
<b>Do</b>         <b>Sol</b>
Encima de su cabeza
<b>la m</b>              <b>Mi</b>
brilla fuerte su bondad,
<b>Fa</b>             <b>Do</b>
y debajo de sus pies
<b>re m</b>              <b>Sol</b>
la fe es su pedestal
<b>Do</b>           <b>Sol</b>
Se alimentan de Jesús,
<b>Fa</b>                 <b>Mi</b>
no necesitan mas nada.
<b>Fa</b>              <b>Do</b>
La Eucaristía y la Palabra
<b>re m</b>                   <b>Sol</b>
Dan sentido a su jornada.
<strong>
<b>Fa</b>            <b>Do</b>
Y siempre son tan sencillos,
<b>Fa</b>          <b>Do</b>
Comparten risas y llantos,
<b>Fa</b>         <b>Do</b>
Generosos, desprendidos,
<b>re m</b>                <b>Sol</b>
Nunca piden nada a cambio
<b>Fa</b>              <b>Sol</b>
Su ternura y su mirada,
<b>Mi</b>                   <b>la m</b>
Siempre cercana al hermano,
<b>Fa</b>           <b>Do</b>
Pasan desapercibidos
<b>re m</b>    <b>Sol</b>           <b>Do</b>
Santos de lo cotidiano.
</strong>
