<b>Mi</b> <span id="reserved">-</span> <b>Mi 6</b> (<span id="reserved">**</span>)
<b>Mi</b>             <b>do# m</b>
Santo, Santo, Santo,
<b>fa# m</b>         <b>sol# m</b>
Santo es el Señor,
        <b>La</b> (<b>sol# m</b>) <b>fa# m</b>
lleno está todo el mundo
<b>Mi</b>     <b>La</b>     <b>Mi</b>
de su gran amor.

<b>Mi 6</b> <span id="reserved">-</span> <b>Mi</b> (<span id="reserved">**</span>)

<b>Mi</b>            <b>do# m</b>
Hosanna en el cielo,
<b>fa# m</b>          <b>sol# m</b>
hosanna en el Señor,
        <b>La</b> (<b>sol# m</b>) <b>fa# m</b>
lleno está todo el mundo
<b>Mi</b>     <b>La</b>    <b>Mi</b>
de su gran amor.

<b>Mi 6</b> <span id="reserved">-</span> <b>Mi</b> (<span id="reserved">**</span>)

<b>Mi</b>             <b>do# m</b>
Bendito el que viene
<b>fa# m</b>          <b>sol# m</b>
en nombre del Señor,
        <b>La</b> (<b>sol# m</b>) <b>fa# m</b>
lleno está todo el mundo
<b>Mi</b>     <b>La</b>    <b>Mi</b> <b>Mi 6</b> <b>Mi</b>
de su gran amor.
