<b>Do</b>                   <b>Fa</b> <b>Do</b>
Mientras recorres la vida
<b>Sol</b>      <b>Fa</b>      <b>Do</b>
tú nunca solo estás,
<b>Fa</b>      <b>Sol</b>      <b>Do</b> <b>la m</b>
contigo por el camino
<b>re m</b>     <b>Sol</b> <b>Do</b>
Santa María va.
<strong>
<b>Fa</b>        <b>Sol</b>      <b>Do</b>  <b>la m</b>
Ven con nosotros a caminar,
<b>Sol</b>      <b>Fa</b>  <b>Do</b>
Santa María ven. (**)
</strong>
<b>Do</b>                <b>Fa</b> <b>Do</b>
Aunque te digan algunos
<b>Sol</b>      <b>Fa</b>        <b>Do</b>
que nada puede cambiar,
<b>Fa</b>        <b>Sol</b>      <b>Do</b> <b>la m</b>
lucha por un mundo nuevo,
<b>re m</b>       <b>Sol</b>   <b>Do</b>
lucha por la verdad.
<strong>
<b>Fa</b>        <b>Sol</b>      <b>Do</b>  <b>la m</b>
Ven con nosotros a caminar,
<b>Sol</b>      <b>Fa</b>  <b>Do</b>
Santa María ven. (**)
</strong>
<b>Do</b>                  <b>Fa</b>  <b>Do</b>
Si por el mundo los hombres
<b>Sol</b>     <b>Fa</b>    <b>Do</b>
sin conocerse van,
<b>Fa</b>         <b>Sol</b>      <b>Do</b> <b>la m</b>
no niegues nunca tu mano
<b>re m</b>       <b>Sol</b>    <b>Do</b>
al que contigo está.
<strong>
<b>Fa</b>        <b>Sol</b>      <b>Do</b>  <b>la m</b>
Ven con nosotros a caminar,
<b>Sol</b>      <b>Fa</b>  <b>Do</b>
Santa María ven. (**)
</strong>
<b>Do</b>                  <b>Fa</b> <b>Do</b>
Aunque parezcan tus pasos
<b>Sol</b>    <b>Fa</b>   <b>Do</b>
inútil caminar,
<b>Fa</b>       <b>Sol</b>     <b>Do</b> <b>la m</b>
tú vas haciendo caminos,
<b>re m</b>       <b>Sol</b>   <b>Do</b>
otros los seguirán.
<strong>
<b>Fa</b>        <b>Sol</b>      <b>Do</b>  <b>la m</b>
Ven con nosotros a caminar,
<b>Sol</b>      <b>Fa</b>  <b>Do</b>
Santa María ven. (**)
</strong>
