<b>Re</b>     <b>Sol</b>  <b>Re</b>  <b>mi m</b> <b>La</b> <b>Re</b>
Santo, santo, hosanna (**)
<strong>
<b>Re</b>      <b>Re 7</b>     <b>Sol</b>  <b>Re</b>
Hosanna hey, hosanna hey,
  <b>Sol</b>    <b>La</b>          <b>Re</b>
hosanna, Cristo el Señor,

hosanna hey. (**)
</strong>
<b>Re</b>                           <b>Sol</b>    <b>Re</b>
Los cielos y la tierra están llenos, 
      <b>mi m</b> <b>La</b>    <b>Re</b>
de tu gloria. Señor (**)
<strong>
<b>Re</b>      <b>Re 7</b>     <b>Sol</b>  <b>Re</b>
Hosanna hey, hosanna hey,
  <b>Sol</b>    <b>La</b>          <b>Re</b>
hosanna, Cristo el Señor,

hosanna hey. (**)
</strong>
<b>Re</b>                         <b>Sol</b>    <b>Re</b>
Bendito el que viene en el nombre,
      <b>mi m</b>    <b>La</b>      <b>Re</b>
en el nombre tuyo, Señor. (**)
<strong>
<b>Re</b>      <b>Re 7</b>     <b>Sol</b>  <b>Re</b>
Hosanna hey, hosanna hey,
  <b>Sol</b>    <b>La</b>          <b>Re</b>
hosanna, Cristo el Señor,

hosanna hey. (**)
</strong>
