<span id="reserved">Intro:</span> (<b>re m</b> <b>la m</b> <span id="reserved">-</span> <b>re m</b> <b>Sib</b>)

 <b>re m</b>                 <b>la m</b>
¿De quién viene esta brisa
         <b>sol m</b>         <b>re m</b>
que me inunda el corazón?
                    <b>la m</b>
¿De quién son estos brazos 
         <b>Sib</b>
que me abrazan?
(<b>Mi</b> <b>Fa</b>)             <b>Do</b> (<b>Do#</b>)
Y, ¿de quién esta mirada
    <b>re m</b>              <b>la m</b>
que inspira tranquilidad
<b>sol m</b>             <b>la m</b>
cuando mi cuerpo tiembla
            <b>re m</b> <b>Sib</b> <b>Fa</b>        <b>Do</b>
y siento el dolor en esta soledad?
<strong>
<b>re m</b>                <b>la m</b>
¿Por qué ignoras a Dios
<b>sol m</b>              <b>re m</b>
por qué no ves su luz? (**)
<b>Fa</b>               <b>sol m</b>
Él está en el desechado,
 <b>Sib</b>              <b>re m</b>
vive en el abandonado,
<b>sol m</b>  (<b>La</b>)   <b>Sib</b>  (<b>Do</b>) <b>re m</b>
en el mártir de la soledad.
</strong>
<b>re m</b>             <b>la m</b>
¿Cuándo te ignoré,
       <b>sol m</b>       <b>re m</b>
cuándo no te supe ver?
                <b>la m</b>          <b>Sib</b>
No sabes lo que dices te equivocas.
(<b>Mi</b> <b>Fa</b>)            <b>Do</b> (<b>Do#</b>)
No ofendí jamás tu nombre
   <b>re m</b>              <b>la m</b>
ni tu ley, lo sabes bien...

<b>re m</b>               <b>la m</b>
Condenado por mis manos, 
<b>sol m</b>            <b>re m</b>
desechado por mi voz,
                       <b>la m</b>       <b>Sib</b>
a mi encuentro vienes, oh, amigo mío.
(<b>Mi</b> <b>Fa</b>)
Haz caer tu agua
<b>Do</b> (<b>Do#</b>)  <b>re m</b>              <b>la m</b>
sobre mi ignorancia y mi error
<b>sol m</b>               <b>la m</b>
porque mi cuerpo tiembla 
            <b>re m</b> <b>Sib</b> <b>Fa</b>        <b>Do</b>
y siento el dolor en esta soledad.
