<strong>
<b>Sol</b>           <b>Do</b>
Hazme comprender 
  <b>Sol</b>       <b>Do</b>    <b>Sol</b>  <b>Do</b>
a todos mis hermanos.
<b>Sol</b>               <b>Do</b>
A todos y cada uno 
        <b>Sol</b>   <b>Do</b> <b>Sol</b> <b>Do</b>
sin excepción.
<b>Si 7</b>                    <b>mi m</b>    <b>La</b>
Si el Evangrelio es para todos
<b>Do</b>
que arraigue pronto
         <b>la m</b>       <b>Re</b>
tu palabra en mi corazón. (**)
</strong<
<b>Sol</b>      <b>Re</b>                <b>mi m</b>
Sea corazón para amar como Tú.
<b>Do</b>           <b>la m</b>               <b>Re</b>
Sea yo tus pies para ser tu mensajero.
<b>Sol</b>             <b>Re</b>
Que sienta tu libertad
     <b>Sol</b>
para dar mi vida
    <b>mi m</b>            <b>Do</b>
sin más salida que,
        <b>Re</b>      <b>Sol</b>
cada día, esperarla de Ti.

<b>Sol</b>      <b>Re</b>            <b>mi m</b>
Sé Tú mi roca donde cimente la fe.
<b>Do</b>         <b>la m</b>
Sé Tú mi escudo
               <b>Re</b>
donde mantenga la esperanza.
<b>Sol</b>        <b>Re</b>
Sé Tú mi aguijón
         <b>Sol</b>         <b>mi m</b>
que me enseñe que sin Ti solo
    <b>si m</b>         <b>Do</b>
hay muerte y me empuje más fuerte
<b>Re</b>        <b>Sib</b>        <b>Do</b> <b>Sol</b>
a esperar solo en Ti.
