<b>Do</b>
Alabe el corno, la cítara y el arpa,
         <b>Sol</b>       <b>Do</b>
el tamboril, las maracas.
             <b>Sol</b>             <b>la m</b>
El címbalo sonoro, la buena danza
           <b>re m</b>           <b>Sol</b>
¡Cantad de Dios su gran hazaña!
<strong>
(<b>Do /</b><b>Re</b>)                 (<b>Sol /</b><b>La</b>)
 <b>Do</b>                      <b>Sol</b>
Sea nuestra vida una canción
   (<b>re m/</b><b>mi m</b>)           (<b>Sol /</b><b>La</b>)
    <b>re m</b>                 <b>Sol</b>
que cante la obra del Señor.
(<b>Do /</b><b>Re</b>)             (<b>Sol /</b><b>La</b>)
 <b>Do</b>                  <b>Sol</b>
Vean en mi vida a mi Dios
      (<b>Fa /</b><b>Sol</b>)   (<b>Sol /</b><b>La</b>)
       <b>Fa</b>         <b>Sol</b>
que me trajo a la tierra 
    (<b>Do /</b><b>Re</b>) (<b>Fa /</b><b>Sol</b>) (<b>Do /</b><b>Re</b>)
     <b>Do</b>      <b>Fa</b>       <b>Do</b>
por amor.
</strong>
<b>Do</b>
La vida entera alabe a Dios,
       <b>Sol</b>                 <b>Do</b>
Padre, Hijo y Espíritu de amor.
                 <b>Sol</b>
Que cante nuestra vida,
                 <b>la m</b>
que cante mi oración,
               <b>re m</b>           <b>Sol</b>
el canto de mi vida ¡alabe a Dios!

<b>Do</b>
Alaben las mentes,¡también las almas!
            <b>Sol</b>               <b>Do</b>
los pies cansados tras su pisada.
               <b>Sol</b>             <b>la m</b>
Los ojos que serenan con sus miradas
               <b>re m</b>             <b>Sol</b>
¡vivamos todos juntos una sola alma!

<b>Do</b>
Que vibren sonajeros, 

¡tocad las palmas!
            <b>Sol</b>                <b>Do</b>
Flauta y violín, suenen guitarras.
                 <b>Sol</b>
Que griten los silencios, 
             <b>la m</b>
susurren las almas,
                <b>re m</b>
tornemos las discordias
              <b>Sol</b>
por banderas blancas.

<b>Do</b>
Pongamos en la vida tan solo Palabra.
                 <b>Sol</b>             <b>Do</b>
Nazcan nuestras ideas, todas, de alma.
               <b>Sol</b>
Convoquen a la vida
                    <b>la m</b>
que nos trae Dios y salva
            <b>re m</b>               <b>Sol</b>
y Él nos ilumine como sol del alba.
