<b>mi m</b>            <b>Si</b>         <b>mi m</b>
Trataré de olvidar lo anterior.
     <b>la m</b>      <b>Si</b>         <b>mi m</b>
Le daré un gran giro a mi vida.
       <b>Sol</b>    <b>la m</b> <b>Si</b>         <b>mi m</b>
Desde ahora seré con la humanidad
     <b>Do</b>       <b>Si</b>    <b>mi m</b>
la semilla de comunidad.

<b>mi m</b>              <b>Si</b>       <b>mi m</b>
Me dirán los que me vean luchar:
       <b>la m</b>      <b>Si</b>               <b>la m</b>
¿Dónde vas loco?. ¡Si eso es imposible!
     <b>Sol</b>          <b>la m</b>
pero sé que, al final, 
<b>Si</b>              <b>mi m</b>
siempre encontraré 
      <b>Do</b>         <b>Si</b>    <b>mi m</b>
más semillas de amor y fe.
<strong>
     <b>Do</b>              <b>Si</b>
Nada habrá que sienta mío,
<b>mi m</b>        <b>Sol</b>
todo se me dio.
      <b>Do</b>            <b>Si</b>          <b>mi m</b> <b>Mi</b>
Aceptaré a aquel que llega como es.
<b>Do</b>              <b>Si</b>    <b>mi m</b>
No habré de olvidar
            <b>Do</b>
lo que dijo Él:
        <b>la m</b>     <b>Si</b>           <b>mi m</b>
"siendo pobres, un reino tendréis"
</strong>
<b>mi m</b>              <b>Si</b>        <b>la m</b>
La humildad será siempre mi ley.
     <b>la m</b>       <b>Si</b>          <b>mi m</b>
El negar mi persona en cada instante,
     <b>Sol</b>      <b>la m</b> <b>Si</b>              <b>mi m</b>
sólo así llegaré a la meta que marqué
      <b>Do</b>        <b>Si</b>            <b>mi m</b>
en el día que a Dios me encontré.

<b>mi m</b>   <b>Si</b>               <b>mi m</b>
Viviré en la alegría de ver 
     <b>la m</b>       <b>Si</b>        <b>mi m</b>
cómo día tras día van creciendo
       <b>Sol</b>       <b>la m</b> <b>Si</b>
nuevos brotes de paz 
                 <b>mi m</b>
que con dolor planté
          <b>Do</b>        <b>Si</b>      <b>mi m</b>
y un buen día hacia Él partiré.
<strong>
     <b>Do</b>              <b>Si</b>
Nada habrá que sienta mío,
<b>mi m</b>        <b>Sol</b>
todo se me dio.
      <b>Do</b>            <b>Si</b>          <b>mi m</b> <b>Mi</b>
Aceptaré a aquel que llega como es.
<b>Do</b>              <b>Si</b>    <b>mi m</b>
No habré de olvidar
            <b>Do</b>
lo que dijo Él:
        <b>la m</b>     <b>Si</b>           <b>mi m</b>
"siendo pobres, un reino tendréis"
</strong>
