<b>Sol</b>
Hay pendiente una respuesta 
           <b>Do</b>
a un grito que lanza el alma
<b>la m</b>
de quien dañado en lo íntimo, 
    <b>Sol</b>          <b>Re</b>
con dolor su vida pasa.
<b>Sol</b>
Hay pendiente una respuesta: 
            <b>Do</b>
¡darlo todo desde el alma!
<b>la m</b>
porque sabe que en los otros 
        <b>Sol</b>             <b>Re</b>
vive el ser que a él le falta.
<strong>
<b>Sol</b>
Ha de llegar ese tiempo 
<b>La 7</b>
en el que sobren razones
<b>Do</b>
para no hacer caridad 
       <b>Sol</b>         <b>Re</b>
con ninguno de los hombres.
<b>Sol</b>
De nada sirven los diezmos,
<b>La 7</b>
el compartir o el donar,
<b>Do</b>
si en la materia que damos
<b>Sol</b>             <b>Re</b>   <b>Do</b> <b>Re</b>
toda la vida no va.
</strong>
<b>Sol</b>
Es urgente que advirtamos 
     <b>Do</b>
cómo pasamos la vida
<b>la m</b>
enredados en acciones 
          <b>Sol</b>         <b>Re</b>
que en lo hondo discriminan.
<b>mi m</b>
Mientras que demos razones, 
       <b>Do</b>             <b>Sol</b>
lo que sobra o cierto tiempo
     <b>la m</b>        <b>Re</b>
quedará sin validez 
       <b>Sol</b>           <b>Re</b>
la oración del Padre Nuestro.

<b>Sol</b>
Son pocos los que en el mundo 
         <b>Do</b>
están quemando sus vidas
<b>la m</b>
para que el hambre de muchos 
       <b>Sol</b>        <b>Re</b>
desaparezca algún día,
<b>Sol</b>
mas no hemos de olvidar 
                  <b>Do</b>
que quien a quitarla vino
<b>la m</b>                             <b>Sol</b>
su Cuerpo dio de alimento y nos dijo:
           <b>Re</b>
"¡Haced lo mismo!"

<b>Sol</b>
Es urgente que advirtamos 
                <b>La 7</b>
cómo pasamos la vida

enredados en acciones 
                        <b>Do</b>
que en lo hondo discriminan.

Mientras que demos razones, 
                      <b>Sol</b>
lo que sobra o cierto tiempo
                <b>Re</b>
quedará sin validez 
                     <b>Sol</b>
la oración del Padre Nuestro. (**)
