<b>Do</b>                  <b>Sol</b>        <b>la m</b> <b>Do 7</b>
Señor, hazme instrumento de tu paz.
<b>Fa</b>         <b>re m</b>          <b>Sol</b> <b>Sol 7</b>
Donde haya odio, ponga amor;
<b>Do</b>          <b>Mi</b>         <b>la m</b>
donde haya ofensa, perdón;
<b>Do</b>           <b>Fa</b>         <b>Sol</b>    <b>Do</b>
donde haya error, ponga yo verdad.

<b>Do</b>           <b>Sol</b>            <b>la m</b> <b>Do 7</b>
Donde haya tinieblas, ponga luz;
<b>Fa</b>         <b>re m</b>          <b>Sol</b>  <b>Sol 7</b>
donde haya dudas, ponga fe;
Di             Mi        lam
donde haya tristeza, alegría.
<b>Do</b>         <b>Fa</b>         <b>Sol</b>    <b>Do</b>  (<b>Sol</b>)
¡Oh!, mi Señor, ponga yo tu amor.

<b>Do</b>          <b>Sol</b>        <b>la m</b>  <b>Do 7</b>
Porque dando, yo recibiré;
<b>Fa</b>      <b>re m</b>             <b>Sol</b>  <b>Sol 7</b>
olvidándome, te encontraré,
<b>Do</b>               <b>Mi</b>      <b>la m</b>     <b>Do</b>
comprendiendo al hombre, te seguiré
           <b>Fa</b>         <b>Sol</b>     <b>Do</b>
¡Oh!, mi Señor, enséñame a querer.
