<strong>
<b>si m</b>     <b>Si 7</b>           <b>mi m</b>
Señor, ¡envíanos tu Espíritu!
        <b>si m</b>     <b>Fa#</b>  <b>si m</b>
envíalo pronto, ¡Señor! (**)
</strong>
              <b>Fa#</b>
Para matar mi ira,
                 <b>si m</b>
para entender la suerte,
                <b>mi m</b>
para cambiar mi vida
  <b>La</b>           <b>Re</b>     <b>Re 7</b>
y para amar tu muerte,
                <b>mi m</b>
para servir de antorcha
                   <b>si m</b>
a quien sin Luz se muere,
                 <b>Fa#</b>
para servir de impulso
                   <b>si m</b>    <b>Fa#</b>
a quien se sienta inerte.
<strong>
<b>si m</b>     <b>Si 7</b>           <b>mi m</b>
Señor, ¡envíanos tu Espíritu!
        <b>si m</b>     <b>Fa#</b>  <b>si m</b>
envíalo pronto, ¡Señor! (**)
</strong>
           <b>Fa#</b>
Para vivir amando
                 <b>si m</b>
y en el dolor quererte,
               <b>mi m</b>
para romper mi barca
      <b>La</b>            <b>Re</b>     <b>Re 7</b>
donde en mí me hago fuerte,
              <b>mi m</b>
para saber seguirte
                <b>si m</b>
en gozo y en tristeza
                <b>Fa#</b>
como lo hizo tu Madre
                 <b>si m</b>   <b>Fa#</b>
¡Que seamos como Ella!
<strong>
<b>si m</b>     <b>Si 7</b>           <b>mi m</b>
Señor, ¡envíanos tu Espíritu!
        <b>si m</b>     <b>Fa#</b>  <b>si m</b>
envíalo pronto, ¡Señor! (**)
</strong>
              <b>Fa#</b>
Para matar mentiras
              <b>si m</b>
y beber de tu fuente
                   <b>mi m</b>
¡manantial de agua viva!
   <b>La</b>             <b>Re</b>    <b>Re 7</b>
y así, ya no se miente,
                <b>mi m</b>
para quitar las dudas
                 <b>si m</b>
en mis tardes sombrías
                 <b>Fa#</b>
y acabar con mis miedos
               <b>si m</b>   <b>Fa#</b>
y con mis cobardías.
<strong>
<b>si m</b>     <b>Si 7</b>           <b>mi m</b>
Señor, ¡envíanos tu Espíritu!
        <b>si m</b>     <b>Fa#</b>  <b>si m</b>
envíalo pronto, ¡Señor! (**)
</strong>
