<strong>
<b>Do</b>
Señor Dios nuestro,
                    <b>Sol</b>
qué admirable es tu nombre
           <b>Fa</b>  <b>Do</b>
en toda la tierra,
           <b>Fa</b> <b>Sol</b> <b>Do</b>
en toda la tierra.
</strong>
<b>Do</b>
Cuando contemplo el cielo,

obras de tus manos,
                 <b>Sol</b>
la luna y las estrellas
          <b>Do</b>
que has creado.

          <b>Sol</b>
Qué es el hombre,
                       <b>Do</b>
para que te acuerdes de él,
         <b>re m</b>  <b>Sol</b>           <b>Do</b>
el ser humano, para darle poder. (**)

<b>Do</b>                <b>la m</b>          <b>Do</b>
Lo hiciste poco inferior a los ángeles
       <b>Fa</b>        <b>Sol</b>          <b>Do</b>
lo coronaste de gloria y dignidad.
             <b>Sol</b>
Le diste el mando 
                        <b>Do</b>
sobre las obras de tus manos,
          <b>re m</b>     <b>Sol</b>      <b>Do</b>
todo lo sometiste bajo sus pies. (**)
