<strong>
<b>Re</b>
Ten piedad, ten piedad, ten piedad
              <b>fa# m</b>
Señor ten piedad,
     <b>mi m</b>     <b>La</b>       <b>La 7</b>
otra vez he pecado contra Ti (**)
<span id="reserved">Final:</span> <b>Sol</b> <b>La</b> <b>Re</b>
    ...ten piedad.
</strong>
   <b>Sol</b>
Si pequé contra mi hermano 
       <b>fa# m</b>
ten piedad de mi , Señor.
      <b>mi m</b>
Hoy estoy arrepentido, 
    <b>La</b>
mi castigo es su dolor.
     <b>Sol</b>
Pero siento que este mundo 
      <b>fa# m</b>
ya no cree en tu perdón,
       <b>mi m</b>                     <b>La</b>
Hoy te pido que nos guíes a tu amor.
