<b>La 9</b>                    <b>Re 9</b>
Llega el invierno y contento 
  <b>La 9</b>        <b>Re 9</b>
espero la Navidad
<b>La 9</b>               <b>Re 9</b>
y preocupado no encuentro 
    <b>si m7</b>         <b>Re 9</b>
a Jesús en su portal. 

<b>La 9</b>                <b>Re 9</b>
Porque lo hemos cambiado 
<b>La 9</b>                  <b>Re 9</b>
por consumismo  y progreso,
<b>La 9</b>                    <b>do# m</b>
canto esperanza a los niños
               <b>si m7</b>
que están olvidados
                 <b>Re 9</b>
que no están tan lejos. 

<b>fa# m</b>                  <b>do# m7</b>
Pueblos que ven a sus hijos
   <b>Re 9</b>             <b>Mi</b>
partiendo con un fusil,
<b>fa# m</b>               <b>do# m7</b>
miran al cielo y esperan 
          <b>si m7</b>             <b>Re 9</b>
que una estrella apague la guerra.
<strong>
<b>La 9</b>    <b>do# m9</b>
Busca, sueña, 
<b>Re 9</b>                <b>Mi</b>
abre un camino sin huellas. 
<b>La 9</b>    <b>do# m</b>
Canta, ríe, 
 <b>Re 9</b>                 <b>Mi</b>
siente que todo es posible...
             <b>La 9</b>
...si es Navidad. 
</strong>
<b>La 9</b>               <b>Re 9</b>
En Navidad sé que Tú
<b>La 9</b>              <b>Re 9</b>
das otra oportunidad
<b>La 9</b>            <b>do# m9</b>
dibujas una sonrisa
      <b>si m7</b>               <b>Re 9</b>
en el llanto de la humanidad.

<b>fa# m</b>                  <b>do# m7</b>
Pueblos que en otras orillas
<b>Re 9</b>                <b>Mi</b>
buscan el pan y la vid, 
<b>fa# m</b>               <b>do# m7</b>
miran al cielo y recuerdan 
          <b>si m7</b>                   <b>Re 9</b>
que una estrella rompió las fronteras. 

<strong>
<b>La 9</b>    <b>do# m9</b>
Busca, sueña, 
<b>Re 9</b>                <b>Mi</b>
abre un camino sin huellas. 
<b>La 9</b>    <b>do# m</b>
Canta, ríe, 
 <b>Re 9</b>                 <b>Mi</b>
siente que todo es posible... 
</strong>
<b>fa# m</b>                <b>Re 9</b>
Si tú buscas, si tú sueñas, 
      <b>re m</b>           <b>Mi</b>
Si tú cantas, si tú ríes...
              <b>La 9</b> <b>do# m7</b> <b>Re 9</b> <b>Mi</b>
... si es Navidad, 
          <b>La 9</b> <b>do# m7</b> <b>Re 9</b> <b>Mi</b>
si es Navidad, 
          <b>La 9</b>
si es Navidad.
