<b>fa# m</b>            <b>Re</b> <b>Mi</b>
Si no muero por Ti
                  <b>fa# m</b>
no creceré en tus campos,
                         <b>Re</b>
no habrá frutos que arrancar
                   <b>Mi</b>           <b>fa# m</b>
ni semillas que sembrar en esta tierra.

<b>fa# m</b>            <b>Re</b> <b>Mi</b>
Si no muero por Ti
                      <b>fa# m</b>
no habrá hombres que aprendan
               <b>Re</b>
a amar sin esperar,
                   <b>Mi</b>
a luchar sin descansar
                    <b>fa# m</b>
adentrándose en tus sendas.

<b>fa# m</b>            <b>Re</b> <b>Mi</b>
Si no voy hacia Ti,
               <b>fa# m</b>
si no salgo de mi,
               <b>Re</b>
daré vueltas y vueltas,
               <b>Mi</b>
daré vueltas y vueltas
              <b>fa# m</b>
quedándome en mí.
