<b>mi m</b>
Navidad es esperanza, 
    <b>Re</b>         <b>Sol</b>
Navidad es alegría,
<b>la m</b>              <b>mi m</b>
Navidad es el camino 
      <b>Fa#</b>        <b>Si 7</b>
que recorres cada día.
<b>mi m</b>
Navidad es cercanía, 
       <b>Re</b>         <b>Sol</b>
Navidad es comprensión,
<b>la m</b>              <b>mi m</b>
Navidad es el camino 
      <b>Si 7</b>           <b>Mi</b>
que recorres con pasión.
<strong>
<b>Mi</b>                     <b>La</b>
Gloria a Dios en las alturas
<b>Si 7</b>                  <b>Mi</b>
y en la tierra paz y bien
<b>do# m</b>                  <b>fa# m</b>
son los cánticos del cielo
           <b>Si 7</b>      <b>Mi</b>
que se escuchan en Belén.
<b>Mi</b>                     <b>La</b>
Gloria a Dios en las alturas
<b>Si 7</b>                   <b>Mi</b>
y en la tierra al hombre paz
<b>do# m</b>             <b>fa# m</b>
es el grito jubiloso 
<b>Si 7</b>               <b>Mi</b> <b>mi m</b>
que nos da la Navidad.
</strong>
<b>mi m</b>
Navidad no tiene días 
        <b>Re</b>           <b>Sol</b>
como no los tiene el sol,
<b>la m</b>             <b>mi m</b>
permanece iluminado 
      <b>Fa#</b>        <b>Si 7</b>
y ofreciéndonos calor.
<b>mi m</b>
Navidad no tiene horas
     <b>Re</b>          <b>Sol</b>
como no la tiene Dios
<b>la m</b>               <b>mi m</b>
siempre está para nosotros,
  <b>Si 7</b>           <b>Mi</b>
ofreciéndonos su amor.
