<span id="reserved">Intro:</span> <b>G</b> <b>E m</b> <b>A m</b> <b>D</b>

<b>G</b>               <b>E m</b>
Hoy me he despertado
       <b>A m</b>            <b>D</b>
y al mirar no estás ahí.
<b>G</b>                <b>E m</b>
Hoy me he dado cuenta
           <b>A m</b>               <b>D</b>
tras la tormenta solo estás tú.

              <b>G</b>
Me gustaría saber
                 <b>E m</b>
cómo podar mis raíces
         <b>A m</b>
para que no se enredaran
             <b>D</b>
tan cerca de ti.

              <b>G</b>
Me gustaría saber
                   <b>E m</b>
cómo callar mis verdades
         <b>A m</b>
para que no se produzca 
            <b>D</b>
ansiedad en ti.
<strong>
               <b>G</b>
Pero cómo no decirte
       <b>E m</b>
que puedo vivir sin aire
            <b>A m</b>      <b>D</b>
pero no sin ti, sin ti.

          <b>G</b>
Cómo no decirte
       <b>E m</b>
que puedo vivir sin aire
            <b>A m</b>      <b>D</b>
pero no sin ti, sin ti.
</strong>
                <b>G</b>
Eres canción de cuna
                                <b>E m</b>
para todo aquel que ha sido olvidado
              <b>A m</b>
Y eres la esperanza 
                          <b>D</b>
de todo aquel que había tirado
               <b>G</b>
las ganas de vivir solo, en soledad,
               <b>E m</b>
sin nadie a su lado
             <b>A m</b>                <b>D</b>
porque ya no puedo más seguir así.

<b>G</b> <b>E m</b> <b>A m</b> <b>D</b> (<span id="reserved">x2</span>)

              <b>G</b>
Me gustaría saber 
                  <b>E m</b>
cómo borrar mis errores
         <b>A m</b>
para que no se reflejen 
              <b>D</b>
tan dentro de ti.

              <b>G</b>
Me gustaría saber 
                  <b>E m</b>
cómo calmar mis temores
         <b>A m</b>
para que no te alejes
             <b>D</b>
tan lejos de mí.
<strong>
               <b>G</b>
Pero cómo no decirte
       <b>E m</b>
que puedo vivir sin aire
            <b>A m</b>      <b>D</b>
pero no sin ti, sin ti.

          <b>G</b>
Cómo no decirte
       <b>E m</b>
que puedo vivir sin aire
            <b>A m</b>      <b>D</b>
pero no sin ti, sin ti.
</strong>
                 <b>G</b>
Eres la diosa fortuna
                           <b>E m</b>
que siempre ha estado a mi lado.
                   <b>A m</b>
Eres la luz que ilumina senderos
                   <b>D</b>
que yo no había cruzado.

            <b>G</b>
Caminos sin ti 
                  <b>E m</b>
jamás habría encontrado
             <b>A m</b>
porque ya no puedo más
        <b>D</b>
seguir así.
<strong>
               <b>G</b>
Pero cómo no decirte
       <b>E m</b>
que puedo vivir sin aire
            <b>A m</b>      <b>D</b>
pero no sin ti, sin ti.

          <b>G</b>
Cómo no decirte
       <b>E m</b>
que puedo vivir sin aire
            <b>A m</b>      <b>D</b>
pero no sin ti, sin ti.
</strong>
<span id=cejilla-original>4</span>
