<b>Fa</b>                <b>Do</b>
Cada año en estas fechas
     <b>La#</b>       <b>Do</b>
nos anuncian una fiesta,
<b>re m</b>                 <b>la m</b>
muchas luces y paquetes,
<b>La#</b>
personajes de ilusión.
<b>Fa</b>                       <b>Do</b>
Santa Claus, los Reyes Magos,
       <b>La#</b>
van cargados de regalos

<b>Do</b>                 <b>La#</b>
y me surge una cuestión:
                <b>Do</b>   <b>Fa</b>
¿Dónde queda el Niño Dios?
<strong>
<b>Fa</b>        <b>La#</b>        <b>Do</b>
Y es la auténtica verdad:
                    <b>Fa</b>
¡Sin Jesús no hay Navidad, 
       <b>La#</b>
no hay Navidad! (**)
</strong>
<b>Fa</b>                     <b>Do</b>
Los pastores, los humildes,
     <b>La#</b>            <b>Do</b>
los que no tienen dinero,
<b>re m</b>                  <b>la m</b>
los que lo han perdido todo
          <b>La#</b>
son los que lo ven primero.
 <b>Fa</b>                 <b>Do</b>
Hay mucha gente que busca
      <b>La#</b>
el sentido de estos días
     <b>Do</b>         <b>La#</b>
y preguntan con razón:
                <b>Do</b>   <b>Fa</b>
¿Dónde pongo al Niño Dios?.
<strong>
<b>Fa</b>        <b>La#</b>        <b>Do</b>
Y es la auténtica verdad:
                      <b>Fa</b>
¡Sin Jesús no hay Navidad, 
         <b>La#</b>
no hay Navidad! (**)
<b>Fa</b>      <b>Do</b>  <b>La#</b>   <b>Fa</b>    <b>Do</b>   <b>La#</b>  <b>Fa</b>
¡No hay Navidad! ¡No hay Navidad!
</strong>
