<b>E m</b>            <b>C</b>
Yendo más despacio
 <b>G</b>             <b>D</b>
nunca aprendí a frenar
<b>E m</b>             <b>C</b>
ni a volar más alto
<b>G</b>              <b>D</b>
no pase de tu portal
<b>E m</b>          <b>C</b>
vestias de luto
<b>G</b>               <b>D</b>
cuando bailas frenesí
<b>E m</b>            <b>C</b>
esto no ha acabado
<b>G</b>                   <b>D</b>
no ha llegado a su fiiiiin
<b>E m</b>                  <b>C</b>
perdí la fama en un cabaret
 <b>G</b>                           <b>D</b>
se han olvidado a que huele la luna
<b>E m</b>                             <b>C</b>
y en las cantinas como bailan como cantan
<b>G</b>                           <b>D</b>
se han olvidado a que huela la luna

           <b>E m</b>              <b>C</b>
el dia es claro ha salido solo
               <b>G</b>                 <b>D</b>
te han entrado ganas de bebertelo todo
                 <b>E m</b>                     <b>C</b>
crees que cuando bailas no se esconde el miedo
             <b>G</b>               <b>D</b>
y sobre su cuello flotan los pañuelos
          <b>E m</b>                  <b>C</b>
solo hace falta que demos la vuelta
           <b>G</b>              <b>D</b>
recapitulemos paguemos a medias
         <b>E m</b>                    <b>C</b>
mi sobredosis siempre serán tus piernas
              <b>G</b>                <b>D</b>
que beben del metal que hay en tus venas
            <b>E m</b>                      <b>C</b>
y en las cantinas como bailan como cantan
             <b>G</b>                 <b>D</b>
se han olvidado a que huele la luna
             <b>E m</b>                   <b>C</b>
y en las cantinas como rien como bailan
             <b>G</b>                  <b>D</b>
se han olvidado a que huele la luna

             <b>E m</b>               <b>C</b>
el dia es raro ni te echo de menos
             <b>G</b>                  <b>D</b>
podría tocarle a cualquiera diez boleros
             <b>E m</b>            <b>C</b>
todo se acaba dijiste mirando
            <b>G</b>                  <b>D</b>
no pasa nada nos vamos de aquiiii
        <b>E m</b>
a casa de dron
        <b>C</b>
a casa de dron
        <b>G</b>
a casa de dron
        <b>D</b>
nos vamos a casaX2
