<b>C</b>   <b>G</b>  <b>A m</b>  <b>F</b>

    <b>C</b>           <b>G</b>
Cantar para olvidar
   <b>A m</b>               <b>F</b>
El sabor amargo del mar
    <b>C</b>               <b>G</b>
Y beber y beber y beber
       <b>A m</b>               <b>F</b>
Hasta perder la formalidad

<b>C</b>            <b>G</b>
Ponme otra copa...
<b>A m</b>          <b>F</b>
Prueba o verdad
<b>C</b>              <b>G</b>
Con el alma rota
           <b>A m</b>
A mis cicatrices
             <b>F</b>      <b>G</b>
Vinagre con sal

<b>C</b>                     <b>E</b>
Voy viajando con las olas
                  <b>A m</b>
Evitando el temporal
                   <b>F</b>
No me falla la memoria
           <b>G</b>      <b>C</b>
Y tu tampoco lo harás

<b>C</b>                    <b>E</b>
Tarareando esta historia
                     <b>A m</b>
Hasta que no haya finaL
                     <b>F</b>
En lo alto de la gloria
         <b>G</b>            <b>C</b>       <b>G</b>
Y en lo bajo de este bar


<b>C</b>           <b>G</b>
No queda nadie
<b>A m</b>          <b>F</b>
A quien llamar
<b>C</b>                <b>G</b>       <b>A m</b>
Se acabaron los escondites
              <b>F</b>
Las horas de más

<b>C</b>           <b>G</b>
Ódiame fuerte
<b>A m</b>         <b>F</b>
Quiéreme más
<b>C</b>               <b>G</b>            <b>A m</b>
Tuviste la suerte de haber nacido
            <b>F</b>     <b>G</b>
En ese sixtinain

<b>C</b>                     <b>E</b>
Voy viajando con las olas
                  <b>A m</b>
Evitando en temporal
                   <b>F</b>
No me falla la memoria
         <b>G</b>         <b>C</b>
Y tu tampoco lo harás

<b>C</b>                  <b>E</b>
Alargando esta historia 
                  <b>A m</b>
hasta que no haya final
                   <b>F</b>             <b>G</b>
En lo alto de la gloria 
        <b>G</b>            <b>C</b>   <b>E</b>
y en lo bajo de este bar

<b>A m</b>           <b>G</b>       <b>C</b>   <b>E</b>  <b>A m</b> <b>G</b> <b>F</b>
En lo bajo de este bar

<b>C</b>       <b>E</b>         <b>A m</b>
En lo alto de la gloria 
        <b>G</b>            <b>C</b>
y en lo bajo de este bar
