<b>Sol</b>      <b>Re</b>
Solo nacerá 
    <b>Do</b>           <b>Re</b>         <b>Sol</b>
cuando en ti y en mí no quede nada
                           <b>Re</b>
cuando las ramas viejas se corten
  <b>Do</b>     <b>Re</b>         <b>Sol</b>
y den lugar a otras ramas.

                <b>Re</b>      <b>Do</b> <b>Re</b>
Mientras siga viviendo
          <b>Sol</b>
entre dos aguas 
                  <b>Re</b>
no podrá nacer en mí,
      <b>Do</b>    <b>Re</b>     <b>Sol</b>
ni llegar a mí su Palabra.

                    <b>Re</b>
Volverá a nacer de nuevo
     <b>Do</b>       <b>Re</b>      <b>Sol</b>
al dejar todo cuanto poseo, 
                  <b>Re</b>
al vivir en libertad
     <b>Do</b>      <b>Re</b>          <b>Sol</b>
para ser de Dios su mensajero.

<b>Sol</b>
Con la vida y con la muerte
     <b>Do</b>
seguiré gritando en el desierto 
       <b>Sol</b>
que el Reino de Dios está cerca
                         <b>Re</b>   <b>Re 7</b>
tan cerca que está en ti dentro.
<strong>
<b>Sol</b>
Haz que nazca allí
      <b>Do</b>
donde es difícil el comienzo
      <b>Sol</b>              <b>mi m</b>
para aquellos que lo conocen
     <b>Re</b>
y no saben cómo hacerlo.

<b>Sol</b>
Haz que viva allí
         <b>Do</b>
donde el surco ya está abierto
      <b>Sol</b>           <b>mi m</b>
pero no hay semilla que sembrar
       <b>Re</b>
porque nadie quiere serlo.

<b>Sol</b>
Déjalo salir,
        <b>Do</b>
estoy seguro que está dentro,
      <b>Sol</b>            <b>mi m</b>
no lo tapes, no lo escondas,
       <b>Re</b>
no te niegues a tenerlo.

  <b>Sol</b>
Está naciendo aquí,
      <b>Do</b>
no lo dudes, es tremendo
       <b>Sol</b>          <b>mi m</b>
que te pida que le ayudes
       <b>Re</b>
para hacer un mundo nuevo.
</strong>
