<b>La</b>                       <b>Re</b>
Bienaventurados los que aman
<b>La</b>                  <b>Re</b>
y yo me siento tan amado Señor.
<b>La</b>                      <b>Re</b>
Bienaventurados los que lloran;
<b>La</b>                         <b>Re</b>
con sus lágrimas se forman ríos
                   <b>Sol</b>    <b>Re</b> <b>La</b>
que conducen hasta Dios.

<b>La</b>                      <b>Re</b>
Bienaventurados los que buscan la paz;
<b>La</b>
y tu paz trajo la paz
     <b>Re</b>
a mi pobre corazón.
<b>La</b>                    <b>Re</b>
Bienaventurados los sufridos;
<b>La</b>                       <b>Re</b>
con tu consuelo me haces fuerte,
                       <b>Sol</b> <b>Re</b> <b>La</b>
me acompañas el día de hoy.
<strong>
       <b>Re</b>      <b>La</b>
Solo quiero decir
         <b>Do# 7</b>        <b>fa# m</b>
que te quiero y ya está
        <b>Re</b>       <b>La</b>           <b>Do# 7</b> <b>fa# m</b>
Solo te quiero decir que te quiero
      <b>Re</b>      <b>La</b>
Solo quiero decir
         <b>Do# 7</b>    <b>fa# m</b>
gracias por perdonarme
     <b>Re</b>       <b>Sol</b>   <b>Re</b>       <b>La</b>
y quererme y amarme tal como soy.
</strong>
<b>La</b>                    <b>Re</b>
Bienaventurados los misericordiosos
<b>La</b>
porque de tu perdón 
<b>Re</b>
alcanzo yo mi perdón
<b>La</b>                     <b>Re</b>
Bienaventurados los limpios;
<b>La</b>
porque con tu perfume,
   <b>Re</b>                     <b>Sol</b> <b>Re</b> <b>La</b>
me acerco cada vez más a Dios.

<b>La</b>
Bienaventurados los que 
<b>Re</b>
se entregan a los demás;
<b>La</b>
y con tu entrega 
    <b>Re</b>
mi amor aumenta cada día más.
<b>La</b>                      <b>Re</b>
Bienaventurados los que aman;
<b>La</b>                         <b>Re</b>
yo me siento tan amado por Ti...
         <b>Sol</b> <b>Re</b> <b>La</b>
Oh Señor.
