<b>Re</b>          <b>La</b>   <b>Sol</b>            <b>Re</b>
Hoy solo te pido que me des tu aliento
<b>si m</b>           <b>fa# m</b>        <b>Sol</b>       <b>La</b>
que me des tu mano para andar, nada más
<b>Re</b>           <b>La</b>     <b>Sol</b>            <b>La</b>
Para ver más claro, seguir noche y día,
<b>si m</b>        <b>fa# m</b>        <b>Sol</b>       <b>La</b>
no temer a nada para andar, nada más.
<strong>
      <b>Re</b>           <b>Sol</b>
Desde hoy quiero seguirte,
      <b>Re</b>          <b>Sol</b>
desde hoy quiero alabarte,
      <b>Re</b>            <b>Sol</b>
desde hoy quiero anunciar
        <b>La</b>
ya tu Palabra (**)
</strong>
<b>Re</b>              <b>La</b>
Siento un nuevo aviso,
<b>Sol</b>            <b>La</b>
¡basta ya de excusas!
<b>si m</b>         <b>fa# m</b>        <b>Sol</b>
Hazme despertar a tu verdad,
        <b>La</b>
una vez más.

<b>Re</b>          <b>La</b>      <b>Sol</b>         <b>La</b>
Hoy quiero vivirte, sentir tu mirada,
<b>si m</b>          <b>fa# m</b>        <b>Sol</b>       <b>La</b>
que Tú me acompañes al andar, nada más.
<b>Re</b>             <b>La</b>   <b>Sol</b>           <b>La</b>
Quiero hacer camino desde tu Palabra,
<b>si m</b>         <b>fa# m</b>         <b>Sol</b>
salir de mi tierra y caminar,
     <b>La</b>
nada más.
