<b>Sol</b>          <b>Re</b>
Perdóname, Señor,
<b>Do</b>      <b>Re</b>           <b>Sol</b> (<b>fa# m</b>) <b>mi m</b>
ando disperso en mis cosas,
                 <b>si m</b>
me perdí en la mediocridad,
<b>Do</b>     <b>la m</b>            <b>Re</b>
mi existencia está vacía.
       <b>Sol</b>    <b>Re</b>
Perdóname, Señor,
<b>Do</b>      <b>Re</b>          <b>Sol</b>  (<b>fa# m</b>) <b>mi m</b>
ni siquiera hoy he orado.
                  <b>si m</b>
Lo he dejado por comodidad,
<b>Do</b>    <b>la m</b>          <b>Re</b>
de mi vida no eres centro.
<strong>
          <b>Do</b>     <b>Re</b>          <b>Sol</b>
Solo tu Espíritu me mantiene vivo
       <b>Do</b>     <b>la m</b>         <b>Re</b>
cuando todo parece que va mal.
        <b>Sol</b>   <b>Si 7</b>      <b>mi m</b> <b>Do</b>
Si tu Espíritu está conmigo
    <b>Sol</b>       <b>la m</b>  <b>Re</b> (<span id="reserved">2ª:</span> <b>la m</b> <b>Re</b> <b>Sol</b>)
soy fuerte en mi debilidad. (**)
</strong>
<b>Sol</b>          <b>Re</b>
Perdóname, Señor,
<b>Do</b>        <b>Re</b>          <b>Sol</b>  (<b>fa# m</b>) <b>mi m</b>
vuelvo los ojos a los pobres,
               <b>si m</b>
me da miedo poder perder mi paz,
<b>Do</b>     <b>la m</b>           <b>Re</b>
que trabaje otro con ellos.

   <b>Sol</b>      <b>Re</b>
Perdóname, Señor,
<b>Do</b>   <b>Re</b>           <b>Sol</b>  (<b>fa# m</b>) <b>mi m</b>
en palabras yo me quedo.
                   <b>si m</b>
He vivido en la apariencia
<b>Do</b>   <b>la m</b>           <b>Re</b>
escondido en mil caretas.
