<b>Do</b>            <b>Fa</b>
No hagáis del templo
      <b>la m</b>        <b>Fa</b>
un mercado bien montado.
<b>Do</b>            <b>Fa</b>
No pongáis el sábado
      <b>la m</b>            <b>Fa</b>
por encima del ser humano.
<b>Do</b>         <b>Fa</b>        <b>Do</b>
No domestiquéis la Palabra
       <b>la m</b>  <b>Do</b>
que os he dado.
<strong>
        <b>Fa</b>     <b>mi m</b>       <b>la m</b>
Raza de víboras. Raza de víboras,
        <b>Fa</b>      <b>mi m</b>           <b>la m</b>
el vino nuevo se pudre en odres viejos
       <b>Fa</b>     <b>mi m</b>       <b>la m</b>
Raza de víboras, raza de víboras
        <b>Fa</b>       <b>mi m</b>          <b>la m</b>
el vino fresco necesita odres nuevos.
</strong>
<b>la m/</b><b>Sol</b>  <b>Re 9/</b><b>Fa#</b>  <b>la m7/</b><b>Sol</b>

<b>Do</b>              <b>Fa</b>
¿Cuándo el sexo no será
  <b>la m</b>        <b>Fa</b>
el único pecado?
   <b>Do</b>           <b>Fa</b>
¿Y cuándo la justicia 
      <b>la m</b>             <b>Fa</b>
habitará el corazón humano?
  <b>Do</b>            <b>Fa</b>       <b>Do</b>
¿Cuándo empezaremos a cambiar,
       <b>la m</b>   <b>Do</b>
dar nuevos pasos?

<b>Do</b>               <b>Fa</b>
¿Cuándo nuestros curas
      <b>la m</b>       <b>Fa</b>
serán célibes o casados?
   <b>Do</b>          <b>Fa</b>
¿Y cuándo la mujer 
     <b>la m</b>               <b>Fa</b>
llegará al ministerio ordenado
  <b>Do</b>         <b>Fa</b>                   <b>Do</b>
y no habrá problema alguno en ser gay
       <b>la m</b>    <b>Do</b>
y a la vez cristiano?
<strong>
        <b>Fa</b>     <b>mi m</b>       <b>la m</b>
Raza de víboras. Raza de víboras,
                <b>Fa</b>
hace frío este invierno,
     <b>mi m</b>          <b>la m</b>
hace falta aire nuevo.
        <b>Fa</b>     <b>mi m</b>       <b>la m</b>
Raza de víboras, raza de víboras
               <b>Fa</b>
hace frío aquí dentro,
     <b>mi m</b>          <b>la m</b>
hace falta algo nuevo
</strong>
<span id="reserved">Final:</span> <b>la m/</b><b>Sol</b>  <b>Re 9/</b><b>Fa#</b>  <b>la m7/</b><b>Sol</b>
