<strong>
<b>La</b>       <b>Mi 7</b>         <b>fa# m</b>
Somos un pueblo que camina,
             <b>Re</b>                  <b>Mi 7</b>
y juntos caminando podremos alcanzar
<b>Re</b>      <b>Mi 7</b>            <b>La</b>
otra ciudad que no se acaba,
    <b>fa# m</b>       <b>si m</b>
sin pena ni tristeza,
<b>Mi 7</b>             <b>La</b>
ciudad de eternidad.
</strong>
<b>La</b>       <b>Re</b>           <b>La</b>
Somos un pueblo que camina,
    <b>Re</b>            <b>La</b>
que marcha por el mundo
   <b>Mi 7</b>           <b>La</b>
buscando otra ciudad.
<b>La</b>        <b>Re</b>        <b>La</b>
Somos errantes peregrinos
   <b>Re</b>             <b>La</b>
en busca de un destino,
   <b>Re</b>         <b>Mi 7</b>
destino de unidad.
<b>Re</b>        <b>Mi 7</b>       <b>La</b>
Siempre seremos caminantes,
     <b>fa# m</b>     <b>Re</b>
pues solo caminando,
  <b>Si 7</b>         <b>Mi 7</b>
podremos alcanzar
<b>Re</b>      <b>Mi 7</b>            <b>La</b>
otra ciudad que no se acaba,
    <b>fa# m</b>        <b>si m</b>
sin penas ni tristezas,
   <b>Mi 7</b>          <b>La</b>
ciudad de eternidad.

<b>La</b>         <b>Re</b>           <b>La</b>
Sufren los hombres, mis hermanos,
   <b>Re</b>             <b>La</b>
buscando entre las piedras
   <b>Mi 7</b>             <b>La</b>
la parte de su pan.
<b>La</b>         <b>Re</b>       <b>La</b>
Sufren los hombres oprimidos,
    <b>Re</b>             <b>La</b>
los hombres que no tienen
   <b>Re</b>          <b>Mi 7</b>
ni paz ni libertad.
<b>Re</b>         <b>Mi 7</b>          <b>La</b>
Sufren los hombres, mis hermanos,
    <b>fa# m</b>      <b>Re</b>
mas tú vienes con ellos
  <b>Si 7</b>          <b>Mi 7</b>
y en ti alcanzarán
<b>Re</b>      <b>Mi 7</b>            <b>La</b>
otra ciudad que no se acaba
 <b>fa# m</b>        <b>si m</b>
sin penas ni tristezas,
   <b>Mi 7</b>          <b>La</b>
ciudad de eternidad.
