<b>la m</b>           <b>Do</b>             <b>Sol</b>  <b>la m</b>
Mira la flor, mira los campos. Soy yo.
               <b>Fa</b>            <b>Sol</b>
Mira los niños y a los ancianos. 
    <b>la m</b>
Soy yo.
                    <b>Do</b>             <b>Sol</b>
Mira en tu adentro, mira en tu cuerpo.
    <b>la m</b>
Soy yo.
                  <b>Fa</b>             <b>Sol</b>
Mira en el mundo, me estoy muriendo. 
    <b>la m</b>
Soy yo.
<strong>
<b>la m</b>           <b>Do</b>
Soy yo el que vive en ti
       <b>Sol</b>             <b>la m</b>
el que ama en ti y permanece,

el que todo lo puede 
       <b>Fa</b>         <b>Sol</b>
y transforma la vida
      <b>la m</b>
si tú quieres. (**)
</strong>
<b>la m</b>             <b>Do</b>                 <b>la m</b>
Mira la tierra, mira las aguas. Soy yo.
             <b>Fa</b>          <b>Sol</b>    <b>la m</b>
Mira la luna y el universo. Soy yo.
                <b>Do</b>                <b>la m</b>
Mira las calles y las aceras. Soy yo.
                 <b>Fa</b>               <b>Sol</b>
Mira los muertos y a los hambrientos.
    <b>la m</b>
Soy yo.
