<b>Do</b>           <b>Fa</b>             <b>Do</b>
Un ángel del cielo bajó a Belén
          <b>Fa</b>                 <b>Sol</b>
a unos pastores la nueva les dio;
   <b>mi m</b>      <b>la m</b>       <b>Fa</b>       <b>Do</b>
un canto de gloria el cielo surcó;
                                 <b>Sol</b>
la paz en la tierra llegó a florecer.
<strong>
<b>Do</b>     <b>Fa</b>         <b>Do</b>
Suenan cantos de amor
       <b>Fa</b>       <b>Do</b>
suenan voces de paz
<b>Fa</b> <b>Do</b>  <b>Sol</b>       <b>Do</b>
de los hombres a Dios
     <b>Sol</b>  (<span id="reserved">2ª</span> <span id="reserved">vez:</span> <b>Do</b>)
en feliz Navidad. (**)
</strong>
<b>Do</b>            <b>Fa</b>                  <b>Do</b>
Encuentran al niño en un viejo portal
               <b>Fa</b>
de sus tiernos ojos 
                <b>Sol</b>
salió un resplandor;
  <b>mi m</b>     <b>la m</b>      <b>Fa</b>       <b>Do</b>
a sus corazones un fuego llegó;
                             <b>Sol</b>
sintieron de pronto la felicidad.

<b>Do</b>         <b>Fa</b>               <b>Do</b>
Pastores y reyes se van a Belén
            <b>Fa</b>                <b>Sol</b>
cargados de dones postrados están.
  <b>mi m</b>      <b>la m</b>      <b>Fa</b>      <b>Do</b>
A cambio reciben un beso de paz.
                                 <b>Sol</b>
El rey de los reyes premió su querer.
