<b>Re</b>         <b>si m</b>
La tierra espera
<b>Sol</b>    <b>Re</b>       <b>La</b> <b>Re</b>
ver un signo de unidad
       <b>si m</b>
cuando suceda
  <b>Sol</b>   <b>Re</b>    <b>Mi</b>    <b>La</b>
no hará falta preguntar
<b>Sol</b>      <b>Fa#</b>    <b>si m</b>
ya no habrá más hambre,
<b>Sol</b>      <b>La</b>  <b>Re</b>
no habrá soledad
       <b>si m</b>  <b>Sol</b>    <b>mi m</b>
la tristeza y el dolor
  <b>La</b>    <b>Re</b>
pasaron ya.

<b>Re</b>         <b>si m</b>
Las pesadillas
<b>Sol</b>     <b>Re</b>       <b>La</b>  <b>Re</b>
a un bello sueño han de cambiar
       <b>si m</b>
y cada sueño
 <b>Sol</b>    <b>Re</b>    <b>Mi</b>   <b>La</b>
ha de hacerse realidad.
<b>Sol</b>    <b>Fa#</b>      <b>si m</b>
Qué dichoso el hombre
<b>Sol</b>      <b>La</b>  <b>Re</b>
que su vida da sin ponerle
<b>si m</b>   <b>Sol</b>   <b>mi m</b>    <b>La</b> <b>Re</b>
precio alguno a la unidad.
