<b>la m</b>   <b>Sol</b>  <b>la m</b>
Sueño una Iglesia
      <b>re m</b>   <b>Sol</b>   <b>Do</b>     <b>mi m</b>
que reparte sus riquezas,
       <b>la m</b>   <b>Sol</b>     <b>la m</b>
en la alforja el Evangelio
<b>la m/</b><b>Sol</b> <b>la m4/</b><b>Fa#</b> <b>la m4/</b><b>Fa</b> <b>Mi 7</b>
  y nada más,     y nada más.

<b>la m</b>   <b>Sol</b>  <b>la m</b>
Sueño una Iglesia
         <b>re m</b>  <b>Sol</b>    <b>Do</b>     <b>mi m</b>
que a la historia se acerca
   <b>la m</b>  <b>Sol</b>      <b>la m</b>
descalza sin equipajes
<b>la m/</b><b>Sol</b> <b>la m4/</b><b>Fa#</b> <b>la m4/</b><b>Fa</b> <b>Mi 7</b>
   para andar    en libertad, 
        <b>la m</b>
en libertad.
<strong>
<b>Fa</b> <b>mi m</b> <b>la m</b> <b>Fa</b>
 Sueño, sueño 
          <b>mi m</b>          <b>la m</b>
que es verdad que llegará.
<b>Fa</b> <b>mi m</b> <b>la m</b> <b>Fa</b>
 Sueño, sueño
          <b>mi m</b> <b>Sol</b>     <b>la m</b>
que es verdad que llegará.
</strong>
<b>la m</b>   <b>Sol</b>  <b>la m</b>
Sueño una Iglesia
      <b>re m</b>    <b>Sol</b>    <b>Do</b>    <b>mi m</b>
que abandona su grandeza
     <b>la m</b> <b>Sol</b>         <b>la m</b>
como sierva que se encarna
<b>la m/</b><b>Sol</b>  <b>la m4/</b><b>Fa#</b>  <b>la m4/</b><b>Fa</b> <b>Mi 7</b>
entre los pobres de cada lugar.

<b>la m</b>   <b>Sol</b>  <b>la m</b>
Sueño una Iglesia
         <b>re m</b> <b>Sol</b>   <b>Do</b>     <b>mi m</b>
donde el número no cuenta
         <b>la m</b> <b>Sol</b> <b>la m</b> <b>la m/</b><b>Sol</b> <b>la m4/</b><b>Fa#</b>
y aunque sea minoría, no importará
<b>la m4/</b><b>Fa</b>  <b>Mi 7</b>                    <b>la m</b>
si está forjando la nueva humanidad.
<strong>
<b>Fa</b> <b>mi m</b> <b>la m</b> <b>Fa</b>
 Sueño, sueño 
          <b>mi m</b>          <b>la m</b>
que es verdad que llegará.
<b>Fa</b> <b>mi m</b> <b>la m</b> <b>Fa</b>
 Sueño, sueño
          <b>mi m</b> <b>Sol</b>     <b>la m</b>
que es verdad que llegará.
<b>Fa</b> <b>mi m</b> <b>la m</b> <b>Fa</b>
 Sueño, sueño
          <b>mi m</b> <b>Sol</b>     <b>la m</b>
que es verdad que llega ya...
</strong>
