<b>Do</b> <b>Re</b>           <b>Sol</b>
Sé fiel a la verdad
<b>Do</b> <b>la m</b>         <b>Re</b>
sigue a tu corazón
<b>Do</b> <b>Re</b>          <b>Sol</b>
no te dejes llevar
<b>Do</b>      <b>la m</b>       <b>Re</b>
busca a tu vida razón.

<b>Sol</b>           <b>Re</b>       <b>Do</b>
Siente la alegría de vivir,
  <b>Re</b>             <b>Sol</b>
según la voz de tu alma,
     <b>Re</b>          <b>Do</b>
y no dejes de pensar
       <b>Re</b>             <b>Sol</b>
que es Dios el que te habla
    <b>Re</b>            <b>Do</b>
mas no cambies tu voz
<b>la m</b>       <b>Re</b>
por sus palabras.
<strong>
<b>Do</b>     <b>Re</b>         <b>Sol</b>
Hoy no hay sinceridad
<b>Do</b> <b>la m</b>             <b>Re</b>
busco a mi propio yo
<b>Do</b>    <b>Re</b>           <b>Sol</b>
sigo siempre mi verdad,
<b>Do</b>    <b>la m</b>        <b>Re</b>
es la mía, no de Dios.

<b>Sol</b>           <b>Re</b>            <b>Do</b>
Quiero comprender que la verdad
  <b>Re</b>           <b>Sol</b>
está en el Evangelio
        <b>Re</b>            <b>Do</b>
y he de darme a los demás
 <b>Re</b>          <b>Sol</b>
amar será mi sello
     <b>Re</b>           <b>Do</b>
y perder mi identidad
<b>la m</b>      <b>Re</b>
y ser de ellos.
</strong>
