<strong>
<b>Mi</b>
Sé que voy contigo,
<b>Si</b>
sé que me acompañas
<b>La</b>
sé que tú me quieres
     <b>Si</b>     <b>Mi</b>
haga lo que haga. (**)
</strong>
<b>La</b>       <b>Si</b>            <b>Mi</b> (<b>Mi 7</b>)
En tu presencia yo andaré
<b>La</b>        <b>Si</b>         <b>Mi</b>
todos los días de mi vida
<b>La</b>    <b>Si</b>       <b>do# m</b>
y con gozo sentiré
<b>La</b>       <b>Si</b>       <b>Mi</b>
que Tú jamás me olvidas.
<strong>
<b>Mi</b>
Quiero ser tu amigo,
<b>Si 7</b>
quiero ser tu casa
<b>La</b>
ser tu confidente,
       <b>Si</b>  <b>Mi</b>
ser de ti Palabra. (**)
</strong>
<b>La</b> <b>Si</b>                <b>Mi</b>  (<b>Mi 7</b>)
Confiarme siempre en Ti,
<b>La</b>       <b>Si</b>        <b>Mi</b>
sabiendo que nunca fallas
<b>La</b>      <b>Si</b>         <b>do# m</b>
y me trajiste a la vida
<b>La</b>       <b>Si</b>        <b>Mi</b>
tan solo porque me amas.
