<strong>
<b>Re</b> <b>Sol</b>    <b>Re</b> <b>Sol</b> <b>mi m</b>
Sí, estás aquí, dame de tu agua,
<b>Sol</b>          <b>La</b>
tengo sed de ti.
<b>Re</b> <b>Sol</b>      <b>Re</b> <b>Sol</b>
Sí, estás aquí,
     <b>mi m</b>
tu palabra se hace vida,
   <b>Sol</b>          <b>La</b>
la quiero compartir.
</strong>
<b>si m</b>         <b>fa# m</b>
Me acerco a Ti Señor
<b>si m</b>     <b>fa# m</b>              <b>Sol</b>
en el silencio quiero escucharte,
  <b>mi m</b>             <b>La</b>
notar que estás aquí
<b>si m</b>     <b>fa# m</b>             <b>si m</b>     <b>fa# m</b>
quiero sentir el susurro de tu voz
  <b>Sol</b>        <b>mi m</b>     <b>La</b>
saber qué esperas de mí.
<b>Sol</b>            <b>Re</b>     <b>La</b>
Hazme creadora de alegría
<b>Sol</b> <b>mi m</b>    <b>La</b>
iré a tu fuente
<b>Sol</b>          <b>Re</b>         <b>La</b>
y llenaré mi cántaro de vida
<b>Sol</b>             <b>mi m</b> <b>La</b>
contigo mi sed apagaré.

<b>si m</b>           <b>fa# m</b>
Quiero que tu amor, Señor
<b>si m</b>      <b>fa# m</b>        <b>Sol</b>
sea en nosotros esa fuente,
<b>mi m</b>       <b>La</b>
fuente de vida
<b>si m</b>             <b>fa# m</b>
siempre abierta para amar
<b>si m</b>                       <b>Sol</b>
siempre abierta para dar aliento
  <b>mi m</b>         <b>La</b>
a quien sufre más.
<b>Sol</b>          <b>Re</b>      <b>La</b>
Quiero andar por tus sendas
<b>Sol</b>               <b>mi m</b>   <b>La</b>
sentirme libre y transparente
<b>Sol</b>              <b>Re</b>         <b>La</b>
como el agua que calma al sediento
<b>Sol</b>                <b>mi m</b>       <b>La</b>
como la tierra que da el alimento.
