<b>La</b>                              <b>Mi</b>
¿Qué canto si mis versos ya no nombran
             <b>fa# m</b>
al que casi nada espera?
     <b>Re</b>                      <b>si m</b>
¿Qué grito si no rompo mi garganta
               <b>Mi</b>
derribando las fronteras?
     <b>La</b>
¿Qué soy si no te llevo 
          <b>Mi</b>
entre mis brazos
              <b>do# m</b>
cuando caigas al abismo
                      <b>Re</b> <b>re m</b>
cuando no quieras seguir?
     <b>La</b>                        <b>Mi</b>
¿Qué tengo si no tengo ni un pedazo
                       <b>fa# m</b>
de mi tiempo y de mi espacio
                   <b>Re</b> <b>re m</b>
para dártelo hoy a Ti?
<strong>
<b>La</b>
No quiero ser actor
        <b>Mi</b>
al otro lado de la escena,
     <b>do# m</b>                      <b>Re</b>
No quiero que también me ocurra a mí
   <b>La</b>
No voy a consentir que estés 
   <b>mi m</b>
sangrando en la trinchera.
     <b>Re</b>
A la vuelta de la esquina,
        re,
al otro lado del planeta.
    <b>La</b>          <b>Mi</b>
Tan lejos y tan cerca.
    <b>Re</b>    <b>re m</b>    <b>La</b>
Tan lejos y tan cerca.
</strong>
 <b>La</b>                       <b>Mi</b>
¿Qué miro si camino entre miseria
                     <b>fa# m</b>
y yo miro hacia otro lado?
     <b>Re</b>                        <b>si m</b>
¿Qué soy si tu paseas por el filo
                 <b>Mi</b>
y no ofrezco mis dos manos?
     <b>La</b>                           <b>Mi</b>
¿Qué rezo si no hay fuego en la palabra
               <b>do# m</b>
y repito como un eco
                           <b>Re</b> <b>re m</b>
lo que creo que no entendí?
       <b>La</b>                       <b>Mi</b>
¿Qué hacemos con las manos esposadas
              <b>fa# m</b>
divagando por las ruinas 
                  <b>Re</b>  <b>re m</b>
sin saber a dónde ir?
<strong>
<b>La</b>
No quiero ser actor
        <b>Mi</b>
al otro lado de la escena,
     <b>do# m</b>                      <b>Re</b>
No quiero que también me ocurra a mí
   <b>La</b>
No voy a consentir que estés 
   <b>mi m</b>
sangrando en la trinchera.
     <b>Re</b>
A la vuelta de la esquina,
        re,
al otro lado del planeta.
    <b>La</b>          <b>Mi</b>
Tan lejos y tan cerca.
    <b>Re</b>    <b>re m</b>    <b>La</b>
Tan lejos y tan cerca.
</strong>
