<strong>
<b>Do</b>  <b>Sol</b>      <b>Do</b>  <b>Do 7</b>
Tan cerca de mí,
<b>Fa</b>  <b>Do</b>       <b>Sol</b>
tan cerca de mí,
<b>Do</b>  <b>Do 7</b>      <b>Fa</b>      <b>fa m</b>
que hasta lo puedo tocar,
<b>Do</b> <b>Sol</b>       <b>Do</b>
Jesús está aquí.
</strong>
<b>Do</b>       <b>Sol</b>             <b>Do</b> <b>Do 7</b>
Míralo paseando entre la gente
  <b>Fa</b>          <b>Sol</b>         <b>mi m</b> <b>la m</b>
o caminando entre la multitud.
<b>re m</b>          <b>Sol</b> <b>Do</b>            <b>la m</b>
Muchos no lo ven porque ciegos van,
<b>Fa</b>                   <b>Sol</b> <b>Sol 7</b>
ocupados sin saber mirar.

<b>Do</b>             <b>Sol</b>       <b>Do</b>  <b>Do 7</b>
Le hablaré sin miedo al oído,
   <b>Fa</b>          <b>Sol</b>             <b>mi m</b> <b>la m</b>
le contaré las cosas que hay en mí,
<b>re m</b>          <b>Sol</b> <b>Do</b>        <b>la m</b>
y que sólo a Él le interesarán.
<b>Fa</b>                         <b>Sol</b> <b>Sol 7</b>
El es más que un mito para mí.

<b>Do</b>            <b>Sol</b>          <b>Do</b>  <b>Do 7</b>
No busquéis a Cristo en lo alto,
<b>Fa</b>            <b>Sol</b>         <b>mi m</b> <b>la m</b>
ni lo busques en la oscuridad,
<b>re m</b>          <b>Sol</b> <b>Do</b>         <b>la m</b>
muy cerca de ti, en tu corazón,
<b>Fa</b>                   <b>Sol</b> <b>Sol 7</b>
puedes adorar a tu Señor.
