<strong>
<b>La</b>             <b>Re</b>           <b>La</b>
Te doy gracias, Señor, de corazón,
        <b>Re</b>                <b>La</b>
te cantaré delante de los hombres.
      <b>Re</b>  <b>Mi</b>          <b>fa# m</b> <b>Mi</b> <b>Re</b>
Te bendeciré y te alabaré por todo
       <b>si m</b>           <b>Mi</b> (<span id="reserved">Final:</span> <b>La</b>)
lo que has hecho por mí.
</strong>
<b>La</b>             <b>Re</b>
Es bueno darte gracias, Señor,
<b>fa# m</b>              <b>Mi</b>
y proclamar todas tus grandezas,
<b>Re</b>           <b>Mi</b>    <b>fa# m</b>
tu infinito amor y tu fidelidad,
     <b>Re</b>                <b>Mi</b>
tu misericordia y tu bondad.

<b>La</b>
Siento tu presencia 
           <b>Re</b>
en cada instante, Señor,
<b>fa# m</b>                     <b>Mi</b>
Tú eres mi cimiento y mi fortaleza,
<b>Re</b>           <b>Mi</b>    <b>fa# m</b>
Solo en Ti encuentro seguridad
        <b>Re</b>              <b>Mi</b>
pues tu obra no abandonarás.
<strong>
<b>La</b>             <b>Re</b>           <b>La</b>
Te doy gracias, Señor, de corazón,
        <b>Re</b>                <b>La</b>
te cantaré delante de los hombres.
      <b>Re</b>  <b>Mi</b>          <b>fa# m</b> <b>Mi</b> <b>Re</b>
Te bendeciré y te alabaré por todo
       <b>si m</b>           <b>Mi</b> (<span id="reserved">Final:</span> <b>La</b>)
lo que has hecho por mí.
</strong>
<b>La</b>                       <b>Re</b>
Miro a los hermanos y te veo, Señor,
<b>fa# m</b>                   <b>Mi</b>
ellos como yo son obra de tus manos.
<b>Re</b>         <b>Mi</b>
No nos abandonas, 
       <b>fa# m</b>
Tú nos colmas de amor,
      <b>Re</b>                 <b>Mi</b>
de ternura rebosa tu creación.

<b>La</b>                    <b>Re</b>
¡Todos los pueblos te canten, Señor!
<b>fa# m</b>                 <b>Mi</b>
¡Y que proclamen tus maravillas!
<b>Re</b>             <b>Mi</b>
Pues con los humildes 
   <b>fa# m</b>
Tú siempre estarás,
     <b>Re</b>                <b>Mi</b>
eres el Camino y la Verdad.
<strong>
<b>La</b>             <b>Re</b>           <b>La</b>
Te doy gracias, Señor, de corazón,
        <b>Re</b>                <b>La</b>
te cantaré delante de los hombres.
      <b>Re</b>  <b>Mi</b>          <b>fa# m</b> <b>Mi</b> <b>Re</b>
Te bendeciré y te alabaré por todo
       <b>si m</b>           <b>Mi</b> (<span id="reserved">Final:</span> <b>La</b>)
lo que has hecho por mí.
</strong>
