<b>Do</b>                <b>sol m</b>
Te ofreceré una palabra, 
          <b>re m</b>
un libro abierto, Señor,
            <b>Do</b>
que hable de amor. 
                       <b>sol m</b>
Te ofreceré en mi trabajo 
          <b>re m</b>
todo mi esfuerzo, Señor, 
       <b>Do</b>                <b>Sol 7</b>
y mi sudor, te ofreceré.
<strong>
        <b>Do</b>  <b>Sol 7</b>          <b>la m</b>
Te ofreceré la sonrisa de un niño
       <b>Fa</b>  <b>re m</b>            <b>Sol 7</b>
te alabaré porque ya sale el sol
         <b>Do</b> <b>Sol 7</b>          <b>la m</b>
te ofreceré las miradas inquietas
        <b>Fa</b> <b>re m</b>            <b>Sol</b>
te alabaré porque Tú eres mi Dios.
</strong>
<b>Do</b>                <b>sol m</b>
Te ofreceré en mi tristeza, 
        <b>re m</b>
mi pena y llanto, Señor,
     <b>Do</b>
y mi dolor. 
                      <b>sol m</b>
Te ofreceré en mi alegría
        <b>re m</b>                   <b>Do</b>
todo mi gozo, Señor, y mi ilusión,
          <b>Sol 7</b>
te ofreceré.
