<strong>
<b>Mi</b>       <b>do# m</b>     <b>La</b>        <b>Mi</b>
Te presentamos el vino y el pan.
   <b>La</b>   <b>Mi</b>       <b>Si</b>         <b>Mi</b>
Bendito seas por siempre, Señor. (**)
</strong>
   <b>La</b>   <b>Mi</b>      <b>Mi</b>  <b>Mi 7</b>
Bendito seas, Señor,
    <b>La</b>   <b>la m</b>         <b>Mi</b> <b>Mi 7</b>
por este pan que nos diste,
<b>fa# m</b>        <b>La</b>
fruto de la tierra
        <b>do# m</b>         <b>Si 7</b>
y del trabajo de los hombres.

   <b>Mi</b>   <b>La</b>      <b>Mi</b>  <b>Mi 7</b>
Bendito seas, Señor,
   <b>La</b>   <b>la m</b>       <b>Mi</b>     <b>Mi 7</b>
el vino Tú nos lo diste,
<b>fa# m</b>        <b>La</b>
fruto de la tierra
        <b>do# m</b>         <b>Si 7</b>
y del trabajo de los hombres.
