<span id="reserved">Intro:</span> <b>C</b> <b>G</b> <b>A m</b> <b>C</b> <b>E</b>

    <b>A m</b>
Te regalo mis ojos si un día no puedes

Ver más allá del sol
     <b>G</b>
Te regalo mi tiempo y sé que de todas

No hay mejor inversión
 <b>F</b>
Tú llegaste a mi vida y sacaste

Dentro 'e mí mi mejor versión
          <b>E 7</b>
No tengo miedo de decir

Al mundo que te quiero

     <b>A m</b>
Todo lo que yo vi romperse

ella con un soplo vuelve a arreglar
      <b>G</b>
Tú llegaste a mi vida y yo que

Ya no brillaba he vuelto a brillar
      <b>F</b>
Solo cuando se acabe el mundo еs que

Nuestra historia tendrá un final
         <b>E 7</b>
No tеngo miedo de decir al mundo

Que te quiero
<strong>
    <b>A m</b>
Mi niña, te adoro, 
                              <b>G</b>
se pasa el tiempo cuando me mira’
                                  <b>F</b>
Prométeme que nunca te irá' de mi vida

Si me pide' la’ estrella' 
             <b>E 7</b>
te vuelco el cielo
                                 <b>A m</b>
Ya no tengo miedo de que sea' mi niña

Te adoro, se pasa el tiempo 
          <b>G</b>
cuando me mira'
                                   <b>F</b>
Prométeme que nunca te irá' de mi vida

Si me pide' la' estrella' 
             <b>E 7</b>
te vuelco el cielo

Ya no tengo miedo
</strong>
               <b>A m</b>
Como tú no hay dos

Llegaste a mi vida y cambió mi suerte
                  <b>G</b>
Me enseñaste a mirar donde en verdad

Tengo que mirar
              <b>F</b>
Aprendí a querer, 

a no juzgar tanto a la gente
              <b>E 7</b>
De todos mis errores saqué algo
bueno al final
(Yeah, yeah, yeah, yeah)
<strong>
         <b>A m</b>
Tú mi bandida, yo tu bandido

Donde vaya’, ma, yo te sigo
         <b>G</b>
Nadie te mira como te miro

Ni te cuida como te cuido
         <b>F</b>
Tú mi bandida, yo tu bandido

Donde vaya’, ma, yo te sigo
         <b>E 7</b>
Nadie te mira como te miro
                          <b>A m</b>
Ni te cuida como te cuido
</strong>
<span id=cejilla-original>7</span>
