<strong>
<b>re m</b>
Aparta de mí, Señor,
                 <b>Do</b>
la tentación del mundo,
                <b>re m</b>
la tentación de mi egoísmo, 
 <b>Do</b>       <b>re m</b>
aparta de mí.
</strong>
          <b>Do</b>
Aparta de mí, 
<b>Sib</b>                    <b>La 7</b>
lo que me aleja de tu amor,
<b>re m</b>       <b>Do</b>                  <b>La 7</b>
cambia mi vida hacia Ti, mi Señor.
<strong>
<b>re m</b>
Aparta de mí, Señor,
                 <b>Do</b>
la tentación del mundo,
                <b>re m</b>
la tentación de mi egoísmo, 
 <b>Do</b>       <b>re m</b>
aparta de mí.
</strong>
         <b>Do</b>  <b>Sib</b>                  <b>La 7</b>
Puse mi afán sólo en mi vida, mi Señor,
<b>re m</b>         <b>Do</b>
haz que los otros sean 
              <b>La 7</b>
en mí más que yo.
<strong>
<b>re m</b>
Aparta de mí, Señor,
                 <b>Do</b>
la tentación del mundo,
                <b>re m</b>
la tentación de mi egoísmo, 
 <b>Do</b>       <b>re m</b>
aparta de mí.
</strong>
