<span id="reserved">Intro:</span> <b>Mi</b> <b>Si</b> <b>re# m</b> <b>La</b> <b>Si</b>

<b>Mi</b>                     <b>Si</b>
Tiempo de reír, tiempo de llorar,
<b>do# m</b>                    <b>La</b>   <b>Si</b>
tiempo de triunfar y de fracasar,
       <b>Mi</b>            <b>Si</b>
tiempo de quererte y que te quieran,
      <b>do# m</b>               <b>La</b>     <b>Si</b>
de quedarte dentro o de venirte fuera.

<b>Mi</b>             <b>Si</b>
Tiempo de subir a las alturas,
<b>do# m</b>                     <b>La</b>   <b>Si</b>
tiempo de buscar en la basura.
       <b>Mi</b>              <b>Si</b>
Tiempo de morir, tiempo de matar,
      <b>do# m</b>               <b>La</b> <b>Sol</b>
tiempo de agarrar tiempo de soltar.

<b>Mi</b>             <b>Si</b>
De volver atrás, convertirse en sal,
<b>do# m</b>                         <b>La</b>     <b>Si</b>
de apretar los dientes, de mirar atrás
      <b>Mi</b>                 <b>Si</b>
de volverse fuerte, de gritar al mar,
      <b>do# m</b>                <b>La</b>
de vaciar las manos, de ganarse el pan

<b>Mi</b>                       <b>Si</b>
Tiempo de morder, tiempo de soltar.
<b>do# m</b>                      <b>La</b>    <b>Si</b>
Tiempo de plantar, tiempo de arrasar.
       <b>Mi</b>                  <b>Si</b>
Tiempo de aguantar, tiempo de explotar
       <b>do# m</b>               <b>La</b> <b>Si</b> <b>Mi</b> <b>Mi 7</b>
Tiempo de guardar, tiempo de tirar.

<b>La</b>                         <b>Mi</b>
Tiempo de arrancar, tiempo de plantar,
       <b>La</b>                <b>la m</b>
tiempo de rasgar, tiempo de curar,
       <b>Mi</b>            <b>Si</b>
tiempo de rezar y de blasfemar,
       <b>La</b>                <b>Si</b>    <b>Mi</b> <b>Mi 7</b>
tiempo de gritar, tiempo de callar.
<strong>
<b>La</b>                         <b>Si</b>
Tiempo de comer, tiempo de ayunar,
       <b>Sol#</b>           <b>do# m</b>
tiempo de partir y de regresar.
       <b>Mi</b>              <b>La</b>
Tiempo de abrasar y de congelar.
          <b>la m</b>         <b>si</b>     <b>Mi</b>  <b>Mi 7</b>
Tiempo de engañar y decir verdad.

<b>La</b>                           <b>Si</b>
De mirar al suelo, tiempo de escuchar,
         <b>Sol#</b>              <b>do# m</b>
de tocar el cielo, tiempo de opinar.
       <b>Mi</b>                <b>La</b>
Tiempo de ser niño, y de ser mayor.
       <b>la m</b>             <b>Si</b>     <b>Mi</b>  <b>Mi 7</b>
Tiempo para ti, tiempo de los dos.
</strong>
<b>Mi</b>                     <b>Si</b>
De volver atrás, convertirse en sal,
       <b>do# m</b>                  <b>La</b>   <b>Si</b>
de apretar los dientes, de mirar atrás
      <b>Mi</b>                  <b>Si</b>
de volverse fuerte, de gritar al mar,
      <b>do# m</b>                <b>La</b>       <b>Si</b>
de vaciar las manos, de ganarse el pan

<b>Mi</b>                       <b>Si</b>
Tiempo de morder, tiempo de soltar.
<b>do# m</b>                      <b>La</b>    <b>Si</b>
Tiempo de plantar, tiempo de arrasar.
       <b>Mi</b>                  <b>Si</b>
Tiempo de aguantar, tiempo de explotar
       <b>do# m</b>               <b>La</b> <b>Si</b>
Tiempo de guardar, tiempo de tirar.

<b>Mi</b>                      <b>Si</b>
De tocar el cielo al decir te quiero,
         <b>do# m</b>       <b>La</b>       <b>Si</b>
de ser nieto, hijo, padre o abuelo,
         <b>Mi</b>
de vivir borracho, 
      <b>Si</b>
de volverse abstemio
       <b>do# m</b>              <b>La</b>  <b>Si</b> <b>Mi</b> <b>Mi 7</b>
de soltar amarras o de echar el freno.
<strong>
<b>La</b>                          <b>Si</b>
Tiempo para mí y para los demás,
         <b>Sol#</b>          <b>do# m</b>
y si soy ladrón pude ser legal.
       <b>Mi</b>                <b>La</b>
Tiempo de saltar, tiempo de parar,
       <b>la m</b>               <b>Si</b>
tiempo de cantar, tiempo de buscar.

<b>La</b>
Tiempo, tiempo, tiempo,
      <b>Si</b>
mucho tiempo más.
      <b>Sol#</b>            <b>do# m</b>
Cada cual sabrá en qué tiempo está.
       <b>Mi</b>               <b>La</b>
Tiempo de actuar tiempo de observar.
           <b>la m</b>         <b>Si</b>     <b>Mi</b>  <b>Mi 7</b>
En el tiempo está toda la verdad. (**)
</strong>
