<b>Re</b>                     <b>Sol</b>    <b>La</b>   <b>Re</b>
No queremos más que el pan de cada día
                            <b>La</b>
el de mañana, ya Tú lo enviarás,
      <b>Sol</b>        <b>La</b>           <b>si m</b>
no queremos garantías de esta tierra,
          <b>Re</b>         <b>Sol</b>    <b>La</b>
nuestro anhelo es en Ti confiar.

      <b>Re</b>      <b>Sol</b>      <b>La</b>         <b>Re</b>
De la misma manera que nos lo has dado
               <b>Sol</b>   <b>La</b>
gratuito lo queremos dar,
      <b>Sol</b>   <b>La</b>         <b>si m</b>
compartamos lo que recibimos,
      <b>Re</b>         <b>Sol</b>           <b>La</b>  <b>La 7</b>
Desterremos el dinero de este lugar.
<strong>
<b>Re</b>         <b>Sol</b> <b>La</b>    <b>Re</b>
Todo lo esperamos de Ti,
                    <b>Sol</b> <b>La</b>   <b>Re</b>
la inquietud y de tu agua la sed,
                   <b>Sol</b>   <b>La</b>  <b>Re</b>
lo sucinto que nos lleve a vivir
      <b>si m</b>      <b>Sol</b>   <b>La</b>    <b>Re</b>
día a día, caminando en tu fe.

<b>Re</b>               <b>Sol</b>   <b>La</b>     <b>Re</b>
El maná como los hijos de Israel,
                  <b>Sol</b>      <b>La</b>   <b>Re</b>
cada jornada esta tierra esperará
              <b>Sol</b> <b>La</b>    <b>Re</b>
así ha de ser Pueblo de Dios,
       <b>si m</b>           <b>Sol</b>   <b>La</b>    <b>Re</b>
siendo siervos en la fe de tu unidad.
</strong>
<b>Re</b>
Algo inquieta en 
   <b>Sol</b>  <b>La</b>      <b>Re</b>
la vida de esta Tierra

que entre tu pueblo 
                <b>La</b>
dividamos la unidad
      <b>Sol</b>            <b>La</b>       <b>si m</b>
no consientas que rompamos tu cuerpo,
        <b>Re</b>       <b>Sol</b>           <b>La</b>
si lo hacemos no vivimos tu verdad.

          <b>Re</b>    <b>Sol</b>    <b>La</b>    <b>Re</b>
Nuestra labor será el "todos juntos"
                  <b>Sol</b>             <b>La</b>
en este barco con rumbo a tu gran mar
      <b>Sol</b>          <b>La</b>            <b>si m</b>
ni de Pablo, ni de Cefas, ni de Apolo
     <b>Re</b>         <b>Sol</b>             <b>La</b> <b>La 7</b>
sólo Cristo nos reúne en este lugar..
