<span id="reserved">Intro:</span> <b>Do</b> <b>mi m</b> <b>la m</b> <span id="reserved">-</span> <b>Sol</b> <b>Fa</b>

     <b>Do</b>
Lo intento
                  <b>mi m</b>
No te mereces tan poco
                    <b>la m</b>
¿Será que el viento no deja 

que el mar llegue a la orilla
       <b>Sol</b>        <b>Fa</b>
Cuando quiere escapar?

   <b>Do</b>
Lo siento
                    <b>mi m</b>
Ya no te quiero engañar
                <b>la m</b>
Prometiendo mil besos

Y una eternidad que sabía que 
   <b>Sol</b>          <b>Fa</b>
nunca iba a empezar

    <b>Do</b>
Yo, que para ti era tu casa

Yo miraba por la ventana
    <b>mi m</b>
Viendo lo que dejé allá afuera

Y los colores que me perdía
      <b>la m</b>
Yo un día le pregunté a la luna

Si era amor lo que yo sentía
   <b>Sol</b>
Pero nunca me dijo nada

Y aun así yo a ti te decía
<strong>
             <b>Fa</b>                   <b>Sol</b>
Que todo irá bien, que siempre estaré
            <b>la m</b>                 <b>mi m</b>
Pa' verme volando debajo de tus pies
             <b>Fa</b>              <b>Sol</b>
Que todo irá bien, nunca dudaré
               <b>la m</b>                 <b>mi m</b>
Que tú eres la vida que siempre busqué

             <b>Fa</b>
Pero no era amor
           <b>Sol</b>
Ese no era yo
              <b>Do</b> <b>Sol</b> <b>Fa</b>
Pero todo irá bien
              <b>Do</b> <b>Sol</b> <b>Fa</b>
Pero todo irá bien
</strong>
   <b>Do</b>
Te quiero
                <b>mi m</b>
Pero nunca supe cuánto
             <b>la m</b>
No te sabía amar
                      <b>Sol</b>       <b>Fa</b>
Porque a quien amé nunca me enseñó

              <b>Sol</b>
En ti, me refugié
   <b>Mi</b>                  <b>la m</b>    <b>Fa</b>
Se me da bien ser el cobarde
              <b>Sol</b>
Si esto es el cielo
     <b>Mi</b>                  <b>la m</b>
¿Por qué me lo tapan las nubes?
<strong>
           <b>Fa</b>                    <b>Sol</b>
Si todo va bien, que siempre estaré
            <b>la m</b>                 <b>mi m</b>
Pa' verme volando debajo de tus pies
             <b>Fa</b>              <b>Sol</b>
Que todo irá bien, nunca dudaré
               <b>la m</b>                 <b>Sol</b>
Que tú eres la vida que siempre busqué

            <b>Fa</b>
Pero no era amor
           <b>Sol</b>
Ese no era yo
              <b>Do</b> <b>Sol</b> <b>Fa</b>
Pero todo irá bien
              <b>Do</b> <b>Sol</b> <b>Fa</b>
Pero todo irá bien
              <b>Do</b> <b>Sol</b> <b>Fa</b>
Pero todo irá bien
              <b>Do</b> <b>Sol</b> <b>Fa</b>
Pero todo irá bien
</strong>
<span id=cejilla-original>2</span>
