<b>la m</b>                 <b>La 7</b>       <b>re m</b>
Haz que entendamos, Padre del cielo,
          <b>la m</b>         <b>Mi</b>    <b>la m</b>
que todos somos de tu propiedad
                   <b>La 7</b>      <b>re m</b>
y que formamos una gran familia
          <b>la m</b>      <b>Mi</b>     <b>la m</b>
en la que nadie se queda atrás.
<strong>
            <b>Mi</b>                 <b>la m</b>
Los que son ricos, los que son pobres,
           <b>re m7</b>       <b>Sol</b>    <b>Do</b>
quien vive libre y en la prisión.
          <b>Mi</b>                <b>la m</b>
Los que nacieron, los que murieron,
  <b>Sol</b>    <b>Fa</b>         <b>Mi</b>    <b>la m</b>
incluso aquel que jamás nació.
</strong>
          <b>la m</b>           <b>La 7</b>      <b>re m</b>
Nos damos cuenta que el mundo es bueno
      <b>la m</b>         <b>Mi</b>        <b>la m</b>
todos hablamos de querernos más.
          <b>la m</b>      <b>La 7</b>        <b>re m</b>
Pero al final todo queda en familia
         <b>la m</b>           <b>Mi</b>  <b>la m</b>
¡nos olvidamos de la humanidad!
<strong>
              <b>Mi</b>             <b>la m</b>
Los que a las puertas de las iglesias
      <b>re m7</b>          <b>Sol</b> <b>Do</b>
piden limosnas "por caridad"
          <b>Mi</b>                <b>la m</b>
no son distintos de los que entran
  <b>Sol</b>    <b>Fa</b>          <b>Mi</b>    <b>la m</b>
y sí más dignos de poder entrar.
</strong>
      <b>la m</b>        <b>La 7</b>    <b>re m</b>
Esta familia que hoy te canta
           <b>la m</b>    <b>Mi</b>     <b>la m</b>
quiere ofrecerse a los demás,
                <b>La 7</b>     <b>re m</b>
soñar que todos vivamos juntos
               <b>la m</b>           <b>Mi</b>   <b>la m</b>
y hacer que el sueño se haga realidad.
<strong>
          <b>Mi</b>              <b>la m</b>
Los niños rubios, mujeres negras,
         <b>re m7</b>      <b>Sol</b>  <b>Do</b>
ancianos blancos y de color,
          <b>Mi</b>                <b>la m</b>
somos tus hijos, Tú nuestro Padre
    <b>Sol</b>   <b>Fa</b>       <b>Mi</b>     <b>la m</b>
y a todos das tu supremo amor.
</strong>
      <b>Mi</b>                <b>la m</b>
Todos unidos en las alegrías, 
          <b>re m7</b>    <b>Sol</b>     <b>Do</b>
en la esperanza y en el dolor,
        <b>Mi</b>              <b>la m</b>
en el camino y en el destino,
   <b>Sol</b>      <b>Fa</b>             <b>Mi</b>   <b>la m</b>
siguiendo a Cristo como Él nos amó.
strong>
          <b>Mi</b>              <b>la m</b>
Los niños rubios, mujeres negras,
         <b>re m7</b>      <b>Sol</b>  <b>Do</b>
ancianos blancos y de color,
          <b>Mi</b>                <b>la m</b>
somos tus hijos, Tú nuestro Padre
    <b>Sol</b>   <b>Fa</b>       <b>Mi</b>     <b>la m</b>
y a todos das tu supremo amor.
</strong>
