<b>si m</b>
Que todos sonriamos juntos

todos nos sintamos uno,
<b>mi m</b>
todos andando senderos,

llanos y desfiladeros.
<b>La</b>
Todos en el mismo barco,
                     <b>La 7</b>
con los gozos y fracasos,
 <b>Re</b>          <b>Fa#</b>
así, ¡que feliz!.

<b>si m</b>
Tu alegría, mi alegría,

tu amargura, mi amargura,
<b>mi m</b>
tu pobreza, mi pobreza,

tu riqueza, mi riqueza,
<b>La</b>
tu camino, mi camino,
                       <b>La 7</b>
tu destino, mi destino,
         <b>Re</b>  <b>Fa#</b>
he de sentir.

<b>mi m</b>         <b>Fa#</b>
En mi alma siento,
        <b>si m</b>           <b>Si 7</b>
¡esa es la felicidad!
<b>Fa#</b>
pierdo hasta el aliento
      <b>si m</b>              <b>Si 7</b>
al pensar lo que será.
<b>mi m</b>          <b>La 7</b>
Ven, sabor a mí,
<b>Re</b>          <b>si m</b>
no huyas de mí,
<b>Fa#</b>
hasta no sentirte
          <b>si m</b> <b>Si 7</b>
no seré feliz.
<b>mi m</b>            <b>La 7</b>
Que Tu seas de mí,
<b>Re</b>            <b>si m</b>
que yo sea de Ti,
<b>mi m</b>         <b>Fa#</b>            <b>si m</b>
que todos vivamos siempre así.
