<b>Sol</b>
Mientras haya un horizonte 
     <b>Do</b>
en esta tierra,
<b>Sol</b>                                <b>Re</b>
mientras no pierdas las ganas de reír,
<b>Do</b>
mientras brille en nuestro cielo
         <b>Sol</b>
alguna estrella,
      <b>Re</b>            <b>Do</b>        <b>Sol</b>
no te rindas, no te canses de vivir.
<strong>
              <b>Re</b>                <b>mi m</b> <b>Re</b>
Todo va a ir bien, todo va a ir bien.
<b>Do</b>           (<b>Re</b>)              <b>Sol</b>
Todo, todo, todo, todo va a ir bien.
</strong>
<b>Sol</b>
Mientras haya quien denuncie 
        <b>Do</b>
en las aceras
<b>Sol</b>
la injusticia, 
                    <b>Re</b>
las promesas sin cumplir
         <b>Do</b>
Mientras quede algún peldaño 
        <b>Sol</b>
en tu escalera
      <b>Re</b>           <b>Do</b>          <b>Sol</b>
no te pares, no lo dejes sin subir.

<b>Sol</b>
Mientras siga amaneciendo
         <b>Do</b>
en cada aldea,
<b>Sol</b>
mientras falte una canción
         <b>Re</b>
por escribir,
         <b>Do</b>
mientras sepas que aún
              <b>Sol</b>
te merece la pena
<b>Re</b>
no te calles, 
      <b>Do</b>         <b>Sol</b>
no te quedes sin decir...
<strong>
              <b>Re</b>                <b>mi m</b> <b>Re</b>
Todo va a ir bien, todo va a ir bien.
<b>Do</b>           (<b>Re</b>)              <b>Sol</b>
Todo, todo, todo, todo va a ir bien.
              <b>Re</b>              <b>mi m</b> (<b>Re</b>)
Todo va a ir bien, todo va a ir bien.
         <b>Do</b>          <b>Re</b>
De algún modo sé que todo,
       <b>Sol</b>
todo va a ir bien.
</strong>
<b>Re</b>                <b>Do</b>
Hay ventanas en mitad de mi ciudad,
      <b>Sol</b>
hay palabras en el aire,
        <b>Re</b>
que nos hacen confiar.
                  <b>Do</b>
Y certezas que nos dan la libertad,
      <b>Sol</b>
que nos hablan de utopías,
       <b>Re</b>
que contagian valentía
        <b>Do</b>            <b>Re</b>         <b>Sol</b>
que nos muestran un camino por andar.
<strong>
              <b>Re</b>                <b>mi m</b> <b>Re</b>
Todo va a ir bien, todo va a ir bien.
<b>Do</b>           (<b>Re</b>)              <b>Sol</b>
Todo, todo, todo, todo va a ir bien.
              <b>Re</b>              <b>mi m</b> (<b>Re</b>)
Todo va a ir bien, todo va a ir bien.
         <b>Do</b>          <b>Re</b>
De algún modo sé que todo,
       <b>Sol</b>
todo va a ir bien.
</strong>
