<b>Do</b>
Cuando más secas están las esperanzas
                            <b>Sol</b>
tu lluvia desciende en tu Palabra
        <b>Fa</b>
y haces rebrotar los ríos
    <b>fa# m</b>
y renacen nuevas flores
         <b>Do</b>              <b>Sol</b>
en los caminos, en los caminos.
   <b>Do</b>
En cada desierto hay nacimiento.

Me despojas poco a poco 
           <b>Sol</b>
del hombre viejo.
     <b>Fa</b>
Me rehaces con ternura
    <b>fa m</b>
y renazco con más fuerza
      <b>Do</b>         <b>Sol</b>
a tu amor, a tu amor. (**)

          <b>Do</b>
Final: Tu lluvia desciende 

       por la ventana
