<b>Sol 6</b>     <b>la m7</b>     <b>si m7</b>
Los profetas anunciaban
    <b>Do maj7</b>   <b>la m7</b>     <b>Sol 6</b>
que Dios iba a intervenir,
<b>do m</b>               <b>Sol 6</b> <b>mi m</b>
que mandaría a su Hijo
<b>Do maj7</b>         <b>la m7</b>
para podernos decir
<b>Sol</b>       <b>la m7</b>     <b>si m7</b>
que somos todos hermanos
<b>Do maj7</b>    <b>la m7</b>       <b>Sol 6</b>
porque es Él nuestro ABBA,
<b>do m</b>                     <b>Sol</b> <b>mi m</b>
que ha elegido hacerse humano
<b>Do maj7</b>     <b>la m</b> <b>Do /</b><b>Re</b> <b>Fa 7/</b><b>Re</b> <b>Sol 6</b>
y que a su Hijo      mandaba.

<b>Sol 6</b>      <b>la m7</b>    <b>si m7</b> <b>Do /</b><b>Re</b>
Pudiste tenerlo todo
<b>Sol 6</b>    <b>la m7</b>      <b>si m7</b>
pero elegiste ser pobre
<b>do m</b>               <b>Sol 6</b> <b>mi m</b>
porque no quieres dinero
<b>Do maj7</b>            <b>Re</b>
sino nuestros corazones.
<b>Sol 6</b>   <b>la m7</b>      <b>si m7</b>   <b>Do /</b><b>Re</b>
En el frío de la noche
Sol6       lam7  dim7  Do/Re
te bastaba disfrutar
<b>do m</b>               <b>Sol 6</b> <b>mi m</b>
del calor de una familia
<b>Do maj7</b>     <b>la m7</b>   <b>Do /</b><b>Re</b> <b>Fa 7/</b><b>Re</b>
    en una cuadra
<b>Sol</b>         <b>la m7</b> <b>si m7</b> <b>Do /</b><b>Re</b>
hecha hogar
<strong>
<b>do m</b>                  <b>Sol</b>
Te hiciste niño en Belén.
<b>la m7</b>              <b>Re 9</b>
Tú te quisiste encarnar
<b>do m</b>      <b>Re</b>        <b>Sol</b>   <b>mi m</b>
para que todos los hombres
<b>Do maj7</b>                      <b>la m7</b>
(<span id="reserved">2ª:</span>  <b>la m</b> <b>Do /</b><b>Re</b> <b>Fa 7/</b><b>Re</b> <b>Sol</b>  <b>la m7</b>)
te pudieran             abrazar. (**)
</strong>
<b>si m7</b> <b>Do /</b><b>Re</b> <b>Fa 7/</b><b>Re</b>

<b>Sol 6</b>      <b>la m7</b>  <b>si m7</b>  <b>Do /</b><b>Re</b>
Viniste para vendar
<b>Sol 6</b>       <b>la m7</b>  <b>si m7</b>
el corazón desgarrado
<b>do m</b>                  <b>Sol</b>
de quien sufre la violencia,
<b>la m7</b>                <b>Re</b>   <b>Do /</b><b>Re</b>
la soledad, el desamparo.
<b>Sol</b>          <b>la m7</b>   <b>si m7</b>  <b>Do /</b><b>Re</b>
Naciendo hiciste brotar
<b>Sol</b>         <b>la m7</b>  <b>si m7</b>   <b>Do /</b><b>Re</b>
la justicia y el amor.
<b>do m</b>              <b>Sol</b> <b>mi m</b>
Por eso todos cantamos
<b>Do maj7</b>    <b>la m7</b> <b>Do /</b><b>Re</b> <b>Fa 7/</b><b>Re</b>
"Ha nacido
   <b>Sol 6</b>      <b>la m7</b> <b>si m7</b> <b>Do /</b><b>Re</b> <b>Fa 7/</b><b>Re</b>
El Salvador"
<strong>
<b>do m</b>                  <b>Sol</b>
Te hiciste niño en Belén.
<b>la m7</b>              <b>Re 9</b>
Tú te quisiste encarnar
<b>do m</b>      <b>Re</b>        <b>Sol</b>   <b>mi m</b>
para que todos los hombres
<b>Do maj7</b>                      <b>la m7</b>
(<span id="reserved">2ª:</span>  <b>la m</b> <b>Do /</b><b>Re</b> <b>Fa 7/</b><b>Re</b> <b>Sol</b>  <b>la m7</b>)
te pudieran             abrazar. (**)

<b>do m</b>               <b>Sol</b>
Y nos diste tu ternura, 
<b>la m7</b>            <b>Re</b>
desde la fragilidad,
<b>do m</b>        <b>Re</b>      <b>Sol</b> <b>mi m</b>
de un niño recién nacido
<b>Do maj7</b> <b>la m7</b> <b>Do /</b><b>Re</b> <b>Fa 7/</b><b>Re</b> <b>Sol</b>   <b>la m7</b>
que se deja              acurrucar.
</strong>
<span id="reserved">Final:</span> <b>si m7</b> <b>Do maj7</b> <b>la m7</b> <b>Sol 6</b>
