<b>Do</b>
Mantendré los oídos abiertos,
          <b>Sol</b>
los ojos atentos.
       <b>la m</b>              <b>Sol</b>
Hoy te elijo, hoy te consagro
               <b>Do</b>
para que estés siempre en mí.
       <b>la m</b>
Mi corazón estará siempre en Ti.
         <b>Fa</b>            <b>Sol</b>
Mis ojos estarán siempre en Ti. (**)

<b>Do</b>                         <b>Sol</b> <b>la m</b>
Tú, mi pilar, sostén de mi vida.
             <b>Fa</b>                 <b>Do</b> <b>Sol</b>
Apoyo en mis dudas, luz de mi camino.
<b>Do</b>                         <b>Sol</b> <b>la m</b>
Tú, mi pilar, transforma mi alma.
                <b>Fa</b>  <b>fa m</b>      <b>Do</b>
Trae paz, tráeme calma espero en Ti.
