<b>Mi</b>           <b>La</b>
Arraigado en Ti, Señor,
<b>Mi</b>                <b>La</b>
con mis raíces en Ti,
<b>do# m</b>            <b>sol# m</b>
como el árbol junto a las aguas
<b>La</b>        <b>Si</b>
quiero vivir.

<b>Mi</b>           <b>La</b>
Arraigado en Ti, Señor,
<b>Mi</b>          <b>La</b>
entregado a Ti,
<b>do# m</b>       <b>sol# m</b>
como sal y luz en la tierra
 <b>La</b>             <b>Si</b>
unido siempre a Ti.
<strong>
<b>La</b>             <b>Si</b>
Tú mi raíz, mi fuente de amor.
<b>Mi</b>      (<b>Si</b>)       <b>do# m</b>
Tú mi cimiento, mi roca, mi Dios,
La Si    Mi    (1ª vez: Mi7)
Tú, mi Señor. (**)
</strong>
<b>Mi</b>           <b>La</b>
Edificado en Ti, Señor,
<b>Mi</b>       <b>La</b>
yo confiaré.
<b>do# m</b>        <b>sol# m</b>
Cada día Tú me sostienes
<b>La</b>          <b>Si</b>
firme en la fe.

<b>Mi</b>           <b>La</b>
Edificado en Ti, Señor,
<b>Mi</b>                 <b>La</b>
en las tormentas nada temeré.
<b>do# m</b>             <b>sol# m</b>
Los fracasos y los problemas
     <b>La</b>              <b>Si</b>
no harán temblar mis pies.
<strong>
<b>La</b>             <b>Si</b>
Tú mi raíz, mi fuente de amor.
<b>Mi</b>      (<b>Si</b>)       <b>do# m</b>
Tú mi cimiento, mi roca, mi Dios,
La Si    Mi    (1ª vez: Mi7)
Tú, mi Señor. (**)
</strong>
