<b>Re</b>      <b>Sol</b>     <b>si m</b>     <b>La</b>
(Ubuntu, Ubuntu, Ubuntu, Uh) (**)

<b>Re</b>         <b>Sol</b>
Hacen falta muchas manos 
<b>si m</b>         <b>La</b>
listas para construir.
<b>Re</b>        <b>Sol</b>
Hacen falta muchos ojos 
<b>si m</b>        <b>La</b>
para ver y descubrir.
<b>Re</b>    <b>Sol</b>   <b>si m</b>    <b>La</b>
Hacen falta muchos pies 
<b>Re</b>     <b>Sol</b>   <b>si m</b> <b>La</b>
dispuestos a caminar,
<b>Re</b>                 <b>Do</b>    <b>Sol</b> <b>La</b>
y es que hay tanto por hacer,
 <b>Re</b>      <b>Sol</b>
(Ubuntu, Ubuntu).
<b>si m</b>                  <b>La</b>
Yo solo no soy capaz,
 <b>Re</b>   <b>Sol</b> <b>si m</b>    <b>La</b>
(Umba-jé, umba umba-jé)
 <b>Re</b>   <b>Sol</b> <b>si m</b>    <b>La</b>
(Umba-jé, umba umba)
<strong>
   <b>Re</b>     <b>Sol</b>      <b>si m</b>    <b>La</b>
Si juntos somos tu Cuerpo, 
<b>Re</b>             <b>La 7</b> <b>La</b>
todo se puede afrontar.
<b>Re</b>         <b>mi m</b>    <b>fa# m</b>  <b>Sol</b> <b>La</b>
Queremos vivir tu Reino...   

sin dejar a nadie atrás.
<b>Re</b>     <b>Sol</b>     <b>si m</b>    <b>La</b>
Ubuntu Ubuntu, Ubuntu Uh... (**)
</strong>
<b>Re</b>              <b>Sol</b>
En el mundo hay mucha gente 
<b>si m</b>          <b>La</b>
que no tiene lo esencial.
<b>Re</b>           <b>Sol</b>
Si tú tienes suficiente, 
<b>si m</b>         <b>La</b>
lo puedes solucionar:
<b>Re</b>    <b>Sol</b>  <b>si m</b>          <b>La</b>
No consientas que tu hermano, 
<b>Re</b>      <b>Sol</b>       <b>si m</b> <b>La</b>
sufra de hambre o soledad. 
<b>Re</b>           <b>Do</b>       <b>Sol</b> <b>La</b>
Si enlazamos nuestras manos...,
 <b>Re</b>      <b>Sol</b>
(Ubuntu, Ubuntu)
<b>si m</b>               <b>La</b>
seremos Comunidad.
 <b>Re</b>   <b>Sol</b> <b>si m</b>    <b>La</b>
(Umba-jé, umba umba-jé)
 <b>Re</b>   <b>Sol</b> <b>si m</b>     <b>La</b>
(Umba-jé, umba umba)
<strong>
   <b>Re</b>     <b>Sol</b>      <b>si m</b>    <b>La</b>
Si juntos somos tu Cuerpo, 
<b>Re</b>             <b>La 7</b> <b>La</b>
todo se puede afrontar.
<b>Re</b>         <b>mi m</b>    <b>fa# m</b>  <b>Sol</b> <b>La</b>
Queremos vivir tu Reino...   

sin dejar a nadie atrás.
<b>Re</b>     <b>Sol</b>     <b>si m</b>    <b>La</b>
Ubuntu Ubuntu, Ubuntu Uh... (**)
</strong>
<b>Re</b>          <b>Sol</b>
Los hombres somos familia, 
<b>si m</b>        <b>La</b>
cada miembro es esencial,
<b>Re</b>          <b>Sol</b>
No puede faltar ninguno, 
<b>si m</b>          <b>La</b>
en la Tierra nuestro hogar.
<b>Re</b>      <b>Sol</b> <b>si m</b>    <b>La</b>
Dios provee para todos,
<b>Re</b>  <b>Sol</b>     <b>si m</b> <b>La</b>
dejemos de acaparar.
<b>Re</b>          <b>Do</b>      <b>Sol</b> <b>La</b>
Compartamos nuestra vida...,
 <b>Re</b>      <b>Sol</b>
(Ubuntu, Ubuntu)
<b>si m</b>                         <b>La</b>
nuestro tiempo, nuestra sal
 <b>Re</b>   <b>Sol</b> <b>si m</b>    <b>La</b>
(Umba-jé, umba umba-jé)
 <b>Re</b>   <b>Sol</b> <b>si m</b>     <b>La</b>
(Umba-jé, umba umba)
<strong>
   <b>Re</b>     <b>Sol</b>      <b>si m</b>    <b>La</b>
Si juntos somos tu Cuerpo, 
<b>Re</b>             <b>La 7</b> <b>La</b>
todo se puede afrontar.
<b>Re</b>         <b>mi m</b>    <b>fa# m</b>  <b>Sol</b> <b>La</b>
Queremos vivir tu Reino...  

sin dejar a nadie atrás.
<b>Re</b>     <b>Sol</b>     <b>si m</b>    <b>La</b>
Ubuntu Ubuntu, Ubuntu Uh... (**)
</strong>
<b>Re</b>     <b>Sol</b>     <b>si m</b>    <b>La</b>
Ubuntu Ubuntu, Ubuntu Uh,
<b>Re</b>   <b>Sol</b> <b>si m</b>      <b>La</b>
Umba-jé, umba umbajé
<b>Re</b>     <b>Sol</b>     <b>si m</b>    <b>La</b>
Ubuntu Ubuntu, Ubuntu Uh,
<b>Re</b>   <b>Sol</b> <b>si m</b>      <b>La</b>
Umba-jé, umba umbajé
            <b>Re</b>
Queremos cantar
 <b>Re</b>     <b>Sol</b>     <b>si m</b>    <b>La</b>
(Ubuntu Ubuntu, Ubuntu Uh)
 <b>Re</b>   <b>Sol</b> <b>si m</b>     <b>La</b>
(Umba-jé, umba umba-jé)

<b>si m</b>  <b>La</b>
Dejemos de acaparar
 <b>Re</b>     <b>Sol</b>     <b>si m</b>    <b>La</b>
(Ubuntu Ubuntu, Ubuntu Uh)
 <b>Re</b>   <b>Sol</b> <b>si m</b>     <b>La</b>
(Umba-jé, umba umba-jé)

           <b>Re</b>
Queremos cantar
 <b>Re</b>     <b>Sol</b>      <b>si m</b>
(Ubuntu Ubuntu, Ubuntu Uh)
 <b>Re</b>   <b>Sol</b> <b>si m</b>     <b>La</b>
(Umba-jé, umba umba-jé)

<b>si m</b>  <b>La</b>
Cada miembro es esencial
<b>Re</b>     <b>Sol</b>     <b>si m</b>    <b>La</b>
Ubuntu Ubuntu, Ubuntu Uh
<b>Re</b>  <b>Sol</b> <b>si m</b>     <b>La</b>
Umbajé, umba umba-jé

<b>si m</b>                 <b>La</b>
Sin dejar a nadie atrás.
<b>Re</b>      <b>Sol</b>     <b>si m</b>     <b>La</b>
Ubuntu, Ubuntu, Ubuntu, Uh (**)
