<b>Sol</b>
Un nuevo sitio disponed
  <b>Do</b>          <b>Sol</b>
para un amigo más,
                   <b>mi m</b>
un poquitín que os estrechéis
  <b>la m</b>         <b>Re</b>
y se podrá sentar.
  <b>Sol</b>
Para eso sirve la amistad,
   <b>Re</b>          <b>Sol</b>
si llega la ocasión,
  <b>Do</b>           <b>Sol</b>
hablémosle con libertad
  <b>Do</b>         <b>Sol</b>
y con el corazón,
   <b>Do</b>              <b>Sol</b>
él con su amor nos pagará
  <b>Do</b>       <b>Re</b>    <b>Sol</b>
y alegrará la reunión.

<b>Sol</b>
Un nuevo sitio disponed
  <b>Do</b>          <b>Sol</b>
para un amigo más

un poquitín que os estrechéis

un poquitín que os estrechéis
<b>Do</b>              <b>Re</b>
y se podrá acomodar.
<b>Sol</b>
Para eso sirve la amistad,
       <b>Do</b>     <b>mi m</b> <b>Sol</b>
para estar en reunión.
<b>Do</b>             <b>Sol</b>
Hablémosle con libertad
  <b>Do</b>         <b>Sol</b>
y con el corazón,
   <b>Do</b>              <b>Sol</b>
él con su amor nos pagará,
  <b>Do</b>       <b>Re</b>    <b>Sol</b>
y alegrará la reunión.
