<strong>
<b>La</b>     <b>Mi</b>      <b>fa# m</b>
No, no necesito más
   <b>do# m</b>     <b>Re</b> <b>Mi</b>     <b>La</b> <b>Mi</b>
No necesito más, solo fe
<b>La</b>     <b>Mi</b>       <b>fa# m</b>
No, no necesito más
       <b>do# m</b>          <b>Re</b>
para andar sobre los mares
               <b>La</b> <b>Mi</b>
que un poco de fe.
</strong>
<b>La</b>                  <b>fa# m</b>
Vivo en la contradicción
                      <b>Re</b>
de no andar por tus caminos,
                      <b>La</b>
aunque sé que es lo mejor.
                       <b>fa# m</b>
No, no hago caso, me resisto,
                 <b>Re</b>
no ahondo, me despisto,
                     <b>La</b>
ni siquiera sé quién soy.
<b>Do# 7</b>                 <b>fa# m</b>
Que tu luz me ayude a ver
<b>Re</b>                     <b>La</b>
el sendero que he de andar
                    <b>Mi</b>
para llegar a mi verdad.
<b>Do# 7</b>                 <b>fa# m</b>
Hazme, Padre, comprender 
<b>Re</b>              <b>La</b>
que nada es imposible.
                 <b>Mi</b>
Puedo volver a nacer.
<strong>
<b>La</b>     <b>Mi</b>      <b>fa# m</b>
No, no necesito más
   <b>do# m</b>     <b>Re</b> <b>Mi</b>     <b>La</b> <b>Mi</b>
No necesito más, solo fe
<b>La</b>     <b>Mi</b>       <b>fa# m</b>
No, no necesito más
       <b>do# m</b>          <b>Re</b>
para andar sobre los mares
               <b>La</b> <b>Mi</b>
que un poco de fe.
</strong>
<b>La</b>                  <b>fa# m</b>
Vivo en la contradicción
                  <b>Re</b>
de no ver a mis hermanos
                  <b>La</b>
y me cierro en mi yo.
                    <b>fa# m</b>
Lucho, me canso y desisto.
                     <b>Re</b>
No me encuentro a mí mismo
                  <b>La</b>
y me siento aún peor.
ni siquiera sé quién soy.
<b>Do# 7</b>                 <b>fa# m</b>
Que tu luz me ayude a ver
<b>Re</b>                     <b>La</b>
el sendero que he de andar
                    <b>Mi</b>
para llegar a mi verdad.
<b>Do# 7</b>                 <b>fa# m</b>
Hazme, Padre, comprender 
<b>Re</b>              <b>La</b>
que nada es imposible.
                 <b>Mi</b>
Puedo volver a nacer.
<strong>
<b>La</b>     <b>Mi</b>      <b>fa# m</b>
No, no necesito más
   <b>do# m</b>     <b>Re</b> <b>Mi</b>     <b>La</b> <b>Mi</b>
No necesito más, solo fe
<b>La</b>     <b>Mi</b>       <b>fa# m</b>
No, no necesito más
       <b>do# m</b>          <b>Re</b>
para andar sobre los mares
               <b>La</b> <b>Mi</b>
que un poco de fe.
</strong>
