<strong>
<b>mi m</b>                         <b>Re</b>
Un pueblo que camina por el mundo
   <b>Do</b>       <b>Re</b>    <b>mi m</b>
gritando: «¡Ven Señor!»
                            <b>Re</b>
Un pueblo que busca en esta vida
   <b>Do</b>     <b>Re</b>   <b>mi m</b>
la gran liberación.
</strong>
    <b>la m</b>              <b>Re</b>        <b>Si 7</b>
Los pobres siempre esperan el amanecer
      <b>la m</b>     <b>Re</b>          <b>mi m</b>
de un día más justo y sin opresión.
    <b>la m</b>          <b>Re</b>
Los pobres hemos puesto 
       <b>Si 7</b>      <b>mi m</b>        <b>Si 7</b>
la esperanza en ti, libertador.

   <b>la m</b>           <b>Re</b>           <b>Si 7</b>
Salvaste nuestra vida de la esclavitud,
  <b>la m</b>          <b>Re</b>
esclavos de la ley, 
             <b>mi m</b>
sirviendo en el temor.
  <b>la m</b>          <b>Re</b>
Nosotros hemos puesto 
        <b>Si 7</b>    <b>mi m</b>            <b>Si 7</b>
la esperanza en ti, Dios del amor.

    <b>la m</b>          <b>Re</b>
El mundo, por la guerra, 
       <b>Si 7</b>
sangra sin razón,
  <b>la m</b>          <b>Re</b>           <b>mi m</b>
familias destrozadas buscan un hogar.
     <b>la m</b>       <b>Re</b>
El mundo tiene puesta 
       <b>Si 7</b>      <b>mi m</b>            <b>Si 7</b>
su esperanza en ti, Dios de la paz.
