         <b>C# m</b>
Eres tan dura, 
                  <b>A</b>
como la piedra de mi mechero.
           <b>E</b>                  <b>B</b>
Me asaltan dudas, de si te quiero.
           <b>C# m</b>              <b>A</b>
Y eres tan fría, ay como el agua
         <b>E</b>              <b>B</b>
Que baja libre de la montaña.

          <b>C# m</b>               <b>A</b>
Y no lo entiendo, fue tan efímero
        <b>E</b>
El caminar de tu dedo en mi espalda 
<b>B</b>
dibujando un corazón
            <b>C# m</b>           <b>A</b>
Y pido al cielo que sepa comprender
       <b>E</b>
Estos ataques de celos que me entran
            <b>B</b>
si yo no te vuelvo a ver.
<strong>
             <b>C# m</b>
Le pido a la luna que alumbre tu vida
               <b>A</b>
La mía hace ya tiempo 

que yace encendida.
              <b>B</b>
Con lo que me cuesta 

querer sólo al rato
             <b>A</b>                <b>G#</b>
Mejor no te quiero será más barato
            <b>A</b>
Cansado de ser el triste violinista 
                 <b>G#</b>
que está en tu tejado.
<b>A</b>                <b>B</b>               <b>C# m</b>
 Tocando pal inglés siempre desafinado.
 </strong>
         <b>C# m</b>
Eres tan tenue, 
                        <b>A</b>
como la luz que alumbra en mi vida
         <b>E</b>             <b>B</b>
La más madura fruta prohibida
        <b>C# m</b>          <b>A</b>
Tan diferente y parecida
         <b>E</b>                     <b>B</b>
A la tormenta que se llevó mi vida

    <b>B</b>                   <b>C# m</b>
Mientras rebusco en tu basura
    <b>B</b>                  <b>A</b>
Nos van creciendo los enanos
   <b>B</b>                        <b>C# m</b>
De este circo que un día montamos
<b>B</b>                  <b>A</b>
 Pero que no quepa duda
    <b>B</b>                 <b>C# m</b>
Muy pronto estaré liberado
    <b>B</b>                    <b>A</b>
Porque el tiempo todo lo cura
    <b>B</b>                     <b>C# m</b>
Porque un clavo saca otro clavo
<b>B</b>              <b>A</b>
 Siempre desafinado (2x)
