<b>Mi</b>
Estamos en un túnel, 
<b>fa# m</b>
perdidos y sin luz,
<b>Si</b>                        <b>La</b>      <b>Mi</b>
dando palos de ciego y buscando salir.

Chocamos con las sombras 
<b>fa# m</b>
que hay alrededor
<b>Si</b>
y corremos con miedo 
       <b>La</b>        <b>Mi</b>
por el gran corredor.

<b>Mi</b>                   <b>fa# m</b>
El viento ha apagado la luz interior,
<b>Si</b>                <b>La</b>           <b>Mi</b>
nos ha desunido y sembró el terror.
                 <b>fa# m</b>
Pero si cada uno enciende su luz,
<b>Si</b>                   <b>La</b>       <b>Mi</b>
servirá de guía y habrá más calor.
<strong>
<b>Mi</b>                 <b>La</b>
Y Él vendrá, no lo dudes, 
      <b>Si</b>       <b>Mi</b>
algún día llegará
    <b>La</b>              <b>Si</b>         <b>Mi</b>
y vendrá a llevarlo todo. Llegará. 
        <b>La</b>           <b>Si</b>        <b>Mi</b>
Nuestra lámpara encendida encontrará.
       <b>La</b>          <b>Si</b>        <b>Mi</b> <b>La</b> <b>la m</b>
Y desde ese día habrá más claridad.
</strong>
<b>Mi</b>              <b>fa# m</b>
Mantén encendida tu luz interior,
<b>Si</b>                   <b>La</b>      <b>Mi</b>
comparte tu fuego, infunde valor.
                       <b>fa# m</b>
No dejes que el tiempo apague tu luz,
<b>Si</b>                  <b>La</b>       <b>Mi</b>
verás cómo un día veremos el sol.
<strong>
     <b>Mi</b>                 <b>La</b>
Porque Él vendrá, no lo dudes, 
      <b>Si</b>       <b>Mi</b>
algún día llegará
    <b>La</b>              <b>Si</b>         <b>Mi</b>
y vendrá a llevarlo todo. Llegará. 
        <b>La</b>           <b>Si</b>        <b>Mi</b>
Nuestra lámpara encendida encontrará.
       <b>La</b>          <b>Si</b>        <b>Mi</b> <b>La</b> <b>la m</b>
Y desde ese día habrá más claridad.
</strong>
