<b>La</b>          <b>Re</b>      <b>La</b>
Cuando las fuerzas aflojan
 <b>Re</b>   <b>fa# m</b>        <b>Mi</b>
Tú me das con qué seguir.

<b>La</b>         <b>Re</b>         <b>La</b>
Cuando me ciego y me agobio 
<b>Re</b>  <b>fa# m</b>        <b>Mi</b>
Tú serenas mi vivir.

   <b>si m</b>    <b>fa# m</b>   <b>si m</b> <b>Mi</b> <b>La 9</b>
Confío en Ti, en Ti confié.
  <b>Re</b>           <b>Mi</b>       <b>fa# m</b> <b>Mi</b>
Una vez más en Ti esperaré.
  <b>Re</b>           <b>Mi</b>       <b>fa# m</b> <b>Mi</b>
Una vez más en Ti esperaré.
  <b>Re</b>           <b>Mi</b>       <b>La</b>
Una vez más en Ti esperaré,
<b>Re</b>      <b>Mi</b>    <b>La</b>
una vez más en Ti,
<b>Re</b> <b>Mi</b>    <b>La</b>  <b>Re</b>   <b>Mi</b>  <b>La</b>
yo esperaré, yo esperaré.
