<b>Sol</b>         <b>Do</b>           <b>Sol</b>
Una espiga dorada por el sol,
                           <b>Re</b>
el racimo que corta el viñador,
      <b>Do</b>
se convierten ahora
         <b>Sol</b>
en pan y vino de amor,
     <b>la m</b>          <b>Re 7</b>          <b>Sol</b>
en el cuerpo y la sangre del Señor.

     <b>Sol</b>       <b>Do</b>         <b>Sol</b>
Compartimos la misma comunión,
                            <b>Re</b>
somos trigo del mismo sembrador,
    <b>Do</b>                  <b>Sol</b>
un molino la vida nos tritura con dolor
         <b>la m</b>         <b>Re 7</b>        <b>Sol</b>
Dios nos hace Eucaristía en el amor.

     <b>Sol</b>            <b>Do</b>             <b>Sol</b>
Como granos que han hecho el mismo pan,
                           <b>Re</b>
como notas que tejen un cantar,
     <b>Do</b>
como gotas de agua 
        <b>Sol</b>
que se funden en el mar
        <b>la m</b>       <b>Re 7</b>         <b>Sol</b>
los cristianos un cuerpo formarán.

      <b>Sol</b>      <b>Do</b>          <b>Sol</b>
En la mesa de Dios se sentarán,
                             <b>Re</b>
como hijos de su pan comulgarán,
    <b>Do</b>                  <b>Sol</b>
una misma esperanza caminando cantarán,
      <b>la m</b>         <b>Re 7</b>          <b>Sol</b>
en la vida como hermanos se amarán.
