<b>Sol</b>
Aunque todo esto termine,
<b>Do</b>       <b>Re</b>     <b>Sol</b>
y no nos veamos más,
<b>mi m</b>
la esperanza, aquí nacida,
 <b>Do</b>               <b>Re</b>
nunca, nunca, morirá.
<b>mi m</b>                    <b>si m</b>
Aunque grises sean los días,
<b>Do</b>   <b>Re</b>         <b>Sol</b>
o tengamos vendaval,
                      <b>Re</b>
ni los truenos ni los rayos
<b>La 7</b>       <b>Do</b>       <b>Re</b>
a la esperanza matarán.
<strong>
<b>Sol</b>  <b>Do</b>          <b>Sol</b>
Unos tienen la mirada
      <b>Do</b>         <b>Re</b>
otros hacen de motor,
      <b>Sol</b>    <b>Do</b>     <b>Sol</b>
y a nosotros se nos pide
<b>Do</b>  <b>Sol</b>    <b>Re</b>  <b>Sol</b>
que seamos corazón.
<b>Sol</b>     <b>Do</b>     <b>Sol</b>
Vale la pena seguir,
<b>Sol</b>     <b>Do</b>      <b>Re</b>
vale la pena luchar
      <b>Sol</b>   <b>Do</b>       <b>Sol</b>
si no paran nuestras vidas
   <b>Do</b>   <b>Sol</b>      <b>Re</b> <b>Sol</b>
la esperanza no morirá.
</strong>
<b>Sol</b>         <b>Do</b>         <b>Sol</b>
Aunque viva en nuestra mente
<b>Do</b>        <b>Re</b>         <b>Sol</b>
la pena de un pobre amor
<b>mi m</b>
lucharemos cada instante
<b>Do</b>                   <b>Re</b>
porque siempre sea mejor.
<b>mi m</b>                   <b>si m</b>
Como un niño ama a su madre
<b>Do</b>     <b>Re</b>            <b>Sol</b>
y a la tierra ama la flor
                     <b>Re</b>
habrá esperanza en nosotros
<b>La 7</b>        <b>Do</b>    <b>Re</b>
si vivimos el amor.
<strong>
<b>Sol</b>  <b>Do</b>          <b>Sol</b>
Unos tienen la mirada
      <b>Do</b>         <b>Re</b>
otros hacen de motor,
      <b>Sol</b>    <b>Do</b>     <b>Sol</b>
y a nosotros se nos pide
<b>Do</b>  <b>Sol</b>    <b>Re</b>  <b>Sol</b>
que seamos corazón.
<b>Sol</b>     <b>Do</b>     <b>Sol</b>
Vale la pena seguir,
<b>Sol</b>     <b>Do</b>      <b>Re</b>
vale la pena luchar
      <b>Sol</b>   <b>Do</b>       <b>Sol</b>
si no paran nuestras vidas
   <b>Do</b>   <b>Sol</b>      <b>Re</b> <b>Sol</b>
la esperanza no morirá.
</strong>
