<b>Mi</b>     <b>La</b>        <b>Mi</b>
Ven, Espíritu de Dios.
                        <b>La 9</b>
Pon tu paz en todas mis guerras.
<b>Mi</b>     <b>Si</b>        <b>fa# m</b>
Ven, seréname, Señor.
     <b>La 9</b>               <b>Si 7</b>
Transforma mi vida entera.
<b>Mi</b>     <b>La</b>        <b>Mi</b>
Ven, Espíritu de Dios.
                             <b>La 9</b>
Pon tu calma en todas mis tormentas.
                 <b>fa# m</b>
Ven, seréname, Señor.
<b>La 9</b>            <b>Si 7</b>
Toma mi vida entera.
<b>Mi</b>     <b>La</b>         <b>Mi</b>
Ven, Espíritu de Dios.
                           <b>La 9</b>
Pon tu liz en todas mis sendas.
                 <b>fa# m</b>
Ven, seréname, Señor.
  <b>La 9</b>             <b>Si 7</b>
Renueva mi vida entera.
