<b>mi m</b>         <b>Re</b>         <b>Do</b> <b>si m</b>
Iré a mi parcela de la tierra
<b>la m</b>                          <b>Sol</b>
y mi tienda entre los hombres
<b>Re</b>    <b>Si 7</b>
yo pondré.
<b>mi m</b>               <b>Re</b>            <b>Do</b> <b>si m</b>
Viviré las circunstancias de sus vidas
         <b>la m</b>             <b>Sol</b>    <b>Re</b> <b>Si 7</b>
y a su angustia mi carne le pondré.
<strong>
<b>mi m</b>           <b>Re</b> <b>Do</b>
Ven, ven Dios Yahvé
        <b>si m</b> <b>la m</b>
Padre y Señor,
         <b>Sol</b> <b>Re</b>    <b>Si 7</b>
Dios nuestro,ven, ¡ven!. (**)
</strong>
<b>mi m</b>         <b>Re</b>         <b>Do</b>   <b>si m</b>
Nadie escapará de mi mirada
         <b>la m</b>                 <b>Sol</b>
que le increpe que este mundo
<b>Re</b>      <b>Si 7</b>
le entregué.
<b>mi m</b>                  <b>Re</b>    <b>Do</b>  <b>si m</b>
Y le dé a la vida un fin feliz,
<b>la m</b>     <b>Sol</b>         <b>Re</b>         <b>Si 7</b>
el que siempre para ellos yo soñé.
