<strong>
<b>Mi</b>
Ven, ven, Señor, no tardes,
<b>La</b>                 <b>Si</b>
ven, ven, que te esperamos.
<b>Mi</b>
Ven, ven, Señor, no tardes.
<b>La</b>      <b>Si</b>    <b>Mi</b>
Ven pronto, Señor.
</strong>
   <b>Mi</b>
El mundo muere de frío,
   <b>Si</b>               <b>Mi</b>
el alma perdió el calor,

los hombres no son hermanos,
   <b>Fa#</b>             <b>Si</b>
el mundo no tiene amor.

  <b>Mi</b>
Envuelto en sombría noche,
   <b>Si</b>                 <b>Mi</b>
el mundo, sin paz, no ve;

buscando va una esperanza,
   <b>Fa#</b>              <b>Si</b>
buscando, Señor, tu fe.

   <b>Mi</b>
Al mundo le falta vida,
   <b>Si</b>             <b>Mi</b>
al mundo le falta luz;

al mundo le falta el cielo,
   <b>Fa#</b>             <b>Si</b>
al mundo le faltas Tú.
