<b>Sol</b>     <b>Do</b>  <b>Re</b>   <b>Sol</b>
Vengo aquí, mi Señor
                <b>Do</b>         <b>Re</b>
a olvidar las prisas de mi vida,
<b>Do</b>        <b>Re</b>        <b>mi m</b>
ahora sólo importas Tú
<b>Do</b>        <b>la m</b>      <b>Re</b>
dale tu paz a mi alma.

<b>Sol</b>     <b>Do</b>  <b>Re</b>   <b>Sol</b>
Vengo aquí, mi Señor
               <b>Do</b>      <b>Re</b>
a que en mí lo transformes 

todo en nuevo,
<b>Do</b>        <b>Re</b>         <b>mi m</b>
ahora solo importas Tú
<b>Do</b>        <b>la m</b>      <b>Re</b>
dale tu paz a mi alma.

<b>Sol</b>      <b>Do</b> <b>Re</b>   <b>Sol</b>
Vengo aquí, mi Señor
             <b>Do</b>         <b>Re</b>
a adentrarme en tu paz que me serena,
<b>Do</b>        <b>Re</b>         <b>mi m</b>
ahora solo importas Tú
<b>Do</b>        <b>la m</b>      <b>Re</b>
dale tu paz a mi alma.

<b>Sol</b>     <b>Do</b>  <b>Re</b>   <b>Sol</b>
Vengo aquí, mi Señor.
