<strong>
<b>Re</b>         <b>La 7</b>  <b>Re</b>
Vienen con alegría, Señor, cantando
           <b>La 7</b>  <b>Re</b>
vienen con alegría, Señor,
<b>Sol</b>                    <b>Re</b>
los que caminan por la vida, Señor,
   <b>Mi</b>               <b>La</b>
sembrando tu paz y amor.(**)
</strong>
<b>Re</b>                        <b>La 7</b>
Vienen trayendo la esperanza
                           <b>Re</b>
a un mundo cargado de ansiedad,
                                   <b>La 7</b>
a un mundo que busca y que no alcanza
                         <b>Re</b>
caminos de amor y de amistad.

<b>Re</b>                          <b>La 7</b>
Vienen trayendo entre sus manos
                             <b>Re</b>
esfuerzos de hermanos por la paz,
                         <b>La 7</b>
deseos de un mundo más humano
                           <b>Re</b>
que nacen del bien y la verdad.

<b>Re</b>                     <b>La 7</b>
Cuando el odio y la violencia
                     <b>Re</b>
aniden en nuestro corazón
                            <b>La 7</b>
el mundo sabrá que por herencia
                          <b>Re</b>
le aguardan tristezas y dolor.
