<b>re m</b>           <b>Sib</b>
Invochiamo la tua presenza 
<b>Fa</b>       <b>Do</b>
vieni Signor.
<b>re m</b>           <b>Sib</b>
Invoquiamo la tua presenza
<b>Fa</b>           <b>Do</b>
scendi tu di noi.
<b>sol m</b>          <b>re m</b>
Vieni Consolatore
       <b>Sib</b>       <b>Do</b>
e dona pace e umiltà.
<b>sol m</b>          <b>re m</b>
Acqua viva d'amore
       <b>Sib</b>             <b>La sus4</b> <b>La</b>
questo cuore apriamo a Te.
<strong>
<b>re m</b>            <b>Sib</b>
Vieni Spirito, vieni Spirito,
<b>Fa</b>           <b>Do</b>
scendi su di noi! (**)
<b>Sib</b>      <b>Do</b>  <b>La</b>    <b>re m</b>
Vieni su noi Maranathà,
<b>Sib</b>
vieni...vieni!
<b>re m</b>            <b>Sib</b>
Vieni Spirito, vieni Spirito,
<b>Fa</b>           <b>Do</b>
scendi su di noi! (**)
</strong>
<b>re m</b>           <b>Sib</b>
Invochiamo la tua presenza,
<b>Fa</b>      <b>Do</b>
vieni Signor,
<b>re m</b>           <b>Sib</b>
invochiamo la tua presenza
<b>Fa</b>           <b>Do</b>
scendi su di noi.
<b>sol m</b>            <b>re m</b>
Vieni luce dei cuori
     <b>Sib</b>         <b>Do</b>
dona forza e fedeltà.
<b>sol m</b>            <b>re m</b>
Fuoco eterno d'amore
       <b>Sib</b>             <b>La sus4</b> <b>La</b>
questa vita offriamo a Te.
<strong>
<b>re m</b>            <b>Sib</b>
Vieni Spirito, vieni Spirito,
<b>Fa</b>           <b>Do</b>
scendi su di noi! (**)
<b>Sib</b>      <b>Do</b>  <b>La</b>    <b>re m</b>
Vieni su noi Maranathà,
<b>Sib</b>
vieni...vieni!
<b>re m</b>            <b>Sib</b>
Vieni Spirito, vieni Spirito,
<b>Fa</b>           <b>Do</b>
scendi su di noi! (**)
</strong>
<span id=cejilla-original>2</span>
