<strong>
<b>Do</b>                   <b>mi m</b>
Virgen Maria de la Navidad
         <b>Fa</b>  <b>Re 7</b>       <b>Sol</b>
danos el gozo, danos la paz
         <b>Do</b>               <b>mi m</b>
danos un mundo de luz y amistad
<b>Fa</b>        <b>Do</b> <b>la m</b> <b>re m</b> <b>Sol</b>  <b>Do</b>
danos, ¡oh madre!, una Navidad.
</strong>
<b>Do</b>             <b>Fa</b>        <b>Do</b>
En un mundo sembrado de odio
    <b>Sol</b>                <b>Do</b>
el amor ha querido habitar.
       <b>Fa</b>      <b>Sol</b>          <b>Do</b> <b>la m</b>
Una Virgen nos trae la alegría,
       <b>re m</b>      <b>Re 7</b>     <b>Sol</b>
una Virgen nos trae Navidad.

<b>Do</b>               <b>Fa</b>        <b>Do</b>
A los pobres que velan sus penas
   <b>Sol</b>                  <b>Do</b>
al que llora sin techo ni pan
       <b>Fa</b>      <b>Sol</b>        <b>Do</b> <b>la m</b>
ha llegado una luz de esperanza
       <b>re m</b>       <b>Re 7</b>     <b>Sol</b>
con ella llegó Navidad.

<b>Do</b>             <b>Fa</b>       <b>Do</b>
Cuando el hombre abandone la guerra
   <b>Sol</b>                <b>Do</b>
cuando el odio se vuelva amistad
     <b>Fa</b>         <b>Sol</b>      <b>Do</b> <b>la m</b>
cuando todo sonría contando
      <b>re m</b>    <b>Re 7</b>      <b>Sol</b>
cuando amemos, habrá Navidad.
