<strong>
<b>si m</b>
Vive lo que cantas, 
<b>Sol</b>
canta con la vida.
<b>mi m</b>  <b>Fa#</b>    <b>si m</b>
Vive lo que cantas.


Vive lo que cantas,
    <b>Sol</b>
que fluya en ti mi vida.
<b>mi m</b>  <b>Fa#</b>    <b>Sol</b>     <b>do# m</b> <b>Fa#</b> <b>si m</b>
Vive lo que cantas
</strong>
<b>Sol</b>               <b>La</b>
Si no me entregas toda tu vida
    <b>Re</b>            <b>fa# m</b>     <b>si m</b>
tus versos no me sirven de nada
<b>Sol</b>            <b>La</b>
Si tu canto no nace de mi fuente
<b>Re</b>       <b>fa# m</b>    <b>si m</b>
serán vacías tus palabras.
  <b>Fa#</b>            <b>Sol</b>   <b>Fa#</b>
No cambiará tu mirada.

<b>Sol</b>              <b>La</b>
Si mi Palabra en ti se hace vida
  <b>Re</b>     <b>fa# m</b>       <b>si m</b>
entonces canta desde el alma,
<b>Sol</b>         <b>La</b>
y así serás cauce de mi Reino
   <b>Re</b>      <b>fa# m</b>     <b>si m</b>
llevando a todos mi agua,
<b>Fa#</b>                  <b>Sol</b>       <b>Fa#</b>
nunca estancada, siempre viva.
