<b>Mi</b>
Una cosa buscaré
<b>Si 7</b>            <b>Mi</b>
con verdadero afán:
               <b>La</b>
ser capaz de vivir
<b>Si 7</b>             <b>Mi</b>
luchando por la paz.
                  <b>La</b>
Demostrar con mis actos
<b>Si 7</b>            <b>Mi</b>
que es posible volar,
                 <b>La</b>
que se puede ser libre
<b>Si 7</b>          <b>Mi</b>     <b>Mi 7</b>
buscando la unidad.
<strong>
  <b>La</b>   <b>Si 7</b>            <b>Mi</b>
Volar, volar con alas blancas,
              <b>La</b>
salpicadas de luz
<b>Si 7</b>             <b>Mi</b>  <b>Mi 7</b>
en dirección al alba.
  <b>La</b>   <b>Si 7</b>             <b>Mi</b>
Volar, y sentir en las alas
               <b>La</b>
la caricia del sol
<b>Si 7</b>     <b>Mi</b>
en la mañana.
</strong>

Trataré de aprender
<b>Si 7</b>       <b>Mi</b>
de mis fracasos.
               <b>La</b>
Intentaré entender
<b>Si 7</b>         <b>Mi</b>
mis propios pasos.
               <b>La</b>
Cuando consiga ver
<b>Si 7</b>        <b>Mi</b>
con ojos claros
                    <b>La</b>
habré emprendido el vuelo
<b>Si 7</b>       <b>Mi</b>    <b>Mi 7</b>
hacia lo alto.
