<span id="reserved">Intro:</span> <b>C</b> <b>A m</b> <b>D m</b> <b>E m</b> <b>G</b>

<b>C</b>
Yo, que siempre viví 

con el agua al cuello
             <b>E m</b>
Dejándome llevar

Por aguas negras que no ven el sol
               <b>F</b>
Y yo detrás de mí

Y cómo corre la vida cuando no la miras
                       <b>A m</b>
Con lo bonito que es vivir
            <b>G</b>
Y sigo caminando

         <b>C</b>
Yo no quiero competir

Estoy viviendo a mi manera
     <b>E m</b>
Ciudades por descubrir

Y de fondo la carretera
  <b>F</b>
Siento que no sé dónde estoy

Pero qué bien se siente uno 
            <b>A m</b>    <b>G</b>
al estar perdido

<b>C</b>
Y ahora que ya no me quiero 

ni encontrar
                             <b>A m</b>
Hoy te miro al otro lado del sol

Con mil historias nuevas 
               <b>E m</b>
pero ya es normal
                                     <b>F</b>
Ya te lo cuento en la siguiente canción

Será que el aire nos trajo hasta aquí

Y qué bien me ha sentao
            <b>A m</b>
Yo aquí me quedo, yo aquí me quedo

    <b>G</b>                     <b>F</b>
Y puede que me quiera quedar

Yo, que era tan mío
                 <b>G</b>
Pero pasan los trenes
                    <b>F</b>
Aunque lleguen las noches 
                        <b>G</b>
como las luces de la ciudad
                     <b>F</b>
Como un barco en el puerto
                            <b>E</b>
Bajo la tormenta, bailando solo
               <b>F</b>
Yo me quedo aquí

<strong>
   <b>C</b>
Y ahora que ya todo se acabó
                         <b>A m</b>
Solo quiero volver a empezar de nuevo

Y que estés conmigo
                             <b>F</b>
Dentro mío hay una luz que brilla

Y que nunca se va a apagar
                        <b>A m</b>
Si mi corazón se queda aquí, 

yo me quedo aqui.

 <b>C</b>
Vuelvo a despedirme, pero sé
                       <b>A m</b>
Que quizás mañana volveré 

con otra cara, otra canción
                             <b>E m</b>
Y aunque un día se olviden de mí

Y aunque ya no se escuche mi voz
                            <b>F</b>
Sé que os llevaré conmigo siempre
</strong>

     <b>C</b>
Aquí no tenemos miedo

Con los niños y la guitarra
     <b>E m</b>
Aquí sobran los "te quiero"

Con el brillo en la mirada

Y suena:
<b>F</b>
Para para para pa pa pa
                         <b>G</b>
Para para para pa pa pa pa

para para pa pa pa pa

          <b>C</b>
Y ahora quiero cantar o morir
                        <b>A m</b>
Pero hasta que salga el sol 

no me puedo dormir
                   <b>F</b>
Quiero cogerte la mano 

y sacarte a bailar
                   <b>G</b>
Que la noche dura poco 

y nadie se queda solo

    <b>E</b>                     <b>F</b>
Y puede que me quiera quedar

Yo, que era tan mío
                 <b>G</b>
Pero pasan los trenes
                    <b>F</b>
Aunque lleguen las noches 
                         <b>G</b>
como las luces de la ciudad
                     <b>F</b>
Como un barco en el puerto
                            <b>E</b>
Bajo la tormenta, bailando solo
               <b>F</b>
Yo me quedo aquí
<strong>
   <b>C</b>
Y ahora que ya todo se acabó
                         <b>A m</b>
Solo quiero volver a empezar de nuevo

Y que estés conmigo
                             <b>F</b>
Dentro mío hay una luz que brilla

Y que nunca se va a apagar
                        <b>A m</b>
Si mi corazón se queda aquí, 

yo me quedo aquí.

 <b>C</b>
Vuelvo a despedirme, pero sé
                       <b>A m</b>
Que quizás mañana volveré 

con otra cara, otra canción
                             <b>E m</b>
Y aunque un día se olviden de mí

Y aunque ya no se escuche mi voz
                            <b>F</b>
Sé que os llevaré conmigo siempre
</strong>
<b>C</b> <b>A m</b> <b>E m</b> <b>F</b>
Mmmmmm
<span id=cejilla-original>4</span>
