<b>la m</b>              <b>Re</b>
La gente de todo el pueblo
        <b>la m</b>
en el destierro se dispersó,
     <b>Fa</b> <b>Sol</b> <b>mi m</b> <b>la m</b>
se sintió sin pastor.
                <b>Re</b>
El dolor, la lejanía,
        <b>la m</b>
a todos ellos hizo creer
    <b>Fa</b> <b>Sol</b> <b>mi m</b> <b>la m</b>
que Dios les olvidó.
            <b>Fa</b>     <b>Sol</b>
Y en su tristeza decían,
    <b>mi m</b>                   <b>la m</b>
¿tendrás, de nosotros, compasión?
  <b>Fa</b> <b>Sol</b> <b>mi m</b>     <b>La</b>
Y Dios les respondió:

         <b>La</b>    <b>Sol</b>       <b>La</b>      <b>Re</b>
"Os reuniré de entre los pueblos,
   <b>si m</b>      <b>do# m</b>   <b>Re</b>  <b>Mi</b>
vendréis de todo lugar,
     <b>La</b>    <b>si m</b>      <b>La</b>
os daré un sólo corazón
       <b>fa# m</b>   <b>do# m</b>       <b>Re</b>    <b>Mi</b> <b>Mi 7</b>
y un Espíritu nuevo os haré llegar.
      <b>La</b>          <b>Re</b> <b>Mi</b> <b>La</b>     <b>Re</b>
Arrancaré el corazón de piedra,
 <b>Mi</b>    <b>La</b>    <b>Re</b>          <b>Do#</b>
y os daré de carne un corazón.
  <b>fa# m</b>      <b>Re</b>  <b>Mi</b> <b>La</b>
Vosotros seréis mi pueblo, 
           <b>Mi</b>      <b>fa# m</b>  <b>Mi</b>
vosotros seréis mi pueblo
  <b>Re</b>   <b>Mi</b>         <b>La</b>
y yo seré vuestro Dios."
