sim / Bm:          x 2 4 4 3 0 
sim7/La / Bm7/A:   x 0 4 4 3 2
Sol / G:           3 0 4 4 3 0
La / A:            x 0 4 4 2 0

<span id="reserved">Intro:</span> <b>si m</b> <b>si m7/</b><b>La</b> <b>Sol</b> <b>La</b>

              <b>si m</b>
Me vuelvo a caer,
     <b>La</b>
me invade el fracaso,
       <b>Sol</b>            <b>La</b>         <b>si m</b>
y no encuentro una razón para seguir.

                <b>si m</b>
Pero eres tan cercano 
          <b>La</b>
que vienes a mi encuentro
       <b>Sol</b>          <b>La</b>         <b>si m</b>
porque sabes que yo solo no podré.
<strong>
     <b>Sol</b> <b>La</b>         <b>si m</b>
Y te caes para levantarme,
   <b>Sol</b>          <b>La</b>
y limpias mis heridas con tu
 <b>si m</b> <b>si m7/</b><b>La</b> <b>Sol</b> <b>La</b> (<span id="reserved">**</span>)
sangre.
</strong>
              <b>si m</b>
Vuelvo a tropezar 
    <b>La</b>
con la misma piedra,
     <b>Sol</b>          <b>La</b>         <b>si m</b>
y me cuesta hasta pedirte perdón.

             <b>si m</b>
Me dices al oído 
       <b>La</b>
que tú no me desprecias,
        <b>Sol</b>
que tu amor no sabe 
<b>La</b>              <b>si m</b>
lo que es el rencor.
<strong>
     <b>Sol</b> <b>La</b>         <b>si m</b>
Y te caes para levantarme,
   <b>Sol</b>          <b>La</b>
y limpias mis heridas con tu
 <b>si m</b> <b>si m7/</b><b>La</b> <b>Sol</b> <b>La</b> (<span id="reserved">**</span>)
sangre.

     <b>Sol</b> <b>La</b>         <b>si m</b>
Y me miras para alentarme,
      <b>Sol</b>             <b>La</b>
sin palabras me das fuerzas para
     <b>si m</b> <b>si m7/</b><b>La</b> <b>Sol</b> <b>La</b> (<span id="reserved">**</span>)
continuar.
</strong>
      <b>Re sus2</b>                 <b>La</b>
Yo solía pensar que eras un Dios
                  <b>Sol</b>
indiferente, pero no,
                        <b>La</b>
hoy me doy cuenta de mi error.

    <b>Re sus2</b>
Solía pensar que para Ti yo era un
    <b>La</b>           <b>Sol</b>
extraño, y ahora sé,
                           <b>La</b>
siempre has estado junto a mí.

            <b>si m</b>                <b>La</b>
Yo solo no puedo, yo solo no puedo,
            <b>Sol</b>        <b>La</b>
yo solo no puedo, ven Señor a
      <b>si m</b>
rescatarme.

            <b>si m</b>                <b>La</b>
Yo solo no puedo, yo solo no puedo,
            <b>Sol</b>        <b>La</b>
yo solo no puedo, ven Señor a
      <b>si m</b>
rescatarme.
<strong>
     <b>Sol</b> <b>La</b>         <b>si m</b>
Y te caes para levantarme,
   <b>Sol</b>          <b>La</b>
y limpias mis heridas con tu
 <b>si m</b> <b>si m7/</b><b>La</b> <b>Sol</b> <b>La</b> (<span id="reserved">**</span>)
sangre.

     <b>Sol</b> <b>La</b>         <b>si m</b>
Y me miras para alentarme,
       <b>Sol</b>             <b>La</b>
¡sin palabras me das fuerzas para
     <b>si m</b> <b>si m7/</b><b>La</b> <b>Sol</b> <b>La</b> (<span id="reserved">**</span>)
continuar!
</strong>
<span id=cejilla-original>2</span>
