<b>Re</b>                <b>fa# m</b>
La voz de los que sufren
     <b>Sol</b>
es apagada por la violencia 
        <b>La</b>
de esta tierra,
     <b>Re</b>          <b>fa# m</b>
y el Pueblo solo sabe
     <b>Sol</b>
del silencio que se apodera 
         <b>La</b>
de sus lamentos.

<b>si m</b>            <b>fa# m</b>         <b>La</b>
Ya no habla el justo asesinado,
<b>mi m</b>                    <b>Sol</b>
y en mi comodidad hace tiempo 
              <b>La</b>   <b>si m</b>
que dejé de soñar.
              <b>fa# m</b>         <b>La</b>     <b>mi m</b>
Ya no se hace lucha el Evangelio,

y en estos días 
      <b>Sol</b>           <b>La</b>
no me dejo de preguntar...
<strong>
 <b>Re</b>             <b>Sol</b>    <b>La</b> <b>Fa#</b> <b>La</b>
Y yo, que tengo voz,...
            <b>Re</b> <b>Sol</b>     <b>La</b> <b>Fa#</b> <b>La</b>
¿por qué no canto? (****)
</strong>
<b>Re</b>               <b>fa# m</b>
El sur que humanizaba
     <b>Sol</b>
ha quedado tras la puerta de 
     <b>La</b>
"nuestra fiesta"
     <b>Re</b>           <b>fa# m</b>
y el hombre ya no cree
      <b>Sol</b>
en la Causas que parecen 
     <b>La</b>
no tener final.

<b>si m</b>           <b>fa# m</b>         <b>La</b>
Ya no se levantan los marginados,
<b>mi m</b>               <b>Sol</b>
y en mi apatía agoté 
               <b>La</b>   <b>si m</b>
las ganas de luchar.
               <b>fa# m</b>           <b>La</b>  <b>mi m</b>
Ya no se hace opción por la pobreza,

en mi conciencia, 
      <b>Sol</b>           <b>La</b>
no me dejo de preguntar...
<strong>
 <b>Re</b>             <b>Sol</b>    <b>La</b> <b>Fa#</b> <b>La</b>
Y yo, que tengo voz,...
            <b>Re</b> <b>Sol</b>     <b>La</b> <b>Fa#</b> <b>La</b>
¿por qué no canto? (****)
</strong>
<b>Sol</b>             <b>Re</b>
Si cantar es gritar la vida,
   <b>La</b>                      <b>si m</b>
la vida es un clamor de Justicia,
     <b>Sol</b>
si seguir a Dios 
       <b>Re</b>
es ser fiel a su proyecto,
   <b>mi m</b>                <b>La</b>
el Reino me lleva a actuar...
<strong>
 <b>Re</b>             <b>Sol</b>    <b>La</b> <b>Fa#</b> <b>La</b>
Y yo, que tengo voz,...
            <b>Re</b> <b>Sol</b>     <b>La</b> <b>Fa#</b> <b>La</b>
¿por qué no canto? (****)
</strong>
