<b>C</b>
Yo no estoy loco solo sigo un sueño
<b>G</b>
Voy poco a poco y pongo mucho empeño
<b>D m</b>
Saco la capa del pensamiento
<b>Bb</b>
Veo que se escapa y aprovecho el viento

<b>C</b>
Vuelo más rápido a ras del suelo
<b>G</b>
Cantando cánticos de caramelo
<b>D m</b>
Sueño que caigo todas las noches
<b>Bb</b>
Hay algo mágico que me absorbe
<strong>
<b>C</b>                           <b>G</b>
Y sé que es difícil comprender
                  <b>D m</b>
Pero, es que soy así
                     <b>F</b>
A veces, rompo a llorar, 
                     <b>C</b>
y a veces, rompo a reír.
                     <b>G</b>
Me cuesta tanto olvidar, 
                      <b>D m</b>
y a la vez, es tan fácil
                     <b>F</b>
Y, a veces, duro metal, 
                    <b>C</b>
y a veces, copita frágil
                     <b>G</b>
Y, a veces, casi feliz, 
                      <b>D m</b>
y a veces, casi que no
                      <b>F</b>
Y, a veces, quiero salir
     <b>G</b>     <b>A m</b>                <b>G</b>
Corriendo, pitando, gritando,  
        <b>A m</b>
por dentro.
     <b>G</b>     <b>A m</b>                <b>G</b>
Corriendo, pitando, gritando,
</strong>

<b>A m</b> <b>G</b>  <b>A m</b>  <b>G</b>  <b>D</b>

<b>C</b>
Yo no estoy solo, aunque viva apartado
<b>G</b>
De tanto echar los problemas a un lado
<b>D m</b>
Me he hecho una cabaña en el tejado
<b>Bb</b>
Ya tengo dos gatos domesticados

<b>C</b>
Vuelo más rápido cuando he soñado
<b>G</b>
sueños que ya se me habían olvidado
<b>D m</b>
hago un esfuerzo por despertarme
<b>Bb</b>
tengo algo mágico que contarte.
<strong>
   <b>C</b>
Y sé...

<b>A m</b> <b>G</b>  <b>A m</b>  <b>G</b>  <b>D</b>

   <b>C</b>
Y sé...
</strong>
