<b>do# m</b>          <b>La 7</b>
Another head hangs lowly
<b>Mi 6</b>             <b>Si 9(11)/Re#</b>  <b>do# m</b>
Child is slowly taken
                <b>La 7</b>
And the violence caused such silence
<b>Mi 6</b>           <b>Si 9(11)/Re#</b>
Who are we mistaken?


            <b>do# m</b>
But you see,    it's not me
            <b>La 7</b>
It's not my     family
            <b>Mi 6</b>
In your head,    in your head
            <b>Si 9(11)Re#</b>
They are fighting
                <b>do# m</b>
With their tanks    and their bombs
                <b>La 7</b>
And their bombs,     and their guns
            <b>Mi 6</b>
In your head,     in your head 
            <b>Si 9(11)/Re#</b>
They are crying

<b>do# m</b>          <b>La 7</b>
Another head hangs lowly
<b>Mi 6</b>             <b>Si 9(11)/Re#</b>  <b>do# m</b>
Child is slowly taken
                <b>La 7</b>
And the violence caused such silence
<b>Mi 6</b>           <b>Si 9(11)/Re#</b>
Who are we mistaken?


            <b>do# m</b>
But you see,    it's not me
            <b>La 7</b>
It's not my     family
            <b>Mi 6</b>
In your head,    in your head
            <b>Si 9(11)Re#</b>
They are fighting
                <b>do# m</b>
With their tanks    and their bombs
                <b>La 7</b>
And their bombs,     and their guns
            <b>Mi 6</b>
In your head,     in your head 
            <b>Si 9(11)/Re#</b>
They are crying
