<b>Mi</b>        <b>La</b>
Vamos con gozo,
    <b>Si 7</b>              <b>Mi</b>
alabemos a nuestro Señor
<b>Mi</b>       <b>La</b>
Canta su nombre, 
    <b>Si 7</b>                  <b>Mi</b>
da Gloria a la gloria de Dios.
<strong>
         <b>La</b>          <b>Si 7</b>       <b>Mi</b>
Él está aquí, donde haya dos o más,
   <b>sol# m</b> <b>do# m</b>          <b>La</b>  <b>Si 7</b>
Él está aquí, Él está aquí, 
          <b>Mi</b>  <b>Mi 7</b>
nos ha salvado. (**)
</strong>
<b>Mi</b>      <b>La</b>
Vive la vida 
     <b>Si 7</b>                  <b>Mi</b>
que Cristo te viene a ofrecer,
<b>Mi</b>       <b>La</b>
llena tu alma, 
  <b>Si 7</b>                   <b>Mi</b>
revive lo que hay en tu ser.
<strong>
         <b>La</b>          <b>Si 7</b>       <b>Mi</b>
Él está aquí, donde haya dos o más,
   <b>sol# m</b> <b>do# m</b>          <b>La</b>  <b>Si 7</b>
Él está aquí, Él está aquí, 
          <b>Mi</b>  <b>Mi 7</b>
nos ha salvado. (**)
</strong>
<b>Mi</b>       <b>La</b>
Deja tus penas, 
    <b>Si 7</b>                <b>Mi</b>
que tienes delante a Jesús,
<b>Mi</b>       <b>La</b>
deja tus sombras 
       <b>Si 7</b>                <b>Mi</b>
que Él quiere llenarte de luz.
<strong>
         <b>La</b>          <b>Si 7</b>       <b>Mi</b>
Él está aquí, donde haya dos o más,
   <b>sol# m</b> <b>do# m</b>          <b>La</b>  <b>Si 7</b>
Él está aquí, Él está aquí, 
          <b>Mi</b>  <b>Mi 7</b>
nos ha salvado. (**)
</strong>

