<b>la m</b>
Peregrino, ¿a dónde vas?, 
      <b>Sol</b>
si no sabes a dónde ir.
     <b>Fa</b>            <b>Mi</b>
Peregrino por un camino 
           <b>la m</b> <b>Mi 7</b> <b>la m</b>
que va a morir.

Si el desierto es un arenal, 
     <b>Sol</b>
el desierto de tu vivir,
          <b>Fa</b>          <b>Mi</b>
¿quién te guía y te acompaña 
           <b>la m</b> <b>Mi 7</b> <b>la m</b>
en tu soledad?
<strong>
     <b>Sol</b>     <b>la m</b>
Solo Él, mi Dios,
       <b>Do</b>  <b>Mi 7</b>     <b>la m</b>
que me dio la libertad,
     <b>Sol</b>     <b>la m</b>  <b>Mi 7</b>    <b>la m</b>
Solo Él, mi Dios, me guiará. (**)
</strong>
<b>la m</b>
Peregrino que a veces vas 
      <b>Sol</b>
sin un rumbo en tu caminar,
     <b>Fa</b>
peregrino que vas 
   <b>Mi</b>              <b>la m</b> <b>Mi 7</b> <b>la m</b>
cansado de tanto andar.

Buscas fuentes para tu sed 
     <b>Sol</b>
y un rincón para descansar,
          <b>Fa</b>         <b>Mi</b>
vuelve amigo, que aquí en Egipto, 
           <b>la m</b> <b>Mi 7</b> <b>la m</b>
lo encontrarás.
<strong>
     <b>Sol</b>     <b>la m</b>
Solo Él, mi Dios,
       <b>Do</b>  <b>Mi 7</b>     <b>la m</b>
que me dio la libertad,
     <b>Sol</b>     <b>la m</b>  <b>Mi 7</b>    <b>la m</b>
Solo Él, mi Dios, me guiará. (**)
</strong>
<b>la m</b>
Peregrino sin un porqué,
       <b>Sol</b>
peregrino sin una luz,
    <b>Fa</b>            <b>Mi</b>
peregrino por el camino 
             <b>la m</b> <b>Mi 7</b> <b>la m</b>
que va a la Cruz.

Dios camina en tu soledad,
       <b>Sol</b>
ilumina tu corazón,
         <b>Fa</b>        <b>Mi</b>
compañero de tus senderos 
          <b>la m</b> <b>Mi 7</b> <b>la m</b>
buscando amor.
<strong>
     <b>Sol</b>     <b>la m</b>
Solo Él, mi Dios,
       <b>Do</b>  <b>Mi 7</b>     <b>la m</b>
que me dio la libertad,
     <b>Sol</b>     <b>la m</b>  <b>Mi 7</b>    <b>la m</b>
Solo Él, mi Dios, me guiará. (**)
</strong>
